[INFO] Scanning for projects...
[WARNING] The POM for commons-io:commons-io:jar:1.4 is invalid, transitive dependencies (if any) will not be available, enable debug logging for more details
Deflaker, version 1.5-SNAPSHOT loading...
Warning: Deflaker disabling incompatible org.apache.maven.plugins:maven-enforcer-plugin from closure-compiler-parent
Warning: Deflaker disabling incompatible org.apache.maven.plugins:maven-enforcer-plugin from closure-compiler-externs
Warning: Deflaker disabling incompatible org.apache.maven.plugins:maven-enforcer-plugin from closure-compiler-gwt
Warning: Deflaker disabling incompatible org.apache.maven.plugins:maven-enforcer-plugin from closure-compiler-main
Warning: Deflaker disabling incompatible org.apache.maven.plugins:maven-enforcer-plugin from closure-compiler-linter
Warning: Deflaker disabling incompatible org.apache.maven.plugins:maven-enforcer-plugin from closure-compiler-unshaded
Warning: Deflaker disabling incompatible org.apache.maven.plugins:maven-enforcer-plugin from closure-compiler
[INFO] ------------------------------------------------------------------------
[INFO] Reactor Build Order:
[INFO] 
[INFO] Closure Compiler Parent
[INFO] Closure Compiler Externs
[INFO] Closure Compiler GWT App
[INFO] Closure Compiler Main
[INFO] Closure Compiler Linter
[INFO] Closure Compiler Unshaded
[INFO] Closure Compiler
[INFO]                                                                         
[INFO] ------------------------------------------------------------------------
[INFO] Building Closure Compiler Parent 1.0-SNAPSHOT
[INFO] ------------------------------------------------------------------------
[INFO]                                                                         
[INFO] ------------------------------------------------------------------------
[INFO] Building Closure Compiler Externs 1.0-SNAPSHOT
[INFO] ------------------------------------------------------------------------
[INFO] 
[INFO] --- maven-antrun-plugin:1.8:run (default) @ closure-compiler-externs ---
[WARNING] Parameter tasks is deprecated, use target instead
[INFO] Executing tasks

main:
      [zip] Building zip: /lv_scratch/scratch/mondego/local/Maruf/ASE/projects/closure-compiler/target/classes/externs.zip
[INFO] Executed tasks
[INFO] 
[INFO] --- maven-resources-plugin:3.0.1:resources (default-resources) @ closure-compiler-externs ---
[INFO] Using 'UTF-8' encoding to copy filtered resources.
[INFO] skip non existing resourceDirectory /lv_scratch/scratch/mondego/local/Maruf/ASE/projects/closure-compiler/externs/target/generated-resources
[INFO] 
[INFO] --- maven-compiler-plugin:3.5.1:compile (default-compile) @ closure-compiler-externs ---
[INFO] No sources to compile
[INFO] 
[INFO] --- maven-resources-plugin:3.0.1:testResources (default-testResources) @ closure-compiler-externs ---
[INFO] Using 'UTF-8' encoding to copy filtered resources.
[INFO] skip non existing resourceDirectory /lv_scratch/scratch/mondego/local/Maruf/ASE/projects/closure-compiler/externs/src/test/resources
[INFO] 
[INFO] --- deflaker-maven-plugin:1.5-SNAPSHOT:diff (deflaker-diff) @ closure-compiler-externs ---
/lv_scratch/scratch/mondego/local/Maruf/ASE/projects/closure-compiler/.git DIFF'ing to HEAD
[ERROR] fatal: Invalid path '/pkg/git/2.13.1/etc': No such file or directory

Diff'ing e73a56b2d027a9a9c97fcca5101d68cf0396376a against: 26cd0d4aa86bc3141574fd248fa771441d037e4f
com/google/javascript/jscomp/J2clConstantHoisterPass : [Edit [start=133, end=133]]
	 Methods to watch:[]
com/google/javascript/jscomp/InlineFunctions$Function : []
	 Methods to watch:[]
com/google/javascript/jscomp/ConformanceRules$BanExpose : []
	 Methods to watch:[]
com/google/javascript/rhino/Node$PropListItem : []
	 Methods to watch:[]
com/google/javascript/refactoring/Matchers : [Edit [start=414, end=414], Edit [start=419, end=419]]
	 Methods to watch:[]
com/google/javascript/jscomp/InlineFunctions$FunctionExpression : []
	 Methods to watch:[]
com/google/javascript/jscomp/ConformanceRules$InferredConstCheck : []
	 Methods to watch:[]
com/google/javascript/jscomp/TypeMatchingStrategy$TypeMatchingStrategy : [Edit [start=87, end=87]]
	 Methods to watch:[]
com/google/javascript/rhino/jstype/FunctionType$ConstructorAmbiguity : []
	 Methods to watch:[]
com/google/javascript/rhino/testing/Asserts : [Edit [start=71, end=71], Edit [start=82, end=82], Edit [start=91, end=93], Edit [start=100, end=103], Edit [start=105, end=108]]
	 Methods to watch:[]
com/google/javascript/jscomp/ConformanceRules$ConformanceUtil : []
	 Methods to watch:[]
com/google/javascript/jscomp/ConformanceRules$ConformanceResult : []
	 Methods to watch:[]
com/google/javascript/rhino/Node$AncestorIterable$1 : []
	 Methods to watch:[]
com/google/javascript/jscomp/ConformanceRules$ConformanceLevel : []
	 Methods to watch:[]
com/google/javascript/rhino/jstype/JSType$Nullability : []
	 Methods to watch:[]
com/google/javascript/jscomp/InlineFunctions$NamedFunction : []
	 Methods to watch:[]
com/google/javascript/jscomp/InlineFunctions$Inline : [Edit [start=630, end=630]]
	 Methods to watch:[]
com/google/javascript/rhino/testing/BaseJSTypeTestCase : [Edit [start=384, end=384], Edit [start=388, end=388]]
	 Methods to watch:[]
com/google/javascript/rhino/Node$TypeDeclarationNode : []
	 Methods to watch:[]
com/google/javascript/rhino/Node$SiblingNodeIterable : []
	 Methods to watch:[]
com/google/javascript/jscomp/type/ChainableReverseAbstractInterpreter$RestrictByTrueTypeOfResultVisitor : []
	 Methods to watch:[]
com/google/javascript/rhino/Node$SiblingNodeIterator : []
	 Methods to watch:[]
com/google/javascript/rhino/Node$NumberNode : []
	 Methods to watch:[]
com/google/javascript/jscomp/ConformanceRules$StrictBanUnresolvedType : []
	 Methods to watch:[]
com/google/javascript/jscomp/ChangeVerifier : [Edit [start=161, end=161], Edit [start=166, end=166], Edit [start=190, end=191], Edit [start=193, end=193], Edit [start=234, end=234]]
	 Methods to watch:[]
com/google/javascript/rhino/Node$StringNode : []
	 Methods to watch:[]
com/google/javascript/rhino/jstype/ObjectType : [Edit [start=651, end=651]]
	 Methods to watch:[]
com/google/javascript/jscomp/TypedScopeCreator$FunctionScopeBuilder : []
	 Methods to watch:[]
com/google/javascript/refactoring/Matchers$16 : []
	 Methods to watch:[]
com/google/javascript/jscomp/TypeInferenceTest$1 : []
	 Methods to watch:[]
com/google/javascript/jscomp/ConformanceRules$BanGlobalVars : []
	 Methods to watch:[]
com/google/javascript/jscomp/InlineFunctions$1 : []
	 Methods to watch:[]
com/google/javascript/refactoring/Matchers$15 : [Edit [start=355, end=355]]
	 Methods to watch:[]
com/google/javascript/jscomp/TypeTransformation$NameResolver : []
	 Methods to watch:[]
com/google/javascript/refactoring/Matchers$14 : []
	 Methods to watch:[]
com/google/javascript/refactoring/Matchers$13 : [Edit [start=287, end=288], Edit [start=296, end=298]]
	 Methods to watch:[]
com/google/javascript/jscomp/ConformanceRules$CustomRuleProxy$3 : []
	 Methods to watch:[]
com/google/javascript/refactoring/Matchers$12 : []
	 Methods to watch:[]
com/google/javascript/jscomp/TypedScopeCreatorTest : [Edit [start=1342, end=1342], Edit [start=1658, end=1658], Edit [start=1673, end=1673], Edit [start=1717, end=1717], Edit [start=1733, end=1733], Edit [start=2026, end=2028], Edit [start=2222, end=2222], Edit [start=2470, end=2470], Edit [start=2486, end=2486], Edit [start=3165, end=3165], Edit [start=3176, end=3176], Edit [start=3590, end=3590]]
	 Methods to watch:[]
com/google/javascript/jscomp/ConformanceRules$CustomRuleProxy$2 : []
	 Methods to watch:[]
com/google/javascript/jscomp/ConformanceRules$RequireUseStrict : []
	 Methods to watch:[]
com/google/javascript/jscomp/InlineFunctions$CallVisitorCallback : []
	 Methods to watch:[]
com/google/javascript/refactoring/Matchers$11 : []
	 Methods to watch:[]
com/google/javascript/jscomp/TypedScopeCreatorTest$LabeledStatement : []
	 Methods to watch:[]
com/google/javascript/jscomp/ConformanceRules$CustomRuleProxy$1 : []
	 Methods to watch:[]
com/google/javascript/refactoring/Matchers$10 : []
	 Methods to watch:[]
com/google/javascript/jscomp/ConformanceRules$BannedName : []
	 Methods to watch:[]
com/google/javascript/jscomp/ConformanceRules$BanThrowOfNonErrorTypes : []
	 Methods to watch:[]
com/google/javascript/rhino/jstype/TemplatizedTypeTest : [Edit [start=68, end=68], Edit [start=70, end=73]]
	 Methods to watch:[]
com/google/javascript/refactoring/Matchers$18 : []
	 Methods to watch:[]
com/google/javascript/refactoring/Matchers$17 : []
	 Methods to watch:[]
com/google/javascript/rhino/jstype/JSTypeRegistry$ModuleSlot : []
	 Methods to watch:[]
com/google/javascript/jscomp/ChangeVerifier$1 : []
	 Methods to watch:[]
com/google/javascript/jscomp/ChangeVerifier$2 : []
	 Methods to watch:[]
com/google/javascript/jscomp/ConformanceRules$CustomRuleProxy : []
	 Methods to watch:[]
com/google/javascript/jscomp/TypeInference : [Edit [start=1599, end=1599], Edit [start=2328, end=2328]]
	 Methods to watch:[]
com/google/javascript/jscomp/TypedScopeCreator$NormalScopeBuilder : []
	 Methods to watch:[]
com/google/javascript/jscomp/TypedScopeCreator$DeferredSetType : []
	 Methods to watch:[]
com/google/javascript/jscomp/type/ChainableReverseAbstractInterpreter$RestrictByTypeOfResultVisitor : [Edit [start=245, end=245]]
	 Methods to watch:[]
com/google/javascript/rhino/jstype/JSType$SubtypingMode : []
	 Methods to watch:[]
com/google/javascript/jscomp/LinkedFlowScope$FlowScopeJoinOp : []
	 Methods to watch:[]
com/google/javascript/rhino/jstype/FunctionTypeTest : [Edit [start=412, end=412], Edit [start=415, end=415], Edit [start=419, end=419], Edit [start=435, end=437], Edit [start=455, end=456]]
	 Methods to watch:[]
com/google/javascript/jscomp/ConformanceRules$BanCreateDom : [Edit [start=1956, end=1956]]
	 Methods to watch:[]
com/google/javascript/jscomp/TypeMatchingStrategy$TypeMatchingStrategy$MatchResult : []
	 Methods to watch:[]
com/google/javascript/jscomp/InlineFunctions$CallVisitor : []
	 Methods to watch:[]
com/google/javascript/jscomp/InlineFunctions : []
	 Methods to watch:[]
com/google/javascript/jscomp/ClosureReverseAbstractInterpreterTest : [Edit [start=368, end=368], Edit [start=376, end=376]]
	 Methods to watch:[]
com/google/javascript/rhino/jstype/JSTypeRegistryTest$2 : []
	 Methods to watch:[]
com/google/javascript/rhino/jstype/JSTypeRegistryTest$1 : []
	 Methods to watch:[]
com/google/javascript/jscomp/type/ChainableReverseAbstractInterpreter$RestrictByFalseTypeOfResultVisitor : []
	 Methods to watch:[]
com/google/javascript/jscomp/type/ChainableReverseAbstractInterpreter$RestrictByOneTypeOfResultVisitor : []
	 Methods to watch:[]
com/google/javascript/rhino/jstype/FunctionType$PropAccess : []
	 Methods to watch:[]
com/google/javascript/rhino/jstype/JSTypeTest$1 : []
	 Methods to watch:[]
com/google/javascript/jscomp/InlineFunctions$Reference : []
	 Methods to watch:[]
com/google/javascript/rhino/jstype/JSTypeTest$2 : []
	 Methods to watch:[]
com/google/javascript/rhino/testing/TypeSubject : [Edit [start=93, end=92], Edit [start=95, end=94]]
	 Methods to watch:[]
com/google/javascript/jscomp/ConformanceRules$AbstractTypeRestrictionRule : [Edit [start=352, end=352]]
	 Methods to watch:[]
com/google/javascript/jscomp/ConformanceRules$RequireFileoverviewVisibility : []
	 Methods to watch:[]
com/google/javascript/jscomp/TypedScopeCreator$AbstractScopeBuilder : [Edit [start=2187, end=2187]]
	 Methods to watch:[]
com/google/javascript/rhino/jstype/JSTypeRegistry$SyntheticTemplateScope : []
	 Methods to watch:[]
com/google/javascript/rhino/jstype/JSType$MatchStatus : []
	 Methods to watch:[]
com/google/javascript/jscomp/InlineFunctions$FindCandidatesReferences : []
	 Methods to watch:[]
com/google/javascript/jscomp/ConformanceRules$RestrictedMethodCall$Restriction : []
	 Methods to watch:[]
com/google/javascript/jscomp/CompilerTypeTestCase : [Edit [start=193, end=193], Edit [start=197, end=197]]
	 Methods to watch:[]
com/google/javascript/jscomp/TypeCheck : [Edit [start=2060, end=2060], Edit [start=2068, end=2068], Edit [start=2143, end=2143], Edit [start=2273, end=2273]]
	 Methods to watch:[]
com/google/javascript/rhino/Node$TemplateLiteralSubstringNode : [Edit [start=506, end=506]]
	 Methods to watch:[]
com/google/javascript/jscomp/type/ChainableReverseAbstractInterpreter : []
	 Methods to watch:[]
com/google/javascript/jscomp/ConformanceRules$BannedDependency : []
	 Methods to watch:[]
com/google/javascript/jscomp/InlineFunctions$FindCandidateFunctions : []
	 Methods to watch:[]
com/google/javascript/jscomp/TypedScopeCreator : []
	 Methods to watch:[]
com/google/javascript/rhino/Node$IntPropListItem : []
	 Methods to watch:[]
com/google/javascript/jscomp/InlineFunctions$FunctionState : []
	 Methods to watch:[]
com/google/javascript/jscomp/TypeInference$TypeDeclaringCallback : []
	 Methods to watch:[]
com/google/javascript/jscomp/ConformanceRules$BanNullDeref : []
	 Methods to watch:[]
com/google/javascript/rhino/jstype/FunctionType$Kind : []
	 Methods to watch:[]
com/google/javascript/jscomp/InlineFunctions$FunctionVar : []
	 Methods to watch:[]
com/google/javascript/rhino/Node$AncestorIterable : []
	 Methods to watch:[]
com/google/javascript/rhino/jstype/RecordTypeTest : [Edit [start=131, end=132], Edit [start=134, end=135]]
	 Methods to watch:[]
com/google/javascript/rhino/jstype/JSTypeTest : [Edit [start=3218, end=3218], Edit [start=3225, end=3225], Edit [start=3298, end=3298], Edit [start=4582, end=4582], Edit [start=4618, end=4618], Edit [start=4736, end=4736], Edit [start=4739, end=4740], Edit [start=5069, end=5068], Edit [start=5423, end=5424], Edit [start=5438, end=5438], Edit [start=5440, end=5440], Edit [start=5443, end=5443], Edit [start=5459, end=5459], Edit [start=5466, end=5466], Edit [start=5469, end=5469], Edit [start=5472, end=5472], Edit [start=6392, end=6392], Edit [start=6412, end=6411], Edit [start=6427, end=6426]]
	 Methods to watch:[]
com/google/javascript/jscomp/TypedScopeCreatorTest$ScopeFinder : []
	 Methods to watch:[]
com/google/javascript/jscomp/ConformanceRules$BanForOf : []
	 Methods to watch:[]
com/google/javascript/rhino/jstype/ObjectType$1 : []
	 Methods to watch:[]
com/google/javascript/jscomp/ConformanceRules$BanCreateElement : []
	 Methods to watch:[]
com/google/javascript/rhino/Node : [Edit [start=50, end=49], Edit [start=64, end=64], Edit [start=1955, end=1955], Edit [start=1973, end=1973]]
	 Methods to watch:[]
com/google/javascript/jscomp/ConformanceRules$RestrictedNameCall : []
	 Methods to watch:[]
com/google/javascript/rhino/jstype/SubtypeChecker$PropertyOptionality : [Edit [start=724, end=723]]
	 Methods to watch:[]
com/google/javascript/jscomp/TypedScopeCreator$IdentifyEnumsAndTypedefsAsNonNullable : []
	 Methods to watch:[]
com/google/javascript/jscomp/TypeInference$AssignmentType : []
	 Methods to watch:[]
com/google/javascript/rhino/testing/TypeSubject$FunctionTypeSubject : []
	 Methods to watch:[]
com/google/javascript/jscomp/TypeInferenceTest : [Edit [start=299, end=299]]
	 Methods to watch:[]
com/google/javascript/rhino/Node$ObjectPropListItem : []
	 Methods to watch:[]
com/google/javascript/rhino/jstype/TemplatizedType : [Edit [start=172, end=172], Edit [start=200, end=200]]
	 Methods to watch:[]
com/google/javascript/jscomp/ConformanceRules$BanUnknownThis : []
	 Methods to watch:[]
com/google/javascript/rhino/jstype/UnionType$Builder : [Edit [start=779, end=779], Edit [start=827, end=827]]
	 Methods to watch:[]
com/google/javascript/jscomp/ConformanceRules$RestrictedPropertyWrite : []
	 Methods to watch:[]
com/google/javascript/rhino/jstype/JSType$HasPropertyKind : []
	 Methods to watch:[]
com/google/javascript/rhino/jstype/JSTypeRegistry$PropDefinitionKind : []
	 Methods to watch:[]
com/google/javascript/jscomp/ConformanceRules$RestrictedNameCall$Restriction : []
	 Methods to watch:[]
com/google/javascript/jscomp/LinkedFlowScope : [Edit [start=155, end=155]]
	 Methods to watch:[]
com/google/javascript/jscomp/ConformanceRules$RestrictedMethodCall : [Edit [start=997, end=997]]
	 Methods to watch:[]
com/google/javascript/rhino/jstype/SubtypeChecker$Variance : []
	 Methods to watch:[]
com/google/javascript/rhino/JSDocInfoTest : [Edit [start=102, end=102], Edit [start=121, end=121], Edit [start=138, end=138], Edit [start=172, end=172], Edit [start=176, end=176], Edit [start=193, end=193], Edit [start=230, end=230], Edit [start=264, end=264], Edit [start=301, end=301], Edit [start=309, end=309], Edit [start=508, end=508], Edit [start=510, end=510], Edit [start=519, end=519], Edit [start=525, end=525], Edit [start=527, end=527], Edit [start=550, end=550], Edit [start=554, end=554], Edit [start=558, end=558]]
	 Methods to watch:[]
com/google/javascript/jscomp/ConformanceRules$RestrictedPropertyWrite$Restriction : []
	 Methods to watch:[]
com/google/javascript/jscomp/LinkedFlowScope$OverlayScope : []
	 Methods to watch:[]
com/google/javascript/jscomp/TypeCheck$SuggestionPair : []
	 Methods to watch:[]
com/google/javascript/rhino/Node$ConstantVarFlags : []
	 Methods to watch:[]
com/google/javascript/rhino/jstype/JSType : [Edit [start=680, end=682], Edit [start=1066, end=1066], Edit [start=1105, end=1105], Edit [start=1110, end=1112], Edit [start=1464, end=1466], Edit [start=1468, end=1470]]
	 Methods to watch:[]
com/google/javascript/rhino/Node$Prop : []
	 Methods to watch:[]
com/google/javascript/jscomp/TypedScopeCreator$FirstOrderFunctionAnalyzer : []
	 Methods to watch:[]
com/google/javascript/jscomp/TypedScopeCreator$RValueInfo : []
	 Methods to watch:[]
com/google/javascript/jscomp/ConformanceRules$BannedCodePattern : []
	 Methods to watch:[]
com/google/javascript/jscomp/TypeValidator$WellFormedTemplatizedTypeVerifier : []
	 Methods to watch:[]
com/google/javascript/rhino/jstype/SubtypeChecker : [Edit [start=52, end=52], Edit [start=230, end=230], Edit [start=505, end=506]]
	 Methods to watch:[]
com/google/javascript/jscomp/ConformanceRules$Whitelist : []
	 Methods to watch:[]
com/google/javascript/jscomp/ConformanceRules$BanUnresolvedType : []
	 Methods to watch:[]
com/google/javascript/rhino/Node$SideEffectFlags : []
	 Methods to watch:[]
com/google/javascript/rhino/jstype/FunctionType$Builder : []
	 Methods to watch:[]
com/google/javascript/jscomp/TypedScopeCreator$WeakModuleImport : []
	 Methods to watch:[]
com/google/javascript/rhino/jstype/JSTypeRegistry : [Edit [start=1077, end=1077]]
	 Methods to watch:[]
com/google/javascript/jscomp/TypeInference$BooleanOutcomePair : []
	 Methods to watch:[]
com/google/javascript/jscomp/TypeTransformation : [Edit [start=423, end=423], Edit [start=630, end=630], Edit [start=687, end=687], Edit [start=734, end=734]]
	 Methods to watch:[]
com/google/javascript/rhino/jstype/UnionTypeTest : [Edit [start=111, end=112], Edit [start=121, end=121], Edit [start=134, end=137], Edit [start=148, end=148], Edit [start=155, end=155], Edit [start=163, end=163], Edit [start=177, end=177], Edit [start=179, end=179], Edit [start=186, end=186], Edit [start=194, end=194], Edit [start=310, end=310], Edit [start=316, end=316], Edit [start=320, end=320], Edit [start=323, end=323]]
	 Methods to watch:[]
com/google/javascript/jscomp/TypeMatchingStrategy : []
	 Methods to watch:[]
com/google/javascript/rhino/testing/Asserts$ThrowingRunnable : []
	 Methods to watch:[]
com/google/javascript/jscomp/ConformanceRules : []
	 Methods to watch:[]
com/google/javascript/jscomp/ConformanceRules$BannedProperty : [Edit [start=653, end=653], Edit [start=675, end=675]]
	 Methods to watch:[]
com/google/javascript/refactoring/Matchers$1 : []
	 Methods to watch:[]
com/google/javascript/rhino/jstype/FunctionType : [Edit [start=65, end=65], Edit [start=790, end=790], Edit [start=830, end=830], Edit [start=863, end=863], Edit [start=865, end=865], Edit [start=899, end=899]]
	 Methods to watch:[]
com/google/javascript/refactoring/Matchers$3 : []
	 Methods to watch:[]
com/google/javascript/refactoring/Matchers$2 : []
	 Methods to watch:[]
com/google/javascript/refactoring/Matchers$5 : []
	 Methods to watch:[]
com/google/javascript/jscomp/AstAnalyzer : [Edit [start=220, end=220]]
	 Methods to watch:[]
com/google/javascript/jscomp/TypeValidator : [Edit [start=732, end=733], Edit [start=776, end=776]]
	 Methods to watch:[]
com/google/javascript/refactoring/Matchers$4 : []
	 Methods to watch:[]
com/google/javascript/refactoring/Matchers$7 : []
	 Methods to watch:[]
com/google/javascript/jscomp/TypeInferenceTest$LabeledStatement : []
	 Methods to watch:[]
com/google/javascript/refactoring/Matchers$6 : []
	 Methods to watch:[]
com/google/javascript/rhino/jstype/SubtypeChecker$CacheKey : [Edit [start=771, end=771]]
	 Methods to watch:[]
com/google/javascript/refactoring/Matchers$9 : []
	 Methods to watch:[]
com/google/javascript/refactoring/Matchers$8 : []
	 Methods to watch:[]
com/google/javascript/jscomp/TypedScopeCreator$AbstractScopeBuilder$SlotDefiner : []
	 Methods to watch:[]
com/google/javascript/jscomp/ConformanceRules$BanUnknownDirectThisPropsReferences : []
	 Methods to watch:[]
com/google/javascript/jscomp/ConformanceRules$BannedDependencyRegex : []
	 Methods to watch:[]
com/google/javascript/jscomp/ConformanceRules$BanUnknownTypedClassPropsReferences : []
	 Methods to watch:[]
com/google/javascript/jscomp/TypedScopeCreator$ClassScopeBuilder : []
	 Methods to watch:[]
com/google/javascript/rhino/jstype/EnumType : [Edit [start=134, end=134]]
	 Methods to watch:[]
com/google/javascript/jscomp/ConformanceRules$AbstractRule : []
	 Methods to watch:[]
com/google/javascript/jscomp/LinkedFlowScope$OverlaySlot : []
	 Methods to watch:[]
com/google/javascript/rhino/jstype/RecordType : [Edit [start=148, end=150], Edit [start=184, end=184]]
	 Methods to watch:[]
com/google/javascript/jscomp/type/ChainableReverseAbstractInterpreter$1 : []
	 Methods to watch:[]
com/google/javascript/jscomp/type/ChainableReverseAbstractInterpreter$2 : []
	 Methods to watch:[]
com/google/javascript/rhino/jstype/JSType$TypePair : []
	 Methods to watch:[]
com/google/javascript/rhino/jstype/UnionType : [Edit [start=444, end=444]]
	 Methods to watch:[]
com/google/javascript/jscomp/ConformanceRules$BannedProperty$Property : []
	 Methods to watch:[]
com/google/javascript/rhino/jstype/JSTypeRegistryTest : [Edit [start=98, end=98], Edit [start=104, end=104], Edit [start=110, end=110], Edit [start=116, end=116], Edit [start=122, end=122], Edit [start=128, end=128], Edit [start=134, end=134], Edit [start=140, end=140], Edit [start=146, end=146], Edit [start=165, end=165], Edit [start=170, end=170]]
	 Methods to watch:[]
[INFO] 
[INFO] --- maven-compiler-plugin:3.5.1:testCompile (default-testCompile) @ closure-compiler-externs ---
[INFO] No sources to compile
[INFO] 
[INFO] --- maven-surefire-plugin:2.19.1:test (default-test) @ closure-compiler-externs ---
[INFO] No tests to run.
[INFO] 
[INFO] --- maven-surefire-plugin:2.19.1:test (default-test-rerunfailures) @ closure-compiler-externs ---
[INFO] No tests to run.
[INFO] 
[INFO] --- deflaker-maven-plugin:1.5-SNAPSHOT:report (deflaker-report-tests) @ closure-compiler-externs ---
[INFO] ------------------------------------------------------------------------
[INFO] TEST DIFFCOV ANALYSIS
[INFO] Closure Compiler Externsclosure-compiler-externs
[INFO] ------------------------------------------------------------------------
[INFO] Using covFile: /lv_scratch/scratch/mondego/local/Maruf/ASE/projects/closure-compiler/externs/target/diffcov.log
[INFO] Using difFile: /lv_scratch/scratch/mondego/local/Maruf/ASE/projects/closure-compiler/.diffCache
[INFO] No test data found
[INFO] 
[INFO] --- maven-jar-plugin:3.0.2:jar (default-jar) @ closure-compiler-externs ---
[INFO] Building jar: /lv_scratch/scratch/mondego/local/Maruf/ASE/projects/closure-compiler/externs/target/closure-compiler-externs-1.0-SNAPSHOT.jar
[INFO]                                                                         
[INFO] ------------------------------------------------------------------------
[INFO] Building Closure Compiler GWT App 1.0-SNAPSHOT
[INFO] ------------------------------------------------------------------------
[INFO] 
[INFO] --- gwt-maven-plugin:1.0-rc-6:enforce-encoding (default-enforce-encoding) @ closure-compiler-gwt ---
[INFO] 
[INFO] --- gwt-maven-plugin:1.0-rc-6:add-super-sources (default-add-super-sources) @ closure-compiler-gwt ---
[INFO] 
[INFO] --- gwt-maven-plugin:1.0-rc-6:add-test-super-sources (default-add-test-super-sources) @ closure-compiler-gwt ---
[INFO] 
[INFO] --- build-helper-maven-plugin:1.12:add-source (add-source) @ closure-compiler-gwt ---
[INFO] Source directory: /lv_scratch/scratch/mondego/local/Maruf/ASE/projects/closure-compiler/gen added.
[INFO] 
[INFO] --- gwt-maven-plugin:1.0-rc-6:generate-module (default-generate-module) @ closure-compiler-gwt ---
[INFO] 
[INFO] --- maven-resources-plugin:3.0.1:resources (default-resources) @ closure-compiler-gwt ---
[INFO] Using 'UTF-8' encoding to copy filtered resources.
[INFO] Copying 157 resources
[INFO] skip non existing resourceDirectory /lv_scratch/scratch/mondego/local/Maruf/ASE/projects/closure-compiler/src/main/super
[INFO] 
[INFO] --- maven-resources-plugin:3.0.1:copy-resources (rhino_ast-custom) @ closure-compiler-gwt ---
[INFO] Using 'UTF-8' encoding to copy filtered resources.
[INFO] Copying 1 resource to /lv_scratch/scratch/mondego/local/Maruf/ASE/projects/closure-compiler/target/classes
[INFO] 
[INFO] --- maven-compiler-plugin:3.5.1:compile (default-compile) @ closure-compiler-gwt ---
[INFO] Changes detected - recompiling the module!
[INFO] Compiling 754 source files to /lv_scratch/scratch/mondego/local/Maruf/ASE/projects/closure-compiler/target/classes
[WARNING] /lv_scratch/scratch/mondego/local/Maruf/ASE/projects/closure-compiler/src/com/google/javascript/jscomp/ant/AntErrorManager.java:[19,35] [deprecation] BasicErrorManager in com.google.javascript.jscomp has been deprecated
[WARNING] /lv_scratch/scratch/mondego/local/Maruf/ASE/projects/closure-compiler/src/com/google/javascript/refactoring/FixingErrorManager.java:[30,35] [deprecation] BasicErrorManager in com.google.javascript.jscomp has been deprecated
[WARNING] /lv_scratch/scratch/mondego/local/Maruf/ASE/projects/closure-compiler/src/com/google/javascript/jscomp/ant/AntErrorManager.java:[19,35] [deprecation] BasicErrorManager in com.google.javascript.jscomp has been deprecated
[WARNING] /lv_scratch/scratch/mondego/local/Maruf/ASE/projects/closure-compiler/src/com/google/javascript/refactoring/FixingErrorManager.java:[30,35] [deprecation] BasicErrorManager in com.google.javascript.jscomp has been deprecated
[WARNING] /lv_scratch/scratch/mondego/local/Maruf/ASE/projects/closure-compiler/src/com/google/javascript/jscomp/ant/AntErrorManager.java:[19,35] [deprecation] BasicErrorManager in com.google.javascript.jscomp has been deprecated
[WARNING] /lv_scratch/scratch/mondego/local/Maruf/ASE/projects/closure-compiler/src/com/google/javascript/refactoring/FixingErrorManager.java:[30,35] [deprecation] BasicErrorManager in com.google.javascript.jscomp has been deprecated
[WARNING] /lv_scratch/scratch/mondego/local/Maruf/ASE/projects/closure-compiler/src/com/google/javascript/jscomp/ant/AntErrorManager.java:[19,35] [deprecation] BasicErrorManager in com.google.javascript.jscomp has been deprecated
[WARNING] /lv_scratch/scratch/mondego/local/Maruf/ASE/projects/closure-compiler/src/com/google/javascript/refactoring/FixingErrorManager.java:[30,35] [deprecation] BasicErrorManager in com.google.javascript.jscomp has been deprecated
[WARNING] /lv_scratch/scratch/mondego/local/Maruf/ASE/projects/closure-compiler/src/com/google/javascript/jscomp/parsing/parser/Scanner.java:[964,8] [fallthrough] possible fall-through into case
[WARNING] /lv_scratch/scratch/mondego/local/Maruf/ASE/projects/closure-compiler/src/com/google/javascript/jscomp/CompilerInput.java:[397,14] [fallthrough] possible fall-through into case
[WARNING] /lv_scratch/scratch/mondego/local/Maruf/ASE/projects/closure-compiler/gen/com/google/javascript/jscomp/ConformanceConfig.java:[59,74] [deprecation] PARSER in Requirement has been deprecated
[WARNING] /lv_scratch/scratch/mondego/local/Maruf/ASE/projects/closure-compiler/src/com/google/javascript/jscomp/NodeUtil.java:[3087,6] [fallthrough] possible fall-through into case
[WARNING] /lv_scratch/scratch/mondego/local/Maruf/ASE/projects/closure-compiler/src/com/google/javascript/jscomp/NodeUtil.java:[3181,6] [fallthrough] possible fall-through into case
[WARNING] /lv_scratch/scratch/mondego/local/Maruf/ASE/projects/closure-compiler/src/com/google/javascript/jscomp/ClosureCheckModule.java:[269,6] [fallthrough] possible fall-through into case
[WARNING] /lv_scratch/scratch/mondego/local/Maruf/ASE/projects/closure-compiler/src/com/google/javascript/jscomp/TypeCheck.java:[840,6] [fallthrough] possible fall-through into case
[WARNING] /lv_scratch/scratch/mondego/local/Maruf/ASE/projects/closure-compiler/src/com/google/javascript/jscomp/ExpressionDecomposer.java:[204,12] [fallthrough] possible fall-through into case
[WARNING] /lv_scratch/scratch/mondego/local/Maruf/ASE/projects/closure-compiler/src/com/google/javascript/jscomp/ExpressionDecomposer.java:[786,8] [fallthrough] possible fall-through into case
[WARNING] /lv_scratch/scratch/mondego/local/Maruf/ASE/projects/closure-compiler/src/com/google/javascript/jscomp/ExpressionDecomposer.java:[984,6] [fallthrough] possible fall-through into case
[WARNING] /lv_scratch/scratch/mondego/local/Maruf/ASE/projects/closure-compiler/src/com/google/javascript/jscomp/deps/JsFileFullParser.java:[133,16] [deprecation] BasicErrorManager in com.google.javascript.jscomp has been deprecated
[WARNING] /lv_scratch/scratch/mondego/local/Maruf/ASE/projects/closure-compiler/src/com/google/javascript/rhino/dtoa/DToA.java:[450,6] [fallthrough] possible fall-through into case
[WARNING] /lv_scratch/scratch/mondego/local/Maruf/ASE/projects/closure-compiler/src/com/google/javascript/rhino/dtoa/DToA.java:[457,6] [fallthrough] possible fall-through into case
[WARNING] /lv_scratch/scratch/mondego/local/Maruf/ASE/projects/closure-compiler/src/com/google/javascript/rhino/dtoa/DToA.java:[975,8] [fallthrough] possible fall-through into case
[WARNING] /lv_scratch/scratch/mondego/local/Maruf/ASE/projects/closure-compiler/src/com/google/javascript/jscomp/Compiler.java:[359,13] [deprecation] setUseTypesForOptimization(boolean) in CompilerOptions has been deprecated
[WARNING] /lv_scratch/scratch/mondego/local/Maruf/ASE/projects/closure-compiler/src/com/google/javascript/jscomp/Compiler.java:[484,15] [deprecation] brokenClosureRequiresLevel in CompilerOptions has been deprecated
[WARNING] /lv_scratch/scratch/mondego/local/Maruf/ASE/projects/closure-compiler/src/com/google/javascript/jscomp/DefaultPassConfig.java:[1322,27] [deprecation] brokenClosureRequiresLevel in CompilerOptions has been deprecated
[WARNING] /lv_scratch/scratch/mondego/local/Maruf/ASE/projects/closure-compiler/src/com/google/javascript/jscomp/parsing/IRFactory.java:[3366,8] [fallthrough] possible fall-through into case
[WARNING] /lv_scratch/scratch/mondego/local/Maruf/ASE/projects/closure-compiler/src/com/google/javascript/jscomp/parsing/JsDocInfoParser.java:[57,17] [deprecation] javaLetterOrDigit() in CharMatcher has been deprecated
[WARNING] /lv_scratch/scratch/mondego/local/Maruf/ASE/projects/closure-compiler/src/com/google/javascript/jscomp/LoggerErrorManager.java:[29,46] [deprecation] BasicErrorManager in com.google.javascript.jscomp has been deprecated
[WARNING] /lv_scratch/scratch/mondego/local/Maruf/ASE/projects/closure-compiler/src/com/google/javascript/jscomp/ijs/ConvertToTypedInterface.java:[209,8] [fallthrough] possible fall-through into case
[WARNING] /lv_scratch/scratch/mondego/local/Maruf/ASE/projects/closure-compiler/src/com/google/javascript/jscomp/FindExportableNodes.java:[157,6] [fallthrough] possible fall-through into case
[WARNING] /lv_scratch/scratch/mondego/local/Maruf/ASE/projects/closure-compiler/src/com/google/javascript/jscomp/ant/CompileTask.java:[449,31] [deprecation] pruneLegacyForEntryPoints(Iterable<ModuleIdentifier>) in DependencyOptions has been deprecated
[WARNING] /lv_scratch/scratch/mondego/local/Maruf/ASE/projects/closure-compiler/src/com/google/javascript/jscomp/ant/CompileTask.java:[541,27] [deprecation] pruneLegacyForEntryPoints(Iterable<ModuleIdentifier>) in DependencyOptions has been deprecated
[WARNING] /lv_scratch/scratch/mondego/local/Maruf/ASE/projects/closure-compiler/src/com/google/javascript/jscomp/AnalyzePrototypeProperties.java:[305,8] [fallthrough] possible fall-through into case
[WARNING] /lv_scratch/scratch/mondego/local/Maruf/ASE/projects/closure-compiler/gen/com/google/javascript/jscomp/FunctionInformationMap.java:[2102,12] [deprecation] writeGroup(int,MessageLite) in CodedOutputStream has been deprecated
[WARNING] /lv_scratch/scratch/mondego/local/Maruf/ASE/projects/closure-compiler/gen/com/google/javascript/jscomp/FunctionInformationMap.java:[2105,12] [deprecation] writeGroup(int,MessageLite) in CodedOutputStream has been deprecated
[WARNING] /lv_scratch/scratch/mondego/local/Maruf/ASE/projects/closure-compiler/gen/com/google/javascript/jscomp/FunctionInformationMap.java:[2118,8] [deprecation] computeGroupSize(int,MessageLite) in CodedOutputStream has been deprecated
[WARNING] /lv_scratch/scratch/mondego/local/Maruf/ASE/projects/closure-compiler/gen/com/google/javascript/jscomp/FunctionInformationMap.java:[2122,8] [deprecation] computeGroupSize(int,MessageLite) in CodedOutputStream has been deprecated
[WARNING] /lv_scratch/scratch/mondego/local/Maruf/ASE/projects/closure-compiler/src/com/google/javascript/jscomp/AstValidator.java:[215,6] [fallthrough] possible fall-through into case
[WARNING] /lv_scratch/scratch/mondego/local/Maruf/ASE/projects/closure-compiler/src/com/google/javascript/jscomp/CheckJSDoc.java:[253,16] [deprecation] containsFunctionDeclaration() in JSDocInfo has been deprecated
[WARNING] /lv_scratch/scratch/mondego/local/Maruf/ASE/projects/closure-compiler/src/com/google/javascript/jscomp/CheckJSDoc.java:[434,12] [deprecation] containsFunctionDeclaration() in JSDocInfo has been deprecated
[WARNING] /lv_scratch/scratch/mondego/local/Maruf/ASE/projects/closure-compiler/src/com/google/javascript/jscomp/ControlFlowAnalysis.java:[811,6] [fallthrough] possible fall-through into case
[WARNING] /lv_scratch/scratch/mondego/local/Maruf/ASE/projects/closure-compiler/src/com/google/javascript/jscomp/ant/AntErrorManager.java:[32,12] [deprecation] BasicErrorManager in com.google.javascript.jscomp has been deprecated
[WARNING] /lv_scratch/scratch/mondego/local/Maruf/ASE/projects/closure-compiler/src/com/google/javascript/jscomp/Normalize.java:[230,23] [deprecation] isConstantByConvention(CodingConvention,Node) in NodeUtil has been deprecated
[WARNING] /lv_scratch/scratch/mondego/local/Maruf/ASE/projects/closure-compiler/src/com/google/javascript/jscomp/Normalize.java:[283,25] [deprecation] isConstantByConvention(CodingConvention,Node) in NodeUtil has been deprecated
[WARNING] /lv_scratch/scratch/mondego/local/Maruf/ASE/projects/closure-compiler/src/com/google/javascript/jscomp/Normalize.java:[417,23] [deprecation] isConstantByConvention(CodingConvention,Node) in NodeUtil has been deprecated
[WARNING] /lv_scratch/scratch/mondego/local/Maruf/ASE/projects/closure-compiler/src/com/google/javascript/refactoring/RefactoringDriver.java:[99,11] [deprecation] setBrokenClosureRequiresLevel(CheckLevel) in CompilerOptions has been deprecated
[WARNING] /lv_scratch/scratch/mondego/local/Maruf/ASE/projects/closure-compiler/src/com/google/javascript/jscomp/parsing/parser/util/format/SimpleFormat.java:[439,8] [fallthrough] possible fall-through into case
[WARNING] /lv_scratch/scratch/mondego/local/Maruf/ASE/projects/closure-compiler/src/com/google/javascript/jscomp/ReplaceStrings.java:[431,6] [fallthrough] possible fall-through into case
[WARNING] /lv_scratch/scratch/mondego/local/Maruf/ASE/projects/closure-compiler/src/com/google/javascript/jscomp/StripCode.java:[411,10] [fallthrough] possible fall-through into case
[WARNING] /lv_scratch/scratch/mondego/local/Maruf/ASE/projects/closure-compiler/src/com/google/javascript/refactoring/FixingErrorManager.java:[42,40] [deprecation] BasicErrorManager in com.google.javascript.jscomp has been deprecated
[WARNING] /lv_scratch/scratch/mondego/local/Maruf/ASE/projects/closure-compiler/src/com/google/javascript/jscomp/PureFunctionIdentifier.java:[733,8] [fallthrough] possible fall-through into case
[INFO] 
[INFO] --- gwt-maven-plugin:1.0-rc-6:import-sources (default-import-sources) @ closure-compiler-gwt ---
[INFO] /lv_scratch/scratch/mondego/local/Maruf/ASE/projects/closure-compiler/src/ already added as a resource folder; skipping.
[INFO] Using 'UTF-8' encoding to copy filtered resources.
[INFO] Copying 993 resources
[INFO] Copying 12 resources
[INFO] Copying 28 resources
[INFO] 
[INFO] --- build-helper-maven-plugin:1.12:add-test-source (add-test-source) @ closure-compiler-gwt ---
[INFO] Test Source directory: /lv_scratch/scratch/mondego/local/Maruf/ASE/projects/closure-compiler/src/com/google/javascript/rhino/testing added.
[INFO] Test Source directory: /lv_scratch/scratch/mondego/local/Maruf/ASE/projects/closure-compiler/src/com/google/javascript/jscomp/testing added.
[INFO] Test Source directory: /lv_scratch/scratch/mondego/local/Maruf/ASE/projects/closure-compiler/src/com/google/javascript/jscomp/parsing/parser/testing added.
[INFO] Test Source directory: /lv_scratch/scratch/mondego/local/Maruf/ASE/projects/closure-compiler/src/com/google/javascript/refactoring/testing added.
[INFO] 
[INFO] --- maven-resources-plugin:3.0.1:testResources (default-testResources) @ closure-compiler-gwt ---
[INFO] Using 'UTF-8' encoding to copy filtered resources.
[INFO] skip non existing resourceDirectory /lv_scratch/scratch/mondego/local/Maruf/ASE/projects/closure-compiler/src/test/resources
[INFO] skip non existing resourceDirectory /lv_scratch/scratch/mondego/local/Maruf/ASE/projects/closure-compiler/src/test/super
[INFO] 
[INFO] --- maven-compiler-plugin:3.5.1:testCompile (default-testCompile) @ closure-compiler-gwt ---
[INFO] Changes detected - recompiling the module!
[INFO] Compiling 399 source files to /lv_scratch/scratch/mondego/local/Maruf/ASE/projects/closure-compiler/target/test-classes
[WARNING] /lv_scratch/scratch/mondego/local/Maruf/ASE/projects/closure-compiler/src/com/google/javascript/jscomp/testing/TestErrorManager.java:[20,35] [deprecation] BasicErrorManager in com.google.javascript.jscomp has been deprecated
[WARNING] /lv_scratch/scratch/mondego/local/Maruf/ASE/projects/closure-compiler/test/com/google/javascript/jscomp/deps/DepsGeneratorTest.java:[27,35] [deprecation] PrintStreamErrorManager in com.google.javascript.jscomp has been deprecated
[WARNING] /lv_scratch/scratch/mondego/local/Maruf/ASE/projects/closure-compiler/test/com/google/javascript/jscomp/deps/JsFileLineParserTest.java:[22,35] [deprecation] PrintStreamErrorManager in com.google.javascript.jscomp has been deprecated
[WARNING] /lv_scratch/scratch/mondego/local/Maruf/ASE/projects/closure-compiler/test/com/google/javascript/jscomp/deps/JsFileRegexParserTest.java:[27,35] [deprecation] PrintStreamErrorManager in com.google.javascript.jscomp has been deprecated
[WARNING] /lv_scratch/scratch/mondego/local/Maruf/ASE/projects/closure-compiler/test/com/google/javascript/jscomp/deps/DepsFileRegexParserTest.java:[24,35] [deprecation] PrintStreamErrorManager in com.google.javascript.jscomp has been deprecated
[WARNING] /lv_scratch/scratch/mondego/local/Maruf/ASE/projects/closure-compiler/src/com/google/javascript/jscomp/testing/TestErrorManager.java:[20,35] [deprecation] BasicErrorManager in com.google.javascript.jscomp has been deprecated
[WARNING] /lv_scratch/scratch/mondego/local/Maruf/ASE/projects/closure-compiler/test/com/google/javascript/jscomp/deps/DepsGeneratorTest.java:[27,35] [deprecation] PrintStreamErrorManager in com.google.javascript.jscomp has been deprecated
[WARNING] /lv_scratch/scratch/mondego/local/Maruf/ASE/projects/closure-compiler/test/com/google/javascript/jscomp/deps/JsFileLineParserTest.java:[22,35] [deprecation] PrintStreamErrorManager in com.google.javascript.jscomp has been deprecated
[WARNING] /lv_scratch/scratch/mondego/local/Maruf/ASE/projects/closure-compiler/test/com/google/javascript/jscomp/deps/JsFileRegexParserTest.java:[27,35] [deprecation] PrintStreamErrorManager in com.google.javascript.jscomp has been deprecated
[WARNING] /lv_scratch/scratch/mondego/local/Maruf/ASE/projects/closure-compiler/test/com/google/javascript/jscomp/deps/DepsFileRegexParserTest.java:[24,35] [deprecation] PrintStreamErrorManager in com.google.javascript.jscomp has been deprecated
[WARNING] /lv_scratch/scratch/mondego/local/Maruf/ASE/projects/closure-compiler/src/com/google/javascript/jscomp/testing/TestErrorManager.java:[20,35] [deprecation] BasicErrorManager in com.google.javascript.jscomp has been deprecated
[WARNING] /lv_scratch/scratch/mondego/local/Maruf/ASE/projects/closure-compiler/test/com/google/javascript/jscomp/deps/DepsGeneratorTest.java:[27,35] [deprecation] PrintStreamErrorManager in com.google.javascript.jscomp has been deprecated
[WARNING] /lv_scratch/scratch/mondego/local/Maruf/ASE/projects/closure-compiler/test/com/google/javascript/jscomp/deps/JsFileLineParserTest.java:[22,35] [deprecation] PrintStreamErrorManager in com.google.javascript.jscomp has been deprecated
[WARNING] /lv_scratch/scratch/mondego/local/Maruf/ASE/projects/closure-compiler/test/com/google/javascript/jscomp/deps/JsFileRegexParserTest.java:[27,35] [deprecation] PrintStreamErrorManager in com.google.javascript.jscomp has been deprecated
[WARNING] /lv_scratch/scratch/mondego/local/Maruf/ASE/projects/closure-compiler/test/com/google/javascript/jscomp/deps/DepsFileRegexParserTest.java:[24,35] [deprecation] PrintStreamErrorManager in com.google.javascript.jscomp has been deprecated
[WARNING] /lv_scratch/scratch/mondego/local/Maruf/ASE/projects/closure-compiler/src/com/google/javascript/jscomp/testing/TestErrorManager.java:[20,35] [deprecation] BasicErrorManager in com.google.javascript.jscomp has been deprecated
[WARNING] /lv_scratch/scratch/mondego/local/Maruf/ASE/projects/closure-compiler/test/com/google/javascript/jscomp/deps/DepsGeneratorTest.java:[27,35] [deprecation] PrintStreamErrorManager in com.google.javascript.jscomp has been deprecated
[WARNING] /lv_scratch/scratch/mondego/local/Maruf/ASE/projects/closure-compiler/test/com/google/javascript/jscomp/deps/JsFileLineParserTest.java:[22,35] [deprecation] PrintStreamErrorManager in com.google.javascript.jscomp has been deprecated
[WARNING] /lv_scratch/scratch/mondego/local/Maruf/ASE/projects/closure-compiler/test/com/google/javascript/jscomp/deps/JsFileRegexParserTest.java:[27,35] [deprecation] PrintStreamErrorManager in com.google.javascript.jscomp has been deprecated
[WARNING] /lv_scratch/scratch/mondego/local/Maruf/ASE/projects/closure-compiler/test/com/google/javascript/jscomp/deps/DepsFileRegexParserTest.java:[24,35] [deprecation] PrintStreamErrorManager in com.google.javascript.jscomp has been deprecated
[WARNING] /lv_scratch/scratch/mondego/local/Maruf/ASE/projects/closure-compiler/src/com/google/javascript/jscomp/testing/JSErrorSubject.java:[46,9] [unchecked] unchecked call to Subject(FailureMetadata,T) as a member of the raw type Subject
[WARNING]   where T is a type-variable:
    T extends Object declared in class Subject
/lv_scratch/scratch/mondego/local/Maruf/ASE/projects/closure-compiler/src/com/google/javascript/rhino/testing/NodeSubject.java:[86,9] [unchecked] unchecked call to Subject(FailureMetadata,T) as a member of the raw type Subject
[WARNING]   where T is a type-variable:
    T extends Object declared in class Subject
/lv_scratch/scratch/mondego/local/Maruf/ASE/projects/closure-compiler/src/com/google/javascript/rhino/testing/TypeSubject.java:[80,9] [unchecked] unchecked call to Subject(FailureMetadata,T) as a member of the raw type Subject
[WARNING]   where T is a type-variable:
    T extends Object declared in class Subject
/lv_scratch/scratch/mondego/local/Maruf/ASE/projects/closure-compiler/src/com/google/javascript/jscomp/parsing/parser/testing/FeatureSetSubject.java:[47,9] [unchecked] unchecked call to Subject(FailureMetadata,T) as a member of the raw type Subject
[WARNING]   where T is a type-variable:
    T extends Object declared in class Subject
/lv_scratch/scratch/mondego/local/Maruf/ASE/projects/closure-compiler/src/com/google/javascript/jscomp/testing/TestErrorManager.java:[27,44] [deprecation] BasicErrorManager in com.google.javascript.jscomp has been deprecated
[WARNING] /lv_scratch/scratch/mondego/local/Maruf/ASE/projects/closure-compiler/test/com/google/javascript/jscomp/BaseReplaceScriptTestCase.java:[88,33] [deprecation] PrintStreamErrorManager in com.google.javascript.jscomp has been deprecated
[WARNING] /lv_scratch/scratch/mondego/local/Maruf/ASE/projects/closure-compiler/test/com/google/javascript/jscomp/deps/DepsGeneratorTest.java:[45,23] [deprecation] PrintStreamErrorManager in com.google.javascript.jscomp has been deprecated
[WARNING] /lv_scratch/scratch/mondego/local/Maruf/ASE/projects/closure-compiler/test/com/google/javascript/jscomp/PartialCompilationTest.java:[56,12] [deprecation] BasicErrorManager in com.google.javascript.jscomp has been deprecated
[WARNING] /lv_scratch/scratch/mondego/local/Maruf/ASE/projects/closure-compiler/test/com/google/javascript/jscomp/JSModuleGraphTest.java:[344,52] [deprecation] pruneLegacyForEntryPoints(Iterable<ModuleIdentifier>) in DependencyOptions has been deprecated
[WARNING] /lv_scratch/scratch/mondego/local/Maruf/ASE/projects/closure-compiler/test/com/google/javascript/jscomp/JSModuleGraphTest.java:[362,25] [deprecation] pruneLegacyForEntryPoints(Iterable<ModuleIdentifier>) in DependencyOptions has been deprecated
[WARNING] /lv_scratch/scratch/mondego/local/Maruf/ASE/projects/closure-compiler/test/com/google/javascript/jscomp/JSModuleGraphTest.java:[779,25] [deprecation] pruneLegacyForEntryPoints(Iterable<ModuleIdentifier>) in DependencyOptions has been deprecated
[WARNING] /lv_scratch/scratch/mondego/local/Maruf/ASE/projects/closure-compiler/src/com/google/javascript/jscomp/testing/ScopeSubject.java:[62,9] [unchecked] unchecked call to Subject(FailureMetadata,T) as a member of the raw type Subject
[WARNING]   where T is a type-variable:
    T extends Object declared in class Subject
/lv_scratch/scratch/mondego/local/Maruf/ASE/projects/closure-compiler/test/com/google/javascript/jscomp/SortingErrorManagerTest.java:[123,4] [deprecation] BasicErrorManager in com.google.javascript.jscomp has been deprecated
[WARNING] /lv_scratch/scratch/mondego/local/Maruf/ASE/projects/closure-compiler/test/com/google/javascript/jscomp/SortingErrorManagerTest.java:[123,36] [deprecation] BasicErrorManager in com.google.javascript.jscomp has been deprecated
[WARNING] /lv_scratch/scratch/mondego/local/Maruf/ASE/projects/closure-compiler/test/com/google/javascript/jscomp/SortingErrorManagerTest.java:[143,4] [deprecation] BasicErrorManager in com.google.javascript.jscomp has been deprecated
[WARNING] /lv_scratch/scratch/mondego/local/Maruf/ASE/projects/closure-compiler/test/com/google/javascript/jscomp/SortingErrorManagerTest.java:[144,12] [deprecation] BasicErrorManager in com.google.javascript.jscomp has been deprecated
[WARNING] /lv_scratch/scratch/mondego/local/Maruf/ASE/projects/closure-compiler/test/com/google/javascript/jscomp/TypeCheckTest.java:[13586,38] [unchecked] unchecked call to isInstanceOf(Class<?>) as a member of the raw type Subject
[WARNING] /lv_scratch/scratch/mondego/local/Maruf/ASE/projects/closure-compiler/test/com/google/javascript/jscomp/TypeCheckTest.java:[13589,36] [unchecked] unchecked call to isInstanceOf(Class<?>) as a member of the raw type Subject
[WARNING] /lv_scratch/scratch/mondego/local/Maruf/ASE/projects/closure-compiler/test/com/google/javascript/jscomp/ReplaceCssNamesTest.java:[301,32] [deprecation] BasicErrorManager in com.google.javascript.jscomp has been deprecated
[WARNING] /lv_scratch/scratch/mondego/local/Maruf/ASE/projects/closure-compiler/test/com/google/javascript/jscomp/VarCheckTest.java:[878,50] [deprecation] pruneLegacyForEntryPoints(Iterable<ModuleIdentifier>) in DependencyOptions has been deprecated
[WARNING] /lv_scratch/scratch/mondego/local/Maruf/ASE/projects/closure-compiler/test/com/google/javascript/jscomp/SymbolTableTest.java:[380,11] [deprecation] setBrokenClosureRequiresLevel(CheckLevel) in CompilerOptions has been deprecated
[WARNING] /lv_scratch/scratch/mondego/local/Maruf/ASE/projects/closure-compiler/src/com/google/javascript/jscomp/testing/TypedVarSubject.java:[47,9] [unchecked] unchecked call to Subject(FailureMetadata,T) as a member of the raw type Subject
[WARNING]   where T is a type-variable:
    T extends Object declared in class Subject
/lv_scratch/scratch/mondego/local/Maruf/ASE/projects/closure-compiler/test/com/google/javascript/jscomp/CompilerTest.java:[111,11] [deprecation] setIdeMode(boolean) in CompilerOptions has been deprecated
[WARNING] /lv_scratch/scratch/mondego/local/Maruf/ASE/projects/closure-compiler/test/com/google/javascript/jscomp/CompilerTest.java:[112,50] [deprecation] pruneLegacyForEntryPoints(Iterable<ModuleIdentifier>) in DependencyOptions has been deprecated
[WARNING] /lv_scratch/scratch/mondego/local/Maruf/ASE/projects/closure-compiler/test/com/google/javascript/jscomp/CompilerTest.java:[1130,11] [deprecation] setIdeMode(boolean) in CompilerOptions has been deprecated
[WARNING] /lv_scratch/scratch/mondego/local/Maruf/ASE/projects/closure-compiler/test/com/google/javascript/jscomp/CompilerTest.java:[1385,50] [deprecation] pruneLegacyForEntryPoints(Iterable<ModuleIdentifier>) in DependencyOptions has been deprecated
[WARNING] /lv_scratch/scratch/mondego/local/Maruf/ASE/projects/closure-compiler/test/com/google/javascript/jscomp/CompilerTest.java:[1414,50] [deprecation] pruneLegacyForEntryPoints(Iterable<ModuleIdentifier>) in DependencyOptions has been deprecated
[WARNING] /lv_scratch/scratch/mondego/local/Maruf/ASE/projects/closure-compiler/test/com/google/javascript/jscomp/CompilerTest.java:[1443,50] [deprecation] pruneLegacyForEntryPoints(Iterable<ModuleIdentifier>) in DependencyOptions has been deprecated
[WARNING] /lv_scratch/scratch/mondego/local/Maruf/ASE/projects/closure-compiler/test/com/google/javascript/jscomp/CompilerTest.java:[1470,50] [deprecation] pruneLegacyForEntryPoints(Iterable<ModuleIdentifier>) in DependencyOptions has been deprecated
[WARNING] /lv_scratch/scratch/mondego/local/Maruf/ASE/projects/closure-compiler/test/com/google/javascript/jscomp/CompilerTest.java:[2036,25] [deprecation] pruneLegacyForEntryPoints(Iterable<ModuleIdentifier>) in DependencyOptions has been deprecated
[WARNING] /lv_scratch/scratch/mondego/local/Maruf/ASE/projects/closure-compiler/test/com/google/javascript/jscomp/CompilerTest.java:[2501,50] [deprecation] pruneLegacyForEntryPoints(Iterable<ModuleIdentifier>) in DependencyOptions has been deprecated
[WARNING] /lv_scratch/scratch/mondego/local/Maruf/ASE/projects/closure-compiler/test/com/google/javascript/jscomp/CompilerTest.java:[2609,50] [deprecation] pruneLegacyForEntryPoints(Iterable<ModuleIdentifier>) in DependencyOptions has been deprecated
[WARNING] /lv_scratch/scratch/mondego/local/Maruf/ASE/projects/closure-compiler/src/com/google/javascript/rhino/testing/TemplateTypeMapSubject.java:[66,9] [unchecked] unchecked call to Subject(FailureMetadata,T) as a member of the raw type Subject
[WARNING]   where T is a type-variable:
    T extends Object declared in class Subject
/lv_scratch/scratch/mondego/local/Maruf/ASE/projects/closure-compiler/test/com/google/javascript/jscomp/deps/JsFileLineParserTest.java:[144,36] [deprecation] PrintStreamErrorManager in com.google.javascript.jscomp has been deprecated
[WARNING] /lv_scratch/scratch/mondego/local/Maruf/ASE/projects/closure-compiler/test/com/google/javascript/jscomp/deps/JsFileLineParserTest.java:[151,36] [deprecation] PrintStreamErrorManager in com.google.javascript.jscomp has been deprecated
[WARNING] /lv_scratch/scratch/mondego/local/Maruf/ASE/projects/closure-compiler/test/com/google/javascript/jscomp/deps/JsFileRegexParserTest.java:[50,23] [deprecation] PrintStreamErrorManager in com.google.javascript.jscomp has been deprecated
[WARNING] /lv_scratch/scratch/mondego/local/Maruf/ASE/projects/closure-compiler/test/com/google/javascript/jscomp/CommandLineRunnerTest.java:[1030,29] [deprecation] pruneLegacyForEntryPoints(Iterable<ModuleIdentifier>) in DependencyOptions has been deprecated
[WARNING] /lv_scratch/scratch/mondego/local/Maruf/ASE/projects/closure-compiler/test/com/google/javascript/jscomp/deps/DepsFileRegexParserTest.java:[46,23] [deprecation] PrintStreamErrorManager in com.google.javascript.jscomp has been deprecated
[WARNING] /lv_scratch/scratch/mondego/local/Maruf/ASE/projects/closure-compiler/test/com/google/javascript/jscomp/NodeTraversalTest.java:[48,41] [deprecation] BasicErrorManager in com.google.javascript.jscomp has been deprecated
[WARNING] /lv_scratch/scratch/mondego/local/Maruf/ASE/projects/closure-compiler/test/com/google/javascript/jscomp/IntegrationTest.java:[4182,11] [deprecation] setIdeMode(boolean) in CompilerOptions has been deprecated
[WARNING] /lv_scratch/scratch/mondego/local/Maruf/ASE/projects/closure-compiler/test/com/google/javascript/jscomp/IntegrationTest.java:[5227,11] [deprecation] setIdeMode(boolean) in CompilerOptions has been deprecated
[WARNING] /lv_scratch/scratch/mondego/local/Maruf/ASE/projects/closure-compiler/test/com/google/javascript/jscomp/IntegrationTest.java:[5667,11] [deprecation] setIdeMode(boolean) in CompilerOptions has been deprecated
[WARNING] /lv_scratch/scratch/mondego/local/Maruf/ASE/projects/closure-compiler/test/com/google/javascript/jscomp/IntegrationTest.java:[5680,11] [deprecation] setIdeMode(boolean) in CompilerOptions has been deprecated
[WARNING] /lv_scratch/scratch/mondego/local/Maruf/ASE/projects/closure-compiler/test/com/google/javascript/jscomp/IntegrationTest.java:[5860,11] [deprecation] setIdeMode(boolean) in CompilerOptions has been deprecated
[WARNING] /lv_scratch/scratch/mondego/local/Maruf/ASE/projects/closure-compiler/test/com/google/javascript/jscomp/IntegrationTest.java:[5934,22] [deprecation] shouldCollapseProperties() in CompilerOptions has been deprecated
[WARNING] /lv_scratch/scratch/mondego/local/Maruf/ASE/projects/closure-compiler/test/com/google/javascript/jscomp/IntegrationTest.java:[5957,22] [deprecation] shouldCollapseProperties() in CompilerOptions has been deprecated
[WARNING] /lv_scratch/scratch/mondego/local/Maruf/ASE/projects/closure-compiler/test/com/google/javascript/jscomp/IntegrationTest.java:[5980,22] [deprecation] shouldCollapseProperties() in CompilerOptions has been deprecated
[WARNING] /lv_scratch/scratch/mondego/local/Maruf/ASE/projects/closure-compiler/test/com/google/javascript/jscomp/IntegrationTest.java:[6009,22] [deprecation] shouldCollapseProperties() in CompilerOptions has been deprecated
[INFO] 
[INFO] --- gwt-maven-plugin:1.0-rc-6:import-test-sources (default-import-test-sources) @ closure-compiler-gwt ---
[INFO] Using 'UTF-8' encoding to copy filtered resources.
[INFO] Copying 606 resources
[INFO] Copying 8 resources
[INFO] Copying 6 resources
[INFO] Copying 1 resource
[INFO] Copying 2 resources
[INFO] Copying 1 resource
[INFO] 
[INFO] --- gwt-maven-plugin:1.0-rc-6:test (default-test) @ closure-compiler-gwt ---
[INFO] 
[INFO] --- gwt-maven-plugin:1.0-rc-6:compile (default-compile) @ closure-compiler-gwt ---
[INFO] Compiling module com.google.JsComp
[INFO]    Tracing compile failure path for type 'com.google.javascript.jscomp.bundle.AutoValue_Source'
[INFO]       [ERROR] Errors in 'file:/lv_scratch/scratch/mondego/local/Maruf/ASE/projects/closure-compiler/target/classes/com/google/javascript/jscomp/bundle/AutoValue_Source.java'
[INFO]          [ERROR] Line 250: codeSupplier cannot be resolved to a variable
[INFO]          [ERROR] Line 210: Source.Builder cannot be resolved to a type
[INFO]          [ERROR] Line 75: The method estimatedSize() of type AutoValue_Source must override or implement a supertype method
[INFO]          [ERROR] Line 175: The method originalCodeSupplier() is undefined for the type Source
[INFO]          [ERROR] Line 65: The method runtimes() of type AutoValue_Source must override or implement a supertype method
[INFO]          [ERROR] Line 253: Source.Lazy cannot be resolved to a type
[INFO]          [ERROR] Line 87: originalCodeSupplier cannot be resolved to a variable
[INFO]          [ERROR] Line 246: Source.Lazy cannot be resolved to a type
[INFO]          [ERROR] Line 145: originalCodeSupplier cannot be resolved to a variable
[INFO]          [ERROR] Line 291: Type mismatch: cannot convert from AutoValue_Source to Source
[INFO]          [ERROR] Line 225: Source.Builder cannot be resolved to a type
[INFO]          [ERROR] Line 119: codeSupplier cannot be resolved or is not a field
[INFO]          [ERROR] Line 174: codeSupplier cannot be resolved or is not a field
[INFO]          [ERROR] Line 40: codeSupplier cannot be resolved or is not a field
[INFO]          [ERROR] Line 113: The method sourceMap() is undefined for the type Source
[INFO]          [ERROR] Line 163: Source.Lazy cannot be resolved to a type
[INFO]          [ERROR] Line 300: originalCodeSupplier cannot be resolved or is not a field
[INFO]          [ERROR] Line 173: The method estimatedSize() is undefined for the type Source
[INFO]          [ERROR] Line 162: Source.Lazy cannot be resolved to a type
[INFO]          [ERROR] Line 175: originalCodeSupplier cannot be resolved or is not a field
[INFO]          [ERROR] Line 262: The method autoBuild() of type AutoValue_Source.Builder must override or implement a supertype method
[INFO]          [ERROR] Line 101: originalCodeSupplier cannot be resolved to a variable
[INFO]          [ERROR] Line 86: Source.Lazy cannot be resolved to a type
[INFO]          [ERROR] Line 118: The method estimatedSize() is undefined for the type Source
[INFO]          [ERROR] Line 55: The method sourceUrl() of type AutoValue_Source must override or implement a supertype method
[INFO]          [ERROR] Line 120: The method originalCodeSupplier() is undefined for the type Source
[INFO]          [ERROR] Line 178: Source.Builder cannot be resolved to a type
[INFO]          [ERROR] Line 238: Source.Lazy cannot be resolved to a type
[INFO]          [ERROR] Line 31: Source.Lazy cannot be resolved to a type
[INFO]          [ERROR] Line 116: The method runtimes() is undefined for the type Source
[INFO]          [ERROR] Line 202: Source.Builder cannot be resolved to a type
[INFO]          [ERROR] Line 259: originalCodeSupplier cannot be resolved to a variable
[INFO]          [ERROR] Line 80: Source.Lazy cannot be resolved to a type
[INFO]          [ERROR] Line 117: The method loadFlags() is undefined for the type Source
[INFO]          [ERROR] Line 258: Source.Lazy cannot be resolved to a type
[INFO]          [ERROR] Line 172: The method loadFlags() is undefined for the type Source
[INFO]          [ERROR] Line 114: The method sourceUrl() is undefined for the type Source
[INFO]          [ERROR] Line 143: codeSupplier cannot be resolved or is not a field
[INFO]          [ERROR] Line 41: originalCodeSupplier cannot be resolved or is not a field
[INFO]          [ERROR] Line 242: codeSupplier cannot be resolved or is not a field
[INFO]          [ERROR] Line 186: Source.Builder cannot be resolved to a type
[INFO]          [ERROR] Line 50: The method sourceMap() of type AutoValue_Source must override or implement a supertype method
[INFO]          [ERROR] Line 285: codeSupplier cannot be resolved or is not a field
[INFO]          [ERROR] Line 21: Source.Lazy cannot be resolved to a type
[INFO]          [ERROR] Line 70: The method loadFlags() of type AutoValue_Source must override or implement a supertype method
[INFO]          [ERROR] Line 168: The method sourceMap() is undefined for the type Source
[INFO]          [ERROR] Line 169: The method sourceUrl() is undefined for the type Source
[INFO]          [ERROR] Line 100: codeSupplier cannot be resolved to a variable
[INFO]          [ERROR] Line 238: Source.Builder cannot be resolved to a type
[INFO]          [ERROR] Line 194: Source.Builder cannot be resolved to a type
[INFO]          [ERROR] Line 112: The method path() is undefined for the type Source
[INFO]          [ERROR] Line 145: originalCodeSupplier cannot be resolved or is not a field
[INFO]          [ERROR] Line 11: The type AutoValue_Source cannot subclass the final class Source
[INFO]          [ERROR] Line 254: originalCodeSupplier cannot be resolved or is not a field
[INFO]          [ERROR] Line 45: The method path() of type AutoValue_Source must override or implement a supertype method
[INFO]          [ERROR] Line 151: The constructor AutoValue_Source.Builder(AutoValue_Source) is undefined
[INFO]          [ERROR] Line 32: Source.Lazy cannot be resolved to a type
[INFO]          [ERROR] Line 119: The method codeSupplier() is undefined for the type Source
[INFO]          [ERROR] Line 154: Source.Builder cannot be resolved to a type
[INFO]          [ERROR] Line 167: The method path() is undefined for the type Source
[INFO]          [ERROR] Line 171: The method runtimes() is undefined for the type Source
[INFO]          [ERROR] Line 170: The method sourceMappingUrl() is undefined for the type Source
[INFO]          [ERROR] Line 60: The method sourceMappingUrl() of type AutoValue_Source must override or implement a supertype method
[INFO]          [ERROR] Line 174: The method codeSupplier() is undefined for the type Source
[INFO]          [ERROR] Line 120: originalCodeSupplier cannot be resolved or is not a field
[INFO]          [ERROR] Line 115: The method sourceMappingUrl() is undefined for the type Source
[INFO]          [ERROR] Line 247: codeSupplier cannot be resolved to a variable
[INFO]          [ERROR] Line 299: codeSupplier cannot be resolved or is not a field
[INFO]          [ERROR] Line 253: Source.Builder cannot be resolved to a type
[INFO]          [ERROR] Line 81: codeSupplier cannot be resolved to a variable
[INFO]          [ERROR] Line 150: Source.Builder cannot be resolved to a type
[INFO]          [ERROR] Line 233: Source.Builder cannot be resolved to a type
[INFO]          [ERROR] Line 20: Source.Lazy cannot be resolved to a type
[INFO]          [ERROR] Line 218: The method runtimes() of type AutoValue_Source.Builder must override or implement a supertype method
[INFO]    [ERROR] Aborting compile due to errors in some input files
[INFO]                                                                         
[INFO] ------------------------------------------------------------------------
[INFO] Building Closure Compiler Main 1.0-SNAPSHOT
[INFO] ------------------------------------------------------------------------
[INFO] 
[INFO] --- build-helper-maven-plugin:1.12:add-source (add-source) @ closure-compiler-main ---
[INFO] Source directory: /lv_scratch/scratch/mondego/local/Maruf/ASE/projects/closure-compiler/gen added.
[INFO] 
[INFO] --- maven-resources-plugin:3.0.1:copy-resources (rhino_ast-custom) @ closure-compiler-main ---
[INFO] Using 'UTF-8' encoding to copy filtered resources.
[INFO] Copying 1 resource to /lv_scratch/scratch/mondego/local/Maruf/ASE/projects/closure-compiler/target/classes
[INFO] 
[INFO] --- maven-bundle-plugin:3.2.0:manifest (bundle-manifest) @ closure-compiler-main ---
[WARNING] Ignoring project type pom - supportedProjectTypes = [jar, bundle]
[INFO] 
[INFO] --- build-helper-maven-plugin:1.12:add-test-source (add-test-source) @ closure-compiler-main ---
[INFO] Test Source directory: /lv_scratch/scratch/mondego/local/Maruf/ASE/projects/closure-compiler/src/com/google/javascript/rhino/testing added.
[INFO] Test Source directory: /lv_scratch/scratch/mondego/local/Maruf/ASE/projects/closure-compiler/src/com/google/javascript/jscomp/testing added.
[INFO] Test Source directory: /lv_scratch/scratch/mondego/local/Maruf/ASE/projects/closure-compiler/src/com/google/javascript/jscomp/parsing/parser/testing added.
[INFO] Test Source directory: /lv_scratch/scratch/mondego/local/Maruf/ASE/projects/closure-compiler/src/com/google/javascript/refactoring/testing added.
[INFO] 
[INFO] --- deflaker-maven-plugin:1.5-SNAPSHOT:diff (deflaker-diff) @ closure-compiler-main ---
[INFO] 
[INFO] --- deflaker-maven-plugin:1.5-SNAPSHOT:report (deflaker-report-tests) @ closure-compiler-main ---
[INFO] ------------------------------------------------------------------------
[INFO] TEST DIFFCOV ANALYSIS
[INFO] Closure Compiler Mainclosure-compiler-main
[INFO] ------------------------------------------------------------------------
[INFO] Using covFile: /lv_scratch/scratch/mondego/local/Maruf/ASE/projects/closure-compiler/target/diffcov.log
[INFO] Using difFile: /lv_scratch/scratch/mondego/local/Maruf/ASE/projects/closure-compiler/.diffCache
[INFO] No test data found
[INFO] 
[INFO] --- maven-source-plugin:3.0.1:jar-no-fork (attach-sources) @ closure-compiler-main ---
[INFO]                                                                         
[INFO] ------------------------------------------------------------------------
[INFO] Building Closure Compiler Linter 1.0-SNAPSHOT
[INFO] ------------------------------------------------------------------------
[INFO] 
[INFO] --- build-helper-maven-plugin:1.12:add-source (add-source) @ closure-compiler-linter ---
[INFO] Source directory: /lv_scratch/scratch/mondego/local/Maruf/ASE/projects/closure-compiler/gen added.
[INFO] 
[INFO] --- maven-resources-plugin:3.0.1:resources (default-resources) @ closure-compiler-linter ---
[INFO] Using 'UTF-8' encoding to copy filtered resources.
[INFO] Copying 157 resources
[INFO] 
[INFO] --- maven-resources-plugin:3.0.1:copy-resources (rhino_ast-custom) @ closure-compiler-linter ---
[INFO] Using 'UTF-8' encoding to copy filtered resources.
[INFO] Copying 1 resource to /lv_scratch/scratch/mondego/local/Maruf/ASE/projects/closure-compiler/target/classes
[INFO] 
[INFO] --- maven-compiler-plugin:3.5.1:compile (default-compile) @ closure-compiler-linter ---
[INFO] Changes detected - recompiling the module!
[INFO] Compiling 764 source files to /lv_scratch/scratch/mondego/local/Maruf/ASE/projects/closure-compiler/target/classes
[WARNING] /lv_scratch/scratch/mondego/local/Maruf/ASE/projects/closure-compiler/src/com/google/javascript/jscomp/ant/AntErrorManager.java:[19,35] [deprecation] BasicErrorManager in com.google.javascript.jscomp has been deprecated
[WARNING] /lv_scratch/scratch/mondego/local/Maruf/ASE/projects/closure-compiler/src/com/google/javascript/refactoring/FixingErrorManager.java:[30,35] [deprecation] BasicErrorManager in com.google.javascript.jscomp has been deprecated
[WARNING] /lv_scratch/scratch/mondego/local/Maruf/ASE/projects/closure-compiler/src/com/google/javascript/jscomp/ant/AntErrorManager.java:[19,35] [deprecation] BasicErrorManager in com.google.javascript.jscomp has been deprecated
[WARNING] /lv_scratch/scratch/mondego/local/Maruf/ASE/projects/closure-compiler/src/com/google/javascript/refactoring/FixingErrorManager.java:[30,35] [deprecation] BasicErrorManager in com.google.javascript.jscomp has been deprecated
[WARNING] /lv_scratch/scratch/mondego/local/Maruf/ASE/projects/closure-compiler/src/com/google/javascript/jscomp/ant/AntErrorManager.java:[19,35] [deprecation] BasicErrorManager in com.google.javascript.jscomp has been deprecated
[WARNING] /lv_scratch/scratch/mondego/local/Maruf/ASE/projects/closure-compiler/src/com/google/javascript/refactoring/FixingErrorManager.java:[30,35] [deprecation] BasicErrorManager in com.google.javascript.jscomp has been deprecated
[WARNING] /lv_scratch/scratch/mondego/local/Maruf/ASE/projects/closure-compiler/src/com/google/javascript/jscomp/ant/AntErrorManager.java:[19,35] [deprecation] BasicErrorManager in com.google.javascript.jscomp has been deprecated
[WARNING] /lv_scratch/scratch/mondego/local/Maruf/ASE/projects/closure-compiler/src/com/google/javascript/refactoring/FixingErrorManager.java:[30,35] [deprecation] BasicErrorManager in com.google.javascript.jscomp has been deprecated
[WARNING] /lv_scratch/scratch/mondego/local/Maruf/ASE/projects/closure-compiler/src/com/google/javascript/jscomp/parsing/parser/Scanner.java:[964,8] [fallthrough] possible fall-through into case
[WARNING] /lv_scratch/scratch/mondego/local/Maruf/ASE/projects/closure-compiler/src/com/google/javascript/jscomp/CompilerInput.java:[397,14] [fallthrough] possible fall-through into case
[WARNING] /lv_scratch/scratch/mondego/local/Maruf/ASE/projects/closure-compiler/gen/com/google/javascript/jscomp/ConformanceConfig.java:[59,74] [deprecation] PARSER in Requirement has been deprecated
[WARNING] /lv_scratch/scratch/mondego/local/Maruf/ASE/projects/closure-compiler/src/com/google/javascript/jscomp/NodeUtil.java:[3087,6] [fallthrough] possible fall-through into case
[WARNING] /lv_scratch/scratch/mondego/local/Maruf/ASE/projects/closure-compiler/src/com/google/javascript/jscomp/NodeUtil.java:[3181,6] [fallthrough] possible fall-through into case
[WARNING] /lv_scratch/scratch/mondego/local/Maruf/ASE/projects/closure-compiler/src/com/google/javascript/jscomp/ClosureCheckModule.java:[269,6] [fallthrough] possible fall-through into case
[WARNING] /lv_scratch/scratch/mondego/local/Maruf/ASE/projects/closure-compiler/src/com/google/javascript/jscomp/TypeCheck.java:[840,6] [fallthrough] possible fall-through into case
[WARNING] /lv_scratch/scratch/mondego/local/Maruf/ASE/projects/closure-compiler/src/com/google/javascript/jscomp/ExpressionDecomposer.java:[204,12] [fallthrough] possible fall-through into case
[WARNING] /lv_scratch/scratch/mondego/local/Maruf/ASE/projects/closure-compiler/src/com/google/javascript/jscomp/ExpressionDecomposer.java:[786,8] [fallthrough] possible fall-through into case
[WARNING] /lv_scratch/scratch/mondego/local/Maruf/ASE/projects/closure-compiler/src/com/google/javascript/jscomp/ExpressionDecomposer.java:[984,6] [fallthrough] possible fall-through into case
[WARNING] /lv_scratch/scratch/mondego/local/Maruf/ASE/projects/closure-compiler/src/com/google/javascript/jscomp/deps/JsFileFullParser.java:[133,16] [deprecation] BasicErrorManager in com.google.javascript.jscomp has been deprecated
[WARNING] /lv_scratch/scratch/mondego/local/Maruf/ASE/projects/closure-compiler/src/com/google/javascript/jscomp/Compiler.java:[359,13] [deprecation] setUseTypesForOptimization(boolean) in CompilerOptions has been deprecated
[WARNING] /lv_scratch/scratch/mondego/local/Maruf/ASE/projects/closure-compiler/src/com/google/javascript/jscomp/Compiler.java:[484,15] [deprecation] brokenClosureRequiresLevel in CompilerOptions has been deprecated
[WARNING] /lv_scratch/scratch/mondego/local/Maruf/ASE/projects/closure-compiler/src/com/google/javascript/jscomp/DefaultPassConfig.java:[1322,27] [deprecation] brokenClosureRequiresLevel in CompilerOptions has been deprecated
[WARNING] /lv_scratch/scratch/mondego/local/Maruf/ASE/projects/closure-compiler/src/com/google/javascript/rhino/dtoa/DToA.java:[450,6] [fallthrough] possible fall-through into case
[WARNING] /lv_scratch/scratch/mondego/local/Maruf/ASE/projects/closure-compiler/src/com/google/javascript/rhino/dtoa/DToA.java:[457,6] [fallthrough] possible fall-through into case
[WARNING] /lv_scratch/scratch/mondego/local/Maruf/ASE/projects/closure-compiler/src/com/google/javascript/rhino/dtoa/DToA.java:[975,8] [fallthrough] possible fall-through into case
[WARNING] /lv_scratch/scratch/mondego/local/Maruf/ASE/projects/closure-compiler/src/com/google/javascript/jscomp/parsing/IRFactory.java:[3366,8] [fallthrough] possible fall-through into case
[WARNING] /lv_scratch/scratch/mondego/local/Maruf/ASE/projects/closure-compiler/src/com/google/javascript/jscomp/parsing/JsDocInfoParser.java:[57,17] [deprecation] javaLetterOrDigit() in CharMatcher has been deprecated
[WARNING] /lv_scratch/scratch/mondego/local/Maruf/ASE/projects/closure-compiler/src/com/google/javascript/jscomp/LoggerErrorManager.java:[29,46] [deprecation] BasicErrorManager in com.google.javascript.jscomp has been deprecated
[WARNING] /lv_scratch/scratch/mondego/local/Maruf/ASE/projects/closure-compiler/src/com/google/javascript/jscomp/ijs/ConvertToTypedInterface.java:[209,8] [fallthrough] possible fall-through into case
[WARNING] /lv_scratch/scratch/mondego/local/Maruf/ASE/projects/closure-compiler/src/com/google/javascript/jscomp/FindExportableNodes.java:[157,6] [fallthrough] possible fall-through into case
[WARNING] /lv_scratch/scratch/mondego/local/Maruf/ASE/projects/closure-compiler/src/com/google/javascript/jscomp/ant/CompileTask.java:[449,31] [deprecation] pruneLegacyForEntryPoints(Iterable<ModuleIdentifier>) in DependencyOptions has been deprecated
[WARNING] /lv_scratch/scratch/mondego/local/Maruf/ASE/projects/closure-compiler/src/com/google/javascript/jscomp/ant/CompileTask.java:[541,27] [deprecation] pruneLegacyForEntryPoints(Iterable<ModuleIdentifier>) in DependencyOptions has been deprecated
[WARNING] /lv_scratch/scratch/mondego/local/Maruf/ASE/projects/closure-compiler/src/com/google/javascript/jscomp/AnalyzePrototypeProperties.java:[305,8] [fallthrough] possible fall-through into case
[WARNING] /lv_scratch/scratch/mondego/local/Maruf/ASE/projects/closure-compiler/gen/com/google/javascript/jscomp/FunctionInformationMap.java:[2102,12] [deprecation] writeGroup(int,MessageLite) in CodedOutputStream has been deprecated
[WARNING] /lv_scratch/scratch/mondego/local/Maruf/ASE/projects/closure-compiler/gen/com/google/javascript/jscomp/FunctionInformationMap.java:[2105,12] [deprecation] writeGroup(int,MessageLite) in CodedOutputStream has been deprecated
[WARNING] /lv_scratch/scratch/mondego/local/Maruf/ASE/projects/closure-compiler/gen/com/google/javascript/jscomp/FunctionInformationMap.java:[2118,8] [deprecation] computeGroupSize(int,MessageLite) in CodedOutputStream has been deprecated
[WARNING] /lv_scratch/scratch/mondego/local/Maruf/ASE/projects/closure-compiler/gen/com/google/javascript/jscomp/FunctionInformationMap.java:[2122,8] [deprecation] computeGroupSize(int,MessageLite) in CodedOutputStream has been deprecated
[WARNING] /lv_scratch/scratch/mondego/local/Maruf/ASE/projects/closure-compiler/src/com/google/javascript/jscomp/AstValidator.java:[215,6] [fallthrough] possible fall-through into case
[WARNING] /lv_scratch/scratch/mondego/local/Maruf/ASE/projects/closure-compiler/src/com/google/javascript/jscomp/CheckJSDoc.java:[253,16] [deprecation] containsFunctionDeclaration() in JSDocInfo has been deprecated
[WARNING] /lv_scratch/scratch/mondego/local/Maruf/ASE/projects/closure-compiler/src/com/google/javascript/jscomp/CheckJSDoc.java:[434,12] [deprecation] containsFunctionDeclaration() in JSDocInfo has been deprecated
[WARNING] /lv_scratch/scratch/mondego/local/Maruf/ASE/projects/closure-compiler/src/com/google/javascript/jscomp/ControlFlowAnalysis.java:[811,6] [fallthrough] possible fall-through into case
[WARNING] /lv_scratch/scratch/mondego/local/Maruf/ASE/projects/closure-compiler/src/com/google/javascript/jscomp/ant/AntErrorManager.java:[32,12] [deprecation] BasicErrorManager in com.google.javascript.jscomp has been deprecated
[WARNING] /lv_scratch/scratch/mondego/local/Maruf/ASE/projects/closure-compiler/src/com/google/javascript/jscomp/Normalize.java:[230,23] [deprecation] isConstantByConvention(CodingConvention,Node) in NodeUtil has been deprecated
[WARNING] /lv_scratch/scratch/mondego/local/Maruf/ASE/projects/closure-compiler/src/com/google/javascript/jscomp/Normalize.java:[283,25] [deprecation] isConstantByConvention(CodingConvention,Node) in NodeUtil has been deprecated
[WARNING] /lv_scratch/scratch/mondego/local/Maruf/ASE/projects/closure-compiler/src/com/google/javascript/jscomp/Normalize.java:[417,23] [deprecation] isConstantByConvention(CodingConvention,Node) in NodeUtil has been deprecated
[WARNING] /lv_scratch/scratch/mondego/local/Maruf/ASE/projects/closure-compiler/src/com/google/javascript/refactoring/RefactoringDriver.java:[99,11] [deprecation] setBrokenClosureRequiresLevel(CheckLevel) in CompilerOptions has been deprecated
[WARNING] /lv_scratch/scratch/mondego/local/Maruf/ASE/projects/closure-compiler/src/com/google/javascript/jscomp/parsing/parser/util/format/SimpleFormat.java:[439,8] [fallthrough] possible fall-through into case
[WARNING] /lv_scratch/scratch/mondego/local/Maruf/ASE/projects/closure-compiler/src/com/google/javascript/jscomp/ReplaceStrings.java:[431,6] [fallthrough] possible fall-through into case
[WARNING] /lv_scratch/scratch/mondego/local/Maruf/ASE/projects/closure-compiler/src/com/google/javascript/jscomp/StripCode.java:[411,10] [fallthrough] possible fall-through into case
[WARNING] /lv_scratch/scratch/mondego/local/Maruf/ASE/projects/closure-compiler/src/com/google/javascript/refactoring/FixingErrorManager.java:[42,40] [deprecation] BasicErrorManager in com.google.javascript.jscomp has been deprecated
[WARNING] /lv_scratch/scratch/mondego/local/Maruf/ASE/projects/closure-compiler/src/com/google/javascript/jscomp/PureFunctionIdentifier.java:[733,8] [fallthrough] possible fall-through into case
[INFO] 
[INFO] --- maven-bundle-plugin:3.2.0:manifest (bundle-manifest) @ closure-compiler-linter ---
[INFO] 
[INFO] --- build-helper-maven-plugin:1.12:add-test-source (add-test-source) @ closure-compiler-linter ---
[INFO] Test Source directory: /lv_scratch/scratch/mondego/local/Maruf/ASE/projects/closure-compiler/src/com/google/javascript/rhino/testing added.
[INFO] Test Source directory: /lv_scratch/scratch/mondego/local/Maruf/ASE/projects/closure-compiler/src/com/google/javascript/jscomp/testing added.
[INFO] Test Source directory: /lv_scratch/scratch/mondego/local/Maruf/ASE/projects/closure-compiler/src/com/google/javascript/jscomp/parsing/parser/testing added.
[INFO] Test Source directory: /lv_scratch/scratch/mondego/local/Maruf/ASE/projects/closure-compiler/src/com/google/javascript/refactoring/testing added.
[INFO] 
[INFO] --- maven-resources-plugin:3.0.1:testResources (default-testResources) @ closure-compiler-linter ---
[INFO] Using 'UTF-8' encoding to copy filtered resources.
[INFO] skip non existing resourceDirectory /lv_scratch/scratch/mondego/local/Maruf/ASE/projects/closure-compiler/src/test/resources
[INFO] 
[INFO] --- deflaker-maven-plugin:1.5-SNAPSHOT:diff (deflaker-diff) @ closure-compiler-linter ---
[INFO] 
[INFO] --- maven-compiler-plugin:3.5.1:testCompile (default-testCompile) @ closure-compiler-linter ---
[INFO] Changes detected - recompiling the module!
[INFO] Compiling 406 source files to /lv_scratch/scratch/mondego/local/Maruf/ASE/projects/closure-compiler/target/test-classes
[WARNING] /lv_scratch/scratch/mondego/local/Maruf/ASE/projects/closure-compiler/src/com/google/javascript/jscomp/testing/TestErrorManager.java:[20,35] [deprecation] BasicErrorManager in com.google.javascript.jscomp has been deprecated
[WARNING] /lv_scratch/scratch/mondego/local/Maruf/ASE/projects/closure-compiler/test/com/google/javascript/jscomp/deps/DepsGeneratorTest.java:[27,35] [deprecation] PrintStreamErrorManager in com.google.javascript.jscomp has been deprecated
[WARNING] /lv_scratch/scratch/mondego/local/Maruf/ASE/projects/closure-compiler/test/com/google/javascript/jscomp/deps/JsFileLineParserTest.java:[22,35] [deprecation] PrintStreamErrorManager in com.google.javascript.jscomp has been deprecated
[WARNING] /lv_scratch/scratch/mondego/local/Maruf/ASE/projects/closure-compiler/test/com/google/javascript/jscomp/deps/JsFileRegexParserTest.java:[27,35] [deprecation] PrintStreamErrorManager in com.google.javascript.jscomp has been deprecated
[WARNING] /lv_scratch/scratch/mondego/local/Maruf/ASE/projects/closure-compiler/test/com/google/javascript/jscomp/deps/DepsFileRegexParserTest.java:[24,35] [deprecation] PrintStreamErrorManager in com.google.javascript.jscomp has been deprecated
[WARNING] /lv_scratch/scratch/mondego/local/Maruf/ASE/projects/closure-compiler/src/com/google/javascript/jscomp/testing/TestErrorManager.java:[20,35] [deprecation] BasicErrorManager in com.google.javascript.jscomp has been deprecated
[WARNING] /lv_scratch/scratch/mondego/local/Maruf/ASE/projects/closure-compiler/test/com/google/javascript/jscomp/deps/DepsGeneratorTest.java:[27,35] [deprecation] PrintStreamErrorManager in com.google.javascript.jscomp has been deprecated
[WARNING] /lv_scratch/scratch/mondego/local/Maruf/ASE/projects/closure-compiler/test/com/google/javascript/jscomp/deps/JsFileLineParserTest.java:[22,35] [deprecation] PrintStreamErrorManager in com.google.javascript.jscomp has been deprecated
[WARNING] /lv_scratch/scratch/mondego/local/Maruf/ASE/projects/closure-compiler/test/com/google/javascript/jscomp/deps/JsFileRegexParserTest.java:[27,35] [deprecation] PrintStreamErrorManager in com.google.javascript.jscomp has been deprecated
[WARNING] /lv_scratch/scratch/mondego/local/Maruf/ASE/projects/closure-compiler/test/com/google/javascript/jscomp/deps/DepsFileRegexParserTest.java:[24,35] [deprecation] PrintStreamErrorManager in com.google.javascript.jscomp has been deprecated
[WARNING] /lv_scratch/scratch/mondego/local/Maruf/ASE/projects/closure-compiler/src/com/google/javascript/jscomp/testing/TestErrorManager.java:[20,35] [deprecation] BasicErrorManager in com.google.javascript.jscomp has been deprecated
[WARNING] /lv_scratch/scratch/mondego/local/Maruf/ASE/projects/closure-compiler/test/com/google/javascript/jscomp/deps/DepsGeneratorTest.java:[27,35] [deprecation] PrintStreamErrorManager in com.google.javascript.jscomp has been deprecated
[WARNING] /lv_scratch/scratch/mondego/local/Maruf/ASE/projects/closure-compiler/test/com/google/javascript/jscomp/deps/JsFileLineParserTest.java:[22,35] [deprecation] PrintStreamErrorManager in com.google.javascript.jscomp has been deprecated
[WARNING] /lv_scratch/scratch/mondego/local/Maruf/ASE/projects/closure-compiler/test/com/google/javascript/jscomp/deps/JsFileRegexParserTest.java:[27,35] [deprecation] PrintStreamErrorManager in com.google.javascript.jscomp has been deprecated
[WARNING] /lv_scratch/scratch/mondego/local/Maruf/ASE/projects/closure-compiler/test/com/google/javascript/jscomp/deps/DepsFileRegexParserTest.java:[24,35] [deprecation] PrintStreamErrorManager in com.google.javascript.jscomp has been deprecated
[WARNING] /lv_scratch/scratch/mondego/local/Maruf/ASE/projects/closure-compiler/src/com/google/javascript/jscomp/testing/TestErrorManager.java:[20,35] [deprecation] BasicErrorManager in com.google.javascript.jscomp has been deprecated
[WARNING] /lv_scratch/scratch/mondego/local/Maruf/ASE/projects/closure-compiler/test/com/google/javascript/jscomp/deps/DepsGeneratorTest.java:[27,35] [deprecation] PrintStreamErrorManager in com.google.javascript.jscomp has been deprecated
[WARNING] /lv_scratch/scratch/mondego/local/Maruf/ASE/projects/closure-compiler/test/com/google/javascript/jscomp/deps/JsFileLineParserTest.java:[22,35] [deprecation] PrintStreamErrorManager in com.google.javascript.jscomp has been deprecated
[WARNING] /lv_scratch/scratch/mondego/local/Maruf/ASE/projects/closure-compiler/test/com/google/javascript/jscomp/deps/JsFileRegexParserTest.java:[27,35] [deprecation] PrintStreamErrorManager in com.google.javascript.jscomp has been deprecated
[WARNING] /lv_scratch/scratch/mondego/local/Maruf/ASE/projects/closure-compiler/test/com/google/javascript/jscomp/deps/DepsFileRegexParserTest.java:[24,35] [deprecation] PrintStreamErrorManager in com.google.javascript.jscomp has been deprecated
[WARNING] /lv_scratch/scratch/mondego/local/Maruf/ASE/projects/closure-compiler/src/com/google/javascript/jscomp/testing/JSErrorSubject.java:[46,9] [unchecked] unchecked call to Subject(FailureMetadata,T) as a member of the raw type Subject
[WARNING]   where T is a type-variable:
    T extends Object declared in class Subject
/lv_scratch/scratch/mondego/local/Maruf/ASE/projects/closure-compiler/src/com/google/javascript/rhino/testing/NodeSubject.java:[86,9] [unchecked] unchecked call to Subject(FailureMetadata,T) as a member of the raw type Subject
[WARNING]   where T is a type-variable:
    T extends Object declared in class Subject
/lv_scratch/scratch/mondego/local/Maruf/ASE/projects/closure-compiler/src/com/google/javascript/rhino/testing/TypeSubject.java:[80,9] [unchecked] unchecked call to Subject(FailureMetadata,T) as a member of the raw type Subject
[WARNING]   where T is a type-variable:
    T extends Object declared in class Subject
/lv_scratch/scratch/mondego/local/Maruf/ASE/projects/closure-compiler/src/com/google/javascript/jscomp/parsing/parser/testing/FeatureSetSubject.java:[47,9] [unchecked] unchecked call to Subject(FailureMetadata,T) as a member of the raw type Subject
[WARNING]   where T is a type-variable:
    T extends Object declared in class Subject
/lv_scratch/scratch/mondego/local/Maruf/ASE/projects/closure-compiler/src/com/google/javascript/jscomp/testing/TestErrorManager.java:[27,44] [deprecation] BasicErrorManager in com.google.javascript.jscomp has been deprecated
[WARNING] /lv_scratch/scratch/mondego/local/Maruf/ASE/projects/closure-compiler/test/com/google/javascript/jscomp/BaseReplaceScriptTestCase.java:[88,33] [deprecation] PrintStreamErrorManager in com.google.javascript.jscomp has been deprecated
[WARNING] /lv_scratch/scratch/mondego/local/Maruf/ASE/projects/closure-compiler/test/com/google/javascript/jscomp/deps/DepsGeneratorTest.java:[45,23] [deprecation] PrintStreamErrorManager in com.google.javascript.jscomp has been deprecated
[WARNING] /lv_scratch/scratch/mondego/local/Maruf/ASE/projects/closure-compiler/test/com/google/javascript/jscomp/PartialCompilationTest.java:[56,12] [deprecation] BasicErrorManager in com.google.javascript.jscomp has been deprecated
[WARNING] /lv_scratch/scratch/mondego/local/Maruf/ASE/projects/closure-compiler/test/com/google/javascript/jscomp/JSModuleGraphTest.java:[344,52] [deprecation] pruneLegacyForEntryPoints(Iterable<ModuleIdentifier>) in DependencyOptions has been deprecated
[WARNING] /lv_scratch/scratch/mondego/local/Maruf/ASE/projects/closure-compiler/test/com/google/javascript/jscomp/JSModuleGraphTest.java:[362,25] [deprecation] pruneLegacyForEntryPoints(Iterable<ModuleIdentifier>) in DependencyOptions has been deprecated
[WARNING] /lv_scratch/scratch/mondego/local/Maruf/ASE/projects/closure-compiler/test/com/google/javascript/jscomp/JSModuleGraphTest.java:[779,25] [deprecation] pruneLegacyForEntryPoints(Iterable<ModuleIdentifier>) in DependencyOptions has been deprecated
[WARNING] /lv_scratch/scratch/mondego/local/Maruf/ASE/projects/closure-compiler/src/com/google/javascript/jscomp/testing/ScopeSubject.java:[62,9] [unchecked] unchecked call to Subject(FailureMetadata,T) as a member of the raw type Subject
[WARNING]   where T is a type-variable:
    T extends Object declared in class Subject
/lv_scratch/scratch/mondego/local/Maruf/ASE/projects/closure-compiler/test/com/google/javascript/jscomp/SortingErrorManagerTest.java:[123,4] [deprecation] BasicErrorManager in com.google.javascript.jscomp has been deprecated
[WARNING] /lv_scratch/scratch/mondego/local/Maruf/ASE/projects/closure-compiler/test/com/google/javascript/jscomp/SortingErrorManagerTest.java:[123,36] [deprecation] BasicErrorManager in com.google.javascript.jscomp has been deprecated
[WARNING] /lv_scratch/scratch/mondego/local/Maruf/ASE/projects/closure-compiler/test/com/google/javascript/jscomp/SortingErrorManagerTest.java:[143,4] [deprecation] BasicErrorManager in com.google.javascript.jscomp has been deprecated
[WARNING] /lv_scratch/scratch/mondego/local/Maruf/ASE/projects/closure-compiler/test/com/google/javascript/jscomp/SortingErrorManagerTest.java:[144,12] [deprecation] BasicErrorManager in com.google.javascript.jscomp has been deprecated
[WARNING] /lv_scratch/scratch/mondego/local/Maruf/ASE/projects/closure-compiler/test/com/google/javascript/jscomp/TypeCheckTest.java:[13586,38] [unchecked] unchecked call to isInstanceOf(Class<?>) as a member of the raw type Subject
[WARNING] /lv_scratch/scratch/mondego/local/Maruf/ASE/projects/closure-compiler/test/com/google/javascript/jscomp/TypeCheckTest.java:[13589,36] [unchecked] unchecked call to isInstanceOf(Class<?>) as a member of the raw type Subject
[WARNING] /lv_scratch/scratch/mondego/local/Maruf/ASE/projects/closure-compiler/test/com/google/javascript/jscomp/ReplaceCssNamesTest.java:[301,32] [deprecation] BasicErrorManager in com.google.javascript.jscomp has been deprecated
[WARNING] /lv_scratch/scratch/mondego/local/Maruf/ASE/projects/closure-compiler/test/com/google/javascript/jscomp/VarCheckTest.java:[878,50] [deprecation] pruneLegacyForEntryPoints(Iterable<ModuleIdentifier>) in DependencyOptions has been deprecated
[WARNING] /lv_scratch/scratch/mondego/local/Maruf/ASE/projects/closure-compiler/test/com/google/javascript/jscomp/SymbolTableTest.java:[380,11] [deprecation] setBrokenClosureRequiresLevel(CheckLevel) in CompilerOptions has been deprecated
[WARNING] /lv_scratch/scratch/mondego/local/Maruf/ASE/projects/closure-compiler/src/com/google/javascript/jscomp/testing/TypedVarSubject.java:[47,9] [unchecked] unchecked call to Subject(FailureMetadata,T) as a member of the raw type Subject
[WARNING]   where T is a type-variable:
    T extends Object declared in class Subject
/lv_scratch/scratch/mondego/local/Maruf/ASE/projects/closure-compiler/test/com/google/javascript/jscomp/CompilerTest.java:[111,11] [deprecation] setIdeMode(boolean) in CompilerOptions has been deprecated
[WARNING] /lv_scratch/scratch/mondego/local/Maruf/ASE/projects/closure-compiler/test/com/google/javascript/jscomp/CompilerTest.java:[112,50] [deprecation] pruneLegacyForEntryPoints(Iterable<ModuleIdentifier>) in DependencyOptions has been deprecated
[WARNING] /lv_scratch/scratch/mondego/local/Maruf/ASE/projects/closure-compiler/test/com/google/javascript/jscomp/CompilerTest.java:[1130,11] [deprecation] setIdeMode(boolean) in CompilerOptions has been deprecated
[WARNING] /lv_scratch/scratch/mondego/local/Maruf/ASE/projects/closure-compiler/test/com/google/javascript/jscomp/CompilerTest.java:[1385,50] [deprecation] pruneLegacyForEntryPoints(Iterable<ModuleIdentifier>) in DependencyOptions has been deprecated
[WARNING] /lv_scratch/scratch/mondego/local/Maruf/ASE/projects/closure-compiler/test/com/google/javascript/jscomp/CompilerTest.java:[1414,50] [deprecation] pruneLegacyForEntryPoints(Iterable<ModuleIdentifier>) in DependencyOptions has been deprecated
[WARNING] /lv_scratch/scratch/mondego/local/Maruf/ASE/projects/closure-compiler/test/com/google/javascript/jscomp/CompilerTest.java:[1443,50] [deprecation] pruneLegacyForEntryPoints(Iterable<ModuleIdentifier>) in DependencyOptions has been deprecated
[WARNING] /lv_scratch/scratch/mondego/local/Maruf/ASE/projects/closure-compiler/test/com/google/javascript/jscomp/CompilerTest.java:[1470,50] [deprecation] pruneLegacyForEntryPoints(Iterable<ModuleIdentifier>) in DependencyOptions has been deprecated
[WARNING] /lv_scratch/scratch/mondego/local/Maruf/ASE/projects/closure-compiler/test/com/google/javascript/jscomp/CompilerTest.java:[2036,25] [deprecation] pruneLegacyForEntryPoints(Iterable<ModuleIdentifier>) in DependencyOptions has been deprecated
[WARNING] /lv_scratch/scratch/mondego/local/Maruf/ASE/projects/closure-compiler/test/com/google/javascript/jscomp/CompilerTest.java:[2501,50] [deprecation] pruneLegacyForEntryPoints(Iterable<ModuleIdentifier>) in DependencyOptions has been deprecated
[WARNING] /lv_scratch/scratch/mondego/local/Maruf/ASE/projects/closure-compiler/test/com/google/javascript/jscomp/CompilerTest.java:[2609,50] [deprecation] pruneLegacyForEntryPoints(Iterable<ModuleIdentifier>) in DependencyOptions has been deprecated
[WARNING] /lv_scratch/scratch/mondego/local/Maruf/ASE/projects/closure-compiler/src/com/google/javascript/rhino/testing/TemplateTypeMapSubject.java:[66,9] [unchecked] unchecked call to Subject(FailureMetadata,T) as a member of the raw type Subject
[WARNING]   where T is a type-variable:
    T extends Object declared in class Subject
/lv_scratch/scratch/mondego/local/Maruf/ASE/projects/closure-compiler/test/com/google/javascript/jscomp/deps/JsFileLineParserTest.java:[144,36] [deprecation] PrintStreamErrorManager in com.google.javascript.jscomp has been deprecated
[WARNING] /lv_scratch/scratch/mondego/local/Maruf/ASE/projects/closure-compiler/test/com/google/javascript/jscomp/deps/JsFileLineParserTest.java:[151,36] [deprecation] PrintStreamErrorManager in com.google.javascript.jscomp has been deprecated
[WARNING] /lv_scratch/scratch/mondego/local/Maruf/ASE/projects/closure-compiler/test/com/google/javascript/jscomp/deps/JsFileRegexParserTest.java:[50,23] [deprecation] PrintStreamErrorManager in com.google.javascript.jscomp has been deprecated
[WARNING] /lv_scratch/scratch/mondego/local/Maruf/ASE/projects/closure-compiler/test/com/google/javascript/jscomp/CommandLineRunnerTest.java:[1030,29] [deprecation] pruneLegacyForEntryPoints(Iterable<ModuleIdentifier>) in DependencyOptions has been deprecated
[WARNING] /lv_scratch/scratch/mondego/local/Maruf/ASE/projects/closure-compiler/test/com/google/javascript/jscomp/deps/DepsFileRegexParserTest.java:[46,23] [deprecation] PrintStreamErrorManager in com.google.javascript.jscomp has been deprecated
[WARNING] /lv_scratch/scratch/mondego/local/Maruf/ASE/projects/closure-compiler/test/com/google/javascript/jscomp/NodeTraversalTest.java:[48,41] [deprecation] BasicErrorManager in com.google.javascript.jscomp has been deprecated
[WARNING] /lv_scratch/scratch/mondego/local/Maruf/ASE/projects/closure-compiler/test/com/google/javascript/jscomp/IntegrationTest.java:[4182,11] [deprecation] setIdeMode(boolean) in CompilerOptions has been deprecated
[WARNING] /lv_scratch/scratch/mondego/local/Maruf/ASE/projects/closure-compiler/test/com/google/javascript/jscomp/IntegrationTest.java:[5227,11] [deprecation] setIdeMode(boolean) in CompilerOptions has been deprecated
[WARNING] /lv_scratch/scratch/mondego/local/Maruf/ASE/projects/closure-compiler/test/com/google/javascript/jscomp/IntegrationTest.java:[5667,11] [deprecation] setIdeMode(boolean) in CompilerOptions has been deprecated
[WARNING] /lv_scratch/scratch/mondego/local/Maruf/ASE/projects/closure-compiler/test/com/google/javascript/jscomp/IntegrationTest.java:[5680,11] [deprecation] setIdeMode(boolean) in CompilerOptions has been deprecated
[WARNING] /lv_scratch/scratch/mondego/local/Maruf/ASE/projects/closure-compiler/test/com/google/javascript/jscomp/IntegrationTest.java:[5860,11] [deprecation] setIdeMode(boolean) in CompilerOptions has been deprecated
[WARNING] /lv_scratch/scratch/mondego/local/Maruf/ASE/projects/closure-compiler/test/com/google/javascript/jscomp/IntegrationTest.java:[5934,22] [deprecation] shouldCollapseProperties() in CompilerOptions has been deprecated
[WARNING] /lv_scratch/scratch/mondego/local/Maruf/ASE/projects/closure-compiler/test/com/google/javascript/jscomp/IntegrationTest.java:[5957,22] [deprecation] shouldCollapseProperties() in CompilerOptions has been deprecated
[WARNING] /lv_scratch/scratch/mondego/local/Maruf/ASE/projects/closure-compiler/test/com/google/javascript/jscomp/IntegrationTest.java:[5980,22] [deprecation] shouldCollapseProperties() in CompilerOptions has been deprecated
[WARNING] /lv_scratch/scratch/mondego/local/Maruf/ASE/projects/closure-compiler/test/com/google/javascript/jscomp/IntegrationTest.java:[6009,22] [deprecation] shouldCollapseProperties() in CompilerOptions has been deprecated
[INFO] 
[INFO] --- maven-surefire-plugin:2.18.1:test (default-test) @ closure-compiler-linter ---
[INFO] Tests are skipped.
[INFO] 
[INFO] --- maven-surefire-plugin:2.18.1:test (default-test-rerunfailures) @ closure-compiler-linter ---
[INFO] Tests are skipped.
[INFO] 
[INFO] --- deflaker-maven-plugin:1.5-SNAPSHOT:report (deflaker-report-tests) @ closure-compiler-linter ---
[INFO] ------------------------------------------------------------------------
[INFO] TEST DIFFCOV ANALYSIS
[INFO] Closure Compiler Linterclosure-compiler-linter
[INFO] ------------------------------------------------------------------------
[INFO] Using covFile: /lv_scratch/scratch/mondego/local/Maruf/ASE/projects/closure-compiler/target/diffcov.log
[INFO] Using difFile: /lv_scratch/scratch/mondego/local/Maruf/ASE/projects/closure-compiler/.diffCache
[INFO] No test data found
[INFO] 
[INFO] --- maven-jar-plugin:3.0.2:jar (default-jar) @ closure-compiler-linter ---
[INFO] Building jar: /lv_scratch/scratch/mondego/local/Maruf/ASE/projects/closure-compiler/target/closure-compiler-linter-1.0-SNAPSHOT.jar
[INFO] 
[INFO] --- maven-shade-plugin:2.4.1:shade (default) @ closure-compiler-linter ---
[INFO] Including com.google.javascript:closure-compiler-externs:jar:1.0-SNAPSHOT in the shaded jar.
[INFO] Including args4j:args4j:jar:2.0.26 in the shaded jar.
[INFO] Including com.google.errorprone:error_prone_annotations:jar:2.3.1 in the shaded jar.
[INFO] Including com.google.guava:guava:jar:25.1-jre in the shaded jar.
[INFO] Including org.checkerframework:checker-qual:jar:2.0.0 in the shaded jar.
[INFO] Including com.google.j2objc:j2objc-annotations:jar:1.1 in the shaded jar.
[INFO] Including org.codehaus.mojo:animal-sniffer-annotations:jar:1.14 in the shaded jar.
[INFO] Including com.google.protobuf:protobuf-java:jar:3.0.2 in the shaded jar.
[INFO] Including com.google.code.gson:gson:jar:2.7 in the shaded jar.
[INFO] Including com.google.code.findbugs:jsr305:jar:3.0.1 in the shaded jar.
[INFO] Including com.google.jsinterop:jsinterop-annotations:jar:1.0.2 in the shaded jar.
[INFO] Including com.google.jsinterop:base:jar:1.0.0 in the shaded jar.
[INFO] Including com.google.elemental2:elemental2-core:jar:1.0.0-RC1 in the shaded jar.
[INFO] Including com.google.re2j:re2j:jar:1.3 in the shaded jar.
[INFO] Replacing original artifact with shaded artifact.
[INFO] Replacing /lv_scratch/scratch/mondego/local/Maruf/ASE/projects/closure-compiler/target/closure-compiler-linter-1.0-SNAPSHOT.jar with /lv_scratch/scratch/mondego/local/Maruf/ASE/projects/closure-compiler/target/closure-compiler-linter-1.0-SNAPSHOT-shaded.jar
[INFO] Dependency-reduced POM written at: /lv_scratch/scratch/mondego/local/Maruf/ASE/projects/closure-compiler/dependency-reduced-pom.xml
Downloading: https://oss.sonatype.org/content/repositories/snapshots/org/deflaker/deflaker-test-listener/1.5-SNAPSHOT/maven-metadata.xml
2/2 KB            Downloaded: https://oss.sonatype.org/content/repositories/snapshots/org/deflaker/deflaker-test-listener/1.5-SNAPSHOT/maven-metadata.xml (2 KB at 3.9 KB/sec)
Downloading: https://oss.sonatype.org/content/repositories/snapshots/org/deflaker/deflaker-agent-bootpath/1.5-SNAPSHOT/maven-metadata.xml
2/2 KB            Downloaded: https://oss.sonatype.org/content/repositories/snapshots/org/deflaker/deflaker-agent-bootpath/1.5-SNAPSHOT/maven-metadata.xml (2 KB at 24.6 KB/sec)
[INFO] Dependency-reduced POM written at: /lv_scratch/scratch/mondego/local/Maruf/ASE/projects/closure-compiler/dependency-reduced-pom.xml
[INFO] 
[INFO] --- maven-source-plugin:3.0.1:jar-no-fork (attach-sources) @ closure-compiler-linter ---
[INFO] Building jar: /lv_scratch/scratch/mondego/local/Maruf/ASE/projects/closure-compiler/target/closure-compiler-linter-1.0-SNAPSHOT-sources.jar
[INFO]                                                                         
[INFO] ------------------------------------------------------------------------
[INFO] Building Closure Compiler Unshaded 1.0-SNAPSHOT
[INFO] ------------------------------------------------------------------------
[INFO] 
[INFO] --- build-helper-maven-plugin:1.12:add-source (add-source) @ closure-compiler-unshaded ---
[INFO] Source directory: /lv_scratch/scratch/mondego/local/Maruf/ASE/projects/closure-compiler/gen added.
[INFO] 
[INFO] --- maven-resources-plugin:3.0.1:resources (default-resources) @ closure-compiler-unshaded ---
[INFO] Using 'UTF-8' encoding to copy filtered resources.
[INFO] Copying 157 resources
[INFO] 
[INFO] --- maven-resources-plugin:3.0.1:copy-resources (rhino_ast-custom) @ closure-compiler-unshaded ---
[INFO] Using 'UTF-8' encoding to copy filtered resources.
[INFO] Copying 1 resource to /lv_scratch/scratch/mondego/local/Maruf/ASE/projects/closure-compiler/target/classes
[INFO] 
[INFO] --- maven-compiler-plugin:3.5.1:compile (default-compile) @ closure-compiler-unshaded ---
[INFO] Nothing to compile - all classes are up to date
[INFO] 
[INFO] --- maven-bundle-plugin:3.2.0:manifest (bundle-manifest) @ closure-compiler-unshaded ---
[INFO] 
[INFO] --- build-helper-maven-plugin:1.12:add-test-source (add-test-source) @ closure-compiler-unshaded ---
[INFO] Test Source directory: /lv_scratch/scratch/mondego/local/Maruf/ASE/projects/closure-compiler/src/com/google/javascript/rhino/testing added.
[INFO] Test Source directory: /lv_scratch/scratch/mondego/local/Maruf/ASE/projects/closure-compiler/src/com/google/javascript/jscomp/testing added.
[INFO] Test Source directory: /lv_scratch/scratch/mondego/local/Maruf/ASE/projects/closure-compiler/src/com/google/javascript/jscomp/parsing/parser/testing added.
[INFO] Test Source directory: /lv_scratch/scratch/mondego/local/Maruf/ASE/projects/closure-compiler/src/com/google/javascript/refactoring/testing added.
[INFO] 
[INFO] --- maven-resources-plugin:3.0.1:testResources (default-testResources) @ closure-compiler-unshaded ---
[INFO] Using 'UTF-8' encoding to copy filtered resources.
[INFO] skip non existing resourceDirectory /lv_scratch/scratch/mondego/local/Maruf/ASE/projects/closure-compiler/src/test/resources
[INFO] 
[INFO] --- deflaker-maven-plugin:1.5-SNAPSHOT:diff (deflaker-diff) @ closure-compiler-unshaded ---
[INFO] 
[INFO] --- maven-compiler-plugin:3.5.1:testCompile (default-testCompile) @ closure-compiler-unshaded ---
[INFO] Changes detected - recompiling the module!
[INFO] Compiling 406 source files to /lv_scratch/scratch/mondego/local/Maruf/ASE/projects/closure-compiler/target/test-classes
[WARNING] /lv_scratch/scratch/mondego/local/Maruf/ASE/projects/closure-compiler/src/com/google/javascript/jscomp/testing/TestErrorManager.java:[20,35] [deprecation] BasicErrorManager in com.google.javascript.jscomp has been deprecated
[WARNING] /lv_scratch/scratch/mondego/local/Maruf/ASE/projects/closure-compiler/test/com/google/javascript/jscomp/deps/DepsGeneratorTest.java:[27,35] [deprecation] PrintStreamErrorManager in com.google.javascript.jscomp has been deprecated
[WARNING] /lv_scratch/scratch/mondego/local/Maruf/ASE/projects/closure-compiler/test/com/google/javascript/jscomp/deps/JsFileLineParserTest.java:[22,35] [deprecation] PrintStreamErrorManager in com.google.javascript.jscomp has been deprecated
[WARNING] /lv_scratch/scratch/mondego/local/Maruf/ASE/projects/closure-compiler/test/com/google/javascript/jscomp/deps/JsFileRegexParserTest.java:[27,35] [deprecation] PrintStreamErrorManager in com.google.javascript.jscomp has been deprecated
[WARNING] /lv_scratch/scratch/mondego/local/Maruf/ASE/projects/closure-compiler/test/com/google/javascript/jscomp/deps/DepsFileRegexParserTest.java:[24,35] [deprecation] PrintStreamErrorManager in com.google.javascript.jscomp has been deprecated
[WARNING] /lv_scratch/scratch/mondego/local/Maruf/ASE/projects/closure-compiler/src/com/google/javascript/jscomp/testing/TestErrorManager.java:[20,35] [deprecation] BasicErrorManager in com.google.javascript.jscomp has been deprecated
[WARNING] /lv_scratch/scratch/mondego/local/Maruf/ASE/projects/closure-compiler/test/com/google/javascript/jscomp/deps/DepsGeneratorTest.java:[27,35] [deprecation] PrintStreamErrorManager in com.google.javascript.jscomp has been deprecated
[WARNING] /lv_scratch/scratch/mondego/local/Maruf/ASE/projects/closure-compiler/test/com/google/javascript/jscomp/deps/JsFileLineParserTest.java:[22,35] [deprecation] PrintStreamErrorManager in com.google.javascript.jscomp has been deprecated
[WARNING] /lv_scratch/scratch/mondego/local/Maruf/ASE/projects/closure-compiler/test/com/google/javascript/jscomp/deps/JsFileRegexParserTest.java:[27,35] [deprecation] PrintStreamErrorManager in com.google.javascript.jscomp has been deprecated
[WARNING] /lv_scratch/scratch/mondego/local/Maruf/ASE/projects/closure-compiler/test/com/google/javascript/jscomp/deps/DepsFileRegexParserTest.java:[24,35] [deprecation] PrintStreamErrorManager in com.google.javascript.jscomp has been deprecated
[WARNING] /lv_scratch/scratch/mondego/local/Maruf/ASE/projects/closure-compiler/src/com/google/javascript/jscomp/testing/TestErrorManager.java:[20,35] [deprecation] BasicErrorManager in com.google.javascript.jscomp has been deprecated
[WARNING] /lv_scratch/scratch/mondego/local/Maruf/ASE/projects/closure-compiler/test/com/google/javascript/jscomp/deps/DepsGeneratorTest.java:[27,35] [deprecation] PrintStreamErrorManager in com.google.javascript.jscomp has been deprecated
[WARNING] /lv_scratch/scratch/mondego/local/Maruf/ASE/projects/closure-compiler/test/com/google/javascript/jscomp/deps/JsFileLineParserTest.java:[22,35] [deprecation] PrintStreamErrorManager in com.google.javascript.jscomp has been deprecated
[WARNING] /lv_scratch/scratch/mondego/local/Maruf/ASE/projects/closure-compiler/test/com/google/javascript/jscomp/deps/JsFileRegexParserTest.java:[27,35] [deprecation] PrintStreamErrorManager in com.google.javascript.jscomp has been deprecated
[WARNING] /lv_scratch/scratch/mondego/local/Maruf/ASE/projects/closure-compiler/test/com/google/javascript/jscomp/deps/DepsFileRegexParserTest.java:[24,35] [deprecation] PrintStreamErrorManager in com.google.javascript.jscomp has been deprecated
[WARNING] /lv_scratch/scratch/mondego/local/Maruf/ASE/projects/closure-compiler/src/com/google/javascript/jscomp/testing/TestErrorManager.java:[20,35] [deprecation] BasicErrorManager in com.google.javascript.jscomp has been deprecated
[WARNING] /lv_scratch/scratch/mondego/local/Maruf/ASE/projects/closure-compiler/test/com/google/javascript/jscomp/deps/DepsGeneratorTest.java:[27,35] [deprecation] PrintStreamErrorManager in com.google.javascript.jscomp has been deprecated
[WARNING] /lv_scratch/scratch/mondego/local/Maruf/ASE/projects/closure-compiler/test/com/google/javascript/jscomp/deps/JsFileLineParserTest.java:[22,35] [deprecation] PrintStreamErrorManager in com.google.javascript.jscomp has been deprecated
[WARNING] /lv_scratch/scratch/mondego/local/Maruf/ASE/projects/closure-compiler/test/com/google/javascript/jscomp/deps/JsFileRegexParserTest.java:[27,35] [deprecation] PrintStreamErrorManager in com.google.javascript.jscomp has been deprecated
[WARNING] /lv_scratch/scratch/mondego/local/Maruf/ASE/projects/closure-compiler/test/com/google/javascript/jscomp/deps/DepsFileRegexParserTest.java:[24,35] [deprecation] PrintStreamErrorManager in com.google.javascript.jscomp has been deprecated
[WARNING] /lv_scratch/scratch/mondego/local/Maruf/ASE/projects/closure-compiler/src/com/google/javascript/jscomp/testing/JSErrorSubject.java:[46,9] [unchecked] unchecked call to Subject(FailureMetadata,T) as a member of the raw type Subject
[WARNING]   where T is a type-variable:
    T extends Object declared in class Subject
/lv_scratch/scratch/mondego/local/Maruf/ASE/projects/closure-compiler/src/com/google/javascript/rhino/testing/NodeSubject.java:[86,9] [unchecked] unchecked call to Subject(FailureMetadata,T) as a member of the raw type Subject
[WARNING]   where T is a type-variable:
    T extends Object declared in class Subject
/lv_scratch/scratch/mondego/local/Maruf/ASE/projects/closure-compiler/src/com/google/javascript/rhino/testing/TypeSubject.java:[80,9] [unchecked] unchecked call to Subject(FailureMetadata,T) as a member of the raw type Subject
[WARNING]   where T is a type-variable:
    T extends Object declared in class Subject
/lv_scratch/scratch/mondego/local/Maruf/ASE/projects/closure-compiler/src/com/google/javascript/jscomp/parsing/parser/testing/FeatureSetSubject.java:[47,9] [unchecked] unchecked call to Subject(FailureMetadata,T) as a member of the raw type Subject
[WARNING]   where T is a type-variable:
    T extends Object declared in class Subject
/lv_scratch/scratch/mondego/local/Maruf/ASE/projects/closure-compiler/src/com/google/javascript/jscomp/testing/TestErrorManager.java:[27,44] [deprecation] BasicErrorManager in com.google.javascript.jscomp has been deprecated
[WARNING] /lv_scratch/scratch/mondego/local/Maruf/ASE/projects/closure-compiler/test/com/google/javascript/jscomp/BaseReplaceScriptTestCase.java:[88,33] [deprecation] PrintStreamErrorManager in com.google.javascript.jscomp has been deprecated
[WARNING] /lv_scratch/scratch/mondego/local/Maruf/ASE/projects/closure-compiler/test/com/google/javascript/jscomp/deps/DepsGeneratorTest.java:[45,23] [deprecation] PrintStreamErrorManager in com.google.javascript.jscomp has been deprecated
[WARNING] /lv_scratch/scratch/mondego/local/Maruf/ASE/projects/closure-compiler/test/com/google/javascript/jscomp/PartialCompilationTest.java:[56,12] [deprecation] BasicErrorManager in com.google.javascript.jscomp has been deprecated
[WARNING] /lv_scratch/scratch/mondego/local/Maruf/ASE/projects/closure-compiler/test/com/google/javascript/jscomp/JSModuleGraphTest.java:[344,52] [deprecation] pruneLegacyForEntryPoints(Iterable<ModuleIdentifier>) in DependencyOptions has been deprecated
[WARNING] /lv_scratch/scratch/mondego/local/Maruf/ASE/projects/closure-compiler/test/com/google/javascript/jscomp/JSModuleGraphTest.java:[362,25] [deprecation] pruneLegacyForEntryPoints(Iterable<ModuleIdentifier>) in DependencyOptions has been deprecated
[WARNING] /lv_scratch/scratch/mondego/local/Maruf/ASE/projects/closure-compiler/test/com/google/javascript/jscomp/JSModuleGraphTest.java:[779,25] [deprecation] pruneLegacyForEntryPoints(Iterable<ModuleIdentifier>) in DependencyOptions has been deprecated
[WARNING] /lv_scratch/scratch/mondego/local/Maruf/ASE/projects/closure-compiler/src/com/google/javascript/jscomp/testing/ScopeSubject.java:[62,9] [unchecked] unchecked call to Subject(FailureMetadata,T) as a member of the raw type Subject
[WARNING]   where T is a type-variable:
    T extends Object declared in class Subject
/lv_scratch/scratch/mondego/local/Maruf/ASE/projects/closure-compiler/test/com/google/javascript/jscomp/SortingErrorManagerTest.java:[123,4] [deprecation] BasicErrorManager in com.google.javascript.jscomp has been deprecated
[WARNING] /lv_scratch/scratch/mondego/local/Maruf/ASE/projects/closure-compiler/test/com/google/javascript/jscomp/SortingErrorManagerTest.java:[123,36] [deprecation] BasicErrorManager in com.google.javascript.jscomp has been deprecated
[WARNING] /lv_scratch/scratch/mondego/local/Maruf/ASE/projects/closure-compiler/test/com/google/javascript/jscomp/SortingErrorManagerTest.java:[143,4] [deprecation] BasicErrorManager in com.google.javascript.jscomp has been deprecated
[WARNING] /lv_scratch/scratch/mondego/local/Maruf/ASE/projects/closure-compiler/test/com/google/javascript/jscomp/SortingErrorManagerTest.java:[144,12] [deprecation] BasicErrorManager in com.google.javascript.jscomp has been deprecated
[WARNING] /lv_scratch/scratch/mondego/local/Maruf/ASE/projects/closure-compiler/test/com/google/javascript/jscomp/TypeCheckTest.java:[13586,38] [unchecked] unchecked call to isInstanceOf(Class<?>) as a member of the raw type Subject
[WARNING] /lv_scratch/scratch/mondego/local/Maruf/ASE/projects/closure-compiler/test/com/google/javascript/jscomp/TypeCheckTest.java:[13589,36] [unchecked] unchecked call to isInstanceOf(Class<?>) as a member of the raw type Subject
[WARNING] /lv_scratch/scratch/mondego/local/Maruf/ASE/projects/closure-compiler/test/com/google/javascript/jscomp/ReplaceCssNamesTest.java:[301,32] [deprecation] BasicErrorManager in com.google.javascript.jscomp has been deprecated
[WARNING] /lv_scratch/scratch/mondego/local/Maruf/ASE/projects/closure-compiler/test/com/google/javascript/jscomp/VarCheckTest.java:[878,50] [deprecation] pruneLegacyForEntryPoints(Iterable<ModuleIdentifier>) in DependencyOptions has been deprecated
[WARNING] /lv_scratch/scratch/mondego/local/Maruf/ASE/projects/closure-compiler/test/com/google/javascript/jscomp/SymbolTableTest.java:[380,11] [deprecation] setBrokenClosureRequiresLevel(CheckLevel) in CompilerOptions has been deprecated
[WARNING] /lv_scratch/scratch/mondego/local/Maruf/ASE/projects/closure-compiler/src/com/google/javascript/jscomp/testing/TypedVarSubject.java:[47,9] [unchecked] unchecked call to Subject(FailureMetadata,T) as a member of the raw type Subject
[WARNING]   where T is a type-variable:
    T extends Object declared in class Subject
/lv_scratch/scratch/mondego/local/Maruf/ASE/projects/closure-compiler/test/com/google/javascript/jscomp/CompilerTest.java:[111,11] [deprecation] setIdeMode(boolean) in CompilerOptions has been deprecated
[WARNING] /lv_scratch/scratch/mondego/local/Maruf/ASE/projects/closure-compiler/test/com/google/javascript/jscomp/CompilerTest.java:[112,50] [deprecation] pruneLegacyForEntryPoints(Iterable<ModuleIdentifier>) in DependencyOptions has been deprecated
[WARNING] /lv_scratch/scratch/mondego/local/Maruf/ASE/projects/closure-compiler/test/com/google/javascript/jscomp/CompilerTest.java:[1130,11] [deprecation] setIdeMode(boolean) in CompilerOptions has been deprecated
[WARNING] /lv_scratch/scratch/mondego/local/Maruf/ASE/projects/closure-compiler/test/com/google/javascript/jscomp/CompilerTest.java:[1385,50] [deprecation] pruneLegacyForEntryPoints(Iterable<ModuleIdentifier>) in DependencyOptions has been deprecated
[WARNING] /lv_scratch/scratch/mondego/local/Maruf/ASE/projects/closure-compiler/test/com/google/javascript/jscomp/CompilerTest.java:[1414,50] [deprecation] pruneLegacyForEntryPoints(Iterable<ModuleIdentifier>) in DependencyOptions has been deprecated
[WARNING] /lv_scratch/scratch/mondego/local/Maruf/ASE/projects/closure-compiler/test/com/google/javascript/jscomp/CompilerTest.java:[1443,50] [deprecation] pruneLegacyForEntryPoints(Iterable<ModuleIdentifier>) in DependencyOptions has been deprecated
[WARNING] /lv_scratch/scratch/mondego/local/Maruf/ASE/projects/closure-compiler/test/com/google/javascript/jscomp/CompilerTest.java:[1470,50] [deprecation] pruneLegacyForEntryPoints(Iterable<ModuleIdentifier>) in DependencyOptions has been deprecated
[WARNING] /lv_scratch/scratch/mondego/local/Maruf/ASE/projects/closure-compiler/test/com/google/javascript/jscomp/CompilerTest.java:[2036,25] [deprecation] pruneLegacyForEntryPoints(Iterable<ModuleIdentifier>) in DependencyOptions has been deprecated
[WARNING] /lv_scratch/scratch/mondego/local/Maruf/ASE/projects/closure-compiler/test/com/google/javascript/jscomp/CompilerTest.java:[2501,50] [deprecation] pruneLegacyForEntryPoints(Iterable<ModuleIdentifier>) in DependencyOptions has been deprecated
[WARNING] /lv_scratch/scratch/mondego/local/Maruf/ASE/projects/closure-compiler/test/com/google/javascript/jscomp/CompilerTest.java:[2609,50] [deprecation] pruneLegacyForEntryPoints(Iterable<ModuleIdentifier>) in DependencyOptions has been deprecated
[WARNING] /lv_scratch/scratch/mondego/local/Maruf/ASE/projects/closure-compiler/src/com/google/javascript/rhino/testing/TemplateTypeMapSubject.java:[66,9] [unchecked] unchecked call to Subject(FailureMetadata,T) as a member of the raw type Subject
[WARNING]   where T is a type-variable:
    T extends Object declared in class Subject
/lv_scratch/scratch/mondego/local/Maruf/ASE/projects/closure-compiler/test/com/google/javascript/jscomp/deps/JsFileLineParserTest.java:[144,36] [deprecation] PrintStreamErrorManager in com.google.javascript.jscomp has been deprecated
[WARNING] /lv_scratch/scratch/mondego/local/Maruf/ASE/projects/closure-compiler/test/com/google/javascript/jscomp/deps/JsFileLineParserTest.java:[151,36] [deprecation] PrintStreamErrorManager in com.google.javascript.jscomp has been deprecated
[WARNING] /lv_scratch/scratch/mondego/local/Maruf/ASE/projects/closure-compiler/test/com/google/javascript/jscomp/deps/JsFileRegexParserTest.java:[50,23] [deprecation] PrintStreamErrorManager in com.google.javascript.jscomp has been deprecated
[WARNING] /lv_scratch/scratch/mondego/local/Maruf/ASE/projects/closure-compiler/test/com/google/javascript/jscomp/CommandLineRunnerTest.java:[1030,29] [deprecation] pruneLegacyForEntryPoints(Iterable<ModuleIdentifier>) in DependencyOptions has been deprecated
[WARNING] /lv_scratch/scratch/mondego/local/Maruf/ASE/projects/closure-compiler/test/com/google/javascript/jscomp/deps/DepsFileRegexParserTest.java:[46,23] [deprecation] PrintStreamErrorManager in com.google.javascript.jscomp has been deprecated
[WARNING] /lv_scratch/scratch/mondego/local/Maruf/ASE/projects/closure-compiler/test/com/google/javascript/jscomp/NodeTraversalTest.java:[48,41] [deprecation] BasicErrorManager in com.google.javascript.jscomp has been deprecated
[WARNING] /lv_scratch/scratch/mondego/local/Maruf/ASE/projects/closure-compiler/test/com/google/javascript/jscomp/IntegrationTest.java:[4182,11] [deprecation] setIdeMode(boolean) in CompilerOptions has been deprecated
[WARNING] /lv_scratch/scratch/mondego/local/Maruf/ASE/projects/closure-compiler/test/com/google/javascript/jscomp/IntegrationTest.java:[5227,11] [deprecation] setIdeMode(boolean) in CompilerOptions has been deprecated
[WARNING] /lv_scratch/scratch/mondego/local/Maruf/ASE/projects/closure-compiler/test/com/google/javascript/jscomp/IntegrationTest.java:[5667,11] [deprecation] setIdeMode(boolean) in CompilerOptions has been deprecated
[WARNING] /lv_scratch/scratch/mondego/local/Maruf/ASE/projects/closure-compiler/test/com/google/javascript/jscomp/IntegrationTest.java:[5680,11] [deprecation] setIdeMode(boolean) in CompilerOptions has been deprecated
[WARNING] /lv_scratch/scratch/mondego/local/Maruf/ASE/projects/closure-compiler/test/com/google/javascript/jscomp/IntegrationTest.java:[5860,11] [deprecation] setIdeMode(boolean) in CompilerOptions has been deprecated
[WARNING] /lv_scratch/scratch/mondego/local/Maruf/ASE/projects/closure-compiler/test/com/google/javascript/jscomp/IntegrationTest.java:[5934,22] [deprecation] shouldCollapseProperties() in CompilerOptions has been deprecated
[WARNING] /lv_scratch/scratch/mondego/local/Maruf/ASE/projects/closure-compiler/test/com/google/javascript/jscomp/IntegrationTest.java:[5957,22] [deprecation] shouldCollapseProperties() in CompilerOptions has been deprecated
[WARNING] /lv_scratch/scratch/mondego/local/Maruf/ASE/projects/closure-compiler/test/com/google/javascript/jscomp/IntegrationTest.java:[5980,22] [deprecation] shouldCollapseProperties() in CompilerOptions has been deprecated
[WARNING] /lv_scratch/scratch/mondego/local/Maruf/ASE/projects/closure-compiler/test/com/google/javascript/jscomp/IntegrationTest.java:[6009,22] [deprecation] shouldCollapseProperties() in CompilerOptions has been deprecated
[INFO] 
[INFO] --- maven-surefire-plugin:2.19.1:test (default-test) @ closure-compiler-unshaded ---

-------------------------------------------------------
 T E S T S
-------------------------------------------------------
Running com.google.javascript.jscomp.TypeMatchingStrategyTest
Tests run: 4, Failures: 0, Errors: 0, Skipped: 0, Time elapsed: 1.438 sec - in com.google.javascript.jscomp.TypeMatchingStrategyTest
Running com.google.javascript.jscomp.MakeDeclaredNamesUniqueTest
Tests run: 47, Failures: 0, Errors: 0, Skipped: 0, Time elapsed: 0.31 sec - in com.google.javascript.jscomp.MakeDeclaredNamesUniqueTest
Running com.google.javascript.jscomp.InlineAliasesTest
Tests run: 41, Failures: 0, Errors: 0, Skipped: 0, Time elapsed: 0.287 sec - in com.google.javascript.jscomp.InlineAliasesTest
Running com.google.javascript.jscomp.PolymerPassFindExternsTest
Tests run: 4, Failures: 0, Errors: 0, Skipped: 0, Time elapsed: 0.058 sec - in com.google.javascript.jscomp.PolymerPassFindExternsTest
Running com.google.javascript.jscomp.InlineVariablesConstantsTest
Tests run: 11, Failures: 0, Errors: 0, Skipped: 1, Time elapsed: 0.056 sec - in com.google.javascript.jscomp.InlineVariablesConstantsTest
Running com.google.javascript.jscomp.XidTest
Tests run: 4, Failures: 0, Errors: 0, Skipped: 0, Time elapsed: 0.024 sec - in com.google.javascript.jscomp.XidTest
Running com.google.javascript.jscomp.InlineCostEstimatorTest
Tests run: 1, Failures: 0, Errors: 0, Skipped: 0, Time elapsed: 0.021 sec - in com.google.javascript.jscomp.InlineCostEstimatorTest
Running com.google.javascript.jscomp.J2clClinitPrunerPassTest
Tests run: 30, Failures: 0, Errors: 0, Skipped: 2, Time elapsed: 0.133 sec - in com.google.javascript.jscomp.J2clClinitPrunerPassTest
Running com.google.javascript.jscomp.InlineObjectLiteralsTest
Tests run: 46, Failures: 0, Errors: 0, Skipped: 0, Time elapsed: 0.149 sec - in com.google.javascript.jscomp.InlineObjectLiteralsTest
Running com.google.javascript.jscomp.Es6RewriteGeneratorsTest
Tests run: 39, Failures: 0, Errors: 0, Skipped: 0, Time elapsed: 3.955 sec - in com.google.javascript.jscomp.Es6RewriteGeneratorsTest
Running com.google.javascript.jscomp.MissingRequireTest
Tests run: 108, Failures: 0, Errors: 0, Skipped: 0, Time elapsed: 0.257 sec - in com.google.javascript.jscomp.MissingRequireTest
Running com.google.javascript.jscomp.GlobalNamespaceTest
Tests run: 61, Failures: 0, Errors: 0, Skipped: 0, Time elapsed: 0.184 sec - in com.google.javascript.jscomp.GlobalNamespaceTest
Running com.google.javascript.jscomp.lint.CheckInterfacesTest
Tests run: 6, Failures: 0, Errors: 0, Skipped: 0, Time elapsed: 0.01 sec - in com.google.javascript.jscomp.lint.CheckInterfacesTest
Running com.google.javascript.jscomp.lint.CheckPrimitiveAsObjectTest
Tests run: 19, Failures: 0, Errors: 0, Skipped: 0, Time elapsed: 0.013 sec - in com.google.javascript.jscomp.lint.CheckPrimitiveAsObjectTest
Running com.google.javascript.jscomp.lint.CheckEnumsTest
Tests run: 6, Failures: 0, Errors: 0, Skipped: 0, Time elapsed: 0.009 sec - in com.google.javascript.jscomp.lint.CheckEnumsTest
Running com.google.javascript.jscomp.lint.CheckDuplicateCaseTest
Tests run: 2, Failures: 0, Errors: 0, Skipped: 0, Time elapsed: 0.01 sec - in com.google.javascript.jscomp.lint.CheckDuplicateCaseTest
Running com.google.javascript.jscomp.lint.CheckEmptyStatementsTest
Tests run: 6, Failures: 0, Errors: 0, Skipped: 0, Time elapsed: 0.007 sec - in com.google.javascript.jscomp.lint.CheckEmptyStatementsTest
Running com.google.javascript.jscomp.lint.CheckUselessBlocksTest
Tests run: 4, Failures: 0, Errors: 0, Skipped: 0, Time elapsed: 0.012 sec - in com.google.javascript.jscomp.lint.CheckUselessBlocksTest
Running com.google.javascript.jscomp.lint.CheckEs6ModuleFileStructureTest
Tests run: 3, Failures: 0, Errors: 0, Skipped: 0, Time elapsed: 0.018 sec - in com.google.javascript.jscomp.lint.CheckEs6ModuleFileStructureTest
Running com.google.javascript.jscomp.lint.CheckArrayWithGoogObjectTest
Tests run: 4, Failures: 0, Errors: 0, Skipped: 0, Time elapsed: 0.068 sec - in com.google.javascript.jscomp.lint.CheckArrayWithGoogObjectTest
Running com.google.javascript.jscomp.lint.CheckEs6ModulesTest
Tests run: 2, Failures: 0, Errors: 0, Skipped: 0, Time elapsed: 0.004 sec - in com.google.javascript.jscomp.lint.CheckEs6ModulesTest
Running com.google.javascript.jscomp.lint.CheckUnusedLabelsTest
Tests run: 2, Failures: 0, Errors: 0, Skipped: 0, Time elapsed: 0.005 sec - in com.google.javascript.jscomp.lint.CheckUnusedLabelsTest
Running com.google.javascript.jscomp.lint.CheckNullabilityModifiersTest
Tests run: 20, Failures: 0, Errors: 0, Skipped: 0, Time elapsed: 0.058 sec - in com.google.javascript.jscomp.lint.CheckNullabilityModifiersTest
Running com.google.javascript.jscomp.lint.CheckNullableReturnTest
Tests run: 13, Failures: 0, Errors: 0, Skipped: 0, Time elapsed: 0.571 sec - in com.google.javascript.jscomp.lint.CheckNullableReturnTest
Running com.google.javascript.jscomp.lint.CheckNoMutatedEs6ExportsTest
Tests run: 5, Failures: 0, Errors: 0, Skipped: 0, Time elapsed: 0.01 sec - in com.google.javascript.jscomp.lint.CheckNoMutatedEs6ExportsTest
Running com.google.javascript.jscomp.lint.CheckJSDocStyleTest
Tests run: 86, Failures: 0, Errors: 0, Skipped: 0, Time elapsed: 0.156 sec - in com.google.javascript.jscomp.lint.CheckJSDocStyleTest
Running com.google.javascript.jscomp.lint.CheckConstantCaseNamesTest
Tests run: 6, Failures: 0, Errors: 0, Skipped: 0, Time elapsed: 0.014 sec - in com.google.javascript.jscomp.lint.CheckConstantCaseNamesTest
Running com.google.javascript.jscomp.lint.CheckMissingSemicolonTest
Tests run: 6, Failures: 0, Errors: 0, Skipped: 0, Time elapsed: 0.01 sec - in com.google.javascript.jscomp.lint.CheckMissingSemicolonTest
Running com.google.javascript.jscomp.lint.CheckRequiresSortedTest
Tests run: 4, Failures: 0, Errors: 0, Skipped: 0, Time elapsed: 0.014 sec - in com.google.javascript.jscomp.lint.CheckRequiresSortedTest
Running com.google.javascript.jscomp.lint.CheckProvidesSortedTest
Tests run: 3, Failures: 0, Errors: 0, Skipped: 0, Time elapsed: 0.003 sec - in com.google.javascript.jscomp.lint.CheckProvidesSortedTest
Running com.google.javascript.jscomp.lint.CheckPrototypePropertiesTest
Tests run: 4, Failures: 0, Errors: 0, Skipped: 0, Time elapsed: 0.012 sec - in com.google.javascript.jscomp.lint.CheckPrototypePropertiesTest
Running com.google.javascript.jscomp.OptimizeCallsIntegrationTest
Tests run: 24, Failures: 0, Errors: 0, Skipped: 0, Time elapsed: 0.549 sec - in com.google.javascript.jscomp.OptimizeCallsIntegrationTest
Running com.google.javascript.jscomp.JSModuleTest
Tests run: 2, Failures: 0, Errors: 0, Skipped: 0, Time elapsed: 0.003 sec - in com.google.javascript.jscomp.JSModuleTest
Running com.google.javascript.jscomp.ExternExportsPassTest
Tests run: 73, Failures: 0, Errors: 0, Skipped: 0, Time elapsed: 0.256 sec - in com.google.javascript.jscomp.ExternExportsPassTest
Running com.google.javascript.jscomp.CheckUnreachableCodeTest
Tests run: 37, Failures: 0, Errors: 0, Skipped: 0, Time elapsed: 0.073 sec - in com.google.javascript.jscomp.CheckUnreachableCodeTest
Running com.google.javascript.jscomp.RhinoErrorReporterTest
Tests run: 4, Failures: 0, Errors: 0, Skipped: 0, Time elapsed: 0.005 sec - in com.google.javascript.jscomp.RhinoErrorReporterTest
Running com.google.javascript.jscomp.ProcessTweaksTest
Tests run: 36, Failures: 0, Errors: 0, Skipped: 0, Time elapsed: 0.032 sec - in com.google.javascript.jscomp.ProcessTweaksTest
Running com.google.javascript.jscomp.MustBeReachingVariableDefTest
Tests run: 23, Failures: 0, Errors: 0, Skipped: 0, Time elapsed: 0.032 sec - in com.google.javascript.jscomp.MustBeReachingVariableDefTest
Running com.google.javascript.jscomp.SyncCompilerFeaturesTest
Tests run: 2, Failures: 0, Errors: 0, Skipped: 0, Time elapsed: 0.003 sec - in com.google.javascript.jscomp.SyncCompilerFeaturesTest
Running com.google.javascript.jscomp.CleanupPassesTest
Tests run: 2, Failures: 0, Errors: 0, Skipped: 0, Time elapsed: 0.002 sec - in com.google.javascript.jscomp.CleanupPassesTest
Running com.google.javascript.jscomp.CheckConstPrivatePropertiesTest
Tests run: 22, Failures: 0, Errors: 0, Skipped: 0, Time elapsed: 0.138 sec - in com.google.javascript.jscomp.CheckConstPrivatePropertiesTest
Running com.google.javascript.jscomp.TypeCheckFunctionCheckTest
Tests run: 15, Failures: 0, Errors: 0, Skipped: 0, Time elapsed: 0.049 sec - in com.google.javascript.jscomp.TypeCheckFunctionCheckTest
Running com.google.javascript.jscomp.ProcessClosurePrimitivesTest
Tests run: 58, Failures: 0, Errors: 0, Skipped: 0, Time elapsed: 0.051 sec - in com.google.javascript.jscomp.ProcessClosurePrimitivesTest
Running com.google.javascript.jscomp.InlinePropertiesTest
Tests run: 39, Failures: 0, Errors: 0, Skipped: 0, Time elapsed: 0.139 sec - in com.google.javascript.jscomp.InlinePropertiesTest
Running com.google.javascript.jscomp.ExportTestFunctionsTest
Tests run: 27, Failures: 0, Errors: 0, Skipped: 0, Time elapsed: 0.038 sec - in com.google.javascript.jscomp.ExportTestFunctionsTest
Running com.google.javascript.jscomp.Es6RewriteScriptsToModulesTest
Tests run: 2, Failures: 0, Errors: 0, Skipped: 0, Time elapsed: 0.001 sec - in com.google.javascript.jscomp.Es6RewriteScriptsToModulesTest
Running com.google.javascript.jscomp.parsing.parser.util.format.SimpleFormatTest
Tests run: 5, Failures: 0, Errors: 0, Skipped: 0, Time elapsed: 0 sec - in com.google.javascript.jscomp.parsing.parser.util.format.SimpleFormatTest
Running com.google.javascript.jscomp.parsing.parser.FeatureSetTest
Tests run: 10, Failures: 0, Errors: 0, Skipped: 0, Time elapsed: 0.001 sec - in com.google.javascript.jscomp.parsing.parser.FeatureSetTest
Running com.google.javascript.jscomp.parsing.AttachJsdocsTest
Tests run: 112, Failures: 0, Errors: 0, Skipped: 33, Time elapsed: 0.082 sec - in com.google.javascript.jscomp.parsing.AttachJsdocsTest
Running com.google.javascript.jscomp.parsing.TypeSyntaxTest
Tests run: 78, Failures: 0, Errors: 0, Skipped: 2, Time elapsed: 0.099 sec - in com.google.javascript.jscomp.parsing.TypeSyntaxTest
Running com.google.javascript.jscomp.parsing.JsDocInfoParserTest
Tests run: 723, Failures: 0, Errors: 0, Skipped: 1, Time elapsed: 0.5 sec - in com.google.javascript.jscomp.parsing.JsDocInfoParserTest
Running com.google.javascript.jscomp.parsing.JsDocTokenStreamTest
Tests run: 20, Failures: 0, Errors: 0, Skipped: 0, Time elapsed: 0 sec - in com.google.javascript.jscomp.parsing.JsDocTokenStreamTest
Running com.google.javascript.jscomp.parsing.ParsingUtilTest
Tests run: 7, Failures: 0, Errors: 0, Skipped: 0, Time elapsed: 0.001 sec - in com.google.javascript.jscomp.parsing.ParsingUtilTest
Running com.google.javascript.jscomp.parsing.ParserTest
Tests run: 421, Failures: 0, Errors: 0, Skipped: 0, Time elapsed: 10.885 sec - in com.google.javascript.jscomp.parsing.ParserTest
Running com.google.javascript.jscomp.Es6RewriteBlockScopedDeclarationTest
Tests run: 25, Failures: 0, Errors: 0, Skipped: 0, Time elapsed: 0.698 sec - in com.google.javascript.jscomp.Es6RewriteBlockScopedDeclarationTest
Running com.google.javascript.jscomp.CheckAccessControlsEs6ClassTest
Tests run: 183, Failures: 0, Errors: 0, Skipped: 0, Time elapsed: 1.348 sec - in com.google.javascript.jscomp.CheckAccessControlsEs6ClassTest
Running com.google.javascript.jscomp.MinimizedConditionTest
Tests run: 6, Failures: 0, Errors: 0, Skipped: 0, Time elapsed: 0.007 sec - in com.google.javascript.jscomp.MinimizedConditionTest
Running com.google.javascript.jscomp.J2clAssertRemovalPassTest
Tests run: 3, Failures: 0, Errors: 0, Skipped: 0, Time elapsed: 0.002 sec - in com.google.javascript.jscomp.J2clAssertRemovalPassTest
Running com.google.javascript.jscomp.PolymerPassTest
Tests run: 100, Failures: 0, Errors: 0, Skipped: 0, Time elapsed: 0.938 sec - in com.google.javascript.jscomp.PolymerPassTest
Running com.google.javascript.jscomp.PeepholeReorderConstantExpressionTest
Tests run: 3, Failures: 0, Errors: 0, Skipped: 0, Time elapsed: 0.06 sec - in com.google.javascript.jscomp.PeepholeReorderConstantExpressionTest
Running com.google.javascript.jscomp.J2clConstantHoisterPassTest
Tests run: 6, Failures: 0, Errors: 0, Skipped: 0, Time elapsed: 0.008 sec - in com.google.javascript.jscomp.J2clConstantHoisterPassTest
Running com.google.javascript.jscomp.TransformAMDToCJSModuleTest
Tests run: 7, Failures: 0, Errors: 0, Skipped: 0, Time elapsed: 0.013 sec - in com.google.javascript.jscomp.TransformAMDToCJSModuleTest
Running com.google.javascript.jscomp.DefaultCodingConventionTest
Tests run: 23, Failures: 0, Errors: 0, Skipped: 0, Time elapsed: 0.005 sec - in com.google.javascript.jscomp.DefaultCodingConventionTest
Running com.google.javascript.jscomp.RewriteJsonToModuleTest
Tests run: 6, Failures: 0, Errors: 0, Skipped: 0, Time elapsed: 0.011 sec - in com.google.javascript.jscomp.RewriteJsonToModuleTest
Running com.google.javascript.jscomp.Es6TypedToEs6ConverterTest
Tests run: 69, Failures: 0, Errors: 0, Skipped: 0, Time elapsed: 0.311 sec - in com.google.javascript.jscomp.Es6TypedToEs6ConverterTest
Running com.google.javascript.jscomp.CheckJsDocTest
Tests run: 106, Failures: 0, Errors: 0, Skipped: 0, Time elapsed: 0.101 sec - in com.google.javascript.jscomp.CheckJsDocTest
Running com.google.javascript.jscomp.RemoveUnusedCodeTest
Tests run: 177, Failures: 0, Errors: 0, Skipped: 0, Time elapsed: 0.66 sec - in com.google.javascript.jscomp.RemoveUnusedCodeTest
Running com.google.javascript.jscomp.AggressiveInlineAliasesTest
Tests run: 145, Failures: 0, Errors: 0, Skipped: 0, Time elapsed: 0.184 sec - in com.google.javascript.jscomp.AggressiveInlineAliasesTest
Running com.google.javascript.jscomp.ShadowVariablesTest
Tests run: 23, Failures: 0, Errors: 0, Skipped: 0, Time elapsed: 0.026 sec - in com.google.javascript.jscomp.ShadowVariablesTest
Running com.google.javascript.jscomp.AngularPassTest
Tests run: 31, Failures: 0, Errors: 0, Skipped: 0, Time elapsed: 0.028 sec - in com.google.javascript.jscomp.AngularPassTest
Running com.google.javascript.jscomp.graph.GraphColoringTest
Tests run: 7, Failures: 0, Errors: 0, Skipped: 0, Time elapsed: 0.18 sec - in com.google.javascript.jscomp.graph.GraphColoringTest
Running com.google.javascript.jscomp.graph.LowestCommonAncestorFinderTest
Tests run: 14, Failures: 0, Errors: 0, Skipped: 0, Time elapsed: 0.029 sec - in com.google.javascript.jscomp.graph.LowestCommonAncestorFinderTest
Running com.google.javascript.jscomp.graph.GraphTest
Tests run: 13, Failures: 0, Errors: 0, Skipped: 0, Time elapsed: 0.001 sec - in com.google.javascript.jscomp.graph.GraphTest
Running com.google.javascript.jscomp.graph.StandardUnionFindTest
Tests run: 13, Failures: 0, Errors: 0, Skipped: 0, Time elapsed: 0.001 sec - in com.google.javascript.jscomp.graph.StandardUnionFindTest
Running com.google.javascript.jscomp.graph.GraphReachabilityTest
Tests run: 1, Failures: 0, Errors: 0, Skipped: 0, Time elapsed: 0 sec - in com.google.javascript.jscomp.graph.GraphReachabilityTest
Running com.google.javascript.jscomp.UnreachableCodeEliminationTest
Tests run: 40, Failures: 0, Errors: 0, Skipped: 2, Time elapsed: 0.077 sec - in com.google.javascript.jscomp.UnreachableCodeEliminationTest
Running com.google.javascript.jscomp.ClosureCodeRemovalTest
Tests run: 18, Failures: 0, Errors: 0, Skipped: 0, Time elapsed: 0.015 sec - in com.google.javascript.jscomp.ClosureCodeRemovalTest
Running com.google.javascript.jscomp.Es6RenameVariablesInParamListsTest
Tests run: 5, Failures: 0, Errors: 0, Skipped: 0, Time elapsed: 0.007 sec - in com.google.javascript.jscomp.Es6RenameVariablesInParamListsTest
Running com.google.javascript.jscomp.ExpressionDecomposerTest
Tests run: 90, Failures: 0, Errors: 0, Skipped: 0, Time elapsed: 0.103 sec - in com.google.javascript.jscomp.ExpressionDecomposerTest
Running com.google.javascript.jscomp.CoverageInstrumentationPassTest
Tests run: 10, Failures: 0, Errors: 0, Skipped: 0, Time elapsed: 0.147 sec - in com.google.javascript.jscomp.CoverageInstrumentationPassTest
Running com.google.javascript.jscomp.RemoveUnusedCodeClassPropertiesTest
Tests run: 48, Failures: 0, Errors: 0, Skipped: 0, Time elapsed: 0.158 sec - in com.google.javascript.jscomp.RemoveUnusedCodeClassPropertiesTest
Running com.google.javascript.jscomp.DisambiguatePropertiesTest
Tests run: 164, Failures: 0, Errors: 0, Skipped: 1, Time elapsed: 1.325 sec - in com.google.javascript.jscomp.DisambiguatePropertiesTest
Running com.google.javascript.jscomp.GoogModuleReplaceScriptTest
Tests run: 7, Failures: 0, Errors: 0, Skipped: 0, Time elapsed: 0.146 sec - in com.google.javascript.jscomp.GoogModuleReplaceScriptTest
Running com.google.javascript.jscomp.RemoveWeakSourcesTest
Tests run: 2, Failures: 0, Errors: 0, Skipped: 0, Time elapsed: 0.003 sec - in com.google.javascript.jscomp.RemoveWeakSourcesTest
Running com.google.javascript.jscomp.CheckAccessControlsPolymerTest
Tests run: 5, Failures: 0, Errors: 0, Skipped: 0, Time elapsed: 0.031 sec - in com.google.javascript.jscomp.CheckAccessControlsPolymerTest
Running com.google.javascript.jscomp.LazyParsedDependencyInfoTest
Tests run: 7, Failures: 0, Errors: 0, Skipped: 0, Time elapsed: 0.001 sec - in com.google.javascript.jscomp.LazyParsedDependencyInfoTest
Running com.google.javascript.jscomp.deps.DepsGeneratorTest
Tests run: 18, Failures: 0, Errors: 0, Skipped: 0, Time elapsed: 0.057 sec - in com.google.javascript.jscomp.deps.DepsGeneratorTest
Running com.google.javascript.jscomp.deps.DependencyInfoTest
Tests run: 2, Failures: 0, Errors: 0, Skipped: 0, Time elapsed: 0 sec - in com.google.javascript.jscomp.deps.DependencyInfoTest
Running com.google.javascript.jscomp.deps.JsFileFullParserTest
Tests run: 1, Failures: 0, Errors: 0, Skipped: 0, Time elapsed: 0.014 sec - in com.google.javascript.jscomp.deps.JsFileFullParserTest
Running com.google.javascript.jscomp.deps.ModuleLoaderTest
Tests run: 23, Failures: 0, Errors: 0, Skipped: 0, Time elapsed: 0.014 sec - in com.google.javascript.jscomp.deps.ModuleLoaderTest
Running com.google.javascript.jscomp.deps.VirtualFileTest
Tests run: 2, Failures: 0, Errors: 0, Skipped: 0, Time elapsed: 0 sec - in com.google.javascript.jscomp.deps.VirtualFileTest
Running com.google.javascript.jscomp.deps.DependencyResolverTest
Tests run: 10, Failures: 0, Errors: 0, Skipped: 0, Time elapsed: 0.01 sec - in com.google.javascript.jscomp.deps.DependencyResolverTest
Running com.google.javascript.jscomp.deps.JsFileLineParserTest
Tests run: 21, Failures: 0, Errors: 0, Skipped: 0, Time elapsed: 0.001 sec - in com.google.javascript.jscomp.deps.JsFileLineParserTest
Running com.google.javascript.jscomp.deps.JsFileRegexParserTest
Tests run: 35, Failures: 0, Errors: 0, Skipped: 0, Time elapsed: 0.004 sec - in com.google.javascript.jscomp.deps.JsFileRegexParserTest
Running com.google.javascript.jscomp.deps.PathUtilTest
Tests run: 3, Failures: 0, Errors: 0, Skipped: 0, Time elapsed: 0 sec - in com.google.javascript.jscomp.deps.PathUtilTest
Running com.google.javascript.jscomp.deps.ClosureBundlerTest
Tests run: 14, Failures: 0, Errors: 0, Skipped: 0, Time elapsed: 0.42 sec - in com.google.javascript.jscomp.deps.ClosureBundlerTest
Running com.google.javascript.jscomp.deps.Es6SortedDependenciesTest
Tests run: 15, Failures: 0, Errors: 0, Skipped: 0, Time elapsed: 0 sec - in com.google.javascript.jscomp.deps.Es6SortedDependenciesTest
Running com.google.javascript.jscomp.deps.DepsFileRegexParserTest
Tests run: 11, Failures: 0, Errors: 0, Skipped: 0, Time elapsed: 0 sec - in com.google.javascript.jscomp.deps.DepsFileRegexParserTest
Running com.google.javascript.jscomp.regex.CharRangesTest
Tests run: 7, Failures: 0, Errors: 0, Skipped: 0, Time elapsed: 0.035 sec - in com.google.javascript.jscomp.regex.CharRangesTest
Running com.google.javascript.jscomp.regex.RegExpTreeTest
Tests run: 10, Failures: 0, Errors: 0, Skipped: 0, Time elapsed: 0.008 sec - in com.google.javascript.jscomp.regex.RegExpTreeTest
Running com.google.javascript.jscomp.PolymerPassSuppressBehaviorsTest
Tests run: 5, Failures: 0, Errors: 0, Skipped: 0, Time elapsed: 0.012 sec - in com.google.javascript.jscomp.PolymerPassSuppressBehaviorsTest
Running com.google.javascript.jscomp.PartialCompilationTest
Tests run: 13, Failures: 0, Errors: 0, Skipped: 0, Time elapsed: 0.036 sec - in com.google.javascript.jscomp.PartialCompilationTest
Running com.google.javascript.jscomp.GetterAndSetterIntegrationTest
Tests run: 21, Failures: 0, Errors: 0, Skipped: 0, Time elapsed: 1.536 sec - in com.google.javascript.jscomp.GetterAndSetterIntegrationTest
Running com.google.javascript.jscomp.Es6RewriteModulesWithGoogInteropTest
Tests run: 47, Failures: 0, Errors: 0, Skipped: 0, Time elapsed: 0.152 sec - in com.google.javascript.jscomp.Es6RewriteModulesWithGoogInteropTest
Running com.google.javascript.jscomp.JSModuleGraphTest
Tests run: 29, Failures: 0, Errors: 0, Skipped: 0, Time elapsed: 0.05 sec - in com.google.javascript.jscomp.JSModuleGraphTest
Running com.google.javascript.jscomp.Es6SplitVariableDeclarationsTest
Tests run: 6, Failures: 0, Errors: 0, Skipped: 0, Time elapsed: 0.024 sec - in com.google.javascript.jscomp.Es6SplitVariableDeclarationsTest
Running com.google.javascript.jscomp.CrossChunkReferenceCollectorTest
Tests run: 29, Failures: 0, Errors: 0, Skipped: 0, Time elapsed: 0.029 sec - in com.google.javascript.jscomp.CrossChunkReferenceCollectorTest
Running com.google.javascript.jscomp.FunctionTypeBuilderTest
Tests run: 9, Failures: 0, Errors: 0, Skipped: 0, Time elapsed: 0.015 sec - in com.google.javascript.jscomp.FunctionTypeBuilderTest
Running com.google.javascript.jscomp.Es6RewriteBlockScopedFunctionDeclarationTest
Tests run: 7, Failures: 0, Errors: 0, Skipped: 0, Time elapsed: 0.012 sec - in com.google.javascript.jscomp.Es6RewriteBlockScopedFunctionDeclarationTest
Running com.google.javascript.jscomp.PolymerClassDefinitionTest
Tests run: 6, Failures: 0, Errors: 0, Skipped: 0, Time elapsed: 0.005 sec - in com.google.javascript.jscomp.PolymerClassDefinitionTest
Running com.google.javascript.jscomp.OptimizeReturnsTest
Tests run: 51, Failures: 0, Errors: 0, Skipped: 0, Time elapsed: 0.241 sec - in com.google.javascript.jscomp.OptimizeReturnsTest
Running com.google.javascript.jscomp.ReplaceMessagesTest
Tests run: 43, Failures: 0, Errors: 0, Skipped: 0, Time elapsed: 0.03 sec - in com.google.javascript.jscomp.ReplaceMessagesTest
Running com.google.javascript.jscomp.JsMessageExtractorTest
Tests run: 10, Failures: 0, Errors: 0, Skipped: 0, Time elapsed: 0.011 sec - in com.google.javascript.jscomp.JsMessageExtractorTest
Running com.google.javascript.jscomp.ChromePassTest
Tests run: 39, Failures: 0, Errors: 0, Skipped: 0, Time elapsed: 0.025 sec - in com.google.javascript.jscomp.ChromePassTest
Running com.google.javascript.jscomp.PeepholeIntegrationTest
Tests run: 35, Failures: 0, Errors: 0, Skipped: 0, Time elapsed: 0.076 sec - in com.google.javascript.jscomp.PeepholeIntegrationTest
Running com.google.javascript.jscomp.PeepholeRemoveDeadCodeTest
Tests run: 122, Failures: 0, Errors: 0, Skipped: 0, Time elapsed: 0.298 sec - in com.google.javascript.jscomp.PeepholeRemoveDeadCodeTest
Running com.google.javascript.jscomp.DeclaredGlobalExternsOnWindowTest
Tests run: 18, Failures: 0, Errors: 0, Skipped: 0, Time elapsed: 0.015 sec - in com.google.javascript.jscomp.DeclaredGlobalExternsOnWindowTest
Running com.google.javascript.jscomp.Es6ExtractClassesTest
Tests run: 17, Failures: 0, Errors: 0, Skipped: 0, Time elapsed: 0.035 sec - in com.google.javascript.jscomp.Es6ExtractClassesTest
Running com.google.javascript.jscomp.SourceFileTest
Tests run: 10, Failures: 0, Errors: 0, Skipped: 0, Time elapsed: 0.071 sec - in com.google.javascript.jscomp.SourceFileTest
Running com.google.javascript.jscomp.CompilerOptionsTest
Tests run: 5, Failures: 0, Errors: 0, Skipped: 0, Time elapsed: 0.053 sec - in com.google.javascript.jscomp.CompilerOptionsTest
Running com.google.javascript.jscomp.Es6RewriteClassTest
Tests run: 133, Failures: 0, Errors: 0, Skipped: 0, Time elapsed: 0.512 sec - in com.google.javascript.jscomp.Es6RewriteClassTest
Running com.google.javascript.jscomp.CheckUnusedPrivatePropertiesInPolymerElementTest
Tests run: 3, Failures: 0, Errors: 0, Skipped: 0, Time elapsed: 0.02 sec - in com.google.javascript.jscomp.CheckUnusedPrivatePropertiesInPolymerElementTest
Running com.google.javascript.jscomp.Es7RewriteExponentialOperatorTest
Tests run: 3, Failures: 0, Errors: 0, Skipped: 0, Time elapsed: 0.004 sec - in com.google.javascript.jscomp.Es7RewriteExponentialOperatorTest
Running com.google.javascript.jscomp.CheckClosureImportsTest
Tests run: 43, Failures: 0, Errors: 0, Skipped: 0, Time elapsed: 0.041 sec - in com.google.javascript.jscomp.CheckClosureImportsTest
Running com.google.javascript.jscomp.LiveVariablesAnalysisTest
Tests run: 34, Failures: 0, Errors: 0, Skipped: 0, Time elapsed: 0.042 sec - in com.google.javascript.jscomp.LiveVariablesAnalysisTest
Running com.google.javascript.jscomp.RewriteClosureImportsTest
Tests run: 46, Failures: 0, Errors: 0, Skipped: 0, Time elapsed: 0.165 sec - in com.google.javascript.jscomp.RewriteClosureImportsTest
Running com.google.javascript.jscomp.InferConstsTest
Tests run: 23, Failures: 0, Errors: 0, Skipped: 0, Time elapsed: 0.035 sec - in com.google.javascript.jscomp.InferConstsTest
Running com.google.javascript.jscomp.J2clStringValueOfRewriterPassTest
Tests run: 1, Failures: 0, Errors: 0, Skipped: 0, Time elapsed: 0.003 sec - in com.google.javascript.jscomp.J2clStringValueOfRewriterPassTest
Running com.google.javascript.jscomp.CheckGlobalThisTest
Tests run: 57, Failures: 0, Errors: 0, Skipped: 0, Time elapsed: 0.026 sec - in com.google.javascript.jscomp.CheckGlobalThisTest
Running com.google.javascript.jscomp.SourceInformationAnnotatorTest
Tests run: 1, Failures: 0, Errors: 0, Skipped: 0, Time elapsed: 0 sec - in com.google.javascript.jscomp.SourceInformationAnnotatorTest
Running com.google.javascript.jscomp.J2clPassTest
Tests run: 10, Failures: 0, Errors: 0, Skipped: 0, Time elapsed: 0.02 sec - in com.google.javascript.jscomp.J2clPassTest
Running com.google.javascript.jscomp.AliasStringsTest
Tests run: 16, Failures: 0, Errors: 0, Skipped: 0, Time elapsed: 0.022 sec - in com.google.javascript.jscomp.AliasStringsTest
Running com.google.javascript.jscomp.ConformanceWhitelisterTest
Tests run: 4, Failures: 0, Errors: 0, Skipped: 0, Time elapsed: 2.044 sec - in com.google.javascript.jscomp.ConformanceWhitelisterTest
Running com.google.javascript.jscomp.MemoizedScopeCreatorTest
Tests run: 2, Failures: 0, Errors: 0, Skipped: 0, Time elapsed: 0 sec - in com.google.javascript.jscomp.MemoizedScopeCreatorTest
Running com.google.javascript.jscomp.ProcessDefinesTest
Tests run: 64, Failures: 0, Errors: 0, Skipped: 0, Time elapsed: 0.207 sec - in com.google.javascript.jscomp.ProcessDefinesTest
Running com.google.javascript.jscomp.CheckSideEffectsTest
Tests run: 9, Failures: 0, Errors: 0, Skipped: 0, Time elapsed: 0.024 sec - in com.google.javascript.jscomp.CheckSideEffectsTest
Running com.google.javascript.jscomp.PolymerPassStaticUtilsTest
Tests run: 2, Failures: 0, Errors: 0, Skipped: 0, Time elapsed: 0 sec - in com.google.javascript.jscomp.PolymerPassStaticUtilsTest
Running com.google.javascript.jscomp.GenerateExportsTest
Tests run: 37, Failures: 0, Errors: 0, Skipped: 0, Time elapsed: 0.032 sec - in com.google.javascript.jscomp.GenerateExportsTest
Running com.google.javascript.jscomp.SortingErrorManagerTest
Tests run: 11, Failures: 0, Errors: 0, Skipped: 0, Time elapsed: 0 sec - in com.google.javascript.jscomp.SortingErrorManagerTest
Running com.google.javascript.jscomp.TimelineTest
Tests run: 12, Failures: 0, Errors: 0, Skipped: 0, Time elapsed: 0 sec - in com.google.javascript.jscomp.TimelineTest
Running com.google.javascript.jscomp.DenormalizeTest
Tests run: 11, Failures: 0, Errors: 0, Skipped: 0, Time elapsed: 0.023 sec - in com.google.javascript.jscomp.DenormalizeTest
Running com.google.javascript.jscomp.PeepholeMinimizeConditionsTest
Tests run: 65, Failures: 0, Errors: 0, Skipped: 0, Time elapsed: 0.931 sec - in com.google.javascript.jscomp.PeepholeMinimizeConditionsTest
Running com.google.javascript.jscomp.TypeCheckTest
Tests run: 1936, Failures: 0, Errors: 0, Skipped: 17, Time elapsed: 3.131 sec - in com.google.javascript.jscomp.TypeCheckTest
Running com.google.javascript.jscomp.RewriteObjectSpreadTest
Tests run: 2, Failures: 0, Errors: 0, Skipped: 0, Time elapsed: 0 sec - in com.google.javascript.jscomp.RewriteObjectSpreadTest
Running com.google.javascript.jscomp.CheckGoogJsImportTest
Tests run: 9, Failures: 0, Errors: 0, Skipped: 0, Time elapsed: 0 sec - in com.google.javascript.jscomp.CheckGoogJsImportTest
Running com.google.javascript.jscomp.SourceMapTest
Tests run: 5, Failures: 0, Errors: 0, Skipped: 0, Time elapsed: 0.029 sec - in com.google.javascript.jscomp.SourceMapTest
Running com.google.javascript.jscomp.ExtractPrototypeMemberDeclarationsTest
Tests run: 16, Failures: 0, Errors: 0, Skipped: 0, Time elapsed: 0.02 sec - in com.google.javascript.jscomp.ExtractPrototypeMemberDeclarationsTest
Running com.google.javascript.jscomp.Es6NormalizeShorthandPropertiesTest
Tests run: 2, Failures: 0, Errors: 0, Skipped: 0, Time elapsed: 0.004 sec - in com.google.javascript.jscomp.Es6NormalizeShorthandPropertiesTest
Running com.google.javascript.jscomp.CoalesceVariableNamesTest
Tests run: 66, Failures: 0, Errors: 0, Skipped: 0, Time elapsed: 0.114 sec - in com.google.javascript.jscomp.CoalesceVariableNamesTest
Running com.google.javascript.jscomp.SyntacticScopeCreatorTest
Tests run: 68, Failures: 0, Errors: 0, Skipped: 0, Time elapsed: 0.014 sec - in com.google.javascript.jscomp.SyntacticScopeCreatorTest
Running com.google.javascript.jscomp.ScopedAliasesTest
Tests run: 112, Failures: 0, Errors: 0, Skipped: 0, Time elapsed: 0.167 sec - in com.google.javascript.jscomp.ScopedAliasesTest
Running com.google.javascript.jscomp.ClosureCheckModuleTest
Tests run: 27, Failures: 0, Errors: 0, Skipped: 0, Time elapsed: 0.033 sec - in com.google.javascript.jscomp.ClosureCheckModuleTest
Running com.google.javascript.jscomp.ReplaceMessagesForChromeTest
Tests run: 12, Failures: 0, Errors: 0, Skipped: 0, Time elapsed: 0.012 sec - in com.google.javascript.jscomp.ReplaceMessagesForChromeTest
Running com.google.javascript.jscomp.IncrementalScopeCreatorTest
Tests run: 5, Failures: 0, Errors: 0, Skipped: 0, Time elapsed: 0.008 sec - in com.google.javascript.jscomp.IncrementalScopeCreatorTest
Running com.google.javascript.jscomp.ExploitAssignsTest
Tests run: 16, Failures: 0, Errors: 0, Skipped: 0, Time elapsed: 0.025 sec - in com.google.javascript.jscomp.ExploitAssignsTest
Running com.google.javascript.jscomp.ProcessClosureProvidesAndRequiresTest
Tests run: 89, Failures: 0, Errors: 0, Skipped: 0, Time elapsed: 0.071 sec - in com.google.javascript.jscomp.ProcessClosureProvidesAndRequiresTest
Running com.google.javascript.jscomp.ConvertToDottedPropertiesTest
Tests run: 5, Failures: 0, Errors: 0, Skipped: 0, Time elapsed: 0.008 sec - in com.google.javascript.jscomp.ConvertToDottedPropertiesTest
Running com.google.javascript.jscomp.MoveFunctionDeclarationsTest
Tests run: 6, Failures: 0, Errors: 0, Skipped: 0, Time elapsed: 0.007 sec - in com.google.javascript.jscomp.MoveFunctionDeclarationsTest
Running com.google.javascript.jscomp.Es6RewriteClassExtendsExpressionsTest
Tests run: 10, Failures: 0, Errors: 0, Skipped: 0, Time elapsed: 0.009 sec - in com.google.javascript.jscomp.Es6RewriteClassExtendsExpressionsTest
Running com.google.javascript.jscomp.PolymerBehaviorExtractorTest
Tests run: 30, Failures: 0, Errors: 0, Skipped: 3, Time elapsed: 0.03 sec - in com.google.javascript.jscomp.PolymerBehaviorExtractorTest
Running com.google.javascript.jscomp.CommonJSIntegrationTest
Tests run: 17, Failures: 0, Errors: 0, Skipped: 1, Time elapsed: 0.313 sec - in com.google.javascript.jscomp.CommonJSIntegrationTest
Running com.google.javascript.jscomp.OptimizeCallsTest
Tests run: 3, Failures: 0, Errors: 0, Skipped: 0, Time elapsed: 0.005 sec - in com.google.javascript.jscomp.OptimizeCallsTest
Running com.google.javascript.jscomp.ControlFlowAnalysisTest
Tests run: 52, Failures: 0, Errors: 0, Skipped: 0, Time elapsed: 0.024 sec - in com.google.javascript.jscomp.ControlFlowAnalysisTest
Running com.google.javascript.jscomp.SourceMapResolverTest
Tests run: 5, Failures: 0, Errors: 0, Skipped: 0, Time elapsed: 0.007 sec - in com.google.javascript.jscomp.SourceMapResolverTest
Running com.google.javascript.jscomp.CommandLineRunnerTest
Tests run: 181, Failures: 0, Errors: 0, Skipped: 2, Time elapsed: 8.946 sec - in com.google.javascript.jscomp.CommandLineRunnerTest
Running com.google.javascript.jscomp.CheckPathsBetweenNodesTest
Tests run: 10, Failures: 0, Errors: 0, Skipped: 0, Time elapsed: 0 sec - in com.google.javascript.jscomp.CheckPathsBetweenNodesTest
Running com.google.javascript.jscomp.InferJSDocInfoTest
Tests run: 46, Failures: 0, Errors: 0, Skipped: 0, Time elapsed: 0.056 sec - in com.google.javascript.jscomp.InferJSDocInfoTest
Running com.google.javascript.jscomp.PeepholeReplaceKnownMethodsTest
Tests run: 31, Failures: 0, Errors: 0, Skipped: 0, Time elapsed: 0.513 sec - in com.google.javascript.jscomp.PeepholeReplaceKnownMethodsTest
Running com.google.javascript.jscomp.MinimizeExitPointsTest
Tests run: 12, Failures: 0, Errors: 0, Skipped: 0, Time elapsed: 0.057 sec - in com.google.javascript.jscomp.MinimizeExitPointsTest
Running com.google.javascript.jscomp.XtbMessageBundleTest
Tests run: 3, Failures: 0, Errors: 0, Skipped: 0, Time elapsed: 0.043 sec - in com.google.javascript.jscomp.XtbMessageBundleTest
Running com.google.javascript.jscomp.MaybeReachingVariableUseTest
Tests run: 14, Failures: 0, Errors: 0, Skipped: 0, Time elapsed: 0.021 sec - in com.google.javascript.jscomp.MaybeReachingVariableUseTest
Running com.google.javascript.jscomp.InlineSimpleMethodsTest
Tests run: 42, Failures: 0, Errors: 0, Skipped: 0, Time elapsed: 0.075 sec - in com.google.javascript.jscomp.InlineSimpleMethodsTest
Running com.google.javascript.jscomp.RecoverableJsAstTest
Tests run: 2, Failures: 0, Errors: 0, Skipped: 0, Time elapsed: 0.013 sec - in com.google.javascript.jscomp.RecoverableJsAstTest
Running com.google.javascript.jscomp.CheckSuspiciousCodeTest
Tests run: 20, Failures: 0, Errors: 0, Skipped: 0, Time elapsed: 0.137 sec - in com.google.javascript.jscomp.CheckSuspiciousCodeTest
Running com.google.javascript.jscomp.PeepholeFoldConstantsTest
Tests run: 93, Failures: 0, Errors: 0, Skipped: 0, Time elapsed: 3.696 sec - in com.google.javascript.jscomp.PeepholeFoldConstantsTest
Running com.google.javascript.jscomp.Es6RewriteRestAndSpreadTest
Tests run: 43, Failures: 0, Errors: 0, Skipped: 0, Time elapsed: 0.077 sec - in com.google.javascript.jscomp.Es6RewriteRestAndSpreadTest
Running com.google.javascript.jscomp.ClosureCodingConventionTest
Tests run: 27, Failures: 0, Errors: 0, Skipped: 0, Time elapsed: 0.006 sec - in com.google.javascript.jscomp.ClosureCodingConventionTest
Running com.google.javascript.jscomp.CodePrinterEs6TypedTest
Tests run: 10, Failures: 0, Errors: 0, Skipped: 2, Time elapsed: 0.006 sec - in com.google.javascript.jscomp.CodePrinterEs6TypedTest
Running com.google.javascript.jscomp.PeepholeSubstituteAlternateSyntaxTest
Tests run: 29, Failures: 0, Errors: 0, Skipped: 0, Time elapsed: 0.096 sec - in com.google.javascript.jscomp.PeepholeSubstituteAlternateSyntaxTest
Running com.google.javascript.jscomp.CollapseVariableDeclarationsTest
Tests run: 13, Failures: 0, Errors: 0, Skipped: 0, Time elapsed: 0.011 sec - in com.google.javascript.jscomp.CollapseVariableDeclarationsTest
Running com.google.javascript.jscomp.NormalizeTest
Tests run: 82, Failures: 0, Errors: 0, Skipped: 0, Time elapsed: 0.113 sec - in com.google.javascript.jscomp.NormalizeTest
Running com.google.javascript.jscomp.CheckGlobalNamesTest
Tests run: 68, Failures: 0, Errors: 0, Skipped: 0, Time elapsed: 0.067 sec - in com.google.javascript.jscomp.CheckGlobalNamesTest
Running com.google.javascript.jscomp.SimpleReplaceScriptTest
Tests run: 52, Failures: 0, Errors: 0, Skipped: 0, Time elapsed: 0.396 sec - in com.google.javascript.jscomp.SimpleReplaceScriptTest
Running com.google.javascript.jscomp.DataFlowAnalysisTest
Tests run: 12, Failures: 0, Errors: 0, Skipped: 0, Time elapsed: 0.01 sec - in com.google.javascript.jscomp.DataFlowAnalysisTest
Running com.google.javascript.jscomp.CheckMissingGetCssNameTest
Tests run: 8, Failures: 0, Errors: 0, Skipped: 0, Time elapsed: 0.009 sec - in com.google.javascript.jscomp.CheckMissingGetCssNameTest
Running com.google.javascript.jscomp.OptimizeArgumentsArrayTest
Tests run: 33, Failures: 0, Errors: 0, Skipped: 0, Time elapsed: 0.024 sec - in com.google.javascript.jscomp.OptimizeArgumentsArrayTest
Running com.google.javascript.jscomp.FunctionToBlockMutatorTest
Tests run: 18, Failures: 0, Errors: 0, Skipped: 0, Time elapsed: 0.01 sec - in com.google.javascript.jscomp.FunctionToBlockMutatorTest
Running com.google.javascript.jscomp.RewriteCatchWithNoBindingTest
Tests run: 4, Failures: 0, Errors: 0, Skipped: 0, Time elapsed: 0.004 sec - in com.google.javascript.jscomp.RewriteCatchWithNoBindingTest
Running com.google.javascript.jscomp.ExtraRequireTest
Tests run: 30, Failures: 0, Errors: 0, Skipped: 0, Time elapsed: 0.026 sec - in com.google.javascript.jscomp.ExtraRequireTest
Running com.google.javascript.jscomp.FlowSensitiveInlineVariablesTest
Tests run: 100, Failures: 0, Errors: 0, Skipped: 0, Time elapsed: 0.278 sec - in com.google.javascript.jscomp.FlowSensitiveInlineVariablesTest
Running com.google.javascript.jscomp.CreateSyntheticBlocksTest
Tests run: 14, Failures: 0, Errors: 0, Skipped: 0, Time elapsed: 0.012 sec - in com.google.javascript.jscomp.CreateSyntheticBlocksTest
Running com.google.javascript.jscomp.ClosurePrimitivesIntegrationTest
Tests run: 4, Failures: 0, Errors: 0, Skipped: 0, Time elapsed: 0.123 sec - in com.google.javascript.jscomp.ClosurePrimitivesIntegrationTest
Running com.google.javascript.jscomp.CheckConformanceTest
Tests run: 102, Failures: 0, Errors: 0, Skipped: 0, Time elapsed: 1.385 sec - in com.google.javascript.jscomp.CheckConformanceTest
Running com.google.javascript.jscomp.ClosureRewriteModuleTest
Tests run: 134, Failures: 0, Errors: 0, Skipped: 0, Time elapsed: 0.335 sec - in com.google.javascript.jscomp.ClosureRewriteModuleTest
Running com.google.javascript.jscomp.TypeInferenceTest
Tests run: 213, Failures: 0, Errors: 0, Skipped: 0, Time elapsed: 0.155 sec - in com.google.javascript.jscomp.TypeInferenceTest
Running com.google.javascript.jscomp.ConstCheckTest
HELLO
Tests run: 47, Failures: 0, Errors: 0, Skipped: 0, Time elapsed: 0.026 sec - in com.google.javascript.jscomp.ConstCheckTest
Running com.google.javascript.jscomp.ClosureReverseAbstractInterpreterTest
Tests run: 37, Failures: 0, Errors: 0, Skipped: 0, Time elapsed: 0.02 sec - in com.google.javascript.jscomp.ClosureReverseAbstractInterpreterTest
Running com.google.javascript.jscomp.CodePrinterTest
Tests run: 208, Failures: 0, Errors: 0, Skipped: 0, Time elapsed: 0.537 sec - in com.google.javascript.jscomp.CodePrinterTest
Running com.google.javascript.jscomp.RewriteAsyncIterationTest
Tests run: 16, Failures: 0, Errors: 0, Skipped: 0, Time elapsed: 0.793 sec - in com.google.javascript.jscomp.RewriteAsyncIterationTest
Running com.google.javascript.jscomp.TypeCheckNoTranspileTest
Tests run: 528, Failures: 0, Errors: 0, Skipped: 0, Time elapsed: 0.759 sec - in com.google.javascript.jscomp.TypeCheckNoTranspileTest
Running com.google.javascript.jscomp.J2clSourceFileCheckerTest
Tests run: 2, Failures: 0, Errors: 0, Skipped: 0, Time elapsed: 0 sec - in com.google.javascript.jscomp.J2clSourceFileCheckerTest
Running com.google.javascript.jscomp.Es6InjectRuntimeLibrariesTest
Tests run: 6, Failures: 0, Errors: 0, Skipped: 0, Time elapsed: 0 sec - in com.google.javascript.jscomp.Es6InjectRuntimeLibrariesTest
Running com.google.javascript.jscomp.InlineVariablesTest
Tests run: 168, Failures: 0, Errors: 0, Skipped: 0, Time elapsed: 0.122 sec - in com.google.javascript.jscomp.InlineVariablesTest
Running com.google.javascript.jscomp.ImplicitNullabilityCheckTest
Tests run: 13, Failures: 0, Errors: 0, Skipped: 0, Time elapsed: 0.161 sec - in com.google.javascript.jscomp.ImplicitNullabilityCheckTest
Running com.google.javascript.jscomp.AstValidatorTest
Tests run: 75, Failures: 0, Errors: 0, Skipped: 0, Time elapsed: 0.143 sec - in com.google.javascript.jscomp.AstValidatorTest
Running com.google.javascript.jscomp.J2clSuppressWarningsGuardTest
Tests run: 2, Failures: 0, Errors: 0, Skipped: 0, Time elapsed: 0 sec - in com.google.javascript.jscomp.J2clSuppressWarningsGuardTest
Running com.google.javascript.jscomp.DeadPropertyAssignmentEliminationTest
Tests run: 47, Failures: 0, Errors: 0, Skipped: 0, Time elapsed: 0.052 sec - in com.google.javascript.jscomp.DeadPropertyAssignmentEliminationTest
Running com.google.javascript.jscomp.ReplaceStringsTest
Tests run: 47, Failures: 0, Errors: 0, Skipped: 0, Time elapsed: 0.143 sec - in com.google.javascript.jscomp.ReplaceStringsTest
Running com.google.javascript.jscomp.FunctionRewriterTest
Tests run: 20, Failures: 0, Errors: 0, Skipped: 0, Time elapsed: 0.029 sec - in com.google.javascript.jscomp.FunctionRewriterTest
Running com.google.javascript.jscomp.SymbolTableTest
Tests run: 75, Failures: 0, Errors: 0, Skipped: 0, Time elapsed: 1.115 sec - in com.google.javascript.jscomp.SymbolTableTest
Running com.google.javascript.jscomp.CheckTemplateParamsTest
Tests run: 6, Failures: 0, Errors: 0, Skipped: 0, Time elapsed: 0.019 sec - in com.google.javascript.jscomp.CheckTemplateParamsTest
Running com.google.javascript.jscomp.JsMessageVisitorTest
Tests run: 75, Failures: 0, Errors: 0, Skipped: 1, Time elapsed: 0.018 sec - in com.google.javascript.jscomp.JsMessageVisitorTest
Running com.google.javascript.jscomp.CheckDebuggerStatementTest
Tests run: 5, Failures: 0, Errors: 0, Skipped: 0, Time elapsed: 0.002 sec - in com.google.javascript.jscomp.CheckDebuggerStatementTest
Running com.google.javascript.jscomp.TypedScopeCreatorTest
Tests run: 427, Failures: 0, Errors: 0, Skipped: 2, Time elapsed: 0.548 sec - in com.google.javascript.jscomp.TypedScopeCreatorTest
Running com.google.javascript.jscomp.Es6CheckModuleTest
Tests run: 5, Failures: 0, Errors: 0, Skipped: 0, Time elapsed: 0.001 sec - in com.google.javascript.jscomp.Es6CheckModuleTest
Running com.google.javascript.jscomp.ijs.ConvertToTypedInterfaceTest
Tests run: 108, Failures: 0, Errors: 0, Skipped: 0, Time elapsed: 0.16 sec - in com.google.javascript.jscomp.ijs.ConvertToTypedInterfaceTest
Running com.google.javascript.jscomp.ijs.SuggestConstTypesTest
Tests run: 1, Failures: 0, Errors: 0, Skipped: 0, Time elapsed: 0 sec - in com.google.javascript.jscomp.ijs.SuggestConstTypesTest
Running com.google.javascript.jscomp.PhaseOptimizerTest
Tests run: 16, Failures: 0, Errors: 0, Skipped: 0, Time elapsed: 0.007 sec - in com.google.javascript.jscomp.PhaseOptimizerTest
Running com.google.javascript.jscomp.ReplaceIdGeneratorsTest
Tests run: 35, Failures: 0, Errors: 0, Skipped: 0, Time elapsed: 0.046 sec - in com.google.javascript.jscomp.ReplaceIdGeneratorsTest
Running com.google.javascript.jscomp.DisambiguatePrivatePropertiesTest
Tests run: 5, Failures: 0, Errors: 0, Skipped: 0, Time elapsed: 0.01 sec - in com.google.javascript.jscomp.DisambiguatePrivatePropertiesTest
Running com.google.javascript.jscomp.FunctionArgumentInjectorTest
Tests run: 54, Failures: 0, Errors: 0, Skipped: 0, Time elapsed: 0.013 sec - in com.google.javascript.jscomp.FunctionArgumentInjectorTest
Running com.google.javascript.jscomp.ReplacedStringsDecoderTest
Tests run: 7, Failures: 0, Errors: 0, Skipped: 0, Time elapsed: 0 sec - in com.google.javascript.jscomp.ReplacedStringsDecoderTest
Running com.google.javascript.jscomp.ChangeVerifierTest
Tests run: 5, Failures: 0, Errors: 0, Skipped: 0, Time elapsed: 0.001 sec - in com.google.javascript.jscomp.ChangeVerifierTest
Running com.google.javascript.jscomp.DevirtualizeMethodsTest
Tests run: 84, Failures: 0, Errors: 0, Skipped: 0, Time elapsed: 0.314 sec - in com.google.javascript.jscomp.DevirtualizeMethodsTest
Running com.google.javascript.jscomp.Es6RelativizeImportPathsTest
Tests run: 6, Failures: 0, Errors: 0, Skipped: 0, Time elapsed: 0.012 sec - in com.google.javascript.jscomp.Es6RelativizeImportPathsTest
Running com.google.javascript.jscomp.WhitespaceWrapGoogModulesTest
Tests run: 1, Failures: 0, Errors: 0, Skipped: 0, Time elapsed: 0.001 sec - in com.google.javascript.jscomp.WhitespaceWrapGoogModulesTest
Running com.google.javascript.jscomp.ReplaceCssNamesTest
Tests run: 16, Failures: 0, Errors: 0, Skipped: 0, Time elapsed: 0.232 sec - in com.google.javascript.jscomp.ReplaceCssNamesTest
Running com.google.javascript.jscomp.J2clUtilGetDefineRewriterPassTest
Tests run: 2, Failures: 0, Errors: 0, Skipped: 0, Time elapsed: 0.002 sec - in com.google.javascript.jscomp.J2clUtilGetDefineRewriterPassTest
Running com.google.javascript.jscomp.RewriteAsyncFunctionsTest
Tests run: 23, Failures: 0, Errors: 0, Skipped: 0, Time elapsed: 0.038 sec - in com.google.javascript.jscomp.RewriteAsyncFunctionsTest
Running com.google.javascript.jscomp.Es6ToEs3ClassSideInheritanceTest
Tests run: 16, Failures: 0, Errors: 0, Skipped: 0, Time elapsed: 0.015 sec - in com.google.javascript.jscomp.Es6ToEs3ClassSideInheritanceTest
Running com.google.javascript.jscomp.PerformanceTrackerTest
Tests run: 3, Failures: 0, Errors: 0, Skipped: 0, Time elapsed: 0.012 sec - in com.google.javascript.jscomp.PerformanceTrackerTest
Running com.google.javascript.jscomp.VarCheckTest
Tests run: 120, Failures: 0, Errors: 0, Skipped: 0, Time elapsed: 0.788 sec - in com.google.javascript.jscomp.VarCheckTest
Running com.google.javascript.jscomp.RuntimeTypeCheckTest
Tests run: 49, Failures: 0, Errors: 0, Skipped: 2, Time elapsed: 0.076 sec - in com.google.javascript.jscomp.RuntimeTypeCheckTest
Running com.google.javascript.jscomp.LateEs6ToEs3ConverterTest
Tests run: 11, Failures: 0, Errors: 0, Skipped: 0, Time elapsed: 0.08 sec - in com.google.javascript.jscomp.LateEs6ToEs3ConverterTest
Running com.google.javascript.jscomp.DeadAssignmentsEliminationTest
Tests run: 76, Failures: 0, Errors: 0, Skipped: 0, Time elapsed: 0.148 sec - in com.google.javascript.jscomp.DeadAssignmentsEliminationTest
Running com.google.javascript.jscomp.GatherRawExportsTest
Tests run: 23, Failures: 0, Errors: 0, Skipped: 0, Time elapsed: 0.01 sec - in com.google.javascript.jscomp.GatherRawExportsTest
Running com.google.javascript.jscomp.NodeUtilTest
Tests run: 9731, Failures: 0, Errors: 0, Skipped: 0, Time elapsed: 1.976 sec - in com.google.javascript.jscomp.NodeUtilTest
Running com.google.javascript.jscomp.ValidityCheckTest
Tests run: 3, Failures: 0, Errors: 0, Skipped: 0, Time elapsed: 0 sec - in com.google.javascript.jscomp.ValidityCheckTest
Running com.google.javascript.jscomp.J2clPropertyInlinerPassTest
Tests run: 14, Failures: 0, Errors: 0, Skipped: 0, Time elapsed: 0 sec - in com.google.javascript.jscomp.J2clPropertyInlinerPassTest
Running com.google.javascript.jscomp.RewritePolyfillsTest
Tests run: 24, Failures: 0, Errors: 0, Skipped: 0, Time elapsed: 0 sec - in com.google.javascript.jscomp.RewritePolyfillsTest
Running com.google.javascript.jscomp.TypeTransformationTest
Test message: number
Test message: {
  b: boolean,
  n: number,
  s: string
}
Tests run: 142, Failures: 0, Errors: 0, Skipped: 0, Time elapsed: 0.001 sec - in com.google.javascript.jscomp.TypeTransformationTest
Running com.google.javascript.jscomp.CheckProvidesTest
Tests run: 16, Failures: 0, Errors: 0, Skipped: 0, Time elapsed: 0 sec - in com.google.javascript.jscomp.CheckProvidesTest
Running com.google.javascript.jscomp.NameAnonymousFunctionsMappedTest
Tests run: 28, Failures: 0, Errors: 0, Skipped: 0, Time elapsed: 0.021 sec - in com.google.javascript.jscomp.NameAnonymousFunctionsMappedTest
Running com.google.javascript.jscomp.NodeTraversalTest
Tests run: 22, Failures: 0, Errors: 0, Skipped: 0, Time elapsed: 0.01 sec - in com.google.javascript.jscomp.NodeTraversalTest
Running com.google.javascript.jscomp.ReferenceCollectingCallbackTest
Tests run: 20, Failures: 0, Errors: 0, Skipped: 0, Time elapsed: 0.016 sec - in com.google.javascript.jscomp.ReferenceCollectingCallbackTest
Running com.google.javascript.jscomp.RenamePropertiesTest
Tests run: 51, Failures: 0, Errors: 0, Skipped: 0, Time elapsed: 0.056 sec - in com.google.javascript.jscomp.RenamePropertiesTest
Running com.google.javascript.jscomp.RenameLabelsTest
Tests run: 5, Failures: 0, Errors: 0, Skipped: 0, Time elapsed: 0.011 sec - in com.google.javascript.jscomp.RenameLabelsTest
Running com.google.javascript.jscomp.RenameLocalVarsTest
Tests run: 14, Failures: 0, Errors: 0, Skipped: 0, Time elapsed: 0.011 sec - in com.google.javascript.jscomp.RenameLocalVarsTest
Running com.google.javascript.jscomp.MissingProvideTest
Tests run: 18, Failures: 0, Errors: 0, Skipped: 0, Time elapsed: 0.017 sec - in com.google.javascript.jscomp.MissingProvideTest
Running com.google.javascript.jscomp.FunctionInjectorTest
Tests run: 159, Failures: 0, Errors: 0, Skipped: 8, Time elapsed: 0.069 sec - in com.google.javascript.jscomp.FunctionInjectorTest
Running com.google.javascript.jscomp.GatherExternPropertiesTest
Tests run: 5, Failures: 0, Errors: 0, Skipped: 0, Time elapsed: 0.007 sec - in com.google.javascript.jscomp.GatherExternPropertiesTest
Running com.google.javascript.jscomp.GatherModuleMetadataTest
Tests run: 46, Failures: 0, Errors: 0, Skipped: 0, Time elapsed: 0.024 sec - in com.google.javascript.jscomp.GatherModuleMetadataTest
Running com.google.javascript.jscomp.CollapsePropertiesTest
Tests run: 273, Failures: 0, Errors: 0, Skipped: 0, Time elapsed: 0.309 sec - in com.google.javascript.jscomp.CollapsePropertiesTest
Running com.google.javascript.jscomp.TemplateAstMatcherTest
Tests run: 16, Failures: 0, Errors: 0, Skipped: 0, Time elapsed: 0.1 sec - in com.google.javascript.jscomp.TemplateAstMatcherTest
Running com.google.javascript.jscomp.CollapseAnonymousFunctionsTest
Tests run: 26, Failures: 0, Errors: 0, Skipped: 0, Time elapsed: 0.016 sec - in com.google.javascript.jscomp.CollapseAnonymousFunctionsTest
Running com.google.javascript.jscomp.CheckAccessControlsTest
Tests run: 207, Failures: 0, Errors: 0, Skipped: 0, Time elapsed: 1.039 sec - in com.google.javascript.jscomp.CheckAccessControlsTest
Running com.google.javascript.jscomp.Es6TranspilationIntegrationTest
Tests run: 70, Failures: 0, Errors: 0, Skipped: 0, Time elapsed: 0.258 sec - in com.google.javascript.jscomp.Es6TranspilationIntegrationTest
Running com.google.javascript.jscomp.GatherGetterAndSetterPropertiesTest
Tests run: 16, Failures: 0, Errors: 0, Skipped: 0, Time elapsed: 0.011 sec - in com.google.javascript.jscomp.GatherGetterAndSetterPropertiesTest
Running com.google.javascript.jscomp.DiagnosticGroupsTest
Tests run: 1, Failures: 0, Errors: 0, Skipped: 0, Time elapsed: 0 sec - in com.google.javascript.jscomp.DiagnosticGroupsTest
Running com.google.javascript.jscomp.TypeValidatorTest
Tests run: 30, Failures: 0, Errors: 0, Skipped: 0, Time elapsed: 0.044 sec - in com.google.javascript.jscomp.TypeValidatorTest
Running com.google.javascript.jscomp.LightweightMessageFormatterTest
Tests run: 13, Failures: 0, Errors: 0, Skipped: 0, Time elapsed: 0.001 sec - in com.google.javascript.jscomp.LightweightMessageFormatterTest
Running com.google.javascript.jscomp.ClosureRewriteClassTest
Tests run: 45, Failures: 0, Errors: 0, Skipped: 0, Time elapsed: 0.083 sec - in com.google.javascript.jscomp.ClosureRewriteClassTest
Running com.google.javascript.jscomp.ProcessCommonJSModulesTest
Tests run: 63, Failures: 0, Errors: 0, Skipped: 0, Time elapsed: 0.097 sec - in com.google.javascript.jscomp.ProcessCommonJSModulesTest
Running com.google.javascript.jscomp.PeepholeCollectPropertyAssignmentsTest
Tests run: 56, Failures: 0, Errors: 0, Skipped: 0, Time elapsed: 0.026 sec - in com.google.javascript.jscomp.PeepholeCollectPropertyAssignmentsTest
Running com.google.javascript.jscomp.ConstParamCheckTest
Tests run: 40, Failures: 0, Errors: 0, Skipped: 0, Time elapsed: 0.021 sec - in com.google.javascript.jscomp.ConstParamCheckTest
Running com.google.javascript.jscomp.Es6ForOfConverterTest
Tests run: 7, Failures: 0, Errors: 0, Skipped: 0, Time elapsed: 0.023 sec - in com.google.javascript.jscomp.Es6ForOfConverterTest
Running com.google.javascript.jscomp.StrictModeCheckTest
Tests run: 38, Failures: 0, Errors: 0, Skipped: 0, Time elapsed: 0.2 sec - in com.google.javascript.jscomp.StrictModeCheckTest
Running com.google.javascript.jscomp.Es6RewriteModulesTest
Tests run: 37, Failures: 0, Errors: 0, Skipped: 0, Time elapsed: 0.158 sec - in com.google.javascript.jscomp.Es6RewriteModulesTest
Running com.google.javascript.jscomp.VariableReferenceCheckTest
Tests run: 162, Failures: 0, Errors: 0, Skipped: 0, Time elapsed: 0.119 sec - in com.google.javascript.jscomp.VariableReferenceCheckTest
Running com.google.javascript.jscomp.SubstituteEs6SyntaxTest
Tests run: 3, Failures: 0, Errors: 0, Skipped: 0, Time elapsed: 0.003 sec - in com.google.javascript.jscomp.SubstituteEs6SyntaxTest
Running com.google.javascript.jscomp.AstFactoryTest
Tests run: 60, Failures: 0, Errors: 0, Skipped: 0, Time elapsed: 0.026 sec - in com.google.javascript.jscomp.AstFactoryTest
Running com.google.javascript.jscomp.IntegrationTest
Tests run: 346, Failures: 0, Errors: 0, Skipped: 0, Time elapsed: 11.008 sec - in com.google.javascript.jscomp.IntegrationTest
Running com.google.javascript.jscomp.LinkedFlowScopeTest
Tests run: 6, Failures: 0, Errors: 0, Skipped: 0, Time elapsed: 0.012 sec - in com.google.javascript.jscomp.LinkedFlowScopeTest
Running com.google.javascript.jscomp.Es6RewriteModulesToCommonJsModulesTest
Tests run: 12, Failures: 0, Errors: 0, Skipped: 0, Time elapsed: 0.027 sec - in com.google.javascript.jscomp.Es6RewriteModulesToCommonJsModulesTest
Running com.google.javascript.jscomp.OptimizeParametersTest
Tests run: 98, Failures: 0, Errors: 0, Skipped: 0, Time elapsed: 0.768 sec - in com.google.javascript.jscomp.OptimizeParametersTest
Running com.google.javascript.jscomp.DartSuperAccessorsPassTest
Tests run: 10, Failures: 0, Errors: 0, Skipped: 0, Time elapsed: 0.074 sec - in com.google.javascript.jscomp.DartSuperAccessorsPassTest
Running com.google.javascript.jscomp.CheckMissingReturnTest
Tests run: 22, Failures: 0, Errors: 0, Skipped: 0, Time elapsed: 0.096 sec - in com.google.javascript.jscomp.CheckMissingReturnTest
Running com.google.javascript.jscomp.CrossChunkCodeMotionTest
Tests run: 88, Failures: 0, Errors: 0, Skipped: 0, Time elapsed: 0.07 sec - in com.google.javascript.jscomp.CrossChunkCodeMotionTest
Running com.google.javascript.jscomp.RenameVarsTest
Tests run: 62, Failures: 0, Errors: 0, Skipped: 0, Time elapsed: 0.086 sec - in com.google.javascript.jscomp.RenameVarsTest
Running com.google.javascript.jscomp.DotFormatterTest
Tests run: 4, Failures: 0, Errors: 0, Skipped: 0, Time elapsed: 0 sec - in com.google.javascript.jscomp.DotFormatterTest
Running com.google.javascript.jscomp.DiagnosticGroupTest
Tests run: 1, Failures: 0, Errors: 0, Skipped: 0, Time elapsed: 0 sec - in com.google.javascript.jscomp.DiagnosticGroupTest
Running com.google.javascript.jscomp.CheckUnusedPrivatePropertiesTest
Tests run: 25, Failures: 0, Errors: 0, Skipped: 0, Time elapsed: 0.235 sec - in com.google.javascript.jscomp.CheckUnusedPrivatePropertiesTest
Running com.google.javascript.jscomp.GoogleCodingConventionTest
Tests run: 17, Failures: 0, Errors: 0, Skipped: 0, Time elapsed: 0.001 sec - in com.google.javascript.jscomp.GoogleCodingConventionTest
Running com.google.javascript.jscomp.CombinedCompilerPassTest
Tests run: 3, Failures: 0, Errors: 0, Skipped: 0, Time elapsed: 0 sec - in com.google.javascript.jscomp.CombinedCompilerPassTest
Running com.google.javascript.jscomp.IdMappingUtilTest
Tests run: 1, Failures: 0, Errors: 0, Skipped: 0, Time elapsed: 0 sec - in com.google.javascript.jscomp.IdMappingUtilTest
Running com.google.javascript.jscomp.RandomNameGeneratorTest
Tests run: 7, Failures: 0, Errors: 0, Skipped: 0, Time elapsed: 0.044 sec - in com.google.javascript.jscomp.RandomNameGeneratorTest
Running com.google.javascript.jscomp.WarningsGuardTest
Tests run: 26, Failures: 0, Errors: 0, Skipped: 0, Time elapsed: 0.003 sec - in com.google.javascript.jscomp.WarningsGuardTest
Running com.google.javascript.jscomp.AstAnalyzerTest
Tests run: 312, Failures: 0, Errors: 0, Skipped: 0, Time elapsed: 0.064 sec - in com.google.javascript.jscomp.AstAnalyzerTest
Running com.google.javascript.jscomp.bundle.TranspilerTest
Tests run: 5, Failures: 0, Errors: 0, Skipped: 0, Time elapsed: 0.161 sec - in com.google.javascript.jscomp.bundle.TranspilerTest
Running com.google.javascript.jscomp.bundle.CoverageInstrumenterTest
Tests run: 3, Failures: 0, Errors: 0, Skipped: 0, Time elapsed: 0.048 sec - in com.google.javascript.jscomp.bundle.CoverageInstrumenterTest
Running com.google.javascript.jscomp.bundle.SourceTest
Tests run: 4, Failures: 0, Errors: 0, Skipped: 0, Time elapsed: 0.006 sec - in com.google.javascript.jscomp.bundle.SourceTest
Running com.google.javascript.jscomp.bundle.CachedTransformerTest
Tests run: 2, Failures: 0, Errors: 0, Skipped: 0, Time elapsed: 0.038 sec - in com.google.javascript.jscomp.bundle.CachedTransformerTest
Running com.google.javascript.jscomp.transpile.BaseTranspilerTest
Tests run: 7, Failures: 0, Errors: 0, Skipped: 0, Time elapsed: 0.135 sec - in com.google.javascript.jscomp.transpile.BaseTranspilerTest
Running com.google.javascript.jscomp.transpile.CachingTranspilerTest
Tests run: 5, Failures: 0, Errors: 0, Skipped: 0, Time elapsed: 0.004 sec - in com.google.javascript.jscomp.transpile.CachingTranspilerTest
Running com.google.javascript.jscomp.transpile.TranspileResultTest
Tests run: 3, Failures: 0, Errors: 0, Skipped: 0, Time elapsed: 0.001 sec - in com.google.javascript.jscomp.transpile.TranspileResultTest
Running com.google.javascript.jscomp.ClosureOptimizePrimitivesTest
Tests run: 33, Failures: 0, Errors: 0, Skipped: 0, Time elapsed: 0.038 sec - in com.google.javascript.jscomp.ClosureOptimizePrimitivesTest
Running com.google.javascript.jscomp.Es6RewriteModulesBeforeTypeCheckingTest
Tests run: 37, Failures: 0, Errors: 0, Skipped: 0, Time elapsed: 0.14 sec - in com.google.javascript.jscomp.Es6RewriteModulesBeforeTypeCheckingTest
Running com.google.javascript.jscomp.PrepareAstTest
Tests run: 2, Failures: 0, Errors: 0, Skipped: 0, Time elapsed: 0 sec - in com.google.javascript.jscomp.PrepareAstTest
Running com.google.javascript.jscomp.RemoveUnusedCodeNameAnalyzerTest
Tests run: 364, Failures: 0, Errors: 0, Skipped: 0, Time elapsed: 0.443 sec - in com.google.javascript.jscomp.RemoveUnusedCodeNameAnalyzerTest
Running com.google.javascript.jscomp.J2clIntegrationTest
Tests run: 2, Failures: 0, Errors: 0, Skipped: 0, Time elapsed: 0.054 sec - in com.google.javascript.jscomp.J2clIntegrationTest
Running com.google.javascript.jscomp.CheckRegExpTest
Tests run: 2, Failures: 0, Errors: 0, Skipped: 0, Time elapsed: 0.014 sec - in com.google.javascript.jscomp.CheckRegExpTest
Running com.google.javascript.jscomp.Es6RewriteDestructuringTest
Tests run: 51, Failures: 0, Errors: 0, Skipped: 0, Time elapsed: 0.201 sec - in com.google.javascript.jscomp.Es6RewriteDestructuringTest
Running com.google.javascript.jscomp.JSCompilerSourceExcerptProviderTest
Tests run: 7, Failures: 0, Errors: 0, Skipped: 0, Time elapsed: 0 sec - in com.google.javascript.jscomp.JSCompilerSourceExcerptProviderTest
Running com.google.javascript.jscomp.AmbiguatePropertiesTest
Tests run: 113, Failures: 0, Errors: 0, Skipped: 0, Time elapsed: 0.335 sec - in com.google.javascript.jscomp.AmbiguatePropertiesTest
Running com.google.javascript.jscomp.StatementFusionTest
Tests run: 22, Failures: 0, Errors: 0, Skipped: 0, Time elapsed: 0.024 sec - in com.google.javascript.jscomp.StatementFusionTest
Running com.google.javascript.jscomp.J2clEqualitySameRewriterPassTest
Tests run: 5, Failures: 0, Errors: 0, Skipped: 0, Time elapsed: 0.012 sec - in com.google.javascript.jscomp.J2clEqualitySameRewriterPassTest
Running com.google.javascript.jscomp.GatherModuleMetadataReplaceScriptTest
Tests run: 5, Failures: 0, Errors: 0, Skipped: 0, Time elapsed: 0.026 sec - in com.google.javascript.jscomp.GatherModuleMetadataReplaceScriptTest
Running com.google.javascript.jscomp.RewriteGoogJsImportsTest
Tests run: 7, Failures: 0, Errors: 0, Skipped: 0, Time elapsed: 0.029 sec - in com.google.javascript.jscomp.RewriteGoogJsImportsTest
Running com.google.javascript.jscomp.MultiPassTest
Tests run: 17, Failures: 0, Errors: 0, Skipped: 0, Time elapsed: 0.07 sec - in com.google.javascript.jscomp.MultiPassTest
Running com.google.javascript.jscomp.DefaultNameGeneratorTest
Tests run: 7, Failures: 0, Errors: 0, Skipped: 0, Time elapsed: 0 sec - in com.google.javascript.jscomp.DefaultNameGeneratorTest
Running com.google.javascript.jscomp.PureFunctionIdentifierTest
Tests run: 209, Failures: 0, Errors: 0, Skipped: 0, Time elapsed: 2.613 sec - in com.google.javascript.jscomp.PureFunctionIdentifierTest
Running com.google.javascript.jscomp.JSDocInfoPrinterTest
Tests run: 35, Failures: 0, Errors: 0, Skipped: 0, Time elapsed: 0.003 sec - in com.google.javascript.jscomp.JSDocInfoPrinterTest
Running com.google.javascript.jscomp.NameAnonymousFunctionsTest
Tests run: 27, Failures: 0, Errors: 0, Skipped: 0, Time elapsed: 0.014 sec - in com.google.javascript.jscomp.NameAnonymousFunctionsTest
Running com.google.javascript.jscomp.InlineAndCollapsePropertiesTest
Tests run: 111, Failures: 0, Errors: 0, Skipped: 0, Time elapsed: 0.112 sec - in com.google.javascript.jscomp.InlineAndCollapsePropertiesTest
Running com.google.javascript.jscomp.CompilerTest
Tests run: 114, Failures: 0, Errors: 0, Skipped: 0, Time elapsed: 7.987 sec - in com.google.javascript.jscomp.CompilerTest
Running com.google.javascript.jscomp.Es6RewriteArrowFunctionTest
Tests run: 22, Failures: 0, Errors: 0, Skipped: 0, Time elapsed: 0.057 sec - in com.google.javascript.jscomp.Es6RewriteArrowFunctionTest
Running com.google.javascript.jscomp.SingleFileCheckRequiresTest
Tests run: 22, Failures: 0, Errors: 0, Skipped: 0, Time elapsed: 0.019 sec - in com.google.javascript.jscomp.SingleFileCheckRequiresTest
Running com.google.javascript.jscomp.CheckTypeImportCodeReferencesTest
Tests run: 9, Failures: 0, Errors: 0, Skipped: 0, Time elapsed: 0.007 sec - in com.google.javascript.jscomp.CheckTypeImportCodeReferencesTest
Running com.google.javascript.jscomp.GlobalVarReferenceMapTest
Tests run: 5, Failures: 0, Errors: 0, Skipped: 0, Time elapsed: 0 sec - in com.google.javascript.jscomp.GlobalVarReferenceMapTest
Running com.google.javascript.jscomp.InlineFunctionsTest
Tests run: 268, Failures: 0, Errors: 0, Skipped: 0, Time elapsed: 0.364 sec - in com.google.javascript.jscomp.InlineFunctionsTest
Running com.google.javascript.jscomp.VariableMapTest
Tests run: 9, Failures: 0, Errors: 0, Skipped: 0, Time elapsed: 0 sec - in com.google.javascript.jscomp.VariableMapTest
Running com.google.javascript.jscomp.Es6RewriteBlockScopedDeclarationEs6LangOutTest
Tests run: 2, Failures: 0, Errors: 0, Skipped: 0, Time elapsed: 0.001 sec - in com.google.javascript.jscomp.Es6RewriteBlockScopedDeclarationEs6LangOutTest
Running com.google.javascript.jscomp.SemanticReverseAbstractInterpreterTest
Tests run: 31, Failures: 0, Errors: 0, Skipped: 0, Time elapsed: 0.012 sec - in com.google.javascript.jscomp.SemanticReverseAbstractInterpreterTest
Running com.google.javascript.jscomp.Es6ConvertSuperTest
Tests run: 20, Failures: 0, Errors: 0, Skipped: 0, Time elapsed: 0.027 sec - in com.google.javascript.jscomp.Es6ConvertSuperTest
Running com.google.javascript.jscomp.PeepholeOptimizationsPassTest
Tests run: 7, Failures: 0, Errors: 0, Skipped: 0, Time elapsed: 0.005 sec - in com.google.javascript.jscomp.PeepholeOptimizationsPassTest
Running com.google.javascript.jscomp.JsMessageTest
Tests run: 3, Failures: 0, Errors: 0, Skipped: 0, Time elapsed: 0 sec - in com.google.javascript.jscomp.JsMessageTest
Running com.google.javascript.jscomp.RemoveUnusedCodePrototypePropertiesTest
Tests run: 50, Failures: 0, Errors: 0, Skipped: 0, Time elapsed: 0.125 sec - in com.google.javascript.jscomp.RemoveUnusedCodePrototypePropertiesTest
Running com.google.javascript.jscomp.J2clCheckPassTest
Tests run: 4, Failures: 0, Errors: 0, Skipped: 0, Time elapsed: 0.033 sec - in com.google.javascript.jscomp.J2clCheckPassTest
Running com.google.javascript.jscomp.StripCodeTest
Tests run: 75, Failures: 0, Errors: 0, Skipped: 0, Time elapsed: 0.044 sec - in com.google.javascript.jscomp.StripCodeTest
Running com.google.javascript.jscomp.Es6TypedIntegrationTest
Tests run: 9, Failures: 0, Errors: 0, Skipped: 0, Time elapsed: 0.149 sec - in com.google.javascript.jscomp.Es6TypedIntegrationTest
Running com.google.javascript.jscomp.CheckSuperTest
Tests run: 21, Failures: 0, Errors: 0, Skipped: 0, Time elapsed: 0.037 sec - in com.google.javascript.jscomp.CheckSuperTest
Running com.google.javascript.jscomp.FixedPointGraphTraversalTest
Tests run: 9, Failures: 0, Errors: 0, Skipped: 0, Time elapsed: 0 sec - in com.google.javascript.jscomp.FixedPointGraphTraversalTest
Running com.google.javascript.jscomp.RescopeGlobalSymbolsTest
Tests run: 48, Failures: 0, Errors: 0, Skipped: 0, Time elapsed: 0.129 sec - in com.google.javascript.jscomp.RescopeGlobalSymbolsTest
Running com.google.javascript.jscomp.NodeIteratorsTest
Tests run: 19, Failures: 0, Errors: 0, Skipped: 0, Time elapsed: 0.002 sec - in com.google.javascript.jscomp.NodeIteratorsTest
Running com.google.javascript.jscomp.MarkUntranspilableFeaturesAsRemovedTest
Tests run: 7, Failures: 0, Errors: 0, Skipped: 0, Time elapsed: 0.01 sec - in com.google.javascript.jscomp.MarkUntranspilableFeaturesAsRemovedTest
Running com.google.javascript.jscomp.CrossChunkMethodMotionTest
Tests run: 67, Failures: 0, Errors: 0, Skipped: 0, Time elapsed: 0.091 sec - in com.google.javascript.jscomp.CrossChunkMethodMotionTest
Running com.google.javascript.rhino.jstype.JSTypeRegistryTest
Tests run: 18, Failures: 0, Errors: 0, Skipped: 0, Time elapsed: 0.081 sec - in com.google.javascript.rhino.jstype.JSTypeRegistryTest
Running com.google.javascript.rhino.jstype.TemplateTypeTest
Tests run: 5, Failures: 0, Errors: 0, Skipped: 0, Time elapsed: 0.002 sec - in com.google.javascript.rhino.jstype.TemplateTypeTest
Running com.google.javascript.rhino.jstype.RecordTypeTest
Tests run: 7, Failures: 0, Errors: 0, Skipped: 0, Time elapsed: 0.006 sec - in com.google.javascript.rhino.jstype.RecordTypeTest
Running com.google.javascript.rhino.jstype.BooleanLiteralSetTest
Tests run: 4, Failures: 0, Errors: 0, Skipped: 0, Time elapsed: 0 sec - in com.google.javascript.rhino.jstype.BooleanLiteralSetTest
Running com.google.javascript.rhino.jstype.NamedTypeTest
Tests run: 17, Failures: 0, Errors: 0, Skipped: 0, Time elapsed: 0.016 sec - in com.google.javascript.rhino.jstype.NamedTypeTest
Running com.google.javascript.rhino.jstype.FunctionTypeTest
Tests run: 32, Failures: 0, Errors: 0, Skipped: 0, Time elapsed: 0.021 sec - in com.google.javascript.rhino.jstype.FunctionTypeTest
Running com.google.javascript.rhino.jstype.TernaryValueTest
Tests run: 7, Failures: 0, Errors: 0, Skipped: 0, Time elapsed: 0 sec - in com.google.javascript.rhino.jstype.TernaryValueTest
Running com.google.javascript.rhino.jstype.UnionTypeTest
Tests run: 21, Failures: 0, Errors: 0, Skipped: 0, Time elapsed: 0.02 sec - in com.google.javascript.rhino.jstype.UnionTypeTest
Running com.google.javascript.rhino.jstype.UnionTypeBuilderTest
Tests run: 15, Failures: 0, Errors: 0, Skipped: 0, Time elapsed: 0.011 sec - in com.google.javascript.rhino.jstype.UnionTypeBuilderTest
Running com.google.javascript.rhino.jstype.TemplateTypeMapTest
Tests run: 13, Failures: 0, Errors: 0, Skipped: 0, Time elapsed: 0.012 sec - in com.google.javascript.rhino.jstype.TemplateTypeMapTest
Running com.google.javascript.rhino.jstype.TemplatizedTypeTest
Tests run: 9, Failures: 0, Errors: 0, Skipped: 0, Time elapsed: 0.006 sec - in com.google.javascript.rhino.jstype.TemplatizedTypeTest
Running com.google.javascript.rhino.jstype.EnumElementTypeTest
Tests run: 5, Failures: 0, Errors: 0, Skipped: 0, Time elapsed: 0.003 sec - in com.google.javascript.rhino.jstype.EnumElementTypeTest
Running com.google.javascript.rhino.jstype.FunctionParamBuilderTest
Tests run: 1, Failures: 0, Errors: 0, Skipped: 0, Time elapsed: 0 sec - in com.google.javascript.rhino.jstype.FunctionParamBuilderTest
Running com.google.javascript.rhino.jstype.JSTypeResolverTest
Tests run: 12, Failures: 0, Errors: 0, Skipped: 0, Time elapsed: 0.014 sec - in com.google.javascript.rhino.jstype.JSTypeResolverTest
Running com.google.javascript.rhino.jstype.PrototypeObjectTypeTest
Tests run: 1, Failures: 0, Errors: 0, Skipped: 0, Time elapsed: 0 sec - in com.google.javascript.rhino.jstype.PrototypeObjectTypeTest
Running com.google.javascript.rhino.jstype.JSTypeTest
Tests run: 160, Failures: 0, Errors: 0, Skipped: 0, Time elapsed: 0.302 sec - in com.google.javascript.rhino.jstype.JSTypeTest
Running com.google.javascript.rhino.JSDocInfoTest
Tests run: 47, Failures: 0, Errors: 0, Skipped: 0, Time elapsed: 0.01 sec - in com.google.javascript.rhino.JSDocInfoTest
Running com.google.javascript.rhino.HamtPMapTest
Tests run: 20, Failures: 0, Errors: 0, Skipped: 0, Time elapsed: 0.053 sec - in com.google.javascript.rhino.HamtPMapTest
Running com.google.javascript.rhino.IRTest
Tests run: 17, Failures: 0, Errors: 0, Skipped: 0, Time elapsed: 0.001 sec - in com.google.javascript.rhino.IRTest
Running com.google.javascript.rhino.NodeTest
Tests run: 36, Failures: 0, Errors: 0, Skipped: 0, Time elapsed: 0.004 sec - in com.google.javascript.rhino.NodeTest
Running com.google.javascript.rhino.QualifiedNameTest
Tests run: 15, Failures: 0, Errors: 0, Skipped: 0, Time elapsed: 0 sec - in com.google.javascript.rhino.QualifiedNameTest
Running com.google.javascript.refactoring.examples.SetLocationTest
Tests run: 2, Failures: 0, Errors: 0, Skipped: 0, Time elapsed: 0.837 sec - in com.google.javascript.refactoring.examples.SetLocationTest
Running com.google.javascript.refactoring.examples.ArrayIndexOfToIncludesTest
Tests run: 1, Failures: 0, Errors: 0, Skipped: 0, Time elapsed: 0.886 sec - in com.google.javascript.refactoring.examples.ArrayIndexOfToIncludesTest
Running com.google.javascript.refactoring.examples.ArrayPrototypeSliceToArrayFromTest
Tests run: 1, Failures: 0, Errors: 0, Skipped: 0, Time elapsed: 0.512 sec - in com.google.javascript.refactoring.examples.ArrayPrototypeSliceToArrayFromTest
Running com.google.javascript.refactoring.examples.GoogBindToArrowTest
Tests run: 8, Failures: 0, Errors: 0, Skipped: 0, Time elapsed: 0.044 sec - in com.google.javascript.refactoring.examples.GoogBindToArrowTest
Running com.google.javascript.refactoring.examples.StringIndexOfToIncludesTest
Tests run: 1, Failures: 0, Errors: 0, Skipped: 0, Time elapsed: 0.38 sec - in com.google.javascript.refactoring.examples.StringIndexOfToIncludesTest
Running com.google.javascript.refactoring.examples.NavigationalXssSinksRefactoringTest
Tests run: 2, Failures: 0, Errors: 0, Skipped: 0, Time elapsed: 0.704 sec - in com.google.javascript.refactoring.examples.NavigationalXssSinksRefactoringTest
Running com.google.javascript.refactoring.examples.ChaiExpectToAssertTest
Tests run: 1, Failures: 0, Errors: 0, Skipped: 0, Time elapsed: 0.393 sec - in com.google.javascript.refactoring.examples.ChaiExpectToAssertTest
Running com.google.javascript.refactoring.RefasterJsScannerTest
Tests run: 36, Failures: 0, Errors: 0, Skipped: 0, Time elapsed: 0.149 sec - in com.google.javascript.refactoring.RefasterJsScannerTest
Running com.google.javascript.refactoring.MatchersTest
Tests run: 27, Failures: 0, Errors: 0, Skipped: 0, Time elapsed: 0.053 sec - in com.google.javascript.refactoring.MatchersTest
Running com.google.javascript.refactoring.SuggestedFixTest
Tests run: 79, Failures: 0, Errors: 0, Skipped: 0, Time elapsed: 0.033 sec - in com.google.javascript.refactoring.SuggestedFixTest
Running com.google.javascript.refactoring.ErrorToFixMapperTest
Tests run: 136, Failures: 0, Errors: 0, Skipped: 1, Time elapsed: 0.329 sec - in com.google.javascript.refactoring.ErrorToFixMapperTest
Running com.google.javascript.refactoring.ApplySuggestedFixesTest
Tests run: 12, Failures: 0, Errors: 0, Skipped: 0, Time elapsed: 0 sec - in com.google.javascript.refactoring.ApplySuggestedFixesTest
Running com.google.debugging.sourcemap.SourceMapGeneratorV3Test
Tests run: 24, Failures: 0, Errors: 0, Skipped: 0, Time elapsed: 0.079 sec - in com.google.debugging.sourcemap.SourceMapGeneratorV3Test
Running com.google.debugging.sourcemap.Base64VLQTest
Tests run: 5, Failures: 0, Errors: 0, Skipped: 0, Time elapsed: 0.01 sec - in com.google.debugging.sourcemap.Base64VLQTest
Running com.google.debugging.sourcemap.Base64Test
Tests run: 2, Failures: 0, Errors: 0, Skipped: 0, Time elapsed: 0 sec - in com.google.debugging.sourcemap.Base64Test
Running com.google.debugging.sourcemap.SourceMapConsumerV3Test
Tests run: 5, Failures: 0, Errors: 0, Skipped: 0, Time elapsed: 0.003 sec - in com.google.debugging.sourcemap.SourceMapConsumerV3Test
Running com.google.debugging.sourcemap.UtilTest
Tests run: 1, Failures: 0, Errors: 0, Skipped: 0, Time elapsed: 0 sec - in com.google.debugging.sourcemap.UtilTest

Results :

Tests run: 26602, Failures: 0, Errors: 0, Skipped: 81

[INFO] 
[INFO] --- maven-surefire-plugin:2.19.1:test (default-test-rerunfailures) @ closure-compiler-unshaded ---

-------------------------------------------------------
 T E S T S
-------------------------------------------------------

Results :

Tests run: 0, Failures: 0, Errors: 0, Skipped: 0

[INFO] 
[INFO] --- deflaker-maven-plugin:1.5-SNAPSHOT:report (deflaker-report-tests) @ closure-compiler-unshaded ---
[INFO] ------------------------------------------------------------------------
[INFO] TEST DIFFCOV ANALYSIS
[INFO] Closure Compiler Unshadedclosure-compiler-unshaded
[INFO] ------------------------------------------------------------------------
[INFO] Using covFile: /lv_scratch/scratch/mondego/local/Maruf/ASE/projects/closure-compiler/target/diffcov.log
[INFO] Using difFile: /lv_scratch/scratch/mondego/local/Maruf/ASE/projects/closure-compiler/.diffCache
[WARNING] Diff has gone untested: com/google/javascript/jscomp/J2clConstantHoisterPass has uncovered changes [133]
[WARNING] Diff has gone untested: com/google/javascript/refactoring/Matchers has uncovered changes [414, 419]
[WARNING] Diff has gone untested: com/google/javascript/jscomp/TypeMatchingStrategy$TypeMatchingStrategy has uncovered changes [87]
[WARNING] Diff has gone untested: com/google/javascript/rhino/testing/Asserts has uncovered changes [71, 82, 91, 92, 93, 100, 101, 102, 103, 105, 106, 107, 108]
[WARNING] Diff has gone untested: com/google/javascript/jscomp/InlineFunctions$Inline has uncovered changes [630]
[WARNING] Diff has gone untested: com/google/javascript/rhino/testing/BaseJSTypeTestCase has uncovered changes [384, 388]
[WARNING] Diff has gone untested: com/google/javascript/jscomp/ChangeVerifier has uncovered changes [161, 166, 234]
[WARNING] Diff has gone untested: com/google/javascript/rhino/jstype/ObjectType has uncovered changes [651]
[WARNING] Diff has gone untested: com/google/javascript/refactoring/Matchers$15 has uncovered changes [355]
[WARNING] Diff has gone untested: com/google/javascript/refactoring/Matchers$13 has uncovered changes [296, 297, 298]
[WARNING] Diff has gone untested: com/google/javascript/jscomp/TypedScopeCreatorTest has uncovered changes [1342, 1658, 1673, 1717, 1733, 2026, 2027, 2028, 2222, 2470, 2486, 3165, 3176, 3590]
[WARNING] Diff has gone untested: com/google/javascript/rhino/jstype/TemplatizedTypeTest has uncovered changes [68, 70, 71, 72, 73]
[WARNING] Diff has gone untested: com/google/javascript/jscomp/TypeInference has uncovered changes [1599, 2328]
[WARNING] Diff has gone untested: com/google/javascript/jscomp/type/ChainableReverseAbstractInterpreter$RestrictByTypeOfResultVisitor has uncovered changes [245]
[WARNING] Diff has gone untested: com/google/javascript/rhino/jstype/FunctionTypeTest has uncovered changes [415, 435, 436, 437, 455, 456]
[WARNING] Diff has gone untested: com/google/javascript/jscomp/ConformanceRules$BanCreateDom has uncovered changes [1956]
[WARNING] Diff has gone untested: com/google/javascript/jscomp/ClosureReverseAbstractInterpreterTest has uncovered changes [368, 376]
[WARNING] Diff has gone untested: com/google/javascript/jscomp/ConformanceRules$AbstractTypeRestrictionRule has uncovered changes [352]
[WARNING] Diff has gone untested: com/google/javascript/jscomp/TypedScopeCreator$AbstractScopeBuilder has uncovered changes [2187]
[WARNING] Diff has gone untested: com/google/javascript/jscomp/CompilerTypeTestCase has uncovered changes [193, 197]
[WARNING] Diff has gone untested: com/google/javascript/jscomp/TypeCheck has uncovered changes [2060, 2068, 2143, 2273]
[WARNING] Diff has gone untested: com/google/javascript/rhino/Node$TemplateLiteralSubstringNode has uncovered changes [506]
[WARNING] Diff has gone untested: com/google/javascript/rhino/jstype/RecordTypeTest has uncovered changes [131, 132, 134, 135]
[WARNING] Diff has gone untested: com/google/javascript/rhino/jstype/JSTypeTest has uncovered changes [3218, 3225, 3298, 4582, 4618, 4736, 4739, 4740, 5438, 5440, 5443, 5459, 5466, 5469, 5472, 6392]
[WARNING] Diff has gone untested: com/google/javascript/rhino/Node has uncovered changes [1955, 1973]
[WARNING] Diff has gone untested: com/google/javascript/jscomp/TypeInferenceTest has uncovered changes [299]
[WARNING] Diff has gone untested: com/google/javascript/rhino/jstype/TemplatizedType has uncovered changes [172, 200]
[WARNING] Diff has gone untested: com/google/javascript/rhino/jstype/UnionType$Builder has uncovered changes [779, 827]
[WARNING] Diff has gone untested: com/google/javascript/jscomp/LinkedFlowScope has uncovered changes [155]
[WARNING] Diff has gone untested: com/google/javascript/jscomp/ConformanceRules$RestrictedMethodCall has uncovered changes [997]
[WARNING] Diff has gone untested: com/google/javascript/rhino/JSDocInfoTest has uncovered changes [102, 121, 138, 172, 176, 193, 230, 264, 301, 309, 508, 510, 519, 525, 527, 550, 554, 558]
[WARNING] Diff has gone untested: com/google/javascript/rhino/jstype/JSType has uncovered changes [681, 682, 1066, 1105, 1110, 1112]
[WARNING] Diff has gone untested: com/google/javascript/rhino/jstype/SubtypeChecker has uncovered changes [230, 505, 506]
[WARNING] Diff has gone untested: com/google/javascript/rhino/jstype/JSTypeRegistry has uncovered changes [1077]
[WARNING] Diff has gone untested: com/google/javascript/jscomp/TypeTransformation has uncovered changes [423, 630, 687, 734]
[WARNING] Diff has gone untested: com/google/javascript/rhino/jstype/UnionTypeTest has uncovered changes [111, 112, 121, 134, 135, 136, 137, 148, 155, 163, 177, 179, 186, 194, 310, 316, 323]
[WARNING] Diff has gone untested: com/google/javascript/jscomp/ConformanceRules$BannedProperty has uncovered changes [653, 675]
[WARNING] Diff has gone untested: com/google/javascript/rhino/jstype/FunctionType has uncovered changes [790, 830, 863, 865, 899]
[WARNING] Diff has gone untested: com/google/javascript/jscomp/AstAnalyzer has uncovered changes [220]
[WARNING] Diff has gone untested: com/google/javascript/jscomp/TypeValidator has uncovered changes [732, 733, 776]
[WARNING] Diff has gone untested: com/google/javascript/rhino/jstype/SubtypeChecker$CacheKey has uncovered changes [771]
[WARNING] Diff has gone untested: com/google/javascript/rhino/jstype/EnumType has uncovered changes [134]
[WARNING] Diff has gone untested: com/google/javascript/rhino/jstype/RecordType has uncovered changes [148, 149, 184]
[WARNING] Diff has gone untested: com/google/javascript/rhino/jstype/UnionType has uncovered changes [444]
[WARNING] Diff has gone untested: com/google/javascript/rhino/jstype/JSTypeRegistryTest has uncovered changes [98, 104, 110, 116, 122, 128, 134, 140, 146, 165, 170]
[INFO] 
[INFO] --- maven-jar-plugin:3.0.2:jar (default-jar) @ closure-compiler-unshaded ---
[INFO] Building jar: /lv_scratch/scratch/mondego/local/Maruf/ASE/projects/closure-compiler/target/closure-compiler-unshaded-1.0-SNAPSHOT.jar
[INFO] 
[INFO] --- maven-source-plugin:3.0.1:jar-no-fork (attach-sources) @ closure-compiler-unshaded ---
[INFO] Building jar: /lv_scratch/scratch/mondego/local/Maruf/ASE/projects/closure-compiler/target/closure-compiler-unshaded-1.0-SNAPSHOT-sources.jar
[INFO]                                                                         
[INFO] ------------------------------------------------------------------------
[INFO] Building Closure Compiler 1.0-SNAPSHOT
[INFO] ------------------------------------------------------------------------
[INFO] 
[INFO] --- build-helper-maven-plugin:1.12:add-source (add-source) @ closure-compiler ---
[INFO] Source directory: /lv_scratch/scratch/mondego/local/Maruf/ASE/projects/closure-compiler/gen added.
[INFO] 
[INFO] --- maven-resources-plugin:3.0.1:resources (default-resources) @ closure-compiler ---
[INFO] Using 'UTF-8' encoding to copy filtered resources.
[INFO] Copying 157 resources
[INFO] 
[INFO] --- maven-resources-plugin:3.0.1:copy-resources (rhino_ast-custom) @ closure-compiler ---
[INFO] Using 'UTF-8' encoding to copy filtered resources.
[INFO] Copying 1 resource to /lv_scratch/scratch/mondego/local/Maruf/ASE/projects/closure-compiler/target/classes
[INFO] 
[INFO] --- maven-compiler-plugin:3.5.1:compile (default-compile) @ closure-compiler ---
[INFO] Nothing to compile - all classes are up to date
[INFO] 
[INFO] --- maven-bundle-plugin:3.2.0:manifest (bundle-manifest) @ closure-compiler ---
[INFO] 
[INFO] --- build-helper-maven-plugin:1.12:add-test-source (add-test-source) @ closure-compiler ---
[INFO] Test Source directory: /lv_scratch/scratch/mondego/local/Maruf/ASE/projects/closure-compiler/src/com/google/javascript/rhino/testing added.
[INFO] Test Source directory: /lv_scratch/scratch/mondego/local/Maruf/ASE/projects/closure-compiler/src/com/google/javascript/jscomp/testing added.
[INFO] Test Source directory: /lv_scratch/scratch/mondego/local/Maruf/ASE/projects/closure-compiler/src/com/google/javascript/jscomp/parsing/parser/testing added.
[INFO] Test Source directory: /lv_scratch/scratch/mondego/local/Maruf/ASE/projects/closure-compiler/src/com/google/javascript/refactoring/testing added.
[INFO] 
[INFO] --- maven-resources-plugin:3.0.1:testResources (default-testResources) @ closure-compiler ---
[INFO] Using 'UTF-8' encoding to copy filtered resources.
[INFO] skip non existing resourceDirectory /lv_scratch/scratch/mondego/local/Maruf/ASE/projects/closure-compiler/src/test/resources
[INFO] 
[INFO] --- deflaker-maven-plugin:1.5-SNAPSHOT:diff (deflaker-diff) @ closure-compiler ---
[INFO] 
[INFO] --- maven-compiler-plugin:3.5.1:testCompile (default-testCompile) @ closure-compiler ---
[INFO] Changes detected - recompiling the module!
[INFO] Compiling 406 source files to /lv_scratch/scratch/mondego/local/Maruf/ASE/projects/closure-compiler/target/test-classes
[WARNING] /lv_scratch/scratch/mondego/local/Maruf/ASE/projects/closure-compiler/src/com/google/javascript/jscomp/testing/TestErrorManager.java:[20,35] [deprecation] BasicErrorManager in com.google.javascript.jscomp has been deprecated
[WARNING] /lv_scratch/scratch/mondego/local/Maruf/ASE/projects/closure-compiler/test/com/google/javascript/jscomp/deps/DepsGeneratorTest.java:[27,35] [deprecation] PrintStreamErrorManager in com.google.javascript.jscomp has been deprecated
[WARNING] /lv_scratch/scratch/mondego/local/Maruf/ASE/projects/closure-compiler/test/com/google/javascript/jscomp/deps/JsFileLineParserTest.java:[22,35] [deprecation] PrintStreamErrorManager in com.google.javascript.jscomp has been deprecated
[WARNING] /lv_scratch/scratch/mondego/local/Maruf/ASE/projects/closure-compiler/test/com/google/javascript/jscomp/deps/JsFileRegexParserTest.java:[27,35] [deprecation] PrintStreamErrorManager in com.google.javascript.jscomp has been deprecated
[WARNING] /lv_scratch/scratch/mondego/local/Maruf/ASE/projects/closure-compiler/test/com/google/javascript/jscomp/deps/DepsFileRegexParserTest.java:[24,35] [deprecation] PrintStreamErrorManager in com.google.javascript.jscomp has been deprecated
[WARNING] /lv_scratch/scratch/mondego/local/Maruf/ASE/projects/closure-compiler/src/com/google/javascript/jscomp/testing/TestErrorManager.java:[20,35] [deprecation] BasicErrorManager in com.google.javascript.jscomp has been deprecated
[WARNING] /lv_scratch/scratch/mondego/local/Maruf/ASE/projects/closure-compiler/test/com/google/javascript/jscomp/deps/DepsGeneratorTest.java:[27,35] [deprecation] PrintStreamErrorManager in com.google.javascript.jscomp has been deprecated
[WARNING] /lv_scratch/scratch/mondego/local/Maruf/ASE/projects/closure-compiler/test/com/google/javascript/jscomp/deps/JsFileLineParserTest.java:[22,35] [deprecation] PrintStreamErrorManager in com.google.javascript.jscomp has been deprecated
[WARNING] /lv_scratch/scratch/mondego/local/Maruf/ASE/projects/closure-compiler/test/com/google/javascript/jscomp/deps/JsFileRegexParserTest.java:[27,35] [deprecation] PrintStreamErrorManager in com.google.javascript.jscomp has been deprecated
[WARNING] /lv_scratch/scratch/mondego/local/Maruf/ASE/projects/closure-compiler/test/com/google/javascript/jscomp/deps/DepsFileRegexParserTest.java:[24,35] [deprecation] PrintStreamErrorManager in com.google.javascript.jscomp has been deprecated
[WARNING] /lv_scratch/scratch/mondego/local/Maruf/ASE/projects/closure-compiler/src/com/google/javascript/jscomp/testing/TestErrorManager.java:[20,35] [deprecation] BasicErrorManager in com.google.javascript.jscomp has been deprecated
[WARNING] /lv_scratch/scratch/mondego/local/Maruf/ASE/projects/closure-compiler/test/com/google/javascript/jscomp/deps/DepsGeneratorTest.java:[27,35] [deprecation] PrintStreamErrorManager in com.google.javascript.jscomp has been deprecated
[WARNING] /lv_scratch/scratch/mondego/local/Maruf/ASE/projects/closure-compiler/test/com/google/javascript/jscomp/deps/JsFileLineParserTest.java:[22,35] [deprecation] PrintStreamErrorManager in com.google.javascript.jscomp has been deprecated
[WARNING] /lv_scratch/scratch/mondego/local/Maruf/ASE/projects/closure-compiler/test/com/google/javascript/jscomp/deps/JsFileRegexParserTest.java:[27,35] [deprecation] PrintStreamErrorManager in com.google.javascript.jscomp has been deprecated
[WARNING] /lv_scratch/scratch/mondego/local/Maruf/ASE/projects/closure-compiler/test/com/google/javascript/jscomp/deps/DepsFileRegexParserTest.java:[24,35] [deprecation] PrintStreamErrorManager in com.google.javascript.jscomp has been deprecated
[WARNING] /lv_scratch/scratch/mondego/local/Maruf/ASE/projects/closure-compiler/src/com/google/javascript/jscomp/testing/TestErrorManager.java:[20,35] [deprecation] BasicErrorManager in com.google.javascript.jscomp has been deprecated
[WARNING] /lv_scratch/scratch/mondego/local/Maruf/ASE/projects/closure-compiler/test/com/google/javascript/jscomp/deps/DepsGeneratorTest.java:[27,35] [deprecation] PrintStreamErrorManager in com.google.javascript.jscomp has been deprecated
[WARNING] /lv_scratch/scratch/mondego/local/Maruf/ASE/projects/closure-compiler/test/com/google/javascript/jscomp/deps/JsFileLineParserTest.java:[22,35] [deprecation] PrintStreamErrorManager in com.google.javascript.jscomp has been deprecated
[WARNING] /lv_scratch/scratch/mondego/local/Maruf/ASE/projects/closure-compiler/test/com/google/javascript/jscomp/deps/JsFileRegexParserTest.java:[27,35] [deprecation] PrintStreamErrorManager in com.google.javascript.jscomp has been deprecated
[WARNING] /lv_scratch/scratch/mondego/local/Maruf/ASE/projects/closure-compiler/test/com/google/javascript/jscomp/deps/DepsFileRegexParserTest.java:[24,35] [deprecation] PrintStreamErrorManager in com.google.javascript.jscomp has been deprecated
[WARNING] /lv_scratch/scratch/mondego/local/Maruf/ASE/projects/closure-compiler/src/com/google/javascript/jscomp/testing/JSErrorSubject.java:[46,9] [unchecked] unchecked call to Subject(FailureMetadata,T) as a member of the raw type Subject
[WARNING]   where T is a type-variable:
    T extends Object declared in class Subject
/lv_scratch/scratch/mondego/local/Maruf/ASE/projects/closure-compiler/src/com/google/javascript/rhino/testing/NodeSubject.java:[86,9] [unchecked] unchecked call to Subject(FailureMetadata,T) as a member of the raw type Subject
[WARNING]   where T is a type-variable:
    T extends Object declared in class Subject
/lv_scratch/scratch/mondego/local/Maruf/ASE/projects/closure-compiler/src/com/google/javascript/rhino/testing/TypeSubject.java:[80,9] [unchecked] unchecked call to Subject(FailureMetadata,T) as a member of the raw type Subject
[WARNING]   where T is a type-variable:
    T extends Object declared in class Subject
/lv_scratch/scratch/mondego/local/Maruf/ASE/projects/closure-compiler/src/com/google/javascript/jscomp/parsing/parser/testing/FeatureSetSubject.java:[47,9] [unchecked] unchecked call to Subject(FailureMetadata,T) as a member of the raw type Subject
[WARNING]   where T is a type-variable:
    T extends Object declared in class Subject
/lv_scratch/scratch/mondego/local/Maruf/ASE/projects/closure-compiler/src/com/google/javascript/jscomp/testing/TestErrorManager.java:[27,44] [deprecation] BasicErrorManager in com.google.javascript.jscomp has been deprecated
[WARNING] /lv_scratch/scratch/mondego/local/Maruf/ASE/projects/closure-compiler/test/com/google/javascript/jscomp/BaseReplaceScriptTestCase.java:[88,33] [deprecation] PrintStreamErrorManager in com.google.javascript.jscomp has been deprecated
[WARNING] /lv_scratch/scratch/mondego/local/Maruf/ASE/projects/closure-compiler/test/com/google/javascript/jscomp/deps/DepsGeneratorTest.java:[45,23] [deprecation] PrintStreamErrorManager in com.google.javascript.jscomp has been deprecated
[WARNING] /lv_scratch/scratch/mondego/local/Maruf/ASE/projects/closure-compiler/test/com/google/javascript/jscomp/PartialCompilationTest.java:[56,12] [deprecation] BasicErrorManager in com.google.javascript.jscomp has been deprecated
[WARNING] /lv_scratch/scratch/mondego/local/Maruf/ASE/projects/closure-compiler/test/com/google/javascript/jscomp/JSModuleGraphTest.java:[344,52] [deprecation] pruneLegacyForEntryPoints(Iterable<ModuleIdentifier>) in DependencyOptions has been deprecated
[WARNING] /lv_scratch/scratch/mondego/local/Maruf/ASE/projects/closure-compiler/test/com/google/javascript/jscomp/JSModuleGraphTest.java:[362,25] [deprecation] pruneLegacyForEntryPoints(Iterable<ModuleIdentifier>) in DependencyOptions has been deprecated
[WARNING] /lv_scratch/scratch/mondego/local/Maruf/ASE/projects/closure-compiler/test/com/google/javascript/jscomp/JSModuleGraphTest.java:[779,25] [deprecation] pruneLegacyForEntryPoints(Iterable<ModuleIdentifier>) in DependencyOptions has been deprecated
[WARNING] /lv_scratch/scratch/mondego/local/Maruf/ASE/projects/closure-compiler/src/com/google/javascript/jscomp/testing/ScopeSubject.java:[62,9] [unchecked] unchecked call to Subject(FailureMetadata,T) as a member of the raw type Subject
[WARNING]   where T is a type-variable:
    T extends Object declared in class Subject
/lv_scratch/scratch/mondego/local/Maruf/ASE/projects/closure-compiler/test/com/google/javascript/jscomp/SortingErrorManagerTest.java:[123,4] [deprecation] BasicErrorManager in com.google.javascript.jscomp has been deprecated
[WARNING] /lv_scratch/scratch/mondego/local/Maruf/ASE/projects/closure-compiler/test/com/google/javascript/jscomp/SortingErrorManagerTest.java:[123,36] [deprecation] BasicErrorManager in com.google.javascript.jscomp has been deprecated
[WARNING] /lv_scratch/scratch/mondego/local/Maruf/ASE/projects/closure-compiler/test/com/google/javascript/jscomp/SortingErrorManagerTest.java:[143,4] [deprecation] BasicErrorManager in com.google.javascript.jscomp has been deprecated
[WARNING] /lv_scratch/scratch/mondego/local/Maruf/ASE/projects/closure-compiler/test/com/google/javascript/jscomp/SortingErrorManagerTest.java:[144,12] [deprecation] BasicErrorManager in com.google.javascript.jscomp has been deprecated
[WARNING] /lv_scratch/scratch/mondego/local/Maruf/ASE/projects/closure-compiler/test/com/google/javascript/jscomp/TypeCheckTest.java:[13586,38] [unchecked] unchecked call to isInstanceOf(Class<?>) as a member of the raw type Subject
[WARNING] /lv_scratch/scratch/mondego/local/Maruf/ASE/projects/closure-compiler/test/com/google/javascript/jscomp/TypeCheckTest.java:[13589,36] [unchecked] unchecked call to isInstanceOf(Class<?>) as a member of the raw type Subject
[WARNING] /lv_scratch/scratch/mondego/local/Maruf/ASE/projects/closure-compiler/test/com/google/javascript/jscomp/ReplaceCssNamesTest.java:[301,32] [deprecation] BasicErrorManager in com.google.javascript.jscomp has been deprecated
[WARNING] /lv_scratch/scratch/mondego/local/Maruf/ASE/projects/closure-compiler/test/com/google/javascript/jscomp/VarCheckTest.java:[878,50] [deprecation] pruneLegacyForEntryPoints(Iterable<ModuleIdentifier>) in DependencyOptions has been deprecated
[WARNING] /lv_scratch/scratch/mondego/local/Maruf/ASE/projects/closure-compiler/test/com/google/javascript/jscomp/SymbolTableTest.java:[380,11] [deprecation] setBrokenClosureRequiresLevel(CheckLevel) in CompilerOptions has been deprecated
[WARNING] /lv_scratch/scratch/mondego/local/Maruf/ASE/projects/closure-compiler/src/com/google/javascript/jscomp/testing/TypedVarSubject.java:[47,9] [unchecked] unchecked call to Subject(FailureMetadata,T) as a member of the raw type Subject
[WARNING]   where T is a type-variable:
    T extends Object declared in class Subject
/lv_scratch/scratch/mondego/local/Maruf/ASE/projects/closure-compiler/test/com/google/javascript/jscomp/CompilerTest.java:[111,11] [deprecation] setIdeMode(boolean) in CompilerOptions has been deprecated
[WARNING] /lv_scratch/scratch/mondego/local/Maruf/ASE/projects/closure-compiler/test/com/google/javascript/jscomp/CompilerTest.java:[112,50] [deprecation] pruneLegacyForEntryPoints(Iterable<ModuleIdentifier>) in DependencyOptions has been deprecated
[WARNING] /lv_scratch/scratch/mondego/local/Maruf/ASE/projects/closure-compiler/test/com/google/javascript/jscomp/CompilerTest.java:[1130,11] [deprecation] setIdeMode(boolean) in CompilerOptions has been deprecated
[WARNING] /lv_scratch/scratch/mondego/local/Maruf/ASE/projects/closure-compiler/test/com/google/javascript/jscomp/CompilerTest.java:[1385,50] [deprecation] pruneLegacyForEntryPoints(Iterable<ModuleIdentifier>) in DependencyOptions has been deprecated
[WARNING] /lv_scratch/scratch/mondego/local/Maruf/ASE/projects/closure-compiler/test/com/google/javascript/jscomp/CompilerTest.java:[1414,50] [deprecation] pruneLegacyForEntryPoints(Iterable<ModuleIdentifier>) in DependencyOptions has been deprecated
[WARNING] /lv_scratch/scratch/mondego/local/Maruf/ASE/projects/closure-compiler/test/com/google/javascript/jscomp/CompilerTest.java:[1443,50] [deprecation] pruneLegacyForEntryPoints(Iterable<ModuleIdentifier>) in DependencyOptions has been deprecated
[WARNING] /lv_scratch/scratch/mondego/local/Maruf/ASE/projects/closure-compiler/test/com/google/javascript/jscomp/CompilerTest.java:[1470,50] [deprecation] pruneLegacyForEntryPoints(Iterable<ModuleIdentifier>) in DependencyOptions has been deprecated
[WARNING] /lv_scratch/scratch/mondego/local/Maruf/ASE/projects/closure-compiler/test/com/google/javascript/jscomp/CompilerTest.java:[2036,25] [deprecation] pruneLegacyForEntryPoints(Iterable<ModuleIdentifier>) in DependencyOptions has been deprecated
[WARNING] /lv_scratch/scratch/mondego/local/Maruf/ASE/projects/closure-compiler/test/com/google/javascript/jscomp/CompilerTest.java:[2501,50] [deprecation] pruneLegacyForEntryPoints(Iterable<ModuleIdentifier>) in DependencyOptions has been deprecated
[WARNING] /lv_scratch/scratch/mondego/local/Maruf/ASE/projects/closure-compiler/test/com/google/javascript/jscomp/CompilerTest.java:[2609,50] [deprecation] pruneLegacyForEntryPoints(Iterable<ModuleIdentifier>) in DependencyOptions has been deprecated
[WARNING] /lv_scratch/scratch/mondego/local/Maruf/ASE/projects/closure-compiler/src/com/google/javascript/rhino/testing/TemplateTypeMapSubject.java:[66,9] [unchecked] unchecked call to Subject(FailureMetadata,T) as a member of the raw type Subject
[WARNING]   where T is a type-variable:
    T extends Object declared in class Subject
/lv_scratch/scratch/mondego/local/Maruf/ASE/projects/closure-compiler/test/com/google/javascript/jscomp/deps/JsFileLineParserTest.java:[144,36] [deprecation] PrintStreamErrorManager in com.google.javascript.jscomp has been deprecated
[WARNING] /lv_scratch/scratch/mondego/local/Maruf/ASE/projects/closure-compiler/test/com/google/javascript/jscomp/deps/JsFileLineParserTest.java:[151,36] [deprecation] PrintStreamErrorManager in com.google.javascript.jscomp has been deprecated
[WARNING] /lv_scratch/scratch/mondego/local/Maruf/ASE/projects/closure-compiler/test/com/google/javascript/jscomp/deps/JsFileRegexParserTest.java:[50,23] [deprecation] PrintStreamErrorManager in com.google.javascript.jscomp has been deprecated
[WARNING] /lv_scratch/scratch/mondego/local/Maruf/ASE/projects/closure-compiler/test/com/google/javascript/jscomp/CommandLineRunnerTest.java:[1030,29] [deprecation] pruneLegacyForEntryPoints(Iterable<ModuleIdentifier>) in DependencyOptions has been deprecated
[WARNING] /lv_scratch/scratch/mondego/local/Maruf/ASE/projects/closure-compiler/test/com/google/javascript/jscomp/deps/DepsFileRegexParserTest.java:[46,23] [deprecation] PrintStreamErrorManager in com.google.javascript.jscomp has been deprecated
[WARNING] /lv_scratch/scratch/mondego/local/Maruf/ASE/projects/closure-compiler/test/com/google/javascript/jscomp/NodeTraversalTest.java:[48,41] [deprecation] BasicErrorManager in com.google.javascript.jscomp has been deprecated
[WARNING] /lv_scratch/scratch/mondego/local/Maruf/ASE/projects/closure-compiler/test/com/google/javascript/jscomp/IntegrationTest.java:[4182,11] [deprecation] setIdeMode(boolean) in CompilerOptions has been deprecated
[WARNING] /lv_scratch/scratch/mondego/local/Maruf/ASE/projects/closure-compiler/test/com/google/javascript/jscomp/IntegrationTest.java:[5227,11] [deprecation] setIdeMode(boolean) in CompilerOptions has been deprecated
[WARNING] /lv_scratch/scratch/mondego/local/Maruf/ASE/projects/closure-compiler/test/com/google/javascript/jscomp/IntegrationTest.java:[5667,11] [deprecation] setIdeMode(boolean) in CompilerOptions has been deprecated
[WARNING] /lv_scratch/scratch/mondego/local/Maruf/ASE/projects/closure-compiler/test/com/google/javascript/jscomp/IntegrationTest.java:[5680,11] [deprecation] setIdeMode(boolean) in CompilerOptions has been deprecated
[WARNING] /lv_scratch/scratch/mondego/local/Maruf/ASE/projects/closure-compiler/test/com/google/javascript/jscomp/IntegrationTest.java:[5860,11] [deprecation] setIdeMode(boolean) in CompilerOptions has been deprecated
[WARNING] /lv_scratch/scratch/mondego/local/Maruf/ASE/projects/closure-compiler/test/com/google/javascript/jscomp/IntegrationTest.java:[5934,22] [deprecation] shouldCollapseProperties() in CompilerOptions has been deprecated
[WARNING] /lv_scratch/scratch/mondego/local/Maruf/ASE/projects/closure-compiler/test/com/google/javascript/jscomp/IntegrationTest.java:[5957,22] [deprecation] shouldCollapseProperties() in CompilerOptions has been deprecated
[WARNING] /lv_scratch/scratch/mondego/local/Maruf/ASE/projects/closure-compiler/test/com/google/javascript/jscomp/IntegrationTest.java:[5980,22] [deprecation] shouldCollapseProperties() in CompilerOptions has been deprecated
[WARNING] /lv_scratch/scratch/mondego/local/Maruf/ASE/projects/closure-compiler/test/com/google/javascript/jscomp/IntegrationTest.java:[6009,22] [deprecation] shouldCollapseProperties() in CompilerOptions has been deprecated
[INFO] 
[INFO] --- maven-surefire-plugin:2.19.1:test (default-test) @ closure-compiler ---
[INFO] Tests are skipped.
[INFO] 
[INFO] --- maven-surefire-plugin:2.19.1:test (default-test-rerunfailures) @ closure-compiler ---
[INFO] Tests are skipped.
[INFO] 
[INFO] --- deflaker-maven-plugin:1.5-SNAPSHOT:report (deflaker-report-tests) @ closure-compiler ---
[INFO] ------------------------------------------------------------------------
[INFO] TEST DIFFCOV ANALYSIS
[INFO] Closure Compilerclosure-compiler
[INFO] ------------------------------------------------------------------------
[INFO] Using covFile: /lv_scratch/scratch/mondego/local/Maruf/ASE/projects/closure-compiler/target/diffcov.log
[INFO] Using difFile: /lv_scratch/scratch/mondego/local/Maruf/ASE/projects/closure-compiler/.diffCache
[WARNING] Diff has gone untested: com/google/javascript/jscomp/J2clConstantHoisterPass has uncovered changes [133]
[WARNING] Diff has gone untested: com/google/javascript/refactoring/Matchers has uncovered changes [414, 419]
[WARNING] Diff has gone untested: com/google/javascript/jscomp/TypeMatchingStrategy$TypeMatchingStrategy has uncovered changes [87]
[WARNING] Diff has gone untested: com/google/javascript/rhino/testing/Asserts has uncovered changes [71, 82, 91, 92, 93, 100, 101, 102, 103, 105, 106, 107, 108]
[WARNING] Diff has gone untested: com/google/javascript/jscomp/InlineFunctions$Inline has uncovered changes [630]
[WARNING] Diff has gone untested: com/google/javascript/rhino/testing/BaseJSTypeTestCase has uncovered changes [384, 388]
[WARNING] Diff has gone untested: com/google/javascript/jscomp/ChangeVerifier has uncovered changes [161, 166, 234]
[WARNING] Diff has gone untested: com/google/javascript/rhino/jstype/ObjectType has uncovered changes [651]
[WARNING] Diff has gone untested: com/google/javascript/refactoring/Matchers$15 has uncovered changes [355]
[WARNING] Diff has gone untested: com/google/javascript/refactoring/Matchers$13 has uncovered changes [296, 297, 298]
[WARNING] Diff has gone untested: com/google/javascript/jscomp/TypedScopeCreatorTest has uncovered changes [1342, 1658, 1673, 1717, 1733, 2026, 2027, 2028, 2222, 2470, 2486, 3165, 3176, 3590]
[WARNING] Diff has gone untested: com/google/javascript/rhino/jstype/TemplatizedTypeTest has uncovered changes [68, 70, 71, 72, 73]
[WARNING] Diff has gone untested: com/google/javascript/jscomp/TypeInference has uncovered changes [1599, 2328]
[WARNING] Diff has gone untested: com/google/javascript/jscomp/type/ChainableReverseAbstractInterpreter$RestrictByTypeOfResultVisitor has uncovered changes [245]
[WARNING] Diff has gone untested: com/google/javascript/rhino/jstype/FunctionTypeTest has uncovered changes [415, 435, 436, 437, 455, 456]
[WARNING] Diff has gone untested: com/google/javascript/jscomp/ConformanceRules$BanCreateDom has uncovered changes [1956]
[WARNING] Diff has gone untested: com/google/javascript/jscomp/ClosureReverseAbstractInterpreterTest has uncovered changes [368, 376]
[WARNING] Diff has gone untested: com/google/javascript/jscomp/ConformanceRules$AbstractTypeRestrictionRule has uncovered changes [352]
[WARNING] Diff has gone untested: com/google/javascript/jscomp/TypedScopeCreator$AbstractScopeBuilder has uncovered changes [2187]
[WARNING] Diff has gone untested: com/google/javascript/jscomp/CompilerTypeTestCase has uncovered changes [193, 197]
[WARNING] Diff has gone untested: com/google/javascript/jscomp/TypeCheck has uncovered changes [2060, 2068, 2143, 2273]
[WARNING] Diff has gone untested: com/google/javascript/rhino/Node$TemplateLiteralSubstringNode has uncovered changes [506]
[WARNING] Diff has gone untested: com/google/javascript/rhino/jstype/RecordTypeTest has uncovered changes [131, 132, 134, 135]
[WARNING] Diff has gone untested: com/google/javascript/rhino/jstype/JSTypeTest has uncovered changes [3218, 3225, 3298, 4582, 4618, 4736, 4739, 4740, 5438, 5440, 5443, 5459, 5466, 5469, 5472, 6392]
[WARNING] Diff has gone untested: com/google/javascript/rhino/Node has uncovered changes [1955, 1973]
[WARNING] Diff has gone untested: com/google/javascript/jscomp/TypeInferenceTest has uncovered changes [299]
[WARNING] Diff has gone untested: com/google/javascript/rhino/jstype/TemplatizedType has uncovered changes [172, 200]
[WARNING] Diff has gone untested: com/google/javascript/rhino/jstype/UnionType$Builder has uncovered changes [779, 827]
[WARNING] Diff has gone untested: com/google/javascript/jscomp/LinkedFlowScope has uncovered changes [155]
[WARNING] Diff has gone untested: com/google/javascript/jscomp/ConformanceRules$RestrictedMethodCall has uncovered changes [997]
[WARNING] Diff has gone untested: com/google/javascript/rhino/JSDocInfoTest has uncovered changes [102, 121, 138, 172, 176, 193, 230, 264, 301, 309, 508, 510, 519, 525, 527, 550, 554, 558]
[WARNING] Diff has gone untested: com/google/javascript/rhino/jstype/JSType has uncovered changes [681, 682, 1066, 1105, 1110, 1112]
[WARNING] Diff has gone untested: com/google/javascript/rhino/jstype/SubtypeChecker has uncovered changes [230, 505, 506]
[WARNING] Diff has gone untested: com/google/javascript/rhino/jstype/JSTypeRegistry has uncovered changes [1077]
[WARNING] Diff has gone untested: com/google/javascript/jscomp/TypeTransformation has uncovered changes [423, 630, 687, 734]
[WARNING] Diff has gone untested: com/google/javascript/rhino/jstype/UnionTypeTest has uncovered changes [111, 112, 121, 134, 135, 136, 137, 148, 155, 163, 177, 179, 186, 194, 310, 316, 323]
[WARNING] Diff has gone untested: com/google/javascript/jscomp/ConformanceRules$BannedProperty has uncovered changes [653, 675]
[WARNING] Diff has gone untested: com/google/javascript/rhino/jstype/FunctionType has uncovered changes [790, 830, 863, 865, 899]
[WARNING] Diff has gone untested: com/google/javascript/jscomp/AstAnalyzer has uncovered changes [220]
[WARNING] Diff has gone untested: com/google/javascript/jscomp/TypeValidator has uncovered changes [732, 733, 776]
[WARNING] Diff has gone untested: com/google/javascript/rhino/jstype/SubtypeChecker$CacheKey has uncovered changes [771]
[WARNING] Diff has gone untested: com/google/javascript/rhino/jstype/EnumType has uncovered changes [134]
[WARNING] Diff has gone untested: com/google/javascript/rhino/jstype/RecordType has uncovered changes [148, 149, 184]
[WARNING] Diff has gone untested: com/google/javascript/rhino/jstype/UnionType has uncovered changes [444]
[WARNING] Diff has gone untested: com/google/javascript/rhino/jstype/JSTypeRegistryTest has uncovered changes [98, 104, 110, 116, 122, 128, 134, 140, 146, 165, 170]
[INFO] 
[INFO] --- maven-jar-plugin:3.0.2:jar (default-jar) @ closure-compiler ---
[INFO] Building jar: /lv_scratch/scratch/mondego/local/Maruf/ASE/projects/closure-compiler/target/closure-compiler-1.0-SNAPSHOT.jar
[INFO] 
[INFO] --- maven-shade-plugin:2.4.1:shade (default) @ closure-compiler ---
[INFO] Including com.google.javascript:closure-compiler-externs:jar:1.0-SNAPSHOT in the shaded jar.
[INFO] Including args4j:args4j:jar:2.0.26 in the shaded jar.
[INFO] Including com.google.errorprone:error_prone_annotations:jar:2.3.1 in the shaded jar.
[INFO] Including com.google.guava:guava:jar:25.1-jre in the shaded jar.
[INFO] Including org.checkerframework:checker-qual:jar:2.0.0 in the shaded jar.
[INFO] Including com.google.j2objc:j2objc-annotations:jar:1.1 in the shaded jar.
[INFO] Including org.codehaus.mojo:animal-sniffer-annotations:jar:1.14 in the shaded jar.
[INFO] Including com.google.protobuf:protobuf-java:jar:3.0.2 in the shaded jar.
[INFO] Including com.google.code.gson:gson:jar:2.7 in the shaded jar.
[INFO] Including com.google.code.findbugs:jsr305:jar:3.0.1 in the shaded jar.
[INFO] Including com.google.jsinterop:jsinterop-annotations:jar:1.0.2 in the shaded jar.
[INFO] Including com.google.jsinterop:base:jar:1.0.0 in the shaded jar.
[INFO] Including com.google.elemental2:elemental2-core:jar:1.0.0-RC1 in the shaded jar.
[INFO] Including com.google.re2j:re2j:jar:1.3 in the shaded jar.
[INFO] Minimizing jar com.google.javascript:closure-compiler:jar:1.0-SNAPSHOT
[INFO] Minimized 6693 -> 5249
[INFO] Replacing original artifact with shaded artifact.
[INFO] Replacing /lv_scratch/scratch/mondego/local/Maruf/ASE/projects/closure-compiler/target/closure-compiler-1.0-SNAPSHOT.jar with /lv_scratch/scratch/mondego/local/Maruf/ASE/projects/closure-compiler/target/closure-compiler-1.0-SNAPSHOT-shaded.jar
[INFO] Dependency-reduced POM written at: /lv_scratch/scratch/mondego/local/Maruf/ASE/projects/closure-compiler/dependency-reduced-pom.xml
[INFO] Dependency-reduced POM written at: /lv_scratch/scratch/mondego/local/Maruf/ASE/projects/closure-compiler/dependency-reduced-pom.xml
[INFO] 
[INFO] --- maven-source-plugin:3.0.1:jar-no-fork (attach-sources) @ closure-compiler ---
[INFO] Building jar: /lv_scratch/scratch/mondego/local/Maruf/ASE/projects/closure-compiler/target/closure-compiler-1.0-SNAPSHOT-sources.jar
[INFO] ------------------------------------------------------------------------
[INFO] Reactor Summary:
[INFO] 
[INFO] Closure Compiler Parent ............................ SUCCESS [  0.002 s]
[INFO] Closure Compiler Externs ........................... SUCCESS [  3.799 s]
[INFO] Closure Compiler GWT App ........................... FAILURE [ 48.195 s]
[INFO] Closure Compiler Main .............................. SUCCESS [  0.817 s]
[INFO] Closure Compiler Linter ............................ SUCCESS [ 41.880 s]
[INFO] Closure Compiler Unshaded .......................... SUCCESS [02:14 min]
[INFO] Closure Compiler ................................... SUCCESS [ 36.759 s]
[INFO] ------------------------------------------------------------------------
[INFO] BUILD FAILURE
[INFO] ------------------------------------------------------------------------
[INFO] Total time: 04:28 min
[INFO] Finished at: 2020-04-09T20:20:12-07:00
[INFO] Final Memory: 93M/4862M
[INFO] ------------------------------------------------------------------------
[ERROR] Failed to execute goal net.ltgt.gwt.maven:gwt-maven-plugin:1.0-rc-6:compile (default-compile) on project closure-compiler-gwt: GWT Compiler exited with status 1 -> [Help 1]
[ERROR] 
[ERROR] To see the full stack trace of the errors, re-run Maven with the -e switch.
[ERROR] Re-run Maven using the -X switch to enable full debug logging.
[ERROR] 
[ERROR] For more information about the errors and possible solutions, please read the following articles:
[ERROR] [Help 1] http://cwiki.apache.org/confluence/display/MAVEN/MojoExecutionException
[ERROR] 
[ERROR] After correcting the problems, you can resume the build with the command
[ERROR]   mvn <goals> -rf :closure-compiler-gwt
