[INFO] Scanning for projects...
[WARNING] The POM for commons-io:commons-io:jar:1.4 is invalid, transitive dependencies (if any) will not be available, enable debug logging for more details
Downloading: https://oss.sonatype.org/content/repositories/snapshots/net/openhft/chronicle-bom/2.17-SNAPSHOT/maven-metadata.xml
605/605 B               Downloaded: https://oss.sonatype.org/content/repositories/snapshots/net/openhft/chronicle-bom/2.17-SNAPSHOT/maven-metadata.xml (605 B at 1.0 KB/sec)
Deflaker, version 1.5-SNAPSHOT loading...
Warning: Deflaker disabling incompatible org.apache.maven.plugins:maven-enforcer-plugin from chronicle-map
[INFO]                                                                         
[INFO] ------------------------------------------------------------------------
[INFO] Building OpenHFT/Chronicle-Map 3.17.3-SNAPSHOT
[INFO] ------------------------------------------------------------------------
Downloading: https://oss.sonatype.org/content/repositories/snapshots/org/apache/maven/plugins/maven-install-plugin/maven-metadata.xml
            Downloading: https://oss.sonatype.org/content/repositories/snapshots/org/deflaker/deflaker-test-listener/1.5-SNAPSHOT/maven-metadata.xml
2/2 KB               Downloaded: https://oss.sonatype.org/content/repositories/snapshots/org/deflaker/deflaker-test-listener/1.5-SNAPSHOT/maven-metadata.xml (2 KB at 5.0 KB/sec)
Downloading: https://oss.sonatype.org/content/repositories/snapshots/org/deflaker/deflaker-agent-bootpath/1.5-SNAPSHOT/maven-metadata.xml
2/2 KB            Downloaded: https://oss.sonatype.org/content/repositories/snapshots/org/deflaker/deflaker-agent-bootpath/1.5-SNAPSHOT/maven-metadata.xml (2 KB at 11.9 KB/sec)
[INFO] 
[INFO] --- depends-maven-plugin:1.4.0:generate-depends-file (generate-depends-file) @ chronicle-map ---
[INFO] Created: /lv_scratch/scratch/mondego/local/Maruf/ASE/projects/Chronicle-Map/target/classes/META-INF/maven/dependencies.properties
[INFO] 
[INFO] --- maven-resources-plugin:3.1.0:resources (default-resources) @ chronicle-map ---
[INFO] Using 'UTF-8' encoding to copy filtered resources.
[INFO] Copying 1 resource
[INFO] Copying 0 resource
[INFO] 
[INFO] --- maven-compiler-plugin:3.8.0:compile (default-compile) @ chronicle-map ---
[INFO] Compiling 7 source files to /lv_scratch/scratch/mondego/local/Maruf/ASE/projects/Chronicle-Map/target/classes
[INFO] 
[INFO] --- maven-bundle-plugin:3.5.0:manifest (default) @ chronicle-map ---
[INFO] 
[INFO] --- maven-resources-plugin:3.1.0:testResources (default-testResources) @ chronicle-map ---
[INFO] Using 'UTF-8' encoding to copy filtered resources.
[INFO] Copying 5 resources
[INFO] 
[INFO] --- deflaker-maven-plugin:1.5-SNAPSHOT:diff (deflaker-diff) @ chronicle-map ---
/lv_scratch/scratch/mondego/local/Maruf/ASE/projects/Chronicle-Map/.git DIFF'ing to HEAD
[ERROR] fatal: Invalid path '/pkg/git/2.13.1/etc': No such file or directory

Diff'ing 5ffa150fdbfb48a8ef081bfbfece178acb1dd544 against: 19ee2d27460c385b8ba6d632f2a5bd185011f32d
net/openhft/chronicle/set/ChronicleSetBuilder : [Edit [start=361, end=366]]
	 Methods to watch:[]
net/openhft/chronicle/set/ChronicleSetBuilder$1 : []
	 Methods to watch:[]
net/openhft/chronicle/set/ChronicleSetBuilderPrivateAPI$1 : []
	 Methods to watch:[]
net/openhft/chronicle/set/ChronicleSetBuilderPrivateAPI : [Edit [start=141, end=145]]
	 Methods to watch:[]
net/openhft/chronicle/map/ExitHookTest : [Edit [start=20, end=20], Edit [start=31, end=31], Edit [start=34, end=34], Edit [start=39, end=39], Edit [start=41, end=41], Edit [start=47, end=53], Edit [start=55, end=57], Edit [start=59, end=99], Edit [start=134, end=134], Edit [start=137, end=137], Edit [start=147, end=147], Edit [start=159, end=190], Edit [start=197, end=197], Edit [start=207, end=207]]
	 Methods to watch:[]
net/openhft/chronicle/map/ChronicleMapBuilder$ChecksumEntries : []
	 Methods to watch:[]
net/openhft/chronicle/hash/impl/VanillaChronicleHash$TierBulkData : []
	 Methods to watch:[]
net/openhft/chronicle/map/ChronicleMapBuilder$EntrySizeInfo : []
	 Methods to watch:[]
net/openhft/chronicle/hash/ChronicleHashBuilder : [Edit [start=766, end=776]]
	 Methods to watch:[]
net/openhft/chronicle/hash/ChronicleHashBuilderPrivateAPI : [Edit [start=100, end=104]]
	 Methods to watch:[]
net/openhft/chronicle/map/ChronicleMapBuilder : [Edit [start=184, end=184], Edit [start=1612, end=1617]]
	 Methods to watch:[]
net/openhft/chronicle/map/ChronicleMapBuilderPrivateAPI : [Edit [start=123, end=127]]
	 Methods to watch:[]
net/openhft/chronicle/map/ChronicleMapBuilder$FileIOAction : []
	 Methods to watch:[]
net/openhft/chronicle/hash/impl/VanillaChronicleHash$Identity : []
	 Methods to watch:[]
net/openhft/chronicle/hash/impl/VanillaChronicleHash : [Edit [start=129, end=129], Edit [start=215, end=215], Edit [start=481, end=483], Edit [start=671, end=673]]
	 Methods to watch:[]
[INFO] 
[INFO] --- maven-compiler-plugin:3.8.0:testCompile (default-testCompile) @ chronicle-map ---
[INFO] Compiling 130 source files to /lv_scratch/scratch/mondego/local/Maruf/ASE/projects/Chronicle-Map/target/test-classes
[INFO] -------------------------------------------------------------
[WARNING] COMPILATION WARNING : 
[INFO] -------------------------------------------------------------
[WARNING] /lv_scratch/scratch/mondego/local/Maruf/ASE/projects/Chronicle-Map/src/test/java/net/openhft/chronicle/map/utility/ProcessInstanceLimiter.java:[19,28] net.openhft.affinity.AffinitySupport in net.openhft.affinity has been deprecated
[WARNING] /lv_scratch/scratch/mondego/local/Maruf/ASE/projects/Chronicle-Map/src/test/java/net/openhft/lang/values/MovingAverageArray.java:[25,34] net.openhft.chronicle.wire.AbstractBytesMarshallable in net.openhft.chronicle.wire has been deprecated
[WARNING] /lv_scratch/scratch/mondego/local/Maruf/ASE/projects/Chronicle-Map/src/test/java/net/openhft/lang/values/MovingAverageCompact.java:[21,34] net.openhft.chronicle.wire.AbstractBytesMarshallable in net.openhft.chronicle.wire has been deprecated
[WARNING] /lv_scratch/scratch/mondego/local/Maruf/ASE/projects/Chronicle-Map/src/test/java/net/openhft/chronicle/map/AbstractMarshallableKeyValueTest.java:[19,34] net.openhft.chronicle.wire.AbstractMarshallable in net.openhft.chronicle.wire has been deprecated
[WARNING] /lv_scratch/scratch/mondego/local/Maruf/ASE/projects/Chronicle-Map/src/test/java/net/openhft/chronicle/map/fromdocs/pingpong_latency/PingPongCASLeft.java:[19,28] net.openhft.affinity.AffinitySupport in net.openhft.affinity has been deprecated
[WARNING] /lv_scratch/scratch/mondego/local/Maruf/ASE/projects/Chronicle-Map/src/test/java/eg/BigData.java:[19,28] net.openhft.affinity.AffinitySupport in net.openhft.affinity has been deprecated
[WARNING] /lv_scratch/scratch/mondego/local/Maruf/ASE/projects/Chronicle-Map/src/test/java/net/openhft/chronicle/map/utility/ProcessInstanceLimiter.java:[19,28] net.openhft.affinity.AffinitySupport in net.openhft.affinity has been deprecated
[WARNING] /lv_scratch/scratch/mondego/local/Maruf/ASE/projects/Chronicle-Map/src/test/java/net/openhft/lang/values/MovingAverageArray.java:[25,34] net.openhft.chronicle.wire.AbstractBytesMarshallable in net.openhft.chronicle.wire has been deprecated
[WARNING] /lv_scratch/scratch/mondego/local/Maruf/ASE/projects/Chronicle-Map/src/test/java/net/openhft/lang/values/MovingAverageCompact.java:[21,34] net.openhft.chronicle.wire.AbstractBytesMarshallable in net.openhft.chronicle.wire has been deprecated
[WARNING] /lv_scratch/scratch/mondego/local/Maruf/ASE/projects/Chronicle-Map/src/test/java/net/openhft/chronicle/map/AbstractMarshallableKeyValueTest.java:[19,34] net.openhft.chronicle.wire.AbstractMarshallable in net.openhft.chronicle.wire has been deprecated
[WARNING] /lv_scratch/scratch/mondego/local/Maruf/ASE/projects/Chronicle-Map/src/test/java/net/openhft/chronicle/map/fromdocs/pingpong_latency/PingPongCASLeft.java:[19,28] net.openhft.affinity.AffinitySupport in net.openhft.affinity has been deprecated
[WARNING] /lv_scratch/scratch/mondego/local/Maruf/ASE/projects/Chronicle-Map/src/test/java/eg/BigData.java:[19,28] net.openhft.affinity.AffinitySupport in net.openhft.affinity has been deprecated
[INFO] 12 warnings 
[INFO] -------------------------------------------------------------
[INFO] -------------------------------------------------------------
[ERROR] COMPILATION ERROR : 
[INFO] -------------------------------------------------------------
[ERROR] /lv_scratch/scratch/mondego/local/Maruf/ASE/projects/Chronicle-Map/src/test/java/net/openhft/chronicle/map/perf/MapJLBHTest.java:[24,39] package net.openhft.chronicle.core.jlbh does not exist
[ERROR] /lv_scratch/scratch/mondego/local/Maruf/ASE/projects/Chronicle-Map/src/test/java/net/openhft/chronicle/map/perf/MapJLBHTest.java:[25,39] package net.openhft.chronicle.core.jlbh does not exist
[ERROR] /lv_scratch/scratch/mondego/local/Maruf/ASE/projects/Chronicle-Map/src/test/java/net/openhft/chronicle/map/perf/MapJLBHTest.java:[26,39] package net.openhft.chronicle.core.jlbh does not exist
[ERROR] /lv_scratch/scratch/mondego/local/Maruf/ASE/projects/Chronicle-Map/src/test/java/net/openhft/chronicle/map/perf/MapJLBHTest.java:[37,37] cannot find symbol
  symbol: class JLBHTask
[ERROR] /lv_scratch/scratch/mondego/local/Maruf/ASE/projects/Chronicle-Map/src/test/java/net/openhft/chronicle/map/perf/MapJLBHTest.java:[60,22] cannot find symbol
  symbol:   class JLBH
  location: class net.openhft.chronicle.map.perf.MapJLBHTest
[INFO] 5 errors 
[INFO] -------------------------------------------------------------
[INFO] ------------------------------------------------------------------------
[INFO] BUILD FAILURE
[INFO] ------------------------------------------------------------------------
[INFO] Total time: 11.142 s
[INFO] Finished at: 2020-04-09T18:25:30-07:00
[INFO] Final Memory: 72M/2099M
[INFO] ------------------------------------------------------------------------
[ERROR] Failed to execute goal org.apache.maven.plugins:maven-compiler-plugin:3.8.0:testCompile (default-testCompile) on project chronicle-map: Compilation failure: Compilation failure:
[ERROR] /lv_scratch/scratch/mondego/local/Maruf/ASE/projects/Chronicle-Map/src/test/java/net/openhft/chronicle/map/perf/MapJLBHTest.java:[24,39] package net.openhft.chronicle.core.jlbh does not exist
[ERROR] /lv_scratch/scratch/mondego/local/Maruf/ASE/projects/Chronicle-Map/src/test/java/net/openhft/chronicle/map/perf/MapJLBHTest.java:[25,39] package net.openhft.chronicle.core.jlbh does not exist
[ERROR] /lv_scratch/scratch/mondego/local/Maruf/ASE/projects/Chronicle-Map/src/test/java/net/openhft/chronicle/map/perf/MapJLBHTest.java:[26,39] package net.openhft.chronicle.core.jlbh does not exist
[ERROR] /lv_scratch/scratch/mondego/local/Maruf/ASE/projects/Chronicle-Map/src/test/java/net/openhft/chronicle/map/perf/MapJLBHTest.java:[37,37] cannot find symbol
[ERROR] symbol: class JLBHTask
[ERROR] /lv_scratch/scratch/mondego/local/Maruf/ASE/projects/Chronicle-Map/src/test/java/net/openhft/chronicle/map/perf/MapJLBHTest.java:[60,22] cannot find symbol
[ERROR] symbol:   class JLBH
[ERROR] location: class net.openhft.chronicle.map.perf.MapJLBHTest
[ERROR] -> [Help 1]
[ERROR] 
[ERROR] To see the full stack trace of the errors, re-run Maven with the -e switch.
[ERROR] Re-run Maven using the -X switch to enable full debug logging.
[ERROR] 
[ERROR] For more information about the errors and possible solutions, please read the following articles:
[ERROR] [Help 1] http://cwiki.apache.org/confluence/display/MAVEN/MojoFailureException
