[INFO] Scanning for projects...
[WARNING] The POM for commons-io:commons-io:jar:1.4 is invalid, transitive dependencies (if any) will not be available, enable debug logging for more details
Deflaker, version 1.5-SNAPSHOT loading...
Warning: Deflaker disabling incompatible org.apache.maven.plugins:maven-enforcer-plugin from closure-compiler-parent
Warning: Deflaker disabling incompatible org.apache.maven.plugins:maven-enforcer-plugin from closure-compiler-externs
Warning: Deflaker disabling incompatible org.apache.maven.plugins:maven-enforcer-plugin from closure-compiler-gwt
Warning: Deflaker disabling incompatible org.apache.maven.plugins:maven-enforcer-plugin from closure-compiler-main
Warning: Deflaker disabling incompatible org.apache.maven.plugins:maven-enforcer-plugin from closure-compiler-linter
Warning: Deflaker disabling incompatible org.apache.maven.plugins:maven-enforcer-plugin from closure-compiler-unshaded
Warning: Deflaker disabling incompatible org.apache.maven.plugins:maven-enforcer-plugin from closure-compiler
[INFO] ------------------------------------------------------------------------
[INFO] Reactor Build Order:
[INFO] 
[INFO] Closure Compiler Parent
[INFO] Closure Compiler Externs
[INFO] Closure Compiler GWT App
[INFO] Closure Compiler Main
[INFO] Closure Compiler Linter
[INFO] Closure Compiler Unshaded
[INFO] Closure Compiler
[INFO]                                                                         
[INFO] ------------------------------------------------------------------------
[INFO] Building Closure Compiler Parent 1.0-SNAPSHOT
[INFO] ------------------------------------------------------------------------
[INFO]                                                                         
[INFO] ------------------------------------------------------------------------
[INFO] Building Closure Compiler Externs 1.0-SNAPSHOT
[INFO] ------------------------------------------------------------------------
[INFO] 
[INFO] --- maven-antrun-plugin:1.8:run (default) @ closure-compiler-externs ---
[WARNING] Parameter tasks is deprecated, use target instead
[INFO] Executing tasks

main:
      [zip] Building zip: /lv_scratch/scratch/mondego/local/Maruf/ASE/projects/closure-compiler/target/classes/externs.zip
[INFO] Executed tasks
[INFO] 
[INFO] --- maven-resources-plugin:3.0.1:resources (default-resources) @ closure-compiler-externs ---
[INFO] Using 'UTF-8' encoding to copy filtered resources.
[INFO] skip non existing resourceDirectory /lv_scratch/scratch/mondego/local/Maruf/ASE/projects/closure-compiler/externs/target/generated-resources
[INFO] 
[INFO] --- maven-compiler-plugin:3.5.1:compile (default-compile) @ closure-compiler-externs ---
[INFO] No sources to compile
[INFO] 
[INFO] --- maven-resources-plugin:3.0.1:testResources (default-testResources) @ closure-compiler-externs ---
[INFO] Using 'UTF-8' encoding to copy filtered resources.
[INFO] skip non existing resourceDirectory /lv_scratch/scratch/mondego/local/Maruf/ASE/projects/closure-compiler/externs/src/test/resources
[INFO] 
[INFO] --- deflaker-maven-plugin:1.5-SNAPSHOT:diff (deflaker-diff) @ closure-compiler-externs ---
/lv_scratch/scratch/mondego/local/Maruf/ASE/projects/closure-compiler/.git DIFF'ing to HEAD
[ERROR] fatal: Invalid path '/pkg/git/2.13.1/etc': No such file or directory

Diff'ing a665b7aa4f8bd86117f5633b9d2b3c1e61559389 against: 165e45543a2a6430e8f54d2212884ef6a2603929
com/google/javascript/rhino/jstype/EqualityChecker : [Edit [start=349, end=349], Edit [start=351, end=353], Edit [start=356, end=367], Edit [start=377, end=377]]
	 Methods to watch:[]
com/google/javascript/rhino/jstype/EqualityChecker$EqMethod : []
	 Methods to watch:[]
com/google/javascript/rhino/jstype/EqualityChecker$CacheKey : [Edit [start=416, end=416], Edit [start=418, end=421], Edit [start=433, end=434], Edit [start=436, end=445], Edit [start=448, end=449], Edit [start=451, end=456], Edit [start=458, end=458]]
	 Methods to watch:[]
[INFO] 
[INFO] --- maven-compiler-plugin:3.5.1:testCompile (default-testCompile) @ closure-compiler-externs ---
[INFO] No sources to compile
[INFO] 
[INFO] --- maven-surefire-plugin:2.19.1:test (default-test) @ closure-compiler-externs ---
[INFO] No tests to run.
[INFO] 
[INFO] --- maven-surefire-plugin:2.19.1:test (default-test-rerunfailures) @ closure-compiler-externs ---
[INFO] No tests to run.
[INFO] 
[INFO] --- deflaker-maven-plugin:1.5-SNAPSHOT:report (deflaker-report-tests) @ closure-compiler-externs ---
[INFO] ------------------------------------------------------------------------
[INFO] TEST DIFFCOV ANALYSIS
[INFO] Closure Compiler Externsclosure-compiler-externs
[INFO] ------------------------------------------------------------------------
[INFO] Using covFile: /lv_scratch/scratch/mondego/local/Maruf/ASE/projects/closure-compiler/externs/target/diffcov.log
[INFO] Using difFile: /lv_scratch/scratch/mondego/local/Maruf/ASE/projects/closure-compiler/.diffCache
[INFO] No test data found
[INFO] 
[INFO] --- maven-jar-plugin:3.0.2:jar (default-jar) @ closure-compiler-externs ---
[INFO] Building jar: /lv_scratch/scratch/mondego/local/Maruf/ASE/projects/closure-compiler/externs/target/closure-compiler-externs-1.0-SNAPSHOT.jar
[INFO]                                                                         
[INFO] ------------------------------------------------------------------------
[INFO] Building Closure Compiler GWT App 1.0-SNAPSHOT
[INFO] ------------------------------------------------------------------------
[INFO] 
[INFO] --- gwt-maven-plugin:1.0-rc-6:enforce-encoding (default-enforce-encoding) @ closure-compiler-gwt ---
[INFO] 
[INFO] --- gwt-maven-plugin:1.0-rc-6:add-super-sources (default-add-super-sources) @ closure-compiler-gwt ---
[INFO] 
[INFO] --- gwt-maven-plugin:1.0-rc-6:add-test-super-sources (default-add-test-super-sources) @ closure-compiler-gwt ---
[INFO] 
[INFO] --- build-helper-maven-plugin:1.12:add-source (add-source) @ closure-compiler-gwt ---
[INFO] Source directory: /lv_scratch/scratch/mondego/local/Maruf/ASE/projects/closure-compiler/gen added.
[INFO] 
[INFO] --- gwt-maven-plugin:1.0-rc-6:generate-module (default-generate-module) @ closure-compiler-gwt ---
[INFO] 
[INFO] --- maven-resources-plugin:3.0.1:resources (default-resources) @ closure-compiler-gwt ---
[INFO] Using 'UTF-8' encoding to copy filtered resources.
[INFO] Copying 157 resources
[INFO] skip non existing resourceDirectory /lv_scratch/scratch/mondego/local/Maruf/ASE/projects/closure-compiler/src/main/super
[INFO] 
[INFO] --- maven-resources-plugin:3.0.1:copy-resources (rhino_ast-custom) @ closure-compiler-gwt ---
[INFO] Using 'UTF-8' encoding to copy filtered resources.
[INFO] Copying 1 resource to /lv_scratch/scratch/mondego/local/Maruf/ASE/projects/closure-compiler/target/classes
[INFO] 
[INFO] --- maven-compiler-plugin:3.5.1:compile (default-compile) @ closure-compiler-gwt ---
[INFO] Changes detected - recompiling the module!
[INFO] Compiling 754 source files to /lv_scratch/scratch/mondego/local/Maruf/ASE/projects/closure-compiler/target/classes
[WARNING] /lv_scratch/scratch/mondego/local/Maruf/ASE/projects/closure-compiler/src/com/google/javascript/jscomp/ant/AntErrorManager.java:[19,35] [deprecation] BasicErrorManager in com.google.javascript.jscomp has been deprecated
[WARNING] /lv_scratch/scratch/mondego/local/Maruf/ASE/projects/closure-compiler/src/com/google/javascript/refactoring/FixingErrorManager.java:[30,35] [deprecation] BasicErrorManager in com.google.javascript.jscomp has been deprecated
[WARNING] /lv_scratch/scratch/mondego/local/Maruf/ASE/projects/closure-compiler/src/com/google/javascript/jscomp/ant/AntErrorManager.java:[19,35] [deprecation] BasicErrorManager in com.google.javascript.jscomp has been deprecated
[WARNING] /lv_scratch/scratch/mondego/local/Maruf/ASE/projects/closure-compiler/src/com/google/javascript/refactoring/FixingErrorManager.java:[30,35] [deprecation] BasicErrorManager in com.google.javascript.jscomp has been deprecated
[WARNING] /lv_scratch/scratch/mondego/local/Maruf/ASE/projects/closure-compiler/src/com/google/javascript/jscomp/ant/AntErrorManager.java:[19,35] [deprecation] BasicErrorManager in com.google.javascript.jscomp has been deprecated
[WARNING] /lv_scratch/scratch/mondego/local/Maruf/ASE/projects/closure-compiler/src/com/google/javascript/refactoring/FixingErrorManager.java:[30,35] [deprecation] BasicErrorManager in com.google.javascript.jscomp has been deprecated
[WARNING] /lv_scratch/scratch/mondego/local/Maruf/ASE/projects/closure-compiler/src/com/google/javascript/jscomp/ant/AntErrorManager.java:[19,35] [deprecation] BasicErrorManager in com.google.javascript.jscomp has been deprecated
[WARNING] /lv_scratch/scratch/mondego/local/Maruf/ASE/projects/closure-compiler/src/com/google/javascript/refactoring/FixingErrorManager.java:[30,35] [deprecation] BasicErrorManager in com.google.javascript.jscomp has been deprecated
[WARNING] /lv_scratch/scratch/mondego/local/Maruf/ASE/projects/closure-compiler/src/com/google/javascript/jscomp/parsing/parser/Scanner.java:[964,8] [fallthrough] possible fall-through into case
[WARNING] /lv_scratch/scratch/mondego/local/Maruf/ASE/projects/closure-compiler/src/com/google/javascript/jscomp/CompilerInput.java:[397,14] [fallthrough] possible fall-through into case
[WARNING] /lv_scratch/scratch/mondego/local/Maruf/ASE/projects/closure-compiler/gen/com/google/javascript/jscomp/ConformanceConfig.java:[59,74] [deprecation] PARSER in Requirement has been deprecated
[WARNING] /lv_scratch/scratch/mondego/local/Maruf/ASE/projects/closure-compiler/src/com/google/javascript/jscomp/NodeUtil.java:[3087,6] [fallthrough] possible fall-through into case
[WARNING] /lv_scratch/scratch/mondego/local/Maruf/ASE/projects/closure-compiler/src/com/google/javascript/jscomp/NodeUtil.java:[3181,6] [fallthrough] possible fall-through into case
[WARNING] /lv_scratch/scratch/mondego/local/Maruf/ASE/projects/closure-compiler/src/com/google/javascript/jscomp/ClosureCheckModule.java:[269,6] [fallthrough] possible fall-through into case
[WARNING] /lv_scratch/scratch/mondego/local/Maruf/ASE/projects/closure-compiler/src/com/google/javascript/jscomp/TypeCheck.java:[840,6] [fallthrough] possible fall-through into case
[WARNING] /lv_scratch/scratch/mondego/local/Maruf/ASE/projects/closure-compiler/src/com/google/javascript/jscomp/ExpressionDecomposer.java:[204,12] [fallthrough] possible fall-through into case
[WARNING] /lv_scratch/scratch/mondego/local/Maruf/ASE/projects/closure-compiler/src/com/google/javascript/jscomp/ExpressionDecomposer.java:[786,8] [fallthrough] possible fall-through into case
[WARNING] /lv_scratch/scratch/mondego/local/Maruf/ASE/projects/closure-compiler/src/com/google/javascript/jscomp/ExpressionDecomposer.java:[984,6] [fallthrough] possible fall-through into case
[WARNING] /lv_scratch/scratch/mondego/local/Maruf/ASE/projects/closure-compiler/src/com/google/javascript/jscomp/deps/JsFileFullParser.java:[133,16] [deprecation] BasicErrorManager in com.google.javascript.jscomp has been deprecated
[WARNING] /lv_scratch/scratch/mondego/local/Maruf/ASE/projects/closure-compiler/src/com/google/javascript/rhino/dtoa/DToA.java:[450,6] [fallthrough] possible fall-through into case
[WARNING] /lv_scratch/scratch/mondego/local/Maruf/ASE/projects/closure-compiler/src/com/google/javascript/rhino/dtoa/DToA.java:[457,6] [fallthrough] possible fall-through into case
[WARNING] /lv_scratch/scratch/mondego/local/Maruf/ASE/projects/closure-compiler/src/com/google/javascript/rhino/dtoa/DToA.java:[975,8] [fallthrough] possible fall-through into case
[WARNING] /lv_scratch/scratch/mondego/local/Maruf/ASE/projects/closure-compiler/src/com/google/javascript/jscomp/Compiler.java:[359,13] [deprecation] setUseTypesForOptimization(boolean) in CompilerOptions has been deprecated
[WARNING] /lv_scratch/scratch/mondego/local/Maruf/ASE/projects/closure-compiler/src/com/google/javascript/jscomp/Compiler.java:[484,15] [deprecation] brokenClosureRequiresLevel in CompilerOptions has been deprecated
[WARNING] /lv_scratch/scratch/mondego/local/Maruf/ASE/projects/closure-compiler/src/com/google/javascript/jscomp/DefaultPassConfig.java:[1322,27] [deprecation] brokenClosureRequiresLevel in CompilerOptions has been deprecated
[WARNING] /lv_scratch/scratch/mondego/local/Maruf/ASE/projects/closure-compiler/src/com/google/javascript/jscomp/parsing/IRFactory.java:[3366,8] [fallthrough] possible fall-through into case
[WARNING] /lv_scratch/scratch/mondego/local/Maruf/ASE/projects/closure-compiler/src/com/google/javascript/jscomp/parsing/JsDocInfoParser.java:[57,17] [deprecation] javaLetterOrDigit() in CharMatcher has been deprecated
[WARNING] /lv_scratch/scratch/mondego/local/Maruf/ASE/projects/closure-compiler/src/com/google/javascript/jscomp/LoggerErrorManager.java:[29,46] [deprecation] BasicErrorManager in com.google.javascript.jscomp has been deprecated
[WARNING] /lv_scratch/scratch/mondego/local/Maruf/ASE/projects/closure-compiler/src/com/google/javascript/jscomp/ijs/ConvertToTypedInterface.java:[209,8] [fallthrough] possible fall-through into case
[WARNING] /lv_scratch/scratch/mondego/local/Maruf/ASE/projects/closure-compiler/src/com/google/javascript/jscomp/FindExportableNodes.java:[157,6] [fallthrough] possible fall-through into case
[WARNING] /lv_scratch/scratch/mondego/local/Maruf/ASE/projects/closure-compiler/src/com/google/javascript/jscomp/ant/CompileTask.java:[449,31] [deprecation] pruneLegacyForEntryPoints(Iterable<ModuleIdentifier>) in DependencyOptions has been deprecated
[WARNING] /lv_scratch/scratch/mondego/local/Maruf/ASE/projects/closure-compiler/src/com/google/javascript/jscomp/ant/CompileTask.java:[541,27] [deprecation] pruneLegacyForEntryPoints(Iterable<ModuleIdentifier>) in DependencyOptions has been deprecated
[WARNING] /lv_scratch/scratch/mondego/local/Maruf/ASE/projects/closure-compiler/src/com/google/javascript/jscomp/AnalyzePrototypeProperties.java:[305,8] [fallthrough] possible fall-through into case
[WARNING] /lv_scratch/scratch/mondego/local/Maruf/ASE/projects/closure-compiler/gen/com/google/javascript/jscomp/FunctionInformationMap.java:[2102,12] [deprecation] writeGroup(int,MessageLite) in CodedOutputStream has been deprecated
[WARNING] /lv_scratch/scratch/mondego/local/Maruf/ASE/projects/closure-compiler/gen/com/google/javascript/jscomp/FunctionInformationMap.java:[2105,12] [deprecation] writeGroup(int,MessageLite) in CodedOutputStream has been deprecated
[WARNING] /lv_scratch/scratch/mondego/local/Maruf/ASE/projects/closure-compiler/gen/com/google/javascript/jscomp/FunctionInformationMap.java:[2118,8] [deprecation] computeGroupSize(int,MessageLite) in CodedOutputStream has been deprecated
[WARNING] /lv_scratch/scratch/mondego/local/Maruf/ASE/projects/closure-compiler/gen/com/google/javascript/jscomp/FunctionInformationMap.java:[2122,8] [deprecation] computeGroupSize(int,MessageLite) in CodedOutputStream has been deprecated
[WARNING] /lv_scratch/scratch/mondego/local/Maruf/ASE/projects/closure-compiler/src/com/google/javascript/jscomp/AstValidator.java:[215,6] [fallthrough] possible fall-through into case
[WARNING] /lv_scratch/scratch/mondego/local/Maruf/ASE/projects/closure-compiler/src/com/google/javascript/jscomp/CheckJSDoc.java:[253,16] [deprecation] containsFunctionDeclaration() in JSDocInfo has been deprecated
[WARNING] /lv_scratch/scratch/mondego/local/Maruf/ASE/projects/closure-compiler/src/com/google/javascript/jscomp/CheckJSDoc.java:[434,12] [deprecation] containsFunctionDeclaration() in JSDocInfo has been deprecated
[WARNING] /lv_scratch/scratch/mondego/local/Maruf/ASE/projects/closure-compiler/src/com/google/javascript/jscomp/ControlFlowAnalysis.java:[811,6] [fallthrough] possible fall-through into case
[WARNING] /lv_scratch/scratch/mondego/local/Maruf/ASE/projects/closure-compiler/src/com/google/javascript/jscomp/ant/AntErrorManager.java:[32,12] [deprecation] BasicErrorManager in com.google.javascript.jscomp has been deprecated
[WARNING] /lv_scratch/scratch/mondego/local/Maruf/ASE/projects/closure-compiler/src/com/google/javascript/jscomp/Normalize.java:[230,23] [deprecation] isConstantByConvention(CodingConvention,Node) in NodeUtil has been deprecated
[WARNING] /lv_scratch/scratch/mondego/local/Maruf/ASE/projects/closure-compiler/src/com/google/javascript/jscomp/Normalize.java:[283,25] [deprecation] isConstantByConvention(CodingConvention,Node) in NodeUtil has been deprecated
[WARNING] /lv_scratch/scratch/mondego/local/Maruf/ASE/projects/closure-compiler/src/com/google/javascript/jscomp/Normalize.java:[417,23] [deprecation] isConstantByConvention(CodingConvention,Node) in NodeUtil has been deprecated
[WARNING] /lv_scratch/scratch/mondego/local/Maruf/ASE/projects/closure-compiler/src/com/google/javascript/refactoring/RefactoringDriver.java:[99,11] [deprecation] setBrokenClosureRequiresLevel(CheckLevel) in CompilerOptions has been deprecated
[WARNING] /lv_scratch/scratch/mondego/local/Maruf/ASE/projects/closure-compiler/src/com/google/javascript/jscomp/parsing/parser/util/format/SimpleFormat.java:[439,8] [fallthrough] possible fall-through into case
[WARNING] /lv_scratch/scratch/mondego/local/Maruf/ASE/projects/closure-compiler/src/com/google/javascript/jscomp/ReplaceStrings.java:[431,6] [fallthrough] possible fall-through into case
[WARNING] /lv_scratch/scratch/mondego/local/Maruf/ASE/projects/closure-compiler/src/com/google/javascript/jscomp/StripCode.java:[411,10] [fallthrough] possible fall-through into case
[WARNING] /lv_scratch/scratch/mondego/local/Maruf/ASE/projects/closure-compiler/src/com/google/javascript/refactoring/FixingErrorManager.java:[42,40] [deprecation] BasicErrorManager in com.google.javascript.jscomp has been deprecated
[WARNING] /lv_scratch/scratch/mondego/local/Maruf/ASE/projects/closure-compiler/src/com/google/javascript/jscomp/PureFunctionIdentifier.java:[733,8] [fallthrough] possible fall-through into case
[INFO] 
[INFO] --- gwt-maven-plugin:1.0-rc-6:import-sources (default-import-sources) @ closure-compiler-gwt ---
[INFO] /lv_scratch/scratch/mondego/local/Maruf/ASE/projects/closure-compiler/src/ already added as a resource folder; skipping.
[INFO] Using 'UTF-8' encoding to copy filtered resources.
[INFO] Copying 993 resources
[INFO] Copying 12 resources
[INFO] Copying 28 resources
[INFO] 
[INFO] --- build-helper-maven-plugin:1.12:add-test-source (add-test-source) @ closure-compiler-gwt ---
[INFO] Test Source directory: /lv_scratch/scratch/mondego/local/Maruf/ASE/projects/closure-compiler/src/com/google/javascript/rhino/testing added.
[INFO] Test Source directory: /lv_scratch/scratch/mondego/local/Maruf/ASE/projects/closure-compiler/src/com/google/javascript/jscomp/testing added.
[INFO] Test Source directory: /lv_scratch/scratch/mondego/local/Maruf/ASE/projects/closure-compiler/src/com/google/javascript/jscomp/parsing/parser/testing added.
[INFO] Test Source directory: /lv_scratch/scratch/mondego/local/Maruf/ASE/projects/closure-compiler/src/com/google/javascript/refactoring/testing added.
[INFO] 
[INFO] --- maven-resources-plugin:3.0.1:testResources (default-testResources) @ closure-compiler-gwt ---
[INFO] Using 'UTF-8' encoding to copy filtered resources.
[INFO] skip non existing resourceDirectory /lv_scratch/scratch/mondego/local/Maruf/ASE/projects/closure-compiler/src/test/resources
[INFO] skip non existing resourceDirectory /lv_scratch/scratch/mondego/local/Maruf/ASE/projects/closure-compiler/src/test/super
[INFO] 
[INFO] --- maven-compiler-plugin:3.5.1:testCompile (default-testCompile) @ closure-compiler-gwt ---
[INFO] Changes detected - recompiling the module!
[INFO] Compiling 399 source files to /lv_scratch/scratch/mondego/local/Maruf/ASE/projects/closure-compiler/target/test-classes
[WARNING] /lv_scratch/scratch/mondego/local/Maruf/ASE/projects/closure-compiler/src/com/google/javascript/jscomp/testing/TestErrorManager.java:[20,35] [deprecation] BasicErrorManager in com.google.javascript.jscomp has been deprecated
[WARNING] /lv_scratch/scratch/mondego/local/Maruf/ASE/projects/closure-compiler/test/com/google/javascript/jscomp/deps/DepsGeneratorTest.java:[27,35] [deprecation] PrintStreamErrorManager in com.google.javascript.jscomp has been deprecated
[WARNING] /lv_scratch/scratch/mondego/local/Maruf/ASE/projects/closure-compiler/test/com/google/javascript/jscomp/deps/JsFileLineParserTest.java:[22,35] [deprecation] PrintStreamErrorManager in com.google.javascript.jscomp has been deprecated
[WARNING] /lv_scratch/scratch/mondego/local/Maruf/ASE/projects/closure-compiler/test/com/google/javascript/jscomp/deps/JsFileRegexParserTest.java:[27,35] [deprecation] PrintStreamErrorManager in com.google.javascript.jscomp has been deprecated
[WARNING] /lv_scratch/scratch/mondego/local/Maruf/ASE/projects/closure-compiler/test/com/google/javascript/jscomp/deps/DepsFileRegexParserTest.java:[24,35] [deprecation] PrintStreamErrorManager in com.google.javascript.jscomp has been deprecated
[WARNING] /lv_scratch/scratch/mondego/local/Maruf/ASE/projects/closure-compiler/src/com/google/javascript/jscomp/testing/TestErrorManager.java:[20,35] [deprecation] BasicErrorManager in com.google.javascript.jscomp has been deprecated
[WARNING] /lv_scratch/scratch/mondego/local/Maruf/ASE/projects/closure-compiler/test/com/google/javascript/jscomp/deps/DepsGeneratorTest.java:[27,35] [deprecation] PrintStreamErrorManager in com.google.javascript.jscomp has been deprecated
[WARNING] /lv_scratch/scratch/mondego/local/Maruf/ASE/projects/closure-compiler/test/com/google/javascript/jscomp/deps/JsFileLineParserTest.java:[22,35] [deprecation] PrintStreamErrorManager in com.google.javascript.jscomp has been deprecated
[WARNING] /lv_scratch/scratch/mondego/local/Maruf/ASE/projects/closure-compiler/test/com/google/javascript/jscomp/deps/JsFileRegexParserTest.java:[27,35] [deprecation] PrintStreamErrorManager in com.google.javascript.jscomp has been deprecated
[WARNING] /lv_scratch/scratch/mondego/local/Maruf/ASE/projects/closure-compiler/test/com/google/javascript/jscomp/deps/DepsFileRegexParserTest.java:[24,35] [deprecation] PrintStreamErrorManager in com.google.javascript.jscomp has been deprecated
[WARNING] /lv_scratch/scratch/mondego/local/Maruf/ASE/projects/closure-compiler/src/com/google/javascript/jscomp/testing/TestErrorManager.java:[20,35] [deprecation] BasicErrorManager in com.google.javascript.jscomp has been deprecated
[WARNING] /lv_scratch/scratch/mondego/local/Maruf/ASE/projects/closure-compiler/test/com/google/javascript/jscomp/deps/DepsGeneratorTest.java:[27,35] [deprecation] PrintStreamErrorManager in com.google.javascript.jscomp has been deprecated
[WARNING] /lv_scratch/scratch/mondego/local/Maruf/ASE/projects/closure-compiler/test/com/google/javascript/jscomp/deps/JsFileLineParserTest.java:[22,35] [deprecation] PrintStreamErrorManager in com.google.javascript.jscomp has been deprecated
[WARNING] /lv_scratch/scratch/mondego/local/Maruf/ASE/projects/closure-compiler/test/com/google/javascript/jscomp/deps/JsFileRegexParserTest.java:[27,35] [deprecation] PrintStreamErrorManager in com.google.javascript.jscomp has been deprecated
[WARNING] /lv_scratch/scratch/mondego/local/Maruf/ASE/projects/closure-compiler/test/com/google/javascript/jscomp/deps/DepsFileRegexParserTest.java:[24,35] [deprecation] PrintStreamErrorManager in com.google.javascript.jscomp has been deprecated
[WARNING] /lv_scratch/scratch/mondego/local/Maruf/ASE/projects/closure-compiler/src/com/google/javascript/jscomp/testing/TestErrorManager.java:[20,35] [deprecation] BasicErrorManager in com.google.javascript.jscomp has been deprecated
[WARNING] /lv_scratch/scratch/mondego/local/Maruf/ASE/projects/closure-compiler/test/com/google/javascript/jscomp/deps/DepsGeneratorTest.java:[27,35] [deprecation] PrintStreamErrorManager in com.google.javascript.jscomp has been deprecated
[WARNING] /lv_scratch/scratch/mondego/local/Maruf/ASE/projects/closure-compiler/test/com/google/javascript/jscomp/deps/JsFileLineParserTest.java:[22,35] [deprecation] PrintStreamErrorManager in com.google.javascript.jscomp has been deprecated
[WARNING] /lv_scratch/scratch/mondego/local/Maruf/ASE/projects/closure-compiler/test/com/google/javascript/jscomp/deps/JsFileRegexParserTest.java:[27,35] [deprecation] PrintStreamErrorManager in com.google.javascript.jscomp has been deprecated
[WARNING] /lv_scratch/scratch/mondego/local/Maruf/ASE/projects/closure-compiler/test/com/google/javascript/jscomp/deps/DepsFileRegexParserTest.java:[24,35] [deprecation] PrintStreamErrorManager in com.google.javascript.jscomp has been deprecated
[WARNING] /lv_scratch/scratch/mondego/local/Maruf/ASE/projects/closure-compiler/src/com/google/javascript/jscomp/testing/JSErrorSubject.java:[46,9] [unchecked] unchecked call to Subject(FailureMetadata,T) as a member of the raw type Subject
[WARNING]   where T is a type-variable:
    T extends Object declared in class Subject
/lv_scratch/scratch/mondego/local/Maruf/ASE/projects/closure-compiler/src/com/google/javascript/rhino/testing/NodeSubject.java:[86,9] [unchecked] unchecked call to Subject(FailureMetadata,T) as a member of the raw type Subject
[WARNING]   where T is a type-variable:
    T extends Object declared in class Subject
/lv_scratch/scratch/mondego/local/Maruf/ASE/projects/closure-compiler/src/com/google/javascript/rhino/testing/TypeSubject.java:[80,9] [unchecked] unchecked call to Subject(FailureMetadata,T) as a member of the raw type Subject
[WARNING]   where T is a type-variable:
    T extends Object declared in class Subject
/lv_scratch/scratch/mondego/local/Maruf/ASE/projects/closure-compiler/src/com/google/javascript/jscomp/parsing/parser/testing/FeatureSetSubject.java:[47,9] [unchecked] unchecked call to Subject(FailureMetadata,T) as a member of the raw type Subject
[WARNING]   where T is a type-variable:
    T extends Object declared in class Subject
/lv_scratch/scratch/mondego/local/Maruf/ASE/projects/closure-compiler/src/com/google/javascript/jscomp/testing/TestErrorManager.java:[27,44] [deprecation] BasicErrorManager in com.google.javascript.jscomp has been deprecated
[WARNING] /lv_scratch/scratch/mondego/local/Maruf/ASE/projects/closure-compiler/test/com/google/javascript/jscomp/BaseReplaceScriptTestCase.java:[88,33] [deprecation] PrintStreamErrorManager in com.google.javascript.jscomp has been deprecated
[WARNING] /lv_scratch/scratch/mondego/local/Maruf/ASE/projects/closure-compiler/test/com/google/javascript/jscomp/deps/DepsGeneratorTest.java:[45,23] [deprecation] PrintStreamErrorManager in com.google.javascript.jscomp has been deprecated
[WARNING] /lv_scratch/scratch/mondego/local/Maruf/ASE/projects/closure-compiler/test/com/google/javascript/jscomp/PartialCompilationTest.java:[56,12] [deprecation] BasicErrorManager in com.google.javascript.jscomp has been deprecated
[WARNING] /lv_scratch/scratch/mondego/local/Maruf/ASE/projects/closure-compiler/test/com/google/javascript/jscomp/JSModuleGraphTest.java:[344,52] [deprecation] pruneLegacyForEntryPoints(Iterable<ModuleIdentifier>) in DependencyOptions has been deprecated
[WARNING] /lv_scratch/scratch/mondego/local/Maruf/ASE/projects/closure-compiler/test/com/google/javascript/jscomp/JSModuleGraphTest.java:[362,25] [deprecation] pruneLegacyForEntryPoints(Iterable<ModuleIdentifier>) in DependencyOptions has been deprecated
[WARNING] /lv_scratch/scratch/mondego/local/Maruf/ASE/projects/closure-compiler/test/com/google/javascript/jscomp/JSModuleGraphTest.java:[779,25] [deprecation] pruneLegacyForEntryPoints(Iterable<ModuleIdentifier>) in DependencyOptions has been deprecated
[WARNING] /lv_scratch/scratch/mondego/local/Maruf/ASE/projects/closure-compiler/src/com/google/javascript/jscomp/testing/ScopeSubject.java:[62,9] [unchecked] unchecked call to Subject(FailureMetadata,T) as a member of the raw type Subject
[WARNING]   where T is a type-variable:
    T extends Object declared in class Subject
/lv_scratch/scratch/mondego/local/Maruf/ASE/projects/closure-compiler/test/com/google/javascript/jscomp/SortingErrorManagerTest.java:[123,4] [deprecation] BasicErrorManager in com.google.javascript.jscomp has been deprecated
[WARNING] /lv_scratch/scratch/mondego/local/Maruf/ASE/projects/closure-compiler/test/com/google/javascript/jscomp/SortingErrorManagerTest.java:[123,36] [deprecation] BasicErrorManager in com.google.javascript.jscomp has been deprecated
[WARNING] /lv_scratch/scratch/mondego/local/Maruf/ASE/projects/closure-compiler/test/com/google/javascript/jscomp/SortingErrorManagerTest.java:[143,4] [deprecation] BasicErrorManager in com.google.javascript.jscomp has been deprecated
[WARNING] /lv_scratch/scratch/mondego/local/Maruf/ASE/projects/closure-compiler/test/com/google/javascript/jscomp/SortingErrorManagerTest.java:[144,12] [deprecation] BasicErrorManager in com.google.javascript.jscomp has been deprecated
[WARNING] /lv_scratch/scratch/mondego/local/Maruf/ASE/projects/closure-compiler/test/com/google/javascript/jscomp/TypeCheckTest.java:[13586,38] [unchecked] unchecked call to isInstanceOf(Class<?>) as a member of the raw type Subject
[WARNING] /lv_scratch/scratch/mondego/local/Maruf/ASE/projects/closure-compiler/test/com/google/javascript/jscomp/TypeCheckTest.java:[13589,36] [unchecked] unchecked call to isInstanceOf(Class<?>) as a member of the raw type Subject
[WARNING] /lv_scratch/scratch/mondego/local/Maruf/ASE/projects/closure-compiler/test/com/google/javascript/jscomp/ReplaceCssNamesTest.java:[301,32] [deprecation] BasicErrorManager in com.google.javascript.jscomp has been deprecated
[WARNING] /lv_scratch/scratch/mondego/local/Maruf/ASE/projects/closure-compiler/test/com/google/javascript/jscomp/VarCheckTest.java:[878,50] [deprecation] pruneLegacyForEntryPoints(Iterable<ModuleIdentifier>) in DependencyOptions has been deprecated
[WARNING] /lv_scratch/scratch/mondego/local/Maruf/ASE/projects/closure-compiler/test/com/google/javascript/jscomp/SymbolTableTest.java:[380,11] [deprecation] setBrokenClosureRequiresLevel(CheckLevel) in CompilerOptions has been deprecated
[WARNING] /lv_scratch/scratch/mondego/local/Maruf/ASE/projects/closure-compiler/src/com/google/javascript/jscomp/testing/TypedVarSubject.java:[47,9] [unchecked] unchecked call to Subject(FailureMetadata,T) as a member of the raw type Subject
[WARNING]   where T is a type-variable:
    T extends Object declared in class Subject
/lv_scratch/scratch/mondego/local/Maruf/ASE/projects/closure-compiler/test/com/google/javascript/jscomp/CompilerTest.java:[111,11] [deprecation] setIdeMode(boolean) in CompilerOptions has been deprecated
[WARNING] /lv_scratch/scratch/mondego/local/Maruf/ASE/projects/closure-compiler/test/com/google/javascript/jscomp/CompilerTest.java:[112,50] [deprecation] pruneLegacyForEntryPoints(Iterable<ModuleIdentifier>) in DependencyOptions has been deprecated
[WARNING] /lv_scratch/scratch/mondego/local/Maruf/ASE/projects/closure-compiler/test/com/google/javascript/jscomp/CompilerTest.java:[1130,11] [deprecation] setIdeMode(boolean) in CompilerOptions has been deprecated
[WARNING] /lv_scratch/scratch/mondego/local/Maruf/ASE/projects/closure-compiler/test/com/google/javascript/jscomp/CompilerTest.java:[1385,50] [deprecation] pruneLegacyForEntryPoints(Iterable<ModuleIdentifier>) in DependencyOptions has been deprecated
[WARNING] /lv_scratch/scratch/mondego/local/Maruf/ASE/projects/closure-compiler/test/com/google/javascript/jscomp/CompilerTest.java:[1414,50] [deprecation] pruneLegacyForEntryPoints(Iterable<ModuleIdentifier>) in DependencyOptions has been deprecated
[WARNING] /lv_scratch/scratch/mondego/local/Maruf/ASE/projects/closure-compiler/test/com/google/javascript/jscomp/CompilerTest.java:[1443,50] [deprecation] pruneLegacyForEntryPoints(Iterable<ModuleIdentifier>) in DependencyOptions has been deprecated
[WARNING] /lv_scratch/scratch/mondego/local/Maruf/ASE/projects/closure-compiler/test/com/google/javascript/jscomp/CompilerTest.java:[1470,50] [deprecation] pruneLegacyForEntryPoints(Iterable<ModuleIdentifier>) in DependencyOptions has been deprecated
[WARNING] /lv_scratch/scratch/mondego/local/Maruf/ASE/projects/closure-compiler/test/com/google/javascript/jscomp/CompilerTest.java:[2036,25] [deprecation] pruneLegacyForEntryPoints(Iterable<ModuleIdentifier>) in DependencyOptions has been deprecated
[WARNING] /lv_scratch/scratch/mondego/local/Maruf/ASE/projects/closure-compiler/test/com/google/javascript/jscomp/CompilerTest.java:[2501,50] [deprecation] pruneLegacyForEntryPoints(Iterable<ModuleIdentifier>) in DependencyOptions has been deprecated
[WARNING] /lv_scratch/scratch/mondego/local/Maruf/ASE/projects/closure-compiler/test/com/google/javascript/jscomp/CompilerTest.java:[2609,50] [deprecation] pruneLegacyForEntryPoints(Iterable<ModuleIdentifier>) in DependencyOptions has been deprecated
[WARNING] /lv_scratch/scratch/mondego/local/Maruf/ASE/projects/closure-compiler/src/com/google/javascript/rhino/testing/TemplateTypeMapSubject.java:[66,9] [unchecked] unchecked call to Subject(FailureMetadata,T) as a member of the raw type Subject
[WARNING]   where T is a type-variable:
    T extends Object declared in class Subject
/lv_scratch/scratch/mondego/local/Maruf/ASE/projects/closure-compiler/test/com/google/javascript/jscomp/deps/JsFileLineParserTest.java:[144,36] [deprecation] PrintStreamErrorManager in com.google.javascript.jscomp has been deprecated
[WARNING] /lv_scratch/scratch/mondego/local/Maruf/ASE/projects/closure-compiler/test/com/google/javascript/jscomp/deps/JsFileLineParserTest.java:[151,36] [deprecation] PrintStreamErrorManager in com.google.javascript.jscomp has been deprecated
[WARNING] /lv_scratch/scratch/mondego/local/Maruf/ASE/projects/closure-compiler/test/com/google/javascript/jscomp/deps/JsFileRegexParserTest.java:[50,23] [deprecation] PrintStreamErrorManager in com.google.javascript.jscomp has been deprecated
[WARNING] /lv_scratch/scratch/mondego/local/Maruf/ASE/projects/closure-compiler/test/com/google/javascript/jscomp/CommandLineRunnerTest.java:[1030,29] [deprecation] pruneLegacyForEntryPoints(Iterable<ModuleIdentifier>) in DependencyOptions has been deprecated
[WARNING] /lv_scratch/scratch/mondego/local/Maruf/ASE/projects/closure-compiler/test/com/google/javascript/jscomp/deps/DepsFileRegexParserTest.java:[46,23] [deprecation] PrintStreamErrorManager in com.google.javascript.jscomp has been deprecated
[WARNING] /lv_scratch/scratch/mondego/local/Maruf/ASE/projects/closure-compiler/test/com/google/javascript/jscomp/NodeTraversalTest.java:[48,41] [deprecation] BasicErrorManager in com.google.javascript.jscomp has been deprecated
[WARNING] /lv_scratch/scratch/mondego/local/Maruf/ASE/projects/closure-compiler/test/com/google/javascript/jscomp/IntegrationTest.java:[4182,11] [deprecation] setIdeMode(boolean) in CompilerOptions has been deprecated
[WARNING] /lv_scratch/scratch/mondego/local/Maruf/ASE/projects/closure-compiler/test/com/google/javascript/jscomp/IntegrationTest.java:[5227,11] [deprecation] setIdeMode(boolean) in CompilerOptions has been deprecated
[WARNING] /lv_scratch/scratch/mondego/local/Maruf/ASE/projects/closure-compiler/test/com/google/javascript/jscomp/IntegrationTest.java:[5667,11] [deprecation] setIdeMode(boolean) in CompilerOptions has been deprecated
[WARNING] /lv_scratch/scratch/mondego/local/Maruf/ASE/projects/closure-compiler/test/com/google/javascript/jscomp/IntegrationTest.java:[5680,11] [deprecation] setIdeMode(boolean) in CompilerOptions has been deprecated
[WARNING] /lv_scratch/scratch/mondego/local/Maruf/ASE/projects/closure-compiler/test/com/google/javascript/jscomp/IntegrationTest.java:[5860,11] [deprecation] setIdeMode(boolean) in CompilerOptions has been deprecated
[WARNING] /lv_scratch/scratch/mondego/local/Maruf/ASE/projects/closure-compiler/test/com/google/javascript/jscomp/IntegrationTest.java:[5934,22] [deprecation] shouldCollapseProperties() in CompilerOptions has been deprecated
[WARNING] /lv_scratch/scratch/mondego/local/Maruf/ASE/projects/closure-compiler/test/com/google/javascript/jscomp/IntegrationTest.java:[5957,22] [deprecation] shouldCollapseProperties() in CompilerOptions has been deprecated
[WARNING] /lv_scratch/scratch/mondego/local/Maruf/ASE/projects/closure-compiler/test/com/google/javascript/jscomp/IntegrationTest.java:[5980,22] [deprecation] shouldCollapseProperties() in CompilerOptions has been deprecated
[WARNING] /lv_scratch/scratch/mondego/local/Maruf/ASE/projects/closure-compiler/test/com/google/javascript/jscomp/IntegrationTest.java:[6009,22] [deprecation] shouldCollapseProperties() in CompilerOptions has been deprecated
[INFO] 
[INFO] --- gwt-maven-plugin:1.0-rc-6:import-test-sources (default-import-test-sources) @ closure-compiler-gwt ---
[INFO] Using 'UTF-8' encoding to copy filtered resources.
[INFO] Copying 606 resources
[INFO] Copying 8 resources
[INFO] Copying 6 resources
[INFO] Copying 1 resource
[INFO] Copying 2 resources
[INFO] Copying 1 resource
[INFO] 
[INFO] --- gwt-maven-plugin:1.0-rc-6:test (default-test) @ closure-compiler-gwt ---
[INFO] 
[INFO] --- gwt-maven-plugin:1.0-rc-6:compile (default-compile) @ closure-compiler-gwt ---
[INFO] Compiling module com.google.JsComp
[INFO]    Tracing compile failure path for type 'com.google.javascript.jscomp.bundle.AutoValue_Source'
[INFO]       [ERROR] Errors in 'file:/lv_scratch/scratch/mondego/local/Maruf/ASE/projects/closure-compiler/target/classes/com/google/javascript/jscomp/bundle/AutoValue_Source.java'
[INFO]          [ERROR] Line 250: codeSupplier cannot be resolved to a variable
[INFO]          [ERROR] Line 210: Source.Builder cannot be resolved to a type
[INFO]          [ERROR] Line 75: The method estimatedSize() of type AutoValue_Source must override or implement a supertype method
[INFO]          [ERROR] Line 175: The method originalCodeSupplier() is undefined for the type Source
[INFO]          [ERROR] Line 65: The method runtimes() of type AutoValue_Source must override or implement a supertype method
[INFO]          [ERROR] Line 253: Source.Lazy cannot be resolved to a type
[INFO]          [ERROR] Line 87: originalCodeSupplier cannot be resolved to a variable
[INFO]          [ERROR] Line 246: Source.Lazy cannot be resolved to a type
[INFO]          [ERROR] Line 145: originalCodeSupplier cannot be resolved to a variable
[INFO]          [ERROR] Line 291: Type mismatch: cannot convert from AutoValue_Source to Source
[INFO]          [ERROR] Line 225: Source.Builder cannot be resolved to a type
[INFO]          [ERROR] Line 119: codeSupplier cannot be resolved or is not a field
[INFO]          [ERROR] Line 174: codeSupplier cannot be resolved or is not a field
[INFO]          [ERROR] Line 40: codeSupplier cannot be resolved or is not a field
[INFO]          [ERROR] Line 113: The method sourceMap() is undefined for the type Source
[INFO]          [ERROR] Line 163: Source.Lazy cannot be resolved to a type
[INFO]          [ERROR] Line 300: originalCodeSupplier cannot be resolved or is not a field
[INFO]          [ERROR] Line 173: The method estimatedSize() is undefined for the type Source
[INFO]          [ERROR] Line 162: Source.Lazy cannot be resolved to a type
[INFO]          [ERROR] Line 175: originalCodeSupplier cannot be resolved or is not a field
[INFO]          [ERROR] Line 262: The method autoBuild() of type AutoValue_Source.Builder must override or implement a supertype method
[INFO]          [ERROR] Line 101: originalCodeSupplier cannot be resolved to a variable
[INFO]          [ERROR] Line 86: Source.Lazy cannot be resolved to a type
[INFO]          [ERROR] Line 118: The method estimatedSize() is undefined for the type Source
[INFO]          [ERROR] Line 55: The method sourceUrl() of type AutoValue_Source must override or implement a supertype method
[INFO]          [ERROR] Line 120: The method originalCodeSupplier() is undefined for the type Source
[INFO]          [ERROR] Line 178: Source.Builder cannot be resolved to a type
[INFO]          [ERROR] Line 238: Source.Lazy cannot be resolved to a type
[INFO]          [ERROR] Line 31: Source.Lazy cannot be resolved to a type
[INFO]          [ERROR] Line 116: The method runtimes() is undefined for the type Source
[INFO]          [ERROR] Line 202: Source.Builder cannot be resolved to a type
[INFO]          [ERROR] Line 259: originalCodeSupplier cannot be resolved to a variable
[INFO]          [ERROR] Line 80: Source.Lazy cannot be resolved to a type
[INFO]          [ERROR] Line 117: The method loadFlags() is undefined for the type Source
[INFO]          [ERROR] Line 258: Source.Lazy cannot be resolved to a type
[INFO]          [ERROR] Line 172: The method loadFlags() is undefined for the type Source
[INFO]          [ERROR] Line 114: The method sourceUrl() is undefined for the type Source
[INFO]          [ERROR] Line 143: codeSupplier cannot be resolved or is not a field
[INFO]          [ERROR] Line 41: originalCodeSupplier cannot be resolved or is not a field
[INFO]          [ERROR] Line 242: codeSupplier cannot be resolved or is not a field
[INFO]          [ERROR] Line 186: Source.Builder cannot be resolved to a type
[INFO]          [ERROR] Line 50: The method sourceMap() of type AutoValue_Source must override or implement a supertype method
[INFO]          [ERROR] Line 285: codeSupplier cannot be resolved or is not a field
[INFO]          [ERROR] Line 21: Source.Lazy cannot be resolved to a type
[INFO]          [ERROR] Line 70: The method loadFlags() of type AutoValue_Source must override or implement a supertype method
[INFO]          [ERROR] Line 168: The method sourceMap() is undefined for the type Source
[INFO]          [ERROR] Line 169: The method sourceUrl() is undefined for the type Source
[INFO]          [ERROR] Line 100: codeSupplier cannot be resolved to a variable
[INFO]          [ERROR] Line 238: Source.Builder cannot be resolved to a type
[INFO]          [ERROR] Line 194: Source.Builder cannot be resolved to a type
[INFO]          [ERROR] Line 112: The method path() is undefined for the type Source
[INFO]          [ERROR] Line 145: originalCodeSupplier cannot be resolved or is not a field
[INFO]          [ERROR] Line 11: The type AutoValue_Source cannot subclass the final class Source
[INFO]          [ERROR] Line 254: originalCodeSupplier cannot be resolved or is not a field
[INFO]          [ERROR] Line 45: The method path() of type AutoValue_Source must override or implement a supertype method
[INFO]          [ERROR] Line 151: The constructor AutoValue_Source.Builder(AutoValue_Source) is undefined
[INFO]          [ERROR] Line 32: Source.Lazy cannot be resolved to a type
[INFO]          [ERROR] Line 119: The method codeSupplier() is undefined for the type Source
[INFO]          [ERROR] Line 154: Source.Builder cannot be resolved to a type
[INFO]          [ERROR] Line 167: The method path() is undefined for the type Source
[INFO]          [ERROR] Line 171: The method runtimes() is undefined for the type Source
[INFO]          [ERROR] Line 170: The method sourceMappingUrl() is undefined for the type Source
[INFO]          [ERROR] Line 60: The method sourceMappingUrl() of type AutoValue_Source must override or implement a supertype method
[INFO]          [ERROR] Line 174: The method codeSupplier() is undefined for the type Source
[INFO]          [ERROR] Line 120: originalCodeSupplier cannot be resolved or is not a field
[INFO]          [ERROR] Line 115: The method sourceMappingUrl() is undefined for the type Source
[INFO]          [ERROR] Line 247: codeSupplier cannot be resolved to a variable
[INFO]          [ERROR] Line 299: codeSupplier cannot be resolved or is not a field
[INFO]          [ERROR] Line 253: Source.Builder cannot be resolved to a type
[INFO]          [ERROR] Line 81: codeSupplier cannot be resolved to a variable
[INFO]          [ERROR] Line 150: Source.Builder cannot be resolved to a type
[INFO]          [ERROR] Line 233: Source.Builder cannot be resolved to a type
[INFO]          [ERROR] Line 20: Source.Lazy cannot be resolved to a type
[INFO]          [ERROR] Line 218: The method runtimes() of type AutoValue_Source.Builder must override or implement a supertype method
[INFO]    [ERROR] Aborting compile due to errors in some input files
[INFO]                                                                         
[INFO] ------------------------------------------------------------------------
[INFO] Building Closure Compiler Main 1.0-SNAPSHOT
[INFO] ------------------------------------------------------------------------
[INFO] 
[INFO] --- build-helper-maven-plugin:1.12:add-source (add-source) @ closure-compiler-main ---
[INFO] Source directory: /lv_scratch/scratch/mondego/local/Maruf/ASE/projects/closure-compiler/gen added.
[INFO] 
[INFO] --- maven-resources-plugin:3.0.1:copy-resources (rhino_ast-custom) @ closure-compiler-main ---
[INFO] Using 'UTF-8' encoding to copy filtered resources.
[INFO] Copying 1 resource to /lv_scratch/scratch/mondego/local/Maruf/ASE/projects/closure-compiler/target/classes
[INFO] 
[INFO] --- maven-bundle-plugin:3.2.0:manifest (bundle-manifest) @ closure-compiler-main ---
[WARNING] Ignoring project type pom - supportedProjectTypes = [jar, bundle]
[INFO] 
[INFO] --- build-helper-maven-plugin:1.12:add-test-source (add-test-source) @ closure-compiler-main ---
[INFO] Test Source directory: /lv_scratch/scratch/mondego/local/Maruf/ASE/projects/closure-compiler/src/com/google/javascript/rhino/testing added.
[INFO] Test Source directory: /lv_scratch/scratch/mondego/local/Maruf/ASE/projects/closure-compiler/src/com/google/javascript/jscomp/testing added.
[INFO] Test Source directory: /lv_scratch/scratch/mondego/local/Maruf/ASE/projects/closure-compiler/src/com/google/javascript/jscomp/parsing/parser/testing added.
[INFO] Test Source directory: /lv_scratch/scratch/mondego/local/Maruf/ASE/projects/closure-compiler/src/com/google/javascript/refactoring/testing added.
[INFO] 
[INFO] --- deflaker-maven-plugin:1.5-SNAPSHOT:diff (deflaker-diff) @ closure-compiler-main ---
[INFO] 
[INFO] --- deflaker-maven-plugin:1.5-SNAPSHOT:report (deflaker-report-tests) @ closure-compiler-main ---
[INFO] ------------------------------------------------------------------------
[INFO] TEST DIFFCOV ANALYSIS
[INFO] Closure Compiler Mainclosure-compiler-main
[INFO] ------------------------------------------------------------------------
[INFO] Using covFile: /lv_scratch/scratch/mondego/local/Maruf/ASE/projects/closure-compiler/target/diffcov.log
[INFO] Using difFile: /lv_scratch/scratch/mondego/local/Maruf/ASE/projects/closure-compiler/.diffCache
[INFO] No test data found
[INFO] 
[INFO] --- maven-source-plugin:3.0.1:jar-no-fork (attach-sources) @ closure-compiler-main ---
[INFO]                                                                         
[INFO] ------------------------------------------------------------------------
[INFO] Building Closure Compiler Linter 1.0-SNAPSHOT
[INFO] ------------------------------------------------------------------------
[INFO] 
[INFO] --- build-helper-maven-plugin:1.12:add-source (add-source) @ closure-compiler-linter ---
[INFO] Source directory: /lv_scratch/scratch/mondego/local/Maruf/ASE/projects/closure-compiler/gen added.
[INFO] 
[INFO] --- maven-resources-plugin:3.0.1:resources (default-resources) @ closure-compiler-linter ---
[INFO] Using 'UTF-8' encoding to copy filtered resources.
[INFO] Copying 157 resources
[INFO] 
[INFO] --- maven-resources-plugin:3.0.1:copy-resources (rhino_ast-custom) @ closure-compiler-linter ---
[INFO] Using 'UTF-8' encoding to copy filtered resources.
[INFO] Copying 1 resource to /lv_scratch/scratch/mondego/local/Maruf/ASE/projects/closure-compiler/target/classes
[INFO] 
[INFO] --- maven-compiler-plugin:3.5.1:compile (default-compile) @ closure-compiler-linter ---
[INFO] Changes detected - recompiling the module!
[INFO] Compiling 764 source files to /lv_scratch/scratch/mondego/local/Maruf/ASE/projects/closure-compiler/target/classes
[WARNING] /lv_scratch/scratch/mondego/local/Maruf/ASE/projects/closure-compiler/src/com/google/javascript/jscomp/ant/AntErrorManager.java:[19,35] [deprecation] BasicErrorManager in com.google.javascript.jscomp has been deprecated
[WARNING] /lv_scratch/scratch/mondego/local/Maruf/ASE/projects/closure-compiler/src/com/google/javascript/refactoring/FixingErrorManager.java:[30,35] [deprecation] BasicErrorManager in com.google.javascript.jscomp has been deprecated
[WARNING] /lv_scratch/scratch/mondego/local/Maruf/ASE/projects/closure-compiler/src/com/google/javascript/jscomp/ant/AntErrorManager.java:[19,35] [deprecation] BasicErrorManager in com.google.javascript.jscomp has been deprecated
[WARNING] /lv_scratch/scratch/mondego/local/Maruf/ASE/projects/closure-compiler/src/com/google/javascript/refactoring/FixingErrorManager.java:[30,35] [deprecation] BasicErrorManager in com.google.javascript.jscomp has been deprecated
[WARNING] /lv_scratch/scratch/mondego/local/Maruf/ASE/projects/closure-compiler/src/com/google/javascript/jscomp/ant/AntErrorManager.java:[19,35] [deprecation] BasicErrorManager in com.google.javascript.jscomp has been deprecated
[WARNING] /lv_scratch/scratch/mondego/local/Maruf/ASE/projects/closure-compiler/src/com/google/javascript/refactoring/FixingErrorManager.java:[30,35] [deprecation] BasicErrorManager in com.google.javascript.jscomp has been deprecated
[WARNING] /lv_scratch/scratch/mondego/local/Maruf/ASE/projects/closure-compiler/src/com/google/javascript/jscomp/ant/AntErrorManager.java:[19,35] [deprecation] BasicErrorManager in com.google.javascript.jscomp has been deprecated
[WARNING] /lv_scratch/scratch/mondego/local/Maruf/ASE/projects/closure-compiler/src/com/google/javascript/refactoring/FixingErrorManager.java:[30,35] [deprecation] BasicErrorManager in com.google.javascript.jscomp has been deprecated
[WARNING] /lv_scratch/scratch/mondego/local/Maruf/ASE/projects/closure-compiler/src/com/google/javascript/jscomp/parsing/parser/Scanner.java:[964,8] [fallthrough] possible fall-through into case
[WARNING] /lv_scratch/scratch/mondego/local/Maruf/ASE/projects/closure-compiler/src/com/google/javascript/jscomp/CompilerInput.java:[397,14] [fallthrough] possible fall-through into case
[WARNING] /lv_scratch/scratch/mondego/local/Maruf/ASE/projects/closure-compiler/gen/com/google/javascript/jscomp/ConformanceConfig.java:[59,74] [deprecation] PARSER in Requirement has been deprecated
[WARNING] /lv_scratch/scratch/mondego/local/Maruf/ASE/projects/closure-compiler/src/com/google/javascript/jscomp/NodeUtil.java:[3087,6] [fallthrough] possible fall-through into case
[WARNING] /lv_scratch/scratch/mondego/local/Maruf/ASE/projects/closure-compiler/src/com/google/javascript/jscomp/NodeUtil.java:[3181,6] [fallthrough] possible fall-through into case
[WARNING] /lv_scratch/scratch/mondego/local/Maruf/ASE/projects/closure-compiler/src/com/google/javascript/jscomp/ClosureCheckModule.java:[269,6] [fallthrough] possible fall-through into case
[WARNING] /lv_scratch/scratch/mondego/local/Maruf/ASE/projects/closure-compiler/src/com/google/javascript/jscomp/TypeCheck.java:[840,6] [fallthrough] possible fall-through into case
[WARNING] /lv_scratch/scratch/mondego/local/Maruf/ASE/projects/closure-compiler/src/com/google/javascript/jscomp/ExpressionDecomposer.java:[204,12] [fallthrough] possible fall-through into case
[WARNING] /lv_scratch/scratch/mondego/local/Maruf/ASE/projects/closure-compiler/src/com/google/javascript/jscomp/ExpressionDecomposer.java:[786,8] [fallthrough] possible fall-through into case
[WARNING] /lv_scratch/scratch/mondego/local/Maruf/ASE/projects/closure-compiler/src/com/google/javascript/jscomp/ExpressionDecomposer.java:[984,6] [fallthrough] possible fall-through into case
[WARNING] /lv_scratch/scratch/mondego/local/Maruf/ASE/projects/closure-compiler/src/com/google/javascript/jscomp/deps/JsFileFullParser.java:[133,16] [deprecation] BasicErrorManager in com.google.javascript.jscomp has been deprecated
[WARNING] /lv_scratch/scratch/mondego/local/Maruf/ASE/projects/closure-compiler/src/com/google/javascript/jscomp/Compiler.java:[359,13] [deprecation] setUseTypesForOptimization(boolean) in CompilerOptions has been deprecated
[WARNING] /lv_scratch/scratch/mondego/local/Maruf/ASE/projects/closure-compiler/src/com/google/javascript/jscomp/Compiler.java:[484,15] [deprecation] brokenClosureRequiresLevel in CompilerOptions has been deprecated
[WARNING] /lv_scratch/scratch/mondego/local/Maruf/ASE/projects/closure-compiler/src/com/google/javascript/jscomp/DefaultPassConfig.java:[1322,27] [deprecation] brokenClosureRequiresLevel in CompilerOptions has been deprecated
[WARNING] /lv_scratch/scratch/mondego/local/Maruf/ASE/projects/closure-compiler/src/com/google/javascript/rhino/dtoa/DToA.java:[450,6] [fallthrough] possible fall-through into case
[WARNING] /lv_scratch/scratch/mondego/local/Maruf/ASE/projects/closure-compiler/src/com/google/javascript/rhino/dtoa/DToA.java:[457,6] [fallthrough] possible fall-through into case
[WARNING] /lv_scratch/scratch/mondego/local/Maruf/ASE/projects/closure-compiler/src/com/google/javascript/rhino/dtoa/DToA.java:[975,8] [fallthrough] possible fall-through into case
[WARNING] /lv_scratch/scratch/mondego/local/Maruf/ASE/projects/closure-compiler/src/com/google/javascript/jscomp/parsing/IRFactory.java:[3366,8] [fallthrough] possible fall-through into case
[WARNING] /lv_scratch/scratch/mondego/local/Maruf/ASE/projects/closure-compiler/src/com/google/javascript/jscomp/parsing/JsDocInfoParser.java:[57,17] [deprecation] javaLetterOrDigit() in CharMatcher has been deprecated
[WARNING] /lv_scratch/scratch/mondego/local/Maruf/ASE/projects/closure-compiler/src/com/google/javascript/jscomp/LoggerErrorManager.java:[29,46] [deprecation] BasicErrorManager in com.google.javascript.jscomp has been deprecated
[WARNING] /lv_scratch/scratch/mondego/local/Maruf/ASE/projects/closure-compiler/src/com/google/javascript/jscomp/ijs/ConvertToTypedInterface.java:[209,8] [fallthrough] possible fall-through into case
[WARNING] /lv_scratch/scratch/mondego/local/Maruf/ASE/projects/closure-compiler/src/com/google/javascript/jscomp/FindExportableNodes.java:[157,6] [fallthrough] possible fall-through into case
[WARNING] /lv_scratch/scratch/mondego/local/Maruf/ASE/projects/closure-compiler/src/com/google/javascript/jscomp/ant/CompileTask.java:[449,31] [deprecation] pruneLegacyForEntryPoints(Iterable<ModuleIdentifier>) in DependencyOptions has been deprecated
[WARNING] /lv_scratch/scratch/mondego/local/Maruf/ASE/projects/closure-compiler/src/com/google/javascript/jscomp/ant/CompileTask.java:[541,27] [deprecation] pruneLegacyForEntryPoints(Iterable<ModuleIdentifier>) in DependencyOptions has been deprecated
[WARNING] /lv_scratch/scratch/mondego/local/Maruf/ASE/projects/closure-compiler/src/com/google/javascript/jscomp/AnalyzePrototypeProperties.java:[305,8] [fallthrough] possible fall-through into case
[WARNING] /lv_scratch/scratch/mondego/local/Maruf/ASE/projects/closure-compiler/gen/com/google/javascript/jscomp/FunctionInformationMap.java:[2102,12] [deprecation] writeGroup(int,MessageLite) in CodedOutputStream has been deprecated
[WARNING] /lv_scratch/scratch/mondego/local/Maruf/ASE/projects/closure-compiler/gen/com/google/javascript/jscomp/FunctionInformationMap.java:[2105,12] [deprecation] writeGroup(int,MessageLite) in CodedOutputStream has been deprecated
[WARNING] /lv_scratch/scratch/mondego/local/Maruf/ASE/projects/closure-compiler/gen/com/google/javascript/jscomp/FunctionInformationMap.java:[2118,8] [deprecation] computeGroupSize(int,MessageLite) in CodedOutputStream has been deprecated
[WARNING] /lv_scratch/scratch/mondego/local/Maruf/ASE/projects/closure-compiler/gen/com/google/javascript/jscomp/FunctionInformationMap.java:[2122,8] [deprecation] computeGroupSize(int,MessageLite) in CodedOutputStream has been deprecated
[WARNING] /lv_scratch/scratch/mondego/local/Maruf/ASE/projects/closure-compiler/src/com/google/javascript/jscomp/AstValidator.java:[215,6] [fallthrough] possible fall-through into case
[WARNING] /lv_scratch/scratch/mondego/local/Maruf/ASE/projects/closure-compiler/src/com/google/javascript/jscomp/CheckJSDoc.java:[253,16] [deprecation] containsFunctionDeclaration() in JSDocInfo has been deprecated
[WARNING] /lv_scratch/scratch/mondego/local/Maruf/ASE/projects/closure-compiler/src/com/google/javascript/jscomp/CheckJSDoc.java:[434,12] [deprecation] containsFunctionDeclaration() in JSDocInfo has been deprecated
[WARNING] /lv_scratch/scratch/mondego/local/Maruf/ASE/projects/closure-compiler/src/com/google/javascript/jscomp/ControlFlowAnalysis.java:[811,6] [fallthrough] possible fall-through into case
[WARNING] /lv_scratch/scratch/mondego/local/Maruf/ASE/projects/closure-compiler/src/com/google/javascript/jscomp/ant/AntErrorManager.java:[32,12] [deprecation] BasicErrorManager in com.google.javascript.jscomp has been deprecated
[WARNING] /lv_scratch/scratch/mondego/local/Maruf/ASE/projects/closure-compiler/src/com/google/javascript/jscomp/Normalize.java:[230,23] [deprecation] isConstantByConvention(CodingConvention,Node) in NodeUtil has been deprecated
[WARNING] /lv_scratch/scratch/mondego/local/Maruf/ASE/projects/closure-compiler/src/com/google/javascript/jscomp/Normalize.java:[283,25] [deprecation] isConstantByConvention(CodingConvention,Node) in NodeUtil has been deprecated
[WARNING] /lv_scratch/scratch/mondego/local/Maruf/ASE/projects/closure-compiler/src/com/google/javascript/jscomp/Normalize.java:[417,23] [deprecation] isConstantByConvention(CodingConvention,Node) in NodeUtil has been deprecated
[WARNING] /lv_scratch/scratch/mondego/local/Maruf/ASE/projects/closure-compiler/src/com/google/javascript/refactoring/RefactoringDriver.java:[99,11] [deprecation] setBrokenClosureRequiresLevel(CheckLevel) in CompilerOptions has been deprecated
[WARNING] /lv_scratch/scratch/mondego/local/Maruf/ASE/projects/closure-compiler/src/com/google/javascript/jscomp/parsing/parser/util/format/SimpleFormat.java:[439,8] [fallthrough] possible fall-through into case
[WARNING] /lv_scratch/scratch/mondego/local/Maruf/ASE/projects/closure-compiler/src/com/google/javascript/jscomp/ReplaceStrings.java:[431,6] [fallthrough] possible fall-through into case
[WARNING] /lv_scratch/scratch/mondego/local/Maruf/ASE/projects/closure-compiler/src/com/google/javascript/jscomp/StripCode.java:[411,10] [fallthrough] possible fall-through into case
[WARNING] /lv_scratch/scratch/mondego/local/Maruf/ASE/projects/closure-compiler/src/com/google/javascript/refactoring/FixingErrorManager.java:[42,40] [deprecation] BasicErrorManager in com.google.javascript.jscomp has been deprecated
[WARNING] /lv_scratch/scratch/mondego/local/Maruf/ASE/projects/closure-compiler/src/com/google/javascript/jscomp/PureFunctionIdentifier.java:[733,8] [fallthrough] possible fall-through into case
[INFO] 
[INFO] --- maven-bundle-plugin:3.2.0:manifest (bundle-manifest) @ closure-compiler-linter ---
[INFO] 
[INFO] --- build-helper-maven-plugin:1.12:add-test-source (add-test-source) @ closure-compiler-linter ---
[INFO] Test Source directory: /lv_scratch/scratch/mondego/local/Maruf/ASE/projects/closure-compiler/src/com/google/javascript/rhino/testing added.
[INFO] Test Source directory: /lv_scratch/scratch/mondego/local/Maruf/ASE/projects/closure-compiler/src/com/google/javascript/jscomp/testing added.
[INFO] Test Source directory: /lv_scratch/scratch/mondego/local/Maruf/ASE/projects/closure-compiler/src/com/google/javascript/jscomp/parsing/parser/testing added.
[INFO] Test Source directory: /lv_scratch/scratch/mondego/local/Maruf/ASE/projects/closure-compiler/src/com/google/javascript/refactoring/testing added.
[INFO] 
[INFO] --- maven-resources-plugin:3.0.1:testResources (default-testResources) @ closure-compiler-linter ---
[INFO] Using 'UTF-8' encoding to copy filtered resources.
[INFO] skip non existing resourceDirectory /lv_scratch/scratch/mondego/local/Maruf/ASE/projects/closure-compiler/src/test/resources
[INFO] 
[INFO] --- deflaker-maven-plugin:1.5-SNAPSHOT:diff (deflaker-diff) @ closure-compiler-linter ---
[INFO] 
[INFO] --- maven-compiler-plugin:3.5.1:testCompile (default-testCompile) @ closure-compiler-linter ---
[INFO] Changes detected - recompiling the module!
[INFO] Compiling 406 source files to /lv_scratch/scratch/mondego/local/Maruf/ASE/projects/closure-compiler/target/test-classes
[WARNING] /lv_scratch/scratch/mondego/local/Maruf/ASE/projects/closure-compiler/src/com/google/javascript/jscomp/testing/TestErrorManager.java:[20,35] [deprecation] BasicErrorManager in com.google.javascript.jscomp has been deprecated
[WARNING] /lv_scratch/scratch/mondego/local/Maruf/ASE/projects/closure-compiler/test/com/google/javascript/jscomp/deps/DepsGeneratorTest.java:[27,35] [deprecation] PrintStreamErrorManager in com.google.javascript.jscomp has been deprecated
[WARNING] /lv_scratch/scratch/mondego/local/Maruf/ASE/projects/closure-compiler/test/com/google/javascript/jscomp/deps/JsFileLineParserTest.java:[22,35] [deprecation] PrintStreamErrorManager in com.google.javascript.jscomp has been deprecated
[WARNING] /lv_scratch/scratch/mondego/local/Maruf/ASE/projects/closure-compiler/test/com/google/javascript/jscomp/deps/JsFileRegexParserTest.java:[27,35] [deprecation] PrintStreamErrorManager in com.google.javascript.jscomp has been deprecated
[WARNING] /lv_scratch/scratch/mondego/local/Maruf/ASE/projects/closure-compiler/test/com/google/javascript/jscomp/deps/DepsFileRegexParserTest.java:[24,35] [deprecation] PrintStreamErrorManager in com.google.javascript.jscomp has been deprecated
[WARNING] /lv_scratch/scratch/mondego/local/Maruf/ASE/projects/closure-compiler/src/com/google/javascript/jscomp/testing/TestErrorManager.java:[20,35] [deprecation] BasicErrorManager in com.google.javascript.jscomp has been deprecated
[WARNING] /lv_scratch/scratch/mondego/local/Maruf/ASE/projects/closure-compiler/test/com/google/javascript/jscomp/deps/DepsGeneratorTest.java:[27,35] [deprecation] PrintStreamErrorManager in com.google.javascript.jscomp has been deprecated
[WARNING] /lv_scratch/scratch/mondego/local/Maruf/ASE/projects/closure-compiler/test/com/google/javascript/jscomp/deps/JsFileLineParserTest.java:[22,35] [deprecation] PrintStreamErrorManager in com.google.javascript.jscomp has been deprecated
[WARNING] /lv_scratch/scratch/mondego/local/Maruf/ASE/projects/closure-compiler/test/com/google/javascript/jscomp/deps/JsFileRegexParserTest.java:[27,35] [deprecation] PrintStreamErrorManager in com.google.javascript.jscomp has been deprecated
[WARNING] /lv_scratch/scratch/mondego/local/Maruf/ASE/projects/closure-compiler/test/com/google/javascript/jscomp/deps/DepsFileRegexParserTest.java:[24,35] [deprecation] PrintStreamErrorManager in com.google.javascript.jscomp has been deprecated
[WARNING] /lv_scratch/scratch/mondego/local/Maruf/ASE/projects/closure-compiler/src/com/google/javascript/jscomp/testing/TestErrorManager.java:[20,35] [deprecation] BasicErrorManager in com.google.javascript.jscomp has been deprecated
[WARNING] /lv_scratch/scratch/mondego/local/Maruf/ASE/projects/closure-compiler/test/com/google/javascript/jscomp/deps/DepsGeneratorTest.java:[27,35] [deprecation] PrintStreamErrorManager in com.google.javascript.jscomp has been deprecated
[WARNING] /lv_scratch/scratch/mondego/local/Maruf/ASE/projects/closure-compiler/test/com/google/javascript/jscomp/deps/JsFileLineParserTest.java:[22,35] [deprecation] PrintStreamErrorManager in com.google.javascript.jscomp has been deprecated
[WARNING] /lv_scratch/scratch/mondego/local/Maruf/ASE/projects/closure-compiler/test/com/google/javascript/jscomp/deps/JsFileRegexParserTest.java:[27,35] [deprecation] PrintStreamErrorManager in com.google.javascript.jscomp has been deprecated
[WARNING] /lv_scratch/scratch/mondego/local/Maruf/ASE/projects/closure-compiler/test/com/google/javascript/jscomp/deps/DepsFileRegexParserTest.java:[24,35] [deprecation] PrintStreamErrorManager in com.google.javascript.jscomp has been deprecated
[WARNING] /lv_scratch/scratch/mondego/local/Maruf/ASE/projects/closure-compiler/src/com/google/javascript/jscomp/testing/TestErrorManager.java:[20,35] [deprecation] BasicErrorManager in com.google.javascript.jscomp has been deprecated
[WARNING] /lv_scratch/scratch/mondego/local/Maruf/ASE/projects/closure-compiler/test/com/google/javascript/jscomp/deps/DepsGeneratorTest.java:[27,35] [deprecation] PrintStreamErrorManager in com.google.javascript.jscomp has been deprecated
[WARNING] /lv_scratch/scratch/mondego/local/Maruf/ASE/projects/closure-compiler/test/com/google/javascript/jscomp/deps/JsFileLineParserTest.java:[22,35] [deprecation] PrintStreamErrorManager in com.google.javascript.jscomp has been deprecated
[WARNING] /lv_scratch/scratch/mondego/local/Maruf/ASE/projects/closure-compiler/test/com/google/javascript/jscomp/deps/JsFileRegexParserTest.java:[27,35] [deprecation] PrintStreamErrorManager in com.google.javascript.jscomp has been deprecated
[WARNING] /lv_scratch/scratch/mondego/local/Maruf/ASE/projects/closure-compiler/test/com/google/javascript/jscomp/deps/DepsFileRegexParserTest.java:[24,35] [deprecation] PrintStreamErrorManager in com.google.javascript.jscomp has been deprecated
[WARNING] /lv_scratch/scratch/mondego/local/Maruf/ASE/projects/closure-compiler/src/com/google/javascript/jscomp/testing/JSErrorSubject.java:[46,9] [unchecked] unchecked call to Subject(FailureMetadata,T) as a member of the raw type Subject
[WARNING]   where T is a type-variable:
    T extends Object declared in class Subject
/lv_scratch/scratch/mondego/local/Maruf/ASE/projects/closure-compiler/src/com/google/javascript/rhino/testing/NodeSubject.java:[86,9] [unchecked] unchecked call to Subject(FailureMetadata,T) as a member of the raw type Subject
[WARNING]   where T is a type-variable:
    T extends Object declared in class Subject
/lv_scratch/scratch/mondego/local/Maruf/ASE/projects/closure-compiler/src/com/google/javascript/rhino/testing/TypeSubject.java:[80,9] [unchecked] unchecked call to Subject(FailureMetadata,T) as a member of the raw type Subject
[WARNING]   where T is a type-variable:
    T extends Object declared in class Subject
/lv_scratch/scratch/mondego/local/Maruf/ASE/projects/closure-compiler/src/com/google/javascript/jscomp/parsing/parser/testing/FeatureSetSubject.java:[47,9] [unchecked] unchecked call to Subject(FailureMetadata,T) as a member of the raw type Subject
[WARNING]   where T is a type-variable:
    T extends Object declared in class Subject
/lv_scratch/scratch/mondego/local/Maruf/ASE/projects/closure-compiler/src/com/google/javascript/jscomp/testing/TestErrorManager.java:[27,44] [deprecation] BasicErrorManager in com.google.javascript.jscomp has been deprecated
[WARNING] /lv_scratch/scratch/mondego/local/Maruf/ASE/projects/closure-compiler/test/com/google/javascript/jscomp/BaseReplaceScriptTestCase.java:[88,33] [deprecation] PrintStreamErrorManager in com.google.javascript.jscomp has been deprecated
[WARNING] /lv_scratch/scratch/mondego/local/Maruf/ASE/projects/closure-compiler/test/com/google/javascript/jscomp/deps/DepsGeneratorTest.java:[45,23] [deprecation] PrintStreamErrorManager in com.google.javascript.jscomp has been deprecated
[WARNING] /lv_scratch/scratch/mondego/local/Maruf/ASE/projects/closure-compiler/test/com/google/javascript/jscomp/PartialCompilationTest.java:[56,12] [deprecation] BasicErrorManager in com.google.javascript.jscomp has been deprecated
[WARNING] /lv_scratch/scratch/mondego/local/Maruf/ASE/projects/closure-compiler/test/com/google/javascript/jscomp/JSModuleGraphTest.java:[344,52] [deprecation] pruneLegacyForEntryPoints(Iterable<ModuleIdentifier>) in DependencyOptions has been deprecated
[WARNING] /lv_scratch/scratch/mondego/local/Maruf/ASE/projects/closure-compiler/test/com/google/javascript/jscomp/JSModuleGraphTest.java:[362,25] [deprecation] pruneLegacyForEntryPoints(Iterable<ModuleIdentifier>) in DependencyOptions has been deprecated
[WARNING] /lv_scratch/scratch/mondego/local/Maruf/ASE/projects/closure-compiler/test/com/google/javascript/jscomp/JSModuleGraphTest.java:[779,25] [deprecation] pruneLegacyForEntryPoints(Iterable<ModuleIdentifier>) in DependencyOptions has been deprecated
[WARNING] /lv_scratch/scratch/mondego/local/Maruf/ASE/projects/closure-compiler/src/com/google/javascript/jscomp/testing/ScopeSubject.java:[62,9] [unchecked] unchecked call to Subject(FailureMetadata,T) as a member of the raw type Subject
[WARNING]   where T is a type-variable:
    T extends Object declared in class Subject
/lv_scratch/scratch/mondego/local/Maruf/ASE/projects/closure-compiler/test/com/google/javascript/jscomp/SortingErrorManagerTest.java:[123,4] [deprecation] BasicErrorManager in com.google.javascript.jscomp has been deprecated
[WARNING] /lv_scratch/scratch/mondego/local/Maruf/ASE/projects/closure-compiler/test/com/google/javascript/jscomp/SortingErrorManagerTest.java:[123,36] [deprecation] BasicErrorManager in com.google.javascript.jscomp has been deprecated
[WARNING] /lv_scratch/scratch/mondego/local/Maruf/ASE/projects/closure-compiler/test/com/google/javascript/jscomp/SortingErrorManagerTest.java:[143,4] [deprecation] BasicErrorManager in com.google.javascript.jscomp has been deprecated
[WARNING] /lv_scratch/scratch/mondego/local/Maruf/ASE/projects/closure-compiler/test/com/google/javascript/jscomp/SortingErrorManagerTest.java:[144,12] [deprecation] BasicErrorManager in com.google.javascript.jscomp has been deprecated
[WARNING] /lv_scratch/scratch/mondego/local/Maruf/ASE/projects/closure-compiler/test/com/google/javascript/jscomp/TypeCheckTest.java:[13586,38] [unchecked] unchecked call to isInstanceOf(Class<?>) as a member of the raw type Subject
[WARNING] /lv_scratch/scratch/mondego/local/Maruf/ASE/projects/closure-compiler/test/com/google/javascript/jscomp/TypeCheckTest.java:[13589,36] [unchecked] unchecked call to isInstanceOf(Class<?>) as a member of the raw type Subject
[WARNING] /lv_scratch/scratch/mondego/local/Maruf/ASE/projects/closure-compiler/test/com/google/javascript/jscomp/ReplaceCssNamesTest.java:[301,32] [deprecation] BasicErrorManager in com.google.javascript.jscomp has been deprecated
[WARNING] /lv_scratch/scratch/mondego/local/Maruf/ASE/projects/closure-compiler/test/com/google/javascript/jscomp/VarCheckTest.java:[878,50] [deprecation] pruneLegacyForEntryPoints(Iterable<ModuleIdentifier>) in DependencyOptions has been deprecated
[WARNING] /lv_scratch/scratch/mondego/local/Maruf/ASE/projects/closure-compiler/test/com/google/javascript/jscomp/SymbolTableTest.java:[380,11] [deprecation] setBrokenClosureRequiresLevel(CheckLevel) in CompilerOptions has been deprecated
[WARNING] /lv_scratch/scratch/mondego/local/Maruf/ASE/projects/closure-compiler/src/com/google/javascript/jscomp/testing/TypedVarSubject.java:[47,9] [unchecked] unchecked call to Subject(FailureMetadata,T) as a member of the raw type Subject
[WARNING]   where T is a type-variable:
    T extends Object declared in class Subject
/lv_scratch/scratch/mondego/local/Maruf/ASE/projects/closure-compiler/test/com/google/javascript/jscomp/CompilerTest.java:[111,11] [deprecation] setIdeMode(boolean) in CompilerOptions has been deprecated
[WARNING] /lv_scratch/scratch/mondego/local/Maruf/ASE/projects/closure-compiler/test/com/google/javascript/jscomp/CompilerTest.java:[112,50] [deprecation] pruneLegacyForEntryPoints(Iterable<ModuleIdentifier>) in DependencyOptions has been deprecated
[WARNING] /lv_scratch/scratch/mondego/local/Maruf/ASE/projects/closure-compiler/test/com/google/javascript/jscomp/CompilerTest.java:[1130,11] [deprecation] setIdeMode(boolean) in CompilerOptions has been deprecated
[WARNING] /lv_scratch/scratch/mondego/local/Maruf/ASE/projects/closure-compiler/test/com/google/javascript/jscomp/CompilerTest.java:[1385,50] [deprecation] pruneLegacyForEntryPoints(Iterable<ModuleIdentifier>) in DependencyOptions has been deprecated
[WARNING] /lv_scratch/scratch/mondego/local/Maruf/ASE/projects/closure-compiler/test/com/google/javascript/jscomp/CompilerTest.java:[1414,50] [deprecation] pruneLegacyForEntryPoints(Iterable<ModuleIdentifier>) in DependencyOptions has been deprecated
[WARNING] /lv_scratch/scratch/mondego/local/Maruf/ASE/projects/closure-compiler/test/com/google/javascript/jscomp/CompilerTest.java:[1443,50] [deprecation] pruneLegacyForEntryPoints(Iterable<ModuleIdentifier>) in DependencyOptions has been deprecated
[WARNING] /lv_scratch/scratch/mondego/local/Maruf/ASE/projects/closure-compiler/test/com/google/javascript/jscomp/CompilerTest.java:[1470,50] [deprecation] pruneLegacyForEntryPoints(Iterable<ModuleIdentifier>) in DependencyOptions has been deprecated
[WARNING] /lv_scratch/scratch/mondego/local/Maruf/ASE/projects/closure-compiler/test/com/google/javascript/jscomp/CompilerTest.java:[2036,25] [deprecation] pruneLegacyForEntryPoints(Iterable<ModuleIdentifier>) in DependencyOptions has been deprecated
[WARNING] /lv_scratch/scratch/mondego/local/Maruf/ASE/projects/closure-compiler/test/com/google/javascript/jscomp/CompilerTest.java:[2501,50] [deprecation] pruneLegacyForEntryPoints(Iterable<ModuleIdentifier>) in DependencyOptions has been deprecated
[WARNING] /lv_scratch/scratch/mondego/local/Maruf/ASE/projects/closure-compiler/test/com/google/javascript/jscomp/CompilerTest.java:[2609,50] [deprecation] pruneLegacyForEntryPoints(Iterable<ModuleIdentifier>) in DependencyOptions has been deprecated
[WARNING] /lv_scratch/scratch/mondego/local/Maruf/ASE/projects/closure-compiler/src/com/google/javascript/rhino/testing/TemplateTypeMapSubject.java:[66,9] [unchecked] unchecked call to Subject(FailureMetadata,T) as a member of the raw type Subject
[WARNING]   where T is a type-variable:
    T extends Object declared in class Subject
/lv_scratch/scratch/mondego/local/Maruf/ASE/projects/closure-compiler/test/com/google/javascript/jscomp/deps/JsFileLineParserTest.java:[144,36] [deprecation] PrintStreamErrorManager in com.google.javascript.jscomp has been deprecated
[WARNING] /lv_scratch/scratch/mondego/local/Maruf/ASE/projects/closure-compiler/test/com/google/javascript/jscomp/deps/JsFileLineParserTest.java:[151,36] [deprecation] PrintStreamErrorManager in com.google.javascript.jscomp has been deprecated
[WARNING] /lv_scratch/scratch/mondego/local/Maruf/ASE/projects/closure-compiler/test/com/google/javascript/jscomp/deps/JsFileRegexParserTest.java:[50,23] [deprecation] PrintStreamErrorManager in com.google.javascript.jscomp has been deprecated
[WARNING] /lv_scratch/scratch/mondego/local/Maruf/ASE/projects/closure-compiler/test/com/google/javascript/jscomp/CommandLineRunnerTest.java:[1030,29] [deprecation] pruneLegacyForEntryPoints(Iterable<ModuleIdentifier>) in DependencyOptions has been deprecated
[WARNING] /lv_scratch/scratch/mondego/local/Maruf/ASE/projects/closure-compiler/test/com/google/javascript/jscomp/deps/DepsFileRegexParserTest.java:[46,23] [deprecation] PrintStreamErrorManager in com.google.javascript.jscomp has been deprecated
[WARNING] /lv_scratch/scratch/mondego/local/Maruf/ASE/projects/closure-compiler/test/com/google/javascript/jscomp/NodeTraversalTest.java:[48,41] [deprecation] BasicErrorManager in com.google.javascript.jscomp has been deprecated
[WARNING] /lv_scratch/scratch/mondego/local/Maruf/ASE/projects/closure-compiler/test/com/google/javascript/jscomp/IntegrationTest.java:[4182,11] [deprecation] setIdeMode(boolean) in CompilerOptions has been deprecated
[WARNING] /lv_scratch/scratch/mondego/local/Maruf/ASE/projects/closure-compiler/test/com/google/javascript/jscomp/IntegrationTest.java:[5227,11] [deprecation] setIdeMode(boolean) in CompilerOptions has been deprecated
[WARNING] /lv_scratch/scratch/mondego/local/Maruf/ASE/projects/closure-compiler/test/com/google/javascript/jscomp/IntegrationTest.java:[5667,11] [deprecation] setIdeMode(boolean) in CompilerOptions has been deprecated
[WARNING] /lv_scratch/scratch/mondego/local/Maruf/ASE/projects/closure-compiler/test/com/google/javascript/jscomp/IntegrationTest.java:[5680,11] [deprecation] setIdeMode(boolean) in CompilerOptions has been deprecated
[WARNING] /lv_scratch/scratch/mondego/local/Maruf/ASE/projects/closure-compiler/test/com/google/javascript/jscomp/IntegrationTest.java:[5860,11] [deprecation] setIdeMode(boolean) in CompilerOptions has been deprecated
[WARNING] /lv_scratch/scratch/mondego/local/Maruf/ASE/projects/closure-compiler/test/com/google/javascript/jscomp/IntegrationTest.java:[5934,22] [deprecation] shouldCollapseProperties() in CompilerOptions has been deprecated
[WARNING] /lv_scratch/scratch/mondego/local/Maruf/ASE/projects/closure-compiler/test/com/google/javascript/jscomp/IntegrationTest.java:[5957,22] [deprecation] shouldCollapseProperties() in CompilerOptions has been deprecated
[WARNING] /lv_scratch/scratch/mondego/local/Maruf/ASE/projects/closure-compiler/test/com/google/javascript/jscomp/IntegrationTest.java:[5980,22] [deprecation] shouldCollapseProperties() in CompilerOptions has been deprecated
[WARNING] /lv_scratch/scratch/mondego/local/Maruf/ASE/projects/closure-compiler/test/com/google/javascript/jscomp/IntegrationTest.java:[6009,22] [deprecation] shouldCollapseProperties() in CompilerOptions has been deprecated
[INFO] 
[INFO] --- maven-surefire-plugin:2.18.1:test (default-test) @ closure-compiler-linter ---
[INFO] Tests are skipped.
[INFO] 
[INFO] --- maven-surefire-plugin:2.18.1:test (default-test-rerunfailures) @ closure-compiler-linter ---
[INFO] Tests are skipped.
[INFO] 
[INFO] --- deflaker-maven-plugin:1.5-SNAPSHOT:report (deflaker-report-tests) @ closure-compiler-linter ---
[INFO] ------------------------------------------------------------------------
[INFO] TEST DIFFCOV ANALYSIS
[INFO] Closure Compiler Linterclosure-compiler-linter
[INFO] ------------------------------------------------------------------------
[INFO] Using covFile: /lv_scratch/scratch/mondego/local/Maruf/ASE/projects/closure-compiler/target/diffcov.log
[INFO] Using difFile: /lv_scratch/scratch/mondego/local/Maruf/ASE/projects/closure-compiler/.diffCache
[INFO] No test data found
[INFO] 
[INFO] --- maven-jar-plugin:3.0.2:jar (default-jar) @ closure-compiler-linter ---
[INFO] Building jar: /lv_scratch/scratch/mondego/local/Maruf/ASE/projects/closure-compiler/target/closure-compiler-linter-1.0-SNAPSHOT.jar
[INFO] 
[INFO] --- maven-shade-plugin:2.4.1:shade (default) @ closure-compiler-linter ---
[INFO] Including com.google.javascript:closure-compiler-externs:jar:1.0-SNAPSHOT in the shaded jar.
[INFO] Including args4j:args4j:jar:2.0.26 in the shaded jar.
[INFO] Including com.google.errorprone:error_prone_annotations:jar:2.3.1 in the shaded jar.
[INFO] Including com.google.guava:guava:jar:25.1-jre in the shaded jar.
[INFO] Including org.checkerframework:checker-qual:jar:2.0.0 in the shaded jar.
[INFO] Including com.google.j2objc:j2objc-annotations:jar:1.1 in the shaded jar.
[INFO] Including org.codehaus.mojo:animal-sniffer-annotations:jar:1.14 in the shaded jar.
[INFO] Including com.google.protobuf:protobuf-java:jar:3.0.2 in the shaded jar.
[INFO] Including com.google.code.gson:gson:jar:2.7 in the shaded jar.
[INFO] Including com.google.code.findbugs:jsr305:jar:3.0.1 in the shaded jar.
[INFO] Including com.google.jsinterop:jsinterop-annotations:jar:1.0.2 in the shaded jar.
[INFO] Including com.google.jsinterop:base:jar:1.0.0 in the shaded jar.
[INFO] Including com.google.elemental2:elemental2-core:jar:1.0.0-RC1 in the shaded jar.
[INFO] Including com.google.re2j:re2j:jar:1.3 in the shaded jar.
[INFO] Replacing original artifact with shaded artifact.
[INFO] Replacing /lv_scratch/scratch/mondego/local/Maruf/ASE/projects/closure-compiler/target/closure-compiler-linter-1.0-SNAPSHOT.jar with /lv_scratch/scratch/mondego/local/Maruf/ASE/projects/closure-compiler/target/closure-compiler-linter-1.0-SNAPSHOT-shaded.jar
[INFO] Dependency-reduced POM written at: /lv_scratch/scratch/mondego/local/Maruf/ASE/projects/closure-compiler/dependency-reduced-pom.xml
Downloading: https://oss.sonatype.org/content/repositories/snapshots/org/deflaker/deflaker-test-listener/1.5-SNAPSHOT/maven-metadata.xml
2/2 KB            Downloaded: https://oss.sonatype.org/content/repositories/snapshots/org/deflaker/deflaker-test-listener/1.5-SNAPSHOT/maven-metadata.xml (2 KB at 3.9 KB/sec)
Downloading: https://oss.sonatype.org/content/repositories/snapshots/org/deflaker/deflaker-agent-bootpath/1.5-SNAPSHOT/maven-metadata.xml
2/2 KB            Downloaded: https://oss.sonatype.org/content/repositories/snapshots/org/deflaker/deflaker-agent-bootpath/1.5-SNAPSHOT/maven-metadata.xml (2 KB at 23.2 KB/sec)
[INFO] Dependency-reduced POM written at: /lv_scratch/scratch/mondego/local/Maruf/ASE/projects/closure-compiler/dependency-reduced-pom.xml
[INFO] 
[INFO] --- maven-source-plugin:3.0.1:jar-no-fork (attach-sources) @ closure-compiler-linter ---
[INFO] Building jar: /lv_scratch/scratch/mondego/local/Maruf/ASE/projects/closure-compiler/target/closure-compiler-linter-1.0-SNAPSHOT-sources.jar
[INFO]                                                                         
[INFO] ------------------------------------------------------------------------
[INFO] Building Closure Compiler Unshaded 1.0-SNAPSHOT
[INFO] ------------------------------------------------------------------------
[INFO] 
[INFO] --- build-helper-maven-plugin:1.12:add-source (add-source) @ closure-compiler-unshaded ---
[INFO] Source directory: /lv_scratch/scratch/mondego/local/Maruf/ASE/projects/closure-compiler/gen added.
[INFO] 
[INFO] --- maven-resources-plugin:3.0.1:resources (default-resources) @ closure-compiler-unshaded ---
[INFO] Using 'UTF-8' encoding to copy filtered resources.
[INFO] Copying 157 resources
[INFO] 
[INFO] --- maven-resources-plugin:3.0.1:copy-resources (rhino_ast-custom) @ closure-compiler-unshaded ---
[INFO] Using 'UTF-8' encoding to copy filtered resources.
[INFO] Copying 1 resource to /lv_scratch/scratch/mondego/local/Maruf/ASE/projects/closure-compiler/target/classes
[INFO] 
[INFO] --- maven-compiler-plugin:3.5.1:compile (default-compile) @ closure-compiler-unshaded ---
[INFO] Nothing to compile - all classes are up to date
[INFO] 
[INFO] --- maven-bundle-plugin:3.2.0:manifest (bundle-manifest) @ closure-compiler-unshaded ---
[INFO] 
[INFO] --- build-helper-maven-plugin:1.12:add-test-source (add-test-source) @ closure-compiler-unshaded ---
[INFO] Test Source directory: /lv_scratch/scratch/mondego/local/Maruf/ASE/projects/closure-compiler/src/com/google/javascript/rhino/testing added.
[INFO] Test Source directory: /lv_scratch/scratch/mondego/local/Maruf/ASE/projects/closure-compiler/src/com/google/javascript/jscomp/testing added.
[INFO] Test Source directory: /lv_scratch/scratch/mondego/local/Maruf/ASE/projects/closure-compiler/src/com/google/javascript/jscomp/parsing/parser/testing added.
[INFO] Test Source directory: /lv_scratch/scratch/mondego/local/Maruf/ASE/projects/closure-compiler/src/com/google/javascript/refactoring/testing added.
[INFO] 
[INFO] --- maven-resources-plugin:3.0.1:testResources (default-testResources) @ closure-compiler-unshaded ---
[INFO] Using 'UTF-8' encoding to copy filtered resources.
[INFO] skip non existing resourceDirectory /lv_scratch/scratch/mondego/local/Maruf/ASE/projects/closure-compiler/src/test/resources
[INFO] 
[INFO] --- deflaker-maven-plugin:1.5-SNAPSHOT:diff (deflaker-diff) @ closure-compiler-unshaded ---
[INFO] 
[INFO] --- maven-compiler-plugin:3.5.1:testCompile (default-testCompile) @ closure-compiler-unshaded ---
[INFO] Changes detected - recompiling the module!
[INFO] Compiling 406 source files to /lv_scratch/scratch/mondego/local/Maruf/ASE/projects/closure-compiler/target/test-classes
[WARNING] /lv_scratch/scratch/mondego/local/Maruf/ASE/projects/closure-compiler/src/com/google/javascript/jscomp/testing/TestErrorManager.java:[20,35] [deprecation] BasicErrorManager in com.google.javascript.jscomp has been deprecated
[WARNING] /lv_scratch/scratch/mondego/local/Maruf/ASE/projects/closure-compiler/test/com/google/javascript/jscomp/deps/DepsGeneratorTest.java:[27,35] [deprecation] PrintStreamErrorManager in com.google.javascript.jscomp has been deprecated
[WARNING] /lv_scratch/scratch/mondego/local/Maruf/ASE/projects/closure-compiler/test/com/google/javascript/jscomp/deps/JsFileLineParserTest.java:[22,35] [deprecation] PrintStreamErrorManager in com.google.javascript.jscomp has been deprecated
[WARNING] /lv_scratch/scratch/mondego/local/Maruf/ASE/projects/closure-compiler/test/com/google/javascript/jscomp/deps/JsFileRegexParserTest.java:[27,35] [deprecation] PrintStreamErrorManager in com.google.javascript.jscomp has been deprecated
[WARNING] /lv_scratch/scratch/mondego/local/Maruf/ASE/projects/closure-compiler/test/com/google/javascript/jscomp/deps/DepsFileRegexParserTest.java:[24,35] [deprecation] PrintStreamErrorManager in com.google.javascript.jscomp has been deprecated
[WARNING] /lv_scratch/scratch/mondego/local/Maruf/ASE/projects/closure-compiler/src/com/google/javascript/jscomp/testing/TestErrorManager.java:[20,35] [deprecation] BasicErrorManager in com.google.javascript.jscomp has been deprecated
[WARNING] /lv_scratch/scratch/mondego/local/Maruf/ASE/projects/closure-compiler/test/com/google/javascript/jscomp/deps/DepsGeneratorTest.java:[27,35] [deprecation] PrintStreamErrorManager in com.google.javascript.jscomp has been deprecated
[WARNING] /lv_scratch/scratch/mondego/local/Maruf/ASE/projects/closure-compiler/test/com/google/javascript/jscomp/deps/JsFileLineParserTest.java:[22,35] [deprecation] PrintStreamErrorManager in com.google.javascript.jscomp has been deprecated
[WARNING] /lv_scratch/scratch/mondego/local/Maruf/ASE/projects/closure-compiler/test/com/google/javascript/jscomp/deps/JsFileRegexParserTest.java:[27,35] [deprecation] PrintStreamErrorManager in com.google.javascript.jscomp has been deprecated
[WARNING] /lv_scratch/scratch/mondego/local/Maruf/ASE/projects/closure-compiler/test/com/google/javascript/jscomp/deps/DepsFileRegexParserTest.java:[24,35] [deprecation] PrintStreamErrorManager in com.google.javascript.jscomp has been deprecated
[WARNING] /lv_scratch/scratch/mondego/local/Maruf/ASE/projects/closure-compiler/src/com/google/javascript/jscomp/testing/TestErrorManager.java:[20,35] [deprecation] BasicErrorManager in com.google.javascript.jscomp has been deprecated
[WARNING] /lv_scratch/scratch/mondego/local/Maruf/ASE/projects/closure-compiler/test/com/google/javascript/jscomp/deps/DepsGeneratorTest.java:[27,35] [deprecation] PrintStreamErrorManager in com.google.javascript.jscomp has been deprecated
[WARNING] /lv_scratch/scratch/mondego/local/Maruf/ASE/projects/closure-compiler/test/com/google/javascript/jscomp/deps/JsFileLineParserTest.java:[22,35] [deprecation] PrintStreamErrorManager in com.google.javascript.jscomp has been deprecated
[WARNING] /lv_scratch/scratch/mondego/local/Maruf/ASE/projects/closure-compiler/test/com/google/javascript/jscomp/deps/JsFileRegexParserTest.java:[27,35] [deprecation] PrintStreamErrorManager in com.google.javascript.jscomp has been deprecated
[WARNING] /lv_scratch/scratch/mondego/local/Maruf/ASE/projects/closure-compiler/test/com/google/javascript/jscomp/deps/DepsFileRegexParserTest.java:[24,35] [deprecation] PrintStreamErrorManager in com.google.javascript.jscomp has been deprecated
[WARNING] /lv_scratch/scratch/mondego/local/Maruf/ASE/projects/closure-compiler/src/com/google/javascript/jscomp/testing/TestErrorManager.java:[20,35] [deprecation] BasicErrorManager in com.google.javascript.jscomp has been deprecated
[WARNING] /lv_scratch/scratch/mondego/local/Maruf/ASE/projects/closure-compiler/test/com/google/javascript/jscomp/deps/DepsGeneratorTest.java:[27,35] [deprecation] PrintStreamErrorManager in com.google.javascript.jscomp has been deprecated
[WARNING] /lv_scratch/scratch/mondego/local/Maruf/ASE/projects/closure-compiler/test/com/google/javascript/jscomp/deps/JsFileLineParserTest.java:[22,35] [deprecation] PrintStreamErrorManager in com.google.javascript.jscomp has been deprecated
[WARNING] /lv_scratch/scratch/mondego/local/Maruf/ASE/projects/closure-compiler/test/com/google/javascript/jscomp/deps/JsFileRegexParserTest.java:[27,35] [deprecation] PrintStreamErrorManager in com.google.javascript.jscomp has been deprecated
[WARNING] /lv_scratch/scratch/mondego/local/Maruf/ASE/projects/closure-compiler/test/com/google/javascript/jscomp/deps/DepsFileRegexParserTest.java:[24,35] [deprecation] PrintStreamErrorManager in com.google.javascript.jscomp has been deprecated
[WARNING] /lv_scratch/scratch/mondego/local/Maruf/ASE/projects/closure-compiler/src/com/google/javascript/jscomp/testing/JSErrorSubject.java:[46,9] [unchecked] unchecked call to Subject(FailureMetadata,T) as a member of the raw type Subject
[WARNING]   where T is a type-variable:
    T extends Object declared in class Subject
/lv_scratch/scratch/mondego/local/Maruf/ASE/projects/closure-compiler/src/com/google/javascript/rhino/testing/NodeSubject.java:[86,9] [unchecked] unchecked call to Subject(FailureMetadata,T) as a member of the raw type Subject
[WARNING]   where T is a type-variable:
    T extends Object declared in class Subject
/lv_scratch/scratch/mondego/local/Maruf/ASE/projects/closure-compiler/src/com/google/javascript/rhino/testing/TypeSubject.java:[80,9] [unchecked] unchecked call to Subject(FailureMetadata,T) as a member of the raw type Subject
[WARNING]   where T is a type-variable:
    T extends Object declared in class Subject
/lv_scratch/scratch/mondego/local/Maruf/ASE/projects/closure-compiler/src/com/google/javascript/jscomp/parsing/parser/testing/FeatureSetSubject.java:[47,9] [unchecked] unchecked call to Subject(FailureMetadata,T) as a member of the raw type Subject
[WARNING]   where T is a type-variable:
    T extends Object declared in class Subject
/lv_scratch/scratch/mondego/local/Maruf/ASE/projects/closure-compiler/src/com/google/javascript/jscomp/testing/TestErrorManager.java:[27,44] [deprecation] BasicErrorManager in com.google.javascript.jscomp has been deprecated
[WARNING] /lv_scratch/scratch/mondego/local/Maruf/ASE/projects/closure-compiler/test/com/google/javascript/jscomp/BaseReplaceScriptTestCase.java:[88,33] [deprecation] PrintStreamErrorManager in com.google.javascript.jscomp has been deprecated
[WARNING] /lv_scratch/scratch/mondego/local/Maruf/ASE/projects/closure-compiler/test/com/google/javascript/jscomp/deps/DepsGeneratorTest.java:[45,23] [deprecation] PrintStreamErrorManager in com.google.javascript.jscomp has been deprecated
[WARNING] /lv_scratch/scratch/mondego/local/Maruf/ASE/projects/closure-compiler/test/com/google/javascript/jscomp/PartialCompilationTest.java:[56,12] [deprecation] BasicErrorManager in com.google.javascript.jscomp has been deprecated
[WARNING] /lv_scratch/scratch/mondego/local/Maruf/ASE/projects/closure-compiler/test/com/google/javascript/jscomp/JSModuleGraphTest.java:[344,52] [deprecation] pruneLegacyForEntryPoints(Iterable<ModuleIdentifier>) in DependencyOptions has been deprecated
[WARNING] /lv_scratch/scratch/mondego/local/Maruf/ASE/projects/closure-compiler/test/com/google/javascript/jscomp/JSModuleGraphTest.java:[362,25] [deprecation] pruneLegacyForEntryPoints(Iterable<ModuleIdentifier>) in DependencyOptions has been deprecated
[WARNING] /lv_scratch/scratch/mondego/local/Maruf/ASE/projects/closure-compiler/test/com/google/javascript/jscomp/JSModuleGraphTest.java:[779,25] [deprecation] pruneLegacyForEntryPoints(Iterable<ModuleIdentifier>) in DependencyOptions has been deprecated
[WARNING] /lv_scratch/scratch/mondego/local/Maruf/ASE/projects/closure-compiler/src/com/google/javascript/jscomp/testing/ScopeSubject.java:[62,9] [unchecked] unchecked call to Subject(FailureMetadata,T) as a member of the raw type Subject
[WARNING]   where T is a type-variable:
    T extends Object declared in class Subject
/lv_scratch/scratch/mondego/local/Maruf/ASE/projects/closure-compiler/test/com/google/javascript/jscomp/SortingErrorManagerTest.java:[123,4] [deprecation] BasicErrorManager in com.google.javascript.jscomp has been deprecated
[WARNING] /lv_scratch/scratch/mondego/local/Maruf/ASE/projects/closure-compiler/test/com/google/javascript/jscomp/SortingErrorManagerTest.java:[123,36] [deprecation] BasicErrorManager in com.google.javascript.jscomp has been deprecated
[WARNING] /lv_scratch/scratch/mondego/local/Maruf/ASE/projects/closure-compiler/test/com/google/javascript/jscomp/SortingErrorManagerTest.java:[143,4] [deprecation] BasicErrorManager in com.google.javascript.jscomp has been deprecated
[WARNING] /lv_scratch/scratch/mondego/local/Maruf/ASE/projects/closure-compiler/test/com/google/javascript/jscomp/SortingErrorManagerTest.java:[144,12] [deprecation] BasicErrorManager in com.google.javascript.jscomp has been deprecated
[WARNING] /lv_scratch/scratch/mondego/local/Maruf/ASE/projects/closure-compiler/test/com/google/javascript/jscomp/TypeCheckTest.java:[13586,38] [unchecked] unchecked call to isInstanceOf(Class<?>) as a member of the raw type Subject
[WARNING] /lv_scratch/scratch/mondego/local/Maruf/ASE/projects/closure-compiler/test/com/google/javascript/jscomp/TypeCheckTest.java:[13589,36] [unchecked] unchecked call to isInstanceOf(Class<?>) as a member of the raw type Subject
[WARNING] /lv_scratch/scratch/mondego/local/Maruf/ASE/projects/closure-compiler/test/com/google/javascript/jscomp/ReplaceCssNamesTest.java:[301,32] [deprecation] BasicErrorManager in com.google.javascript.jscomp has been deprecated
[WARNING] /lv_scratch/scratch/mondego/local/Maruf/ASE/projects/closure-compiler/test/com/google/javascript/jscomp/VarCheckTest.java:[878,50] [deprecation] pruneLegacyForEntryPoints(Iterable<ModuleIdentifier>) in DependencyOptions has been deprecated
[WARNING] /lv_scratch/scratch/mondego/local/Maruf/ASE/projects/closure-compiler/test/com/google/javascript/jscomp/SymbolTableTest.java:[380,11] [deprecation] setBrokenClosureRequiresLevel(CheckLevel) in CompilerOptions has been deprecated
[WARNING] /lv_scratch/scratch/mondego/local/Maruf/ASE/projects/closure-compiler/src/com/google/javascript/jscomp/testing/TypedVarSubject.java:[47,9] [unchecked] unchecked call to Subject(FailureMetadata,T) as a member of the raw type Subject
[WARNING]   where T is a type-variable:
    T extends Object declared in class Subject
/lv_scratch/scratch/mondego/local/Maruf/ASE/projects/closure-compiler/test/com/google/javascript/jscomp/CompilerTest.java:[111,11] [deprecation] setIdeMode(boolean) in CompilerOptions has been deprecated
[WARNING] /lv_scratch/scratch/mondego/local/Maruf/ASE/projects/closure-compiler/test/com/google/javascript/jscomp/CompilerTest.java:[112,50] [deprecation] pruneLegacyForEntryPoints(Iterable<ModuleIdentifier>) in DependencyOptions has been deprecated
[WARNING] /lv_scratch/scratch/mondego/local/Maruf/ASE/projects/closure-compiler/test/com/google/javascript/jscomp/CompilerTest.java:[1130,11] [deprecation] setIdeMode(boolean) in CompilerOptions has been deprecated
[WARNING] /lv_scratch/scratch/mondego/local/Maruf/ASE/projects/closure-compiler/test/com/google/javascript/jscomp/CompilerTest.java:[1385,50] [deprecation] pruneLegacyForEntryPoints(Iterable<ModuleIdentifier>) in DependencyOptions has been deprecated
[WARNING] /lv_scratch/scratch/mondego/local/Maruf/ASE/projects/closure-compiler/test/com/google/javascript/jscomp/CompilerTest.java:[1414,50] [deprecation] pruneLegacyForEntryPoints(Iterable<ModuleIdentifier>) in DependencyOptions has been deprecated
[WARNING] /lv_scratch/scratch/mondego/local/Maruf/ASE/projects/closure-compiler/test/com/google/javascript/jscomp/CompilerTest.java:[1443,50] [deprecation] pruneLegacyForEntryPoints(Iterable<ModuleIdentifier>) in DependencyOptions has been deprecated
[WARNING] /lv_scratch/scratch/mondego/local/Maruf/ASE/projects/closure-compiler/test/com/google/javascript/jscomp/CompilerTest.java:[1470,50] [deprecation] pruneLegacyForEntryPoints(Iterable<ModuleIdentifier>) in DependencyOptions has been deprecated
[WARNING] /lv_scratch/scratch/mondego/local/Maruf/ASE/projects/closure-compiler/test/com/google/javascript/jscomp/CompilerTest.java:[2036,25] [deprecation] pruneLegacyForEntryPoints(Iterable<ModuleIdentifier>) in DependencyOptions has been deprecated
[WARNING] /lv_scratch/scratch/mondego/local/Maruf/ASE/projects/closure-compiler/test/com/google/javascript/jscomp/CompilerTest.java:[2501,50] [deprecation] pruneLegacyForEntryPoints(Iterable<ModuleIdentifier>) in DependencyOptions has been deprecated
[WARNING] /lv_scratch/scratch/mondego/local/Maruf/ASE/projects/closure-compiler/test/com/google/javascript/jscomp/CompilerTest.java:[2609,50] [deprecation] pruneLegacyForEntryPoints(Iterable<ModuleIdentifier>) in DependencyOptions has been deprecated
[WARNING] /lv_scratch/scratch/mondego/local/Maruf/ASE/projects/closure-compiler/src/com/google/javascript/rhino/testing/TemplateTypeMapSubject.java:[66,9] [unchecked] unchecked call to Subject(FailureMetadata,T) as a member of the raw type Subject
[WARNING]   where T is a type-variable:
    T extends Object declared in class Subject
/lv_scratch/scratch/mondego/local/Maruf/ASE/projects/closure-compiler/test/com/google/javascript/jscomp/deps/JsFileLineParserTest.java:[144,36] [deprecation] PrintStreamErrorManager in com.google.javascript.jscomp has been deprecated
[WARNING] /lv_scratch/scratch/mondego/local/Maruf/ASE/projects/closure-compiler/test/com/google/javascript/jscomp/deps/JsFileLineParserTest.java:[151,36] [deprecation] PrintStreamErrorManager in com.google.javascript.jscomp has been deprecated
[WARNING] /lv_scratch/scratch/mondego/local/Maruf/ASE/projects/closure-compiler/test/com/google/javascript/jscomp/deps/JsFileRegexParserTest.java:[50,23] [deprecation] PrintStreamErrorManager in com.google.javascript.jscomp has been deprecated
[WARNING] /lv_scratch/scratch/mondego/local/Maruf/ASE/projects/closure-compiler/test/com/google/javascript/jscomp/CommandLineRunnerTest.java:[1030,29] [deprecation] pruneLegacyForEntryPoints(Iterable<ModuleIdentifier>) in DependencyOptions has been deprecated
[WARNING] /lv_scratch/scratch/mondego/local/Maruf/ASE/projects/closure-compiler/test/com/google/javascript/jscomp/deps/DepsFileRegexParserTest.java:[46,23] [deprecation] PrintStreamErrorManager in com.google.javascript.jscomp has been deprecated
[WARNING] /lv_scratch/scratch/mondego/local/Maruf/ASE/projects/closure-compiler/test/com/google/javascript/jscomp/NodeTraversalTest.java:[48,41] [deprecation] BasicErrorManager in com.google.javascript.jscomp has been deprecated
[WARNING] /lv_scratch/scratch/mondego/local/Maruf/ASE/projects/closure-compiler/test/com/google/javascript/jscomp/IntegrationTest.java:[4182,11] [deprecation] setIdeMode(boolean) in CompilerOptions has been deprecated
[WARNING] /lv_scratch/scratch/mondego/local/Maruf/ASE/projects/closure-compiler/test/com/google/javascript/jscomp/IntegrationTest.java:[5227,11] [deprecation] setIdeMode(boolean) in CompilerOptions has been deprecated
[WARNING] /lv_scratch/scratch/mondego/local/Maruf/ASE/projects/closure-compiler/test/com/google/javascript/jscomp/IntegrationTest.java:[5667,11] [deprecation] setIdeMode(boolean) in CompilerOptions has been deprecated
[WARNING] /lv_scratch/scratch/mondego/local/Maruf/ASE/projects/closure-compiler/test/com/google/javascript/jscomp/IntegrationTest.java:[5680,11] [deprecation] setIdeMode(boolean) in CompilerOptions has been deprecated
[WARNING] /lv_scratch/scratch/mondego/local/Maruf/ASE/projects/closure-compiler/test/com/google/javascript/jscomp/IntegrationTest.java:[5860,11] [deprecation] setIdeMode(boolean) in CompilerOptions has been deprecated
[WARNING] /lv_scratch/scratch/mondego/local/Maruf/ASE/projects/closure-compiler/test/com/google/javascript/jscomp/IntegrationTest.java:[5934,22] [deprecation] shouldCollapseProperties() in CompilerOptions has been deprecated
[WARNING] /lv_scratch/scratch/mondego/local/Maruf/ASE/projects/closure-compiler/test/com/google/javascript/jscomp/IntegrationTest.java:[5957,22] [deprecation] shouldCollapseProperties() in CompilerOptions has been deprecated
[WARNING] /lv_scratch/scratch/mondego/local/Maruf/ASE/projects/closure-compiler/test/com/google/javascript/jscomp/IntegrationTest.java:[5980,22] [deprecation] shouldCollapseProperties() in CompilerOptions has been deprecated
[WARNING] /lv_scratch/scratch/mondego/local/Maruf/ASE/projects/closure-compiler/test/com/google/javascript/jscomp/IntegrationTest.java:[6009,22] [deprecation] shouldCollapseProperties() in CompilerOptions has been deprecated
[INFO] 
[INFO] --- maven-surefire-plugin:2.19.1:test (default-test) @ closure-compiler-unshaded ---

-------------------------------------------------------
 T E S T S
-------------------------------------------------------
Running com.google.javascript.jscomp.TypeMatchingStrategyTest
Tests run: 4, Failures: 0, Errors: 0, Skipped: 0, Time elapsed: 1.503 sec - in com.google.javascript.jscomp.TypeMatchingStrategyTest
Running com.google.javascript.jscomp.MakeDeclaredNamesUniqueTest
Tests run: 47, Failures: 0, Errors: 0, Skipped: 0, Time elapsed: 0.399 sec - in com.google.javascript.jscomp.MakeDeclaredNamesUniqueTest
Running com.google.javascript.jscomp.InlineAliasesTest
Tests run: 41, Failures: 0, Errors: 0, Skipped: 0, Time elapsed: 0.238 sec - in com.google.javascript.jscomp.InlineAliasesTest
Running com.google.javascript.jscomp.PolymerPassFindExternsTest
Tests run: 4, Failures: 0, Errors: 0, Skipped: 0, Time elapsed: 0.094 sec - in com.google.javascript.jscomp.PolymerPassFindExternsTest
Running com.google.javascript.jscomp.InlineVariablesConstantsTest
Tests run: 11, Failures: 0, Errors: 0, Skipped: 1, Time elapsed: 0.065 sec - in com.google.javascript.jscomp.InlineVariablesConstantsTest
Running com.google.javascript.jscomp.XidTest
Tests run: 4, Failures: 0, Errors: 0, Skipped: 0, Time elapsed: 0.025 sec - in com.google.javascript.jscomp.XidTest
Running com.google.javascript.jscomp.InlineCostEstimatorTest
Tests run: 1, Failures: 0, Errors: 0, Skipped: 0, Time elapsed: 0.021 sec - in com.google.javascript.jscomp.InlineCostEstimatorTest
Running com.google.javascript.jscomp.J2clClinitPrunerPassTest
Tests run: 30, Failures: 0, Errors: 0, Skipped: 2, Time elapsed: 0.131 sec - in com.google.javascript.jscomp.J2clClinitPrunerPassTest
Running com.google.javascript.jscomp.InlineObjectLiteralsTest
Tests run: 46, Failures: 0, Errors: 0, Skipped: 0, Time elapsed: 0.139 sec - in com.google.javascript.jscomp.InlineObjectLiteralsTest
Running com.google.javascript.jscomp.Es6RewriteGeneratorsTest
Tests run: 39, Failures: 0, Errors: 0, Skipped: 0, Time elapsed: 3.611 sec - in com.google.javascript.jscomp.Es6RewriteGeneratorsTest
Running com.google.javascript.jscomp.MissingRequireTest
Tests run: 108, Failures: 0, Errors: 0, Skipped: 0, Time elapsed: 0.27 sec - in com.google.javascript.jscomp.MissingRequireTest
Running com.google.javascript.jscomp.GlobalNamespaceTest
Tests run: 61, Failures: 0, Errors: 0, Skipped: 0, Time elapsed: 0.158 sec - in com.google.javascript.jscomp.GlobalNamespaceTest
Running com.google.javascript.jscomp.lint.CheckInterfacesTest
Tests run: 6, Failures: 0, Errors: 0, Skipped: 0, Time elapsed: 0.004 sec - in com.google.javascript.jscomp.lint.CheckInterfacesTest
Running com.google.javascript.jscomp.lint.CheckPrimitiveAsObjectTest
Tests run: 19, Failures: 0, Errors: 0, Skipped: 0, Time elapsed: 0.01 sec - in com.google.javascript.jscomp.lint.CheckPrimitiveAsObjectTest
Running com.google.javascript.jscomp.lint.CheckEnumsTest
Tests run: 6, Failures: 0, Errors: 0, Skipped: 0, Time elapsed: 0.006 sec - in com.google.javascript.jscomp.lint.CheckEnumsTest
Running com.google.javascript.jscomp.lint.CheckDuplicateCaseTest
Tests run: 2, Failures: 0, Errors: 0, Skipped: 0, Time elapsed: 0.007 sec - in com.google.javascript.jscomp.lint.CheckDuplicateCaseTest
Running com.google.javascript.jscomp.lint.CheckEmptyStatementsTest
Tests run: 6, Failures: 0, Errors: 0, Skipped: 0, Time elapsed: 0.005 sec - in com.google.javascript.jscomp.lint.CheckEmptyStatementsTest
Running com.google.javascript.jscomp.lint.CheckUselessBlocksTest
Tests run: 4, Failures: 0, Errors: 0, Skipped: 0, Time elapsed: 0.009 sec - in com.google.javascript.jscomp.lint.CheckUselessBlocksTest
Running com.google.javascript.jscomp.lint.CheckEs6ModuleFileStructureTest
Tests run: 3, Failures: 0, Errors: 0, Skipped: 0, Time elapsed: 0.016 sec - in com.google.javascript.jscomp.lint.CheckEs6ModuleFileStructureTest
Running com.google.javascript.jscomp.lint.CheckArrayWithGoogObjectTest
Tests run: 4, Failures: 0, Errors: 0, Skipped: 0, Time elapsed: 0.056 sec - in com.google.javascript.jscomp.lint.CheckArrayWithGoogObjectTest
Running com.google.javascript.jscomp.lint.CheckEs6ModulesTest
Tests run: 2, Failures: 0, Errors: 0, Skipped: 0, Time elapsed: 0.003 sec - in com.google.javascript.jscomp.lint.CheckEs6ModulesTest
Running com.google.javascript.jscomp.lint.CheckUnusedLabelsTest
Tests run: 2, Failures: 0, Errors: 0, Skipped: 0, Time elapsed: 0.004 sec - in com.google.javascript.jscomp.lint.CheckUnusedLabelsTest
Running com.google.javascript.jscomp.lint.CheckNullabilityModifiersTest
Tests run: 20, Failures: 0, Errors: 0, Skipped: 0, Time elapsed: 0.045 sec - in com.google.javascript.jscomp.lint.CheckNullabilityModifiersTest
Running com.google.javascript.jscomp.lint.CheckNullableReturnTest
Tests run: 13, Failures: 0, Errors: 0, Skipped: 0, Time elapsed: 0.514 sec - in com.google.javascript.jscomp.lint.CheckNullableReturnTest
Running com.google.javascript.jscomp.lint.CheckNoMutatedEs6ExportsTest
Tests run: 5, Failures: 0, Errors: 0, Skipped: 0, Time elapsed: 0.01 sec - in com.google.javascript.jscomp.lint.CheckNoMutatedEs6ExportsTest
Running com.google.javascript.jscomp.lint.CheckJSDocStyleTest
Tests run: 86, Failures: 0, Errors: 0, Skipped: 0, Time elapsed: 0.164 sec - in com.google.javascript.jscomp.lint.CheckJSDocStyleTest
Running com.google.javascript.jscomp.lint.CheckConstantCaseNamesTest
Tests run: 6, Failures: 0, Errors: 0, Skipped: 0, Time elapsed: 0.011 sec - in com.google.javascript.jscomp.lint.CheckConstantCaseNamesTest
Running com.google.javascript.jscomp.lint.CheckMissingSemicolonTest
Tests run: 6, Failures: 0, Errors: 0, Skipped: 0, Time elapsed: 0.01 sec - in com.google.javascript.jscomp.lint.CheckMissingSemicolonTest
Running com.google.javascript.jscomp.lint.CheckRequiresSortedTest
Tests run: 4, Failures: 0, Errors: 0, Skipped: 0, Time elapsed: 0.015 sec - in com.google.javascript.jscomp.lint.CheckRequiresSortedTest
Running com.google.javascript.jscomp.lint.CheckProvidesSortedTest
Tests run: 3, Failures: 0, Errors: 0, Skipped: 0, Time elapsed: 0.003 sec - in com.google.javascript.jscomp.lint.CheckProvidesSortedTest
Running com.google.javascript.jscomp.lint.CheckPrototypePropertiesTest
Tests run: 4, Failures: 0, Errors: 0, Skipped: 0, Time elapsed: 0.009 sec - in com.google.javascript.jscomp.lint.CheckPrototypePropertiesTest
Running com.google.javascript.jscomp.OptimizeCallsIntegrationTest
Tests run: 24, Failures: 0, Errors: 0, Skipped: 0, Time elapsed: 0.581 sec - in com.google.javascript.jscomp.OptimizeCallsIntegrationTest
Running com.google.javascript.jscomp.JSModuleTest
Tests run: 2, Failures: 0, Errors: 0, Skipped: 0, Time elapsed: 0.002 sec - in com.google.javascript.jscomp.JSModuleTest
Running com.google.javascript.jscomp.ExternExportsPassTest
Tests run: 73, Failures: 0, Errors: 0, Skipped: 0, Time elapsed: 0.237 sec - in com.google.javascript.jscomp.ExternExportsPassTest
Running com.google.javascript.jscomp.CheckUnreachableCodeTest
Tests run: 37, Failures: 0, Errors: 0, Skipped: 0, Time elapsed: 0.071 sec - in com.google.javascript.jscomp.CheckUnreachableCodeTest
Running com.google.javascript.jscomp.RhinoErrorReporterTest
Tests run: 4, Failures: 0, Errors: 0, Skipped: 0, Time elapsed: 0.005 sec - in com.google.javascript.jscomp.RhinoErrorReporterTest
Running com.google.javascript.jscomp.ProcessTweaksTest
Tests run: 36, Failures: 0, Errors: 0, Skipped: 0, Time elapsed: 0.028 sec - in com.google.javascript.jscomp.ProcessTweaksTest
Running com.google.javascript.jscomp.MustBeReachingVariableDefTest
Tests run: 23, Failures: 0, Errors: 0, Skipped: 0, Time elapsed: 0.031 sec - in com.google.javascript.jscomp.MustBeReachingVariableDefTest
Running com.google.javascript.jscomp.SyncCompilerFeaturesTest
Tests run: 2, Failures: 0, Errors: 0, Skipped: 0, Time elapsed: 0.002 sec - in com.google.javascript.jscomp.SyncCompilerFeaturesTest
Running com.google.javascript.jscomp.CleanupPassesTest
Tests run: 2, Failures: 0, Errors: 0, Skipped: 0, Time elapsed: 0.001 sec - in com.google.javascript.jscomp.CleanupPassesTest
Running com.google.javascript.jscomp.CheckConstPrivatePropertiesTest
Tests run: 22, Failures: 0, Errors: 0, Skipped: 0, Time elapsed: 0.123 sec - in com.google.javascript.jscomp.CheckConstPrivatePropertiesTest
Running com.google.javascript.jscomp.TypeCheckFunctionCheckTest
Tests run: 15, Failures: 0, Errors: 0, Skipped: 0, Time elapsed: 0.052 sec - in com.google.javascript.jscomp.TypeCheckFunctionCheckTest
Running com.google.javascript.jscomp.ProcessClosurePrimitivesTest
Tests run: 58, Failures: 0, Errors: 0, Skipped: 0, Time elapsed: 0.048 sec - in com.google.javascript.jscomp.ProcessClosurePrimitivesTest
Running com.google.javascript.jscomp.InlinePropertiesTest
Tests run: 39, Failures: 0, Errors: 0, Skipped: 0, Time elapsed: 0.194 sec - in com.google.javascript.jscomp.InlinePropertiesTest
Running com.google.javascript.jscomp.ExportTestFunctionsTest
Tests run: 27, Failures: 0, Errors: 0, Skipped: 0, Time elapsed: 0.039 sec - in com.google.javascript.jscomp.ExportTestFunctionsTest
Running com.google.javascript.jscomp.Es6RewriteScriptsToModulesTest
Tests run: 2, Failures: 0, Errors: 0, Skipped: 0, Time elapsed: 0.001 sec - in com.google.javascript.jscomp.Es6RewriteScriptsToModulesTest
Running com.google.javascript.jscomp.parsing.parser.util.format.SimpleFormatTest
Tests run: 5, Failures: 0, Errors: 0, Skipped: 0, Time elapsed: 0 sec - in com.google.javascript.jscomp.parsing.parser.util.format.SimpleFormatTest
Running com.google.javascript.jscomp.parsing.parser.FeatureSetTest
Tests run: 10, Failures: 0, Errors: 0, Skipped: 0, Time elapsed: 0.002 sec - in com.google.javascript.jscomp.parsing.parser.FeatureSetTest
Running com.google.javascript.jscomp.parsing.AttachJsdocsTest
Tests run: 112, Failures: 0, Errors: 0, Skipped: 33, Time elapsed: 0.054 sec - in com.google.javascript.jscomp.parsing.AttachJsdocsTest
Running com.google.javascript.jscomp.parsing.TypeSyntaxTest
Tests run: 78, Failures: 0, Errors: 0, Skipped: 2, Time elapsed: 0.1 sec - in com.google.javascript.jscomp.parsing.TypeSyntaxTest
Running com.google.javascript.jscomp.parsing.JsDocInfoParserTest
Tests run: 723, Failures: 0, Errors: 0, Skipped: 1, Time elapsed: 0.489 sec - in com.google.javascript.jscomp.parsing.JsDocInfoParserTest
Running com.google.javascript.jscomp.parsing.JsDocTokenStreamTest
Tests run: 20, Failures: 0, Errors: 0, Skipped: 0, Time elapsed: 0 sec - in com.google.javascript.jscomp.parsing.JsDocTokenStreamTest
Running com.google.javascript.jscomp.parsing.ParsingUtilTest
Tests run: 7, Failures: 0, Errors: 0, Skipped: 0, Time elapsed: 0.005 sec - in com.google.javascript.jscomp.parsing.ParsingUtilTest
Running com.google.javascript.jscomp.parsing.ParserTest
Tests run: 421, Failures: 0, Errors: 0, Skipped: 0, Time elapsed: 11.039 sec - in com.google.javascript.jscomp.parsing.ParserTest
Running com.google.javascript.jscomp.Es6RewriteBlockScopedDeclarationTest
Tests run: 25, Failures: 0, Errors: 0, Skipped: 0, Time elapsed: 0.716 sec - in com.google.javascript.jscomp.Es6RewriteBlockScopedDeclarationTest
Running com.google.javascript.jscomp.CheckAccessControlsEs6ClassTest
Tests run: 183, Failures: 0, Errors: 0, Skipped: 0, Time elapsed: 1.228 sec - in com.google.javascript.jscomp.CheckAccessControlsEs6ClassTest
Running com.google.javascript.jscomp.MinimizedConditionTest
Tests run: 6, Failures: 0, Errors: 0, Skipped: 0, Time elapsed: 0.005 sec - in com.google.javascript.jscomp.MinimizedConditionTest
Running com.google.javascript.jscomp.J2clAssertRemovalPassTest
Tests run: 3, Failures: 0, Errors: 0, Skipped: 0, Time elapsed: 0.001 sec - in com.google.javascript.jscomp.J2clAssertRemovalPassTest
Running com.google.javascript.jscomp.PolymerPassTest
Tests run: 100, Failures: 0, Errors: 0, Skipped: 0, Time elapsed: 0.941 sec - in com.google.javascript.jscomp.PolymerPassTest
Running com.google.javascript.jscomp.PeepholeReorderConstantExpressionTest
Tests run: 3, Failures: 0, Errors: 0, Skipped: 0, Time elapsed: 0.065 sec - in com.google.javascript.jscomp.PeepholeReorderConstantExpressionTest
Running com.google.javascript.jscomp.J2clConstantHoisterPassTest
Tests run: 6, Failures: 0, Errors: 0, Skipped: 0, Time elapsed: 0.012 sec - in com.google.javascript.jscomp.J2clConstantHoisterPassTest
Running com.google.javascript.jscomp.TransformAMDToCJSModuleTest
Tests run: 7, Failures: 0, Errors: 0, Skipped: 0, Time elapsed: 0.02 sec - in com.google.javascript.jscomp.TransformAMDToCJSModuleTest
Running com.google.javascript.jscomp.DefaultCodingConventionTest
Tests run: 23, Failures: 0, Errors: 0, Skipped: 0, Time elapsed: 0.005 sec - in com.google.javascript.jscomp.DefaultCodingConventionTest
Running com.google.javascript.jscomp.RewriteJsonToModuleTest
Tests run: 6, Failures: 0, Errors: 0, Skipped: 0, Time elapsed: 0.01 sec - in com.google.javascript.jscomp.RewriteJsonToModuleTest
Running com.google.javascript.jscomp.Es6TypedToEs6ConverterTest
Tests run: 69, Failures: 0, Errors: 0, Skipped: 0, Time elapsed: 0.107 sec - in com.google.javascript.jscomp.Es6TypedToEs6ConverterTest
Running com.google.javascript.jscomp.CheckJsDocTest
Tests run: 106, Failures: 0, Errors: 0, Skipped: 0, Time elapsed: 0.11 sec - in com.google.javascript.jscomp.CheckJsDocTest
Running com.google.javascript.jscomp.RemoveUnusedCodeTest
Tests run: 177, Failures: 0, Errors: 0, Skipped: 0, Time elapsed: 0.68 sec - in com.google.javascript.jscomp.RemoveUnusedCodeTest
Running com.google.javascript.jscomp.AggressiveInlineAliasesTest
Tests run: 145, Failures: 0, Errors: 0, Skipped: 0, Time elapsed: 0.176 sec - in com.google.javascript.jscomp.AggressiveInlineAliasesTest
Running com.google.javascript.jscomp.ShadowVariablesTest
Tests run: 23, Failures: 0, Errors: 0, Skipped: 0, Time elapsed: 0.025 sec - in com.google.javascript.jscomp.ShadowVariablesTest
Running com.google.javascript.jscomp.AngularPassTest
Tests run: 31, Failures: 0, Errors: 0, Skipped: 0, Time elapsed: 0.027 sec - in com.google.javascript.jscomp.AngularPassTest
Running com.google.javascript.jscomp.graph.GraphColoringTest
Tests run: 7, Failures: 0, Errors: 0, Skipped: 0, Time elapsed: 0.368 sec - in com.google.javascript.jscomp.graph.GraphColoringTest
Running com.google.javascript.jscomp.graph.LowestCommonAncestorFinderTest
Tests run: 14, Failures: 0, Errors: 0, Skipped: 0, Time elapsed: 0.031 sec - in com.google.javascript.jscomp.graph.LowestCommonAncestorFinderTest
Running com.google.javascript.jscomp.graph.GraphTest
Tests run: 13, Failures: 0, Errors: 0, Skipped: 0, Time elapsed: 0.001 sec - in com.google.javascript.jscomp.graph.GraphTest
Running com.google.javascript.jscomp.graph.StandardUnionFindTest
Tests run: 13, Failures: 0, Errors: 0, Skipped: 0, Time elapsed: 0.002 sec - in com.google.javascript.jscomp.graph.StandardUnionFindTest
Running com.google.javascript.jscomp.graph.GraphReachabilityTest
Tests run: 1, Failures: 0, Errors: 0, Skipped: 0, Time elapsed: 0 sec - in com.google.javascript.jscomp.graph.GraphReachabilityTest
Running com.google.javascript.jscomp.UnreachableCodeEliminationTest
Tests run: 40, Failures: 0, Errors: 0, Skipped: 2, Time elapsed: 0.078 sec - in com.google.javascript.jscomp.UnreachableCodeEliminationTest
Running com.google.javascript.jscomp.ClosureCodeRemovalTest
Tests run: 18, Failures: 0, Errors: 0, Skipped: 0, Time elapsed: 0.016 sec - in com.google.javascript.jscomp.ClosureCodeRemovalTest
Running com.google.javascript.jscomp.Es6RenameVariablesInParamListsTest
Tests run: 5, Failures: 0, Errors: 0, Skipped: 0, Time elapsed: 0.008 sec - in com.google.javascript.jscomp.Es6RenameVariablesInParamListsTest
Running com.google.javascript.jscomp.ExpressionDecomposerTest
Tests run: 90, Failures: 0, Errors: 0, Skipped: 0, Time elapsed: 0.097 sec - in com.google.javascript.jscomp.ExpressionDecomposerTest
Running com.google.javascript.jscomp.CoverageInstrumentationPassTest
Tests run: 10, Failures: 0, Errors: 0, Skipped: 0, Time elapsed: 0.146 sec - in com.google.javascript.jscomp.CoverageInstrumentationPassTest
Running com.google.javascript.jscomp.RemoveUnusedCodeClassPropertiesTest
Tests run: 48, Failures: 0, Errors: 0, Skipped: 0, Time elapsed: 0.127 sec - in com.google.javascript.jscomp.RemoveUnusedCodeClassPropertiesTest
Running com.google.javascript.jscomp.DisambiguatePropertiesTest
Tests run: 164, Failures: 0, Errors: 0, Skipped: 1, Time elapsed: 1.35 sec - in com.google.javascript.jscomp.DisambiguatePropertiesTest
Running com.google.javascript.jscomp.GoogModuleReplaceScriptTest
Tests run: 7, Failures: 0, Errors: 0, Skipped: 0, Time elapsed: 0.173 sec - in com.google.javascript.jscomp.GoogModuleReplaceScriptTest
Running com.google.javascript.jscomp.RemoveWeakSourcesTest
Tests run: 2, Failures: 0, Errors: 0, Skipped: 0, Time elapsed: 0.002 sec - in com.google.javascript.jscomp.RemoveWeakSourcesTest
Running com.google.javascript.jscomp.CheckAccessControlsPolymerTest
Tests run: 5, Failures: 0, Errors: 0, Skipped: 0, Time elapsed: 0.029 sec - in com.google.javascript.jscomp.CheckAccessControlsPolymerTest
Running com.google.javascript.jscomp.LazyParsedDependencyInfoTest
Tests run: 7, Failures: 0, Errors: 0, Skipped: 0, Time elapsed: 0.001 sec - in com.google.javascript.jscomp.LazyParsedDependencyInfoTest
Running com.google.javascript.jscomp.deps.DepsGeneratorTest
Tests run: 18, Failures: 0, Errors: 0, Skipped: 0, Time elapsed: 0.046 sec - in com.google.javascript.jscomp.deps.DepsGeneratorTest
Running com.google.javascript.jscomp.deps.DependencyInfoTest
Tests run: 2, Failures: 0, Errors: 0, Skipped: 0, Time elapsed: 0 sec - in com.google.javascript.jscomp.deps.DependencyInfoTest
Running com.google.javascript.jscomp.deps.JsFileFullParserTest
Tests run: 1, Failures: 0, Errors: 0, Skipped: 0, Time elapsed: 0.022 sec - in com.google.javascript.jscomp.deps.JsFileFullParserTest
Running com.google.javascript.jscomp.deps.ModuleLoaderTest
Tests run: 23, Failures: 0, Errors: 0, Skipped: 0, Time elapsed: 0.014 sec - in com.google.javascript.jscomp.deps.ModuleLoaderTest
Running com.google.javascript.jscomp.deps.VirtualFileTest
Tests run: 2, Failures: 0, Errors: 0, Skipped: 0, Time elapsed: 0 sec - in com.google.javascript.jscomp.deps.VirtualFileTest
Running com.google.javascript.jscomp.deps.DependencyResolverTest
Tests run: 10, Failures: 0, Errors: 0, Skipped: 0, Time elapsed: 0.01 sec - in com.google.javascript.jscomp.deps.DependencyResolverTest
Running com.google.javascript.jscomp.deps.JsFileLineParserTest
Tests run: 21, Failures: 0, Errors: 0, Skipped: 0, Time elapsed: 0.002 sec - in com.google.javascript.jscomp.deps.JsFileLineParserTest
Running com.google.javascript.jscomp.deps.JsFileRegexParserTest
Tests run: 35, Failures: 0, Errors: 0, Skipped: 0, Time elapsed: 0.006 sec - in com.google.javascript.jscomp.deps.JsFileRegexParserTest
Running com.google.javascript.jscomp.deps.PathUtilTest
Tests run: 3, Failures: 0, Errors: 0, Skipped: 0, Time elapsed: 0 sec - in com.google.javascript.jscomp.deps.PathUtilTest
Running com.google.javascript.jscomp.deps.ClosureBundlerTest
Tests run: 14, Failures: 0, Errors: 0, Skipped: 0, Time elapsed: 0.438 sec - in com.google.javascript.jscomp.deps.ClosureBundlerTest
Running com.google.javascript.jscomp.deps.Es6SortedDependenciesTest
Tests run: 15, Failures: 0, Errors: 0, Skipped: 0, Time elapsed: 0 sec - in com.google.javascript.jscomp.deps.Es6SortedDependenciesTest
Running com.google.javascript.jscomp.deps.DepsFileRegexParserTest
Tests run: 11, Failures: 0, Errors: 0, Skipped: 0, Time elapsed: 0 sec - in com.google.javascript.jscomp.deps.DepsFileRegexParserTest
Running com.google.javascript.jscomp.regex.CharRangesTest
Tests run: 7, Failures: 0, Errors: 0, Skipped: 0, Time elapsed: 0.033 sec - in com.google.javascript.jscomp.regex.CharRangesTest
Running com.google.javascript.jscomp.regex.RegExpTreeTest
Tests run: 10, Failures: 0, Errors: 0, Skipped: 0, Time elapsed: 0.008 sec - in com.google.javascript.jscomp.regex.RegExpTreeTest
Running com.google.javascript.jscomp.PolymerPassSuppressBehaviorsTest
Tests run: 5, Failures: 0, Errors: 0, Skipped: 0, Time elapsed: 0.013 sec - in com.google.javascript.jscomp.PolymerPassSuppressBehaviorsTest
Running com.google.javascript.jscomp.PartialCompilationTest
Tests run: 13, Failures: 0, Errors: 0, Skipped: 0, Time elapsed: 0.039 sec - in com.google.javascript.jscomp.PartialCompilationTest
Running com.google.javascript.jscomp.GetterAndSetterIntegrationTest
Tests run: 21, Failures: 0, Errors: 0, Skipped: 0, Time elapsed: 1.487 sec - in com.google.javascript.jscomp.GetterAndSetterIntegrationTest
Running com.google.javascript.jscomp.Es6RewriteModulesWithGoogInteropTest
Tests run: 47, Failures: 0, Errors: 0, Skipped: 0, Time elapsed: 0.131 sec - in com.google.javascript.jscomp.Es6RewriteModulesWithGoogInteropTest
Running com.google.javascript.jscomp.JSModuleGraphTest
Tests run: 29, Failures: 0, Errors: 0, Skipped: 0, Time elapsed: 0.083 sec - in com.google.javascript.jscomp.JSModuleGraphTest
Running com.google.javascript.jscomp.Es6SplitVariableDeclarationsTest
Tests run: 6, Failures: 0, Errors: 0, Skipped: 0, Time elapsed: 0.022 sec - in com.google.javascript.jscomp.Es6SplitVariableDeclarationsTest
Running com.google.javascript.jscomp.CrossChunkReferenceCollectorTest
Tests run: 29, Failures: 0, Errors: 0, Skipped: 0, Time elapsed: 0.023 sec - in com.google.javascript.jscomp.CrossChunkReferenceCollectorTest
Running com.google.javascript.jscomp.FunctionTypeBuilderTest
Tests run: 9, Failures: 0, Errors: 0, Skipped: 0, Time elapsed: 0.012 sec - in com.google.javascript.jscomp.FunctionTypeBuilderTest
Running com.google.javascript.jscomp.Es6RewriteBlockScopedFunctionDeclarationTest
Tests run: 7, Failures: 0, Errors: 0, Skipped: 0, Time elapsed: 0.01 sec - in com.google.javascript.jscomp.Es6RewriteBlockScopedFunctionDeclarationTest
Running com.google.javascript.jscomp.PolymerClassDefinitionTest
Tests run: 6, Failures: 0, Errors: 0, Skipped: 0, Time elapsed: 0.004 sec - in com.google.javascript.jscomp.PolymerClassDefinitionTest
Running com.google.javascript.jscomp.OptimizeReturnsTest
Tests run: 51, Failures: 0, Errors: 0, Skipped: 0, Time elapsed: 0.201 sec - in com.google.javascript.jscomp.OptimizeReturnsTest
Running com.google.javascript.jscomp.ReplaceMessagesTest
Tests run: 43, Failures: 0, Errors: 0, Skipped: 0, Time elapsed: 0.052 sec - in com.google.javascript.jscomp.ReplaceMessagesTest
Running com.google.javascript.jscomp.JsMessageExtractorTest
Tests run: 10, Failures: 0, Errors: 0, Skipped: 0, Time elapsed: 0.01 sec - in com.google.javascript.jscomp.JsMessageExtractorTest
Running com.google.javascript.jscomp.ChromePassTest
Tests run: 39, Failures: 0, Errors: 0, Skipped: 0, Time elapsed: 0.022 sec - in com.google.javascript.jscomp.ChromePassTest
Running com.google.javascript.jscomp.PeepholeIntegrationTest
Tests run: 35, Failures: 0, Errors: 0, Skipped: 0, Time elapsed: 0.077 sec - in com.google.javascript.jscomp.PeepholeIntegrationTest
Running com.google.javascript.jscomp.PeepholeRemoveDeadCodeTest
Tests run: 122, Failures: 0, Errors: 0, Skipped: 0, Time elapsed: 0.276 sec - in com.google.javascript.jscomp.PeepholeRemoveDeadCodeTest
Running com.google.javascript.jscomp.DeclaredGlobalExternsOnWindowTest
Tests run: 18, Failures: 0, Errors: 0, Skipped: 0, Time elapsed: 0.028 sec - in com.google.javascript.jscomp.DeclaredGlobalExternsOnWindowTest
Running com.google.javascript.jscomp.Es6ExtractClassesTest
Tests run: 17, Failures: 0, Errors: 0, Skipped: 0, Time elapsed: 0.045 sec - in com.google.javascript.jscomp.Es6ExtractClassesTest
Running com.google.javascript.jscomp.SourceFileTest
Tests run: 10, Failures: 0, Errors: 0, Skipped: 0, Time elapsed: 0.091 sec - in com.google.javascript.jscomp.SourceFileTest
Running com.google.javascript.jscomp.CompilerOptionsTest
Tests run: 5, Failures: 0, Errors: 0, Skipped: 0, Time elapsed: 0.071 sec - in com.google.javascript.jscomp.CompilerOptionsTest
Running com.google.javascript.jscomp.Es6RewriteClassTest
Tests run: 133, Failures: 0, Errors: 0, Skipped: 0, Time elapsed: 0.838 sec - in com.google.javascript.jscomp.Es6RewriteClassTest
Running com.google.javascript.jscomp.CheckUnusedPrivatePropertiesInPolymerElementTest
Tests run: 3, Failures: 0, Errors: 0, Skipped: 0, Time elapsed: 0.029 sec - in com.google.javascript.jscomp.CheckUnusedPrivatePropertiesInPolymerElementTest
Running com.google.javascript.jscomp.Es7RewriteExponentialOperatorTest
Tests run: 3, Failures: 0, Errors: 0, Skipped: 0, Time elapsed: 0.005 sec - in com.google.javascript.jscomp.Es7RewriteExponentialOperatorTest
Running com.google.javascript.jscomp.CheckClosureImportsTest
Tests run: 43, Failures: 0, Errors: 0, Skipped: 0, Time elapsed: 0.069 sec - in com.google.javascript.jscomp.CheckClosureImportsTest
Running com.google.javascript.jscomp.LiveVariablesAnalysisTest
Tests run: 34, Failures: 0, Errors: 0, Skipped: 0, Time elapsed: 0.069 sec - in com.google.javascript.jscomp.LiveVariablesAnalysisTest
Running com.google.javascript.jscomp.RewriteClosureImportsTest
Tests run: 46, Failures: 0, Errors: 0, Skipped: 0, Time elapsed: 0.265 sec - in com.google.javascript.jscomp.RewriteClosureImportsTest
Running com.google.javascript.jscomp.InferConstsTest
Tests run: 23, Failures: 0, Errors: 0, Skipped: 0, Time elapsed: 0.055 sec - in com.google.javascript.jscomp.InferConstsTest
Running com.google.javascript.jscomp.J2clStringValueOfRewriterPassTest
Tests run: 1, Failures: 0, Errors: 0, Skipped: 0, Time elapsed: 0.005 sec - in com.google.javascript.jscomp.J2clStringValueOfRewriterPassTest
Running com.google.javascript.jscomp.CheckGlobalThisTest
Tests run: 57, Failures: 0, Errors: 0, Skipped: 0, Time elapsed: 0.028 sec - in com.google.javascript.jscomp.CheckGlobalThisTest
Running com.google.javascript.jscomp.SourceInformationAnnotatorTest
Tests run: 1, Failures: 0, Errors: 0, Skipped: 0, Time elapsed: 0 sec - in com.google.javascript.jscomp.SourceInformationAnnotatorTest
Running com.google.javascript.jscomp.J2clPassTest
Tests run: 10, Failures: 0, Errors: 0, Skipped: 0, Time elapsed: 0.018 sec - in com.google.javascript.jscomp.J2clPassTest
Running com.google.javascript.jscomp.AliasStringsTest
Tests run: 16, Failures: 0, Errors: 0, Skipped: 0, Time elapsed: 0.021 sec - in com.google.javascript.jscomp.AliasStringsTest
Running com.google.javascript.jscomp.ConformanceWhitelisterTest
Tests run: 4, Failures: 0, Errors: 0, Skipped: 0, Time elapsed: 2.021 sec - in com.google.javascript.jscomp.ConformanceWhitelisterTest
Running com.google.javascript.jscomp.MemoizedScopeCreatorTest
Tests run: 2, Failures: 0, Errors: 0, Skipped: 0, Time elapsed: 0.001 sec - in com.google.javascript.jscomp.MemoizedScopeCreatorTest
Running com.google.javascript.jscomp.ProcessDefinesTest
Tests run: 64, Failures: 0, Errors: 0, Skipped: 0, Time elapsed: 0.208 sec - in com.google.javascript.jscomp.ProcessDefinesTest
Running com.google.javascript.jscomp.CheckSideEffectsTest
Tests run: 9, Failures: 0, Errors: 0, Skipped: 0, Time elapsed: 0.023 sec - in com.google.javascript.jscomp.CheckSideEffectsTest
Running com.google.javascript.jscomp.PolymerPassStaticUtilsTest
Tests run: 2, Failures: 0, Errors: 0, Skipped: 0, Time elapsed: 0 sec - in com.google.javascript.jscomp.PolymerPassStaticUtilsTest
Running com.google.javascript.jscomp.GenerateExportsTest
Tests run: 37, Failures: 0, Errors: 0, Skipped: 0, Time elapsed: 0.03 sec - in com.google.javascript.jscomp.GenerateExportsTest
Running com.google.javascript.jscomp.SortingErrorManagerTest
Tests run: 11, Failures: 0, Errors: 0, Skipped: 0, Time elapsed: 0 sec - in com.google.javascript.jscomp.SortingErrorManagerTest
Running com.google.javascript.jscomp.TimelineTest
Tests run: 12, Failures: 0, Errors: 0, Skipped: 0, Time elapsed: 0 sec - in com.google.javascript.jscomp.TimelineTest
Running com.google.javascript.jscomp.DenormalizeTest
Tests run: 11, Failures: 0, Errors: 0, Skipped: 0, Time elapsed: 0.02 sec - in com.google.javascript.jscomp.DenormalizeTest
Running com.google.javascript.jscomp.PeepholeMinimizeConditionsTest
Tests run: 65, Failures: 0, Errors: 0, Skipped: 0, Time elapsed: 0.842 sec - in com.google.javascript.jscomp.PeepholeMinimizeConditionsTest
Running com.google.javascript.jscomp.TypeCheckTest
Tests run: 1936, Failures: 0, Errors: 0, Skipped: 17, Time elapsed: 3.041 sec - in com.google.javascript.jscomp.TypeCheckTest
Running com.google.javascript.jscomp.RewriteObjectSpreadTest
Tests run: 2, Failures: 0, Errors: 0, Skipped: 0, Time elapsed: 0 sec - in com.google.javascript.jscomp.RewriteObjectSpreadTest
Running com.google.javascript.jscomp.CheckGoogJsImportTest
Tests run: 9, Failures: 0, Errors: 0, Skipped: 0, Time elapsed: 0 sec - in com.google.javascript.jscomp.CheckGoogJsImportTest
Running com.google.javascript.jscomp.SourceMapTest
Tests run: 5, Failures: 0, Errors: 0, Skipped: 0, Time elapsed: 0.042 sec - in com.google.javascript.jscomp.SourceMapTest
Running com.google.javascript.jscomp.ExtractPrototypeMemberDeclarationsTest
Tests run: 16, Failures: 0, Errors: 0, Skipped: 0, Time elapsed: 0.02 sec - in com.google.javascript.jscomp.ExtractPrototypeMemberDeclarationsTest
Running com.google.javascript.jscomp.Es6NormalizeShorthandPropertiesTest
Tests run: 2, Failures: 0, Errors: 0, Skipped: 0, Time elapsed: 0.003 sec - in com.google.javascript.jscomp.Es6NormalizeShorthandPropertiesTest
Running com.google.javascript.jscomp.CoalesceVariableNamesTest
Tests run: 66, Failures: 0, Errors: 0, Skipped: 0, Time elapsed: 0.105 sec - in com.google.javascript.jscomp.CoalesceVariableNamesTest
Running com.google.javascript.jscomp.SyntacticScopeCreatorTest
Tests run: 68, Failures: 0, Errors: 0, Skipped: 0, Time elapsed: 0.015 sec - in com.google.javascript.jscomp.SyntacticScopeCreatorTest
Running com.google.javascript.jscomp.ScopedAliasesTest
Tests run: 112, Failures: 0, Errors: 0, Skipped: 0, Time elapsed: 0.191 sec - in com.google.javascript.jscomp.ScopedAliasesTest
Running com.google.javascript.jscomp.ClosureCheckModuleTest
Tests run: 27, Failures: 0, Errors: 0, Skipped: 0, Time elapsed: 0.037 sec - in com.google.javascript.jscomp.ClosureCheckModuleTest
Running com.google.javascript.jscomp.ReplaceMessagesForChromeTest
Tests run: 12, Failures: 0, Errors: 0, Skipped: 0, Time elapsed: 0.011 sec - in com.google.javascript.jscomp.ReplaceMessagesForChromeTest
Running com.google.javascript.jscomp.IncrementalScopeCreatorTest
Tests run: 5, Failures: 0, Errors: 0, Skipped: 0, Time elapsed: 0.007 sec - in com.google.javascript.jscomp.IncrementalScopeCreatorTest
Running com.google.javascript.jscomp.ExploitAssignsTest
Tests run: 16, Failures: 0, Errors: 0, Skipped: 0, Time elapsed: 0.036 sec - in com.google.javascript.jscomp.ExploitAssignsTest
Running com.google.javascript.jscomp.ProcessClosureProvidesAndRequiresTest
Tests run: 89, Failures: 0, Errors: 0, Skipped: 0, Time elapsed: 0.107 sec - in com.google.javascript.jscomp.ProcessClosureProvidesAndRequiresTest
Running com.google.javascript.jscomp.ConvertToDottedPropertiesTest
Tests run: 5, Failures: 0, Errors: 0, Skipped: 0, Time elapsed: 0.011 sec - in com.google.javascript.jscomp.ConvertToDottedPropertiesTest
Running com.google.javascript.jscomp.MoveFunctionDeclarationsTest
Tests run: 6, Failures: 0, Errors: 0, Skipped: 0, Time elapsed: 0.007 sec - in com.google.javascript.jscomp.MoveFunctionDeclarationsTest
Running com.google.javascript.jscomp.Es6RewriteClassExtendsExpressionsTest
Tests run: 10, Failures: 0, Errors: 0, Skipped: 0, Time elapsed: 0.011 sec - in com.google.javascript.jscomp.Es6RewriteClassExtendsExpressionsTest
Running com.google.javascript.jscomp.PolymerBehaviorExtractorTest
Tests run: 30, Failures: 0, Errors: 0, Skipped: 3, Time elapsed: 0.033 sec - in com.google.javascript.jscomp.PolymerBehaviorExtractorTest
Running com.google.javascript.jscomp.CommonJSIntegrationTest
Tests run: 17, Failures: 0, Errors: 0, Skipped: 1, Time elapsed: 0.345 sec - in com.google.javascript.jscomp.CommonJSIntegrationTest
Running com.google.javascript.jscomp.OptimizeCallsTest
Tests run: 3, Failures: 0, Errors: 0, Skipped: 0, Time elapsed: 0.005 sec - in com.google.javascript.jscomp.OptimizeCallsTest
Running com.google.javascript.jscomp.ControlFlowAnalysisTest
Tests run: 52, Failures: 0, Errors: 0, Skipped: 0, Time elapsed: 0.017 sec - in com.google.javascript.jscomp.ControlFlowAnalysisTest
Running com.google.javascript.jscomp.SourceMapResolverTest
Tests run: 5, Failures: 0, Errors: 0, Skipped: 0, Time elapsed: 0.007 sec - in com.google.javascript.jscomp.SourceMapResolverTest
Running com.google.javascript.jscomp.CommandLineRunnerTest
Tests run: 181, Failures: 0, Errors: 0, Skipped: 2, Time elapsed: 9.261 sec - in com.google.javascript.jscomp.CommandLineRunnerTest
Running com.google.javascript.jscomp.CheckPathsBetweenNodesTest
Tests run: 10, Failures: 0, Errors: 0, Skipped: 0, Time elapsed: 0 sec - in com.google.javascript.jscomp.CheckPathsBetweenNodesTest
Running com.google.javascript.jscomp.InferJSDocInfoTest
Tests run: 46, Failures: 0, Errors: 0, Skipped: 0, Time elapsed: 0.05 sec - in com.google.javascript.jscomp.InferJSDocInfoTest
Running com.google.javascript.jscomp.PeepholeReplaceKnownMethodsTest
Tests run: 31, Failures: 0, Errors: 0, Skipped: 0, Time elapsed: 0.422 sec - in com.google.javascript.jscomp.PeepholeReplaceKnownMethodsTest
Running com.google.javascript.jscomp.MinimizeExitPointsTest
Tests run: 12, Failures: 0, Errors: 0, Skipped: 0, Time elapsed: 0.067 sec - in com.google.javascript.jscomp.MinimizeExitPointsTest
Running com.google.javascript.jscomp.XtbMessageBundleTest
Tests run: 3, Failures: 0, Errors: 0, Skipped: 0, Time elapsed: 0.04 sec - in com.google.javascript.jscomp.XtbMessageBundleTest
Running com.google.javascript.jscomp.MaybeReachingVariableUseTest
Tests run: 14, Failures: 0, Errors: 0, Skipped: 0, Time elapsed: 0.021 sec - in com.google.javascript.jscomp.MaybeReachingVariableUseTest
Running com.google.javascript.jscomp.InlineSimpleMethodsTest
Tests run: 42, Failures: 0, Errors: 0, Skipped: 0, Time elapsed: 0.046 sec - in com.google.javascript.jscomp.InlineSimpleMethodsTest
Running com.google.javascript.jscomp.RecoverableJsAstTest
Tests run: 2, Failures: 0, Errors: 0, Skipped: 0, Time elapsed: 0.009 sec - in com.google.javascript.jscomp.RecoverableJsAstTest
Running com.google.javascript.jscomp.CheckSuspiciousCodeTest
Tests run: 20, Failures: 0, Errors: 0, Skipped: 0, Time elapsed: 0.093 sec - in com.google.javascript.jscomp.CheckSuspiciousCodeTest
Running com.google.javascript.jscomp.PeepholeFoldConstantsTest
Tests run: 93, Failures: 0, Errors: 0, Skipped: 0, Time elapsed: 3.395 sec - in com.google.javascript.jscomp.PeepholeFoldConstantsTest
Running com.google.javascript.jscomp.Es6RewriteRestAndSpreadTest
Tests run: 43, Failures: 0, Errors: 0, Skipped: 0, Time elapsed: 0.066 sec - in com.google.javascript.jscomp.Es6RewriteRestAndSpreadTest
Running com.google.javascript.jscomp.ClosureCodingConventionTest
Tests run: 27, Failures: 0, Errors: 0, Skipped: 0, Time elapsed: 0.005 sec - in com.google.javascript.jscomp.ClosureCodingConventionTest
Running com.google.javascript.jscomp.CodePrinterEs6TypedTest
Tests run: 10, Failures: 0, Errors: 0, Skipped: 2, Time elapsed: 0.006 sec - in com.google.javascript.jscomp.CodePrinterEs6TypedTest
Running com.google.javascript.jscomp.PeepholeSubstituteAlternateSyntaxTest
Tests run: 29, Failures: 0, Errors: 0, Skipped: 0, Time elapsed: 0.109 sec - in com.google.javascript.jscomp.PeepholeSubstituteAlternateSyntaxTest
Running com.google.javascript.jscomp.CollapseVariableDeclarationsTest
Tests run: 13, Failures: 0, Errors: 0, Skipped: 0, Time elapsed: 0.01 sec - in com.google.javascript.jscomp.CollapseVariableDeclarationsTest
Running com.google.javascript.jscomp.NormalizeTest
Tests run: 82, Failures: 0, Errors: 0, Skipped: 0, Time elapsed: 0.081 sec - in com.google.javascript.jscomp.NormalizeTest
Running com.google.javascript.jscomp.CheckGlobalNamesTest
Tests run: 68, Failures: 0, Errors: 0, Skipped: 0, Time elapsed: 0.06 sec - in com.google.javascript.jscomp.CheckGlobalNamesTest
Running com.google.javascript.jscomp.SimpleReplaceScriptTest
Tests run: 52, Failures: 0, Errors: 0, Skipped: 0, Time elapsed: 0.376 sec - in com.google.javascript.jscomp.SimpleReplaceScriptTest
Running com.google.javascript.jscomp.DataFlowAnalysisTest
Tests run: 12, Failures: 0, Errors: 0, Skipped: 0, Time elapsed: 0.016 sec - in com.google.javascript.jscomp.DataFlowAnalysisTest
Running com.google.javascript.jscomp.CheckMissingGetCssNameTest
Tests run: 8, Failures: 0, Errors: 0, Skipped: 0, Time elapsed: 0.009 sec - in com.google.javascript.jscomp.CheckMissingGetCssNameTest
Running com.google.javascript.jscomp.OptimizeArgumentsArrayTest
Tests run: 33, Failures: 0, Errors: 0, Skipped: 0, Time elapsed: 0.025 sec - in com.google.javascript.jscomp.OptimizeArgumentsArrayTest
Running com.google.javascript.jscomp.FunctionToBlockMutatorTest
Tests run: 18, Failures: 0, Errors: 0, Skipped: 0, Time elapsed: 0.011 sec - in com.google.javascript.jscomp.FunctionToBlockMutatorTest
Running com.google.javascript.jscomp.RewriteCatchWithNoBindingTest
Tests run: 4, Failures: 0, Errors: 0, Skipped: 0, Time elapsed: 0.003 sec - in com.google.javascript.jscomp.RewriteCatchWithNoBindingTest
Running com.google.javascript.jscomp.ExtraRequireTest
Tests run: 30, Failures: 0, Errors: 0, Skipped: 0, Time elapsed: 0.024 sec - in com.google.javascript.jscomp.ExtraRequireTest
Running com.google.javascript.jscomp.FlowSensitiveInlineVariablesTest
Tests run: 100, Failures: 0, Errors: 0, Skipped: 0, Time elapsed: 0.298 sec - in com.google.javascript.jscomp.FlowSensitiveInlineVariablesTest
Running com.google.javascript.jscomp.CreateSyntheticBlocksTest
Tests run: 14, Failures: 0, Errors: 0, Skipped: 0, Time elapsed: 0.01 sec - in com.google.javascript.jscomp.CreateSyntheticBlocksTest
Running com.google.javascript.jscomp.ClosurePrimitivesIntegrationTest
Tests run: 4, Failures: 0, Errors: 0, Skipped: 0, Time elapsed: 0.1 sec - in com.google.javascript.jscomp.ClosurePrimitivesIntegrationTest
Running com.google.javascript.jscomp.CheckConformanceTest
Tests run: 102, Failures: 0, Errors: 0, Skipped: 0, Time elapsed: 1.23 sec - in com.google.javascript.jscomp.CheckConformanceTest
Running com.google.javascript.jscomp.ClosureRewriteModuleTest
Tests run: 134, Failures: 0, Errors: 0, Skipped: 0, Time elapsed: 0.309 sec - in com.google.javascript.jscomp.ClosureRewriteModuleTest
Running com.google.javascript.jscomp.TypeInferenceTest
Tests run: 213, Failures: 0, Errors: 0, Skipped: 0, Time elapsed: 0.122 sec - in com.google.javascript.jscomp.TypeInferenceTest
Running com.google.javascript.jscomp.ConstCheckTest
HELLO
Tests run: 47, Failures: 0, Errors: 0, Skipped: 0, Time elapsed: 0.018 sec - in com.google.javascript.jscomp.ConstCheckTest
Running com.google.javascript.jscomp.ClosureReverseAbstractInterpreterTest
Tests run: 37, Failures: 0, Errors: 0, Skipped: 0, Time elapsed: 0.015 sec - in com.google.javascript.jscomp.ClosureReverseAbstractInterpreterTest
Running com.google.javascript.jscomp.CodePrinterTest
Tests run: 208, Failures: 0, Errors: 0, Skipped: 0, Time elapsed: 0.505 sec - in com.google.javascript.jscomp.CodePrinterTest
Running com.google.javascript.jscomp.RewriteAsyncIterationTest
Tests run: 16, Failures: 0, Errors: 0, Skipped: 0, Time elapsed: 0.997 sec - in com.google.javascript.jscomp.RewriteAsyncIterationTest
Running com.google.javascript.jscomp.TypeCheckNoTranspileTest
Tests run: 528, Failures: 0, Errors: 0, Skipped: 0, Time elapsed: 0.656 sec - in com.google.javascript.jscomp.TypeCheckNoTranspileTest
Running com.google.javascript.jscomp.J2clSourceFileCheckerTest
Tests run: 2, Failures: 0, Errors: 0, Skipped: 0, Time elapsed: 0 sec - in com.google.javascript.jscomp.J2clSourceFileCheckerTest
Running com.google.javascript.jscomp.Es6InjectRuntimeLibrariesTest
Tests run: 6, Failures: 0, Errors: 0, Skipped: 0, Time elapsed: 0 sec - in com.google.javascript.jscomp.Es6InjectRuntimeLibrariesTest
Running com.google.javascript.jscomp.InlineVariablesTest
Tests run: 168, Failures: 0, Errors: 0, Skipped: 0, Time elapsed: 0.127 sec - in com.google.javascript.jscomp.InlineVariablesTest
Running com.google.javascript.jscomp.ImplicitNullabilityCheckTest
Tests run: 13, Failures: 0, Errors: 0, Skipped: 0, Time elapsed: 0.138 sec - in com.google.javascript.jscomp.ImplicitNullabilityCheckTest
Running com.google.javascript.jscomp.AstValidatorTest
Tests run: 75, Failures: 0, Errors: 0, Skipped: 0, Time elapsed: 0.126 sec - in com.google.javascript.jscomp.AstValidatorTest
Running com.google.javascript.jscomp.J2clSuppressWarningsGuardTest
Tests run: 2, Failures: 0, Errors: 0, Skipped: 0, Time elapsed: 0 sec - in com.google.javascript.jscomp.J2clSuppressWarningsGuardTest
Running com.google.javascript.jscomp.DeadPropertyAssignmentEliminationTest
Tests run: 47, Failures: 0, Errors: 0, Skipped: 0, Time elapsed: 0.049 sec - in com.google.javascript.jscomp.DeadPropertyAssignmentEliminationTest
Running com.google.javascript.jscomp.ReplaceStringsTest
Tests run: 47, Failures: 0, Errors: 0, Skipped: 0, Time elapsed: 0.127 sec - in com.google.javascript.jscomp.ReplaceStringsTest
Running com.google.javascript.jscomp.FunctionRewriterTest
Tests run: 20, Failures: 0, Errors: 0, Skipped: 0, Time elapsed: 0.028 sec - in com.google.javascript.jscomp.FunctionRewriterTest
Running com.google.javascript.jscomp.SymbolTableTest
Tests run: 75, Failures: 0, Errors: 0, Skipped: 0, Time elapsed: 0.846 sec - in com.google.javascript.jscomp.SymbolTableTest
Running com.google.javascript.jscomp.CheckTemplateParamsTest
Tests run: 6, Failures: 0, Errors: 0, Skipped: 0, Time elapsed: 0.015 sec - in com.google.javascript.jscomp.CheckTemplateParamsTest
Running com.google.javascript.jscomp.JsMessageVisitorTest
Tests run: 75, Failures: 0, Errors: 0, Skipped: 1, Time elapsed: 0.016 sec - in com.google.javascript.jscomp.JsMessageVisitorTest
Running com.google.javascript.jscomp.CheckDebuggerStatementTest
Tests run: 5, Failures: 0, Errors: 0, Skipped: 0, Time elapsed: 0.001 sec - in com.google.javascript.jscomp.CheckDebuggerStatementTest
Running com.google.javascript.jscomp.TypedScopeCreatorTest
Tests run: 427, Failures: 0, Errors: 0, Skipped: 2, Time elapsed: 0.414 sec - in com.google.javascript.jscomp.TypedScopeCreatorTest
Running com.google.javascript.jscomp.Es6CheckModuleTest
Tests run: 5, Failures: 0, Errors: 0, Skipped: 0, Time elapsed: 0 sec - in com.google.javascript.jscomp.Es6CheckModuleTest
Running com.google.javascript.jscomp.ijs.ConvertToTypedInterfaceTest
Tests run: 108, Failures: 0, Errors: 0, Skipped: 0, Time elapsed: 0.137 sec - in com.google.javascript.jscomp.ijs.ConvertToTypedInterfaceTest
Running com.google.javascript.jscomp.ijs.SuggestConstTypesTest
Tests run: 1, Failures: 0, Errors: 0, Skipped: 0, Time elapsed: 0 sec - in com.google.javascript.jscomp.ijs.SuggestConstTypesTest
Running com.google.javascript.jscomp.PhaseOptimizerTest
Tests run: 16, Failures: 0, Errors: 0, Skipped: 0, Time elapsed: 0.007 sec - in com.google.javascript.jscomp.PhaseOptimizerTest
Running com.google.javascript.jscomp.ReplaceIdGeneratorsTest
Tests run: 35, Failures: 0, Errors: 0, Skipped: 0, Time elapsed: 0.042 sec - in com.google.javascript.jscomp.ReplaceIdGeneratorsTest
Running com.google.javascript.jscomp.DisambiguatePrivatePropertiesTest
Tests run: 5, Failures: 0, Errors: 0, Skipped: 0, Time elapsed: 0.009 sec - in com.google.javascript.jscomp.DisambiguatePrivatePropertiesTest
Running com.google.javascript.jscomp.FunctionArgumentInjectorTest
Tests run: 54, Failures: 0, Errors: 0, Skipped: 0, Time elapsed: 0.009 sec - in com.google.javascript.jscomp.FunctionArgumentInjectorTest
Running com.google.javascript.jscomp.ReplacedStringsDecoderTest
Tests run: 7, Failures: 0, Errors: 0, Skipped: 0, Time elapsed: 0 sec - in com.google.javascript.jscomp.ReplacedStringsDecoderTest
Running com.google.javascript.jscomp.ChangeVerifierTest
Tests run: 5, Failures: 0, Errors: 0, Skipped: 0, Time elapsed: 0 sec - in com.google.javascript.jscomp.ChangeVerifierTest
Running com.google.javascript.jscomp.DevirtualizeMethodsTest
Tests run: 84, Failures: 0, Errors: 0, Skipped: 0, Time elapsed: 0.292 sec - in com.google.javascript.jscomp.DevirtualizeMethodsTest
Running com.google.javascript.jscomp.Es6RelativizeImportPathsTest
Tests run: 6, Failures: 0, Errors: 0, Skipped: 0, Time elapsed: 0.011 sec - in com.google.javascript.jscomp.Es6RelativizeImportPathsTest
Running com.google.javascript.jscomp.WhitespaceWrapGoogModulesTest
Tests run: 1, Failures: 0, Errors: 0, Skipped: 0, Time elapsed: 0.001 sec - in com.google.javascript.jscomp.WhitespaceWrapGoogModulesTest
Running com.google.javascript.jscomp.ReplaceCssNamesTest
Tests run: 16, Failures: 0, Errors: 0, Skipped: 0, Time elapsed: 0.2 sec - in com.google.javascript.jscomp.ReplaceCssNamesTest
Running com.google.javascript.jscomp.J2clUtilGetDefineRewriterPassTest
Tests run: 2, Failures: 0, Errors: 0, Skipped: 0, Time elapsed: 0.002 sec - in com.google.javascript.jscomp.J2clUtilGetDefineRewriterPassTest
Running com.google.javascript.jscomp.RewriteAsyncFunctionsTest
Tests run: 23, Failures: 0, Errors: 0, Skipped: 0, Time elapsed: 0.036 sec - in com.google.javascript.jscomp.RewriteAsyncFunctionsTest
Running com.google.javascript.jscomp.Es6ToEs3ClassSideInheritanceTest
Tests run: 16, Failures: 0, Errors: 0, Skipped: 0, Time elapsed: 0.016 sec - in com.google.javascript.jscomp.Es6ToEs3ClassSideInheritanceTest
Running com.google.javascript.jscomp.PerformanceTrackerTest
Tests run: 3, Failures: 0, Errors: 0, Skipped: 0, Time elapsed: 0.013 sec - in com.google.javascript.jscomp.PerformanceTrackerTest
Running com.google.javascript.jscomp.VarCheckTest
Tests run: 120, Failures: 0, Errors: 0, Skipped: 0, Time elapsed: 0.667 sec - in com.google.javascript.jscomp.VarCheckTest
Running com.google.javascript.jscomp.RuntimeTypeCheckTest
Tests run: 49, Failures: 0, Errors: 0, Skipped: 2, Time elapsed: 0.08 sec - in com.google.javascript.jscomp.RuntimeTypeCheckTest
Running com.google.javascript.jscomp.LateEs6ToEs3ConverterTest
Tests run: 11, Failures: 0, Errors: 0, Skipped: 0, Time elapsed: 0.09 sec - in com.google.javascript.jscomp.LateEs6ToEs3ConverterTest
Running com.google.javascript.jscomp.DeadAssignmentsEliminationTest
Tests run: 76, Failures: 0, Errors: 0, Skipped: 0, Time elapsed: 0.154 sec - in com.google.javascript.jscomp.DeadAssignmentsEliminationTest
Running com.google.javascript.jscomp.GatherRawExportsTest
Tests run: 23, Failures: 0, Errors: 0, Skipped: 0, Time elapsed: 0.009 sec - in com.google.javascript.jscomp.GatherRawExportsTest
Running com.google.javascript.jscomp.NodeUtilTest
Tests run: 9731, Failures: 0, Errors: 0, Skipped: 0, Time elapsed: 1.458 sec - in com.google.javascript.jscomp.NodeUtilTest
Running com.google.javascript.jscomp.ValidityCheckTest
Tests run: 3, Failures: 0, Errors: 0, Skipped: 0, Time elapsed: 0 sec - in com.google.javascript.jscomp.ValidityCheckTest
Running com.google.javascript.jscomp.J2clPropertyInlinerPassTest
Tests run: 14, Failures: 0, Errors: 0, Skipped: 0, Time elapsed: 0 sec - in com.google.javascript.jscomp.J2clPropertyInlinerPassTest
Running com.google.javascript.jscomp.RewritePolyfillsTest
Tests run: 24, Failures: 0, Errors: 0, Skipped: 0, Time elapsed: 0.001 sec - in com.google.javascript.jscomp.RewritePolyfillsTest
Running com.google.javascript.jscomp.TypeTransformationTest
Test message: number
Test message: {
  b: boolean,
  n: number,
  s: string
}
Tests run: 142, Failures: 0, Errors: 0, Skipped: 0, Time elapsed: 0.001 sec - in com.google.javascript.jscomp.TypeTransformationTest
Running com.google.javascript.jscomp.CheckProvidesTest
Tests run: 16, Failures: 0, Errors: 0, Skipped: 0, Time elapsed: 0 sec - in com.google.javascript.jscomp.CheckProvidesTest
Running com.google.javascript.jscomp.NameAnonymousFunctionsMappedTest
Tests run: 28, Failures: 0, Errors: 0, Skipped: 0, Time elapsed: 0 sec - in com.google.javascript.jscomp.NameAnonymousFunctionsMappedTest
Running com.google.javascript.jscomp.NodeTraversalTest
Tests run: 22, Failures: 0, Errors: 0, Skipped: 0, Time elapsed: 0.002 sec - in com.google.javascript.jscomp.NodeTraversalTest
Running com.google.javascript.jscomp.ReferenceCollectingCallbackTest
Tests run: 20, Failures: 0, Errors: 0, Skipped: 0, Time elapsed: 0.016 sec - in com.google.javascript.jscomp.ReferenceCollectingCallbackTest
Running com.google.javascript.jscomp.RenamePropertiesTest
Tests run: 51, Failures: 0, Errors: 0, Skipped: 0, Time elapsed: 0.054 sec - in com.google.javascript.jscomp.RenamePropertiesTest
Running com.google.javascript.jscomp.RenameLabelsTest
Tests run: 5, Failures: 0, Errors: 0, Skipped: 0, Time elapsed: 0.008 sec - in com.google.javascript.jscomp.RenameLabelsTest
Running com.google.javascript.jscomp.RenameLocalVarsTest
Tests run: 14, Failures: 0, Errors: 0, Skipped: 0, Time elapsed: 0.009 sec - in com.google.javascript.jscomp.RenameLocalVarsTest
Running com.google.javascript.jscomp.MissingProvideTest
Tests run: 18, Failures: 0, Errors: 0, Skipped: 0, Time elapsed: 0.012 sec - in com.google.javascript.jscomp.MissingProvideTest
Running com.google.javascript.jscomp.FunctionInjectorTest
Tests run: 159, Failures: 0, Errors: 0, Skipped: 8, Time elapsed: 0.059 sec - in com.google.javascript.jscomp.FunctionInjectorTest
Running com.google.javascript.jscomp.GatherExternPropertiesTest
Tests run: 5, Failures: 0, Errors: 0, Skipped: 0, Time elapsed: 0.007 sec - in com.google.javascript.jscomp.GatherExternPropertiesTest
Running com.google.javascript.jscomp.GatherModuleMetadataTest
Tests run: 46, Failures: 0, Errors: 0, Skipped: 0, Time elapsed: 0.028 sec - in com.google.javascript.jscomp.GatherModuleMetadataTest
Running com.google.javascript.jscomp.CollapsePropertiesTest
Tests run: 273, Failures: 0, Errors: 0, Skipped: 0, Time elapsed: 0.307 sec - in com.google.javascript.jscomp.CollapsePropertiesTest
Running com.google.javascript.jscomp.TemplateAstMatcherTest
Tests run: 16, Failures: 0, Errors: 0, Skipped: 0, Time elapsed: 0.095 sec - in com.google.javascript.jscomp.TemplateAstMatcherTest
Running com.google.javascript.jscomp.CollapseAnonymousFunctionsTest
Tests run: 26, Failures: 0, Errors: 0, Skipped: 0, Time elapsed: 0.015 sec - in com.google.javascript.jscomp.CollapseAnonymousFunctionsTest
Running com.google.javascript.jscomp.CheckAccessControlsTest
Tests run: 207, Failures: 0, Errors: 0, Skipped: 0, Time elapsed: 0.845 sec - in com.google.javascript.jscomp.CheckAccessControlsTest
Running com.google.javascript.jscomp.Es6TranspilationIntegrationTest
Tests run: 70, Failures: 0, Errors: 0, Skipped: 0, Time elapsed: 0.208 sec - in com.google.javascript.jscomp.Es6TranspilationIntegrationTest
Running com.google.javascript.jscomp.GatherGetterAndSetterPropertiesTest
Tests run: 16, Failures: 0, Errors: 0, Skipped: 0, Time elapsed: 0.023 sec - in com.google.javascript.jscomp.GatherGetterAndSetterPropertiesTest
Running com.google.javascript.jscomp.DiagnosticGroupsTest
Tests run: 1, Failures: 0, Errors: 0, Skipped: 0, Time elapsed: 0 sec - in com.google.javascript.jscomp.DiagnosticGroupsTest
Running com.google.javascript.jscomp.TypeValidatorTest
Tests run: 30, Failures: 0, Errors: 0, Skipped: 0, Time elapsed: 0.039 sec - in com.google.javascript.jscomp.TypeValidatorTest
Running com.google.javascript.jscomp.LightweightMessageFormatterTest
Tests run: 13, Failures: 0, Errors: 0, Skipped: 0, Time elapsed: 0.001 sec - in com.google.javascript.jscomp.LightweightMessageFormatterTest
Running com.google.javascript.jscomp.ClosureRewriteClassTest
Tests run: 45, Failures: 0, Errors: 0, Skipped: 0, Time elapsed: 0.074 sec - in com.google.javascript.jscomp.ClosureRewriteClassTest
Running com.google.javascript.jscomp.ProcessCommonJSModulesTest
Tests run: 63, Failures: 0, Errors: 0, Skipped: 0, Time elapsed: 0.092 sec - in com.google.javascript.jscomp.ProcessCommonJSModulesTest
Running com.google.javascript.jscomp.PeepholeCollectPropertyAssignmentsTest
Tests run: 56, Failures: 0, Errors: 0, Skipped: 0, Time elapsed: 0.025 sec - in com.google.javascript.jscomp.PeepholeCollectPropertyAssignmentsTest
Running com.google.javascript.jscomp.ConstParamCheckTest
Tests run: 40, Failures: 0, Errors: 0, Skipped: 0, Time elapsed: 0.019 sec - in com.google.javascript.jscomp.ConstParamCheckTest
Running com.google.javascript.jscomp.Es6ForOfConverterTest
Tests run: 7, Failures: 0, Errors: 0, Skipped: 0, Time elapsed: 0.022 sec - in com.google.javascript.jscomp.Es6ForOfConverterTest
Running com.google.javascript.jscomp.StrictModeCheckTest
Tests run: 38, Failures: 0, Errors: 0, Skipped: 0, Time elapsed: 0.161 sec - in com.google.javascript.jscomp.StrictModeCheckTest
Running com.google.javascript.jscomp.Es6RewriteModulesTest
Tests run: 37, Failures: 0, Errors: 0, Skipped: 0, Time elapsed: 0.155 sec - in com.google.javascript.jscomp.Es6RewriteModulesTest
Running com.google.javascript.jscomp.VariableReferenceCheckTest
Tests run: 162, Failures: 0, Errors: 0, Skipped: 0, Time elapsed: 0.118 sec - in com.google.javascript.jscomp.VariableReferenceCheckTest
Running com.google.javascript.jscomp.SubstituteEs6SyntaxTest
Tests run: 3, Failures: 0, Errors: 0, Skipped: 0, Time elapsed: 0.005 sec - in com.google.javascript.jscomp.SubstituteEs6SyntaxTest
Running com.google.javascript.jscomp.AstFactoryTest
Tests run: 60, Failures: 0, Errors: 0, Skipped: 0, Time elapsed: 0.028 sec - in com.google.javascript.jscomp.AstFactoryTest
Running com.google.javascript.jscomp.IntegrationTest
Tests run: 346, Failures: 0, Errors: 0, Skipped: 0, Time elapsed: 10.892 sec - in com.google.javascript.jscomp.IntegrationTest
Running com.google.javascript.jscomp.LinkedFlowScopeTest
Tests run: 6, Failures: 0, Errors: 0, Skipped: 0, Time elapsed: 0.014 sec - in com.google.javascript.jscomp.LinkedFlowScopeTest
Running com.google.javascript.jscomp.Es6RewriteModulesToCommonJsModulesTest
Tests run: 12, Failures: 0, Errors: 0, Skipped: 0, Time elapsed: 0.029 sec - in com.google.javascript.jscomp.Es6RewriteModulesToCommonJsModulesTest
Running com.google.javascript.jscomp.OptimizeParametersTest
Tests run: 98, Failures: 0, Errors: 0, Skipped: 0, Time elapsed: 0.814 sec - in com.google.javascript.jscomp.OptimizeParametersTest
Running com.google.javascript.jscomp.DartSuperAccessorsPassTest
Tests run: 10, Failures: 0, Errors: 0, Skipped: 0, Time elapsed: 0.081 sec - in com.google.javascript.jscomp.DartSuperAccessorsPassTest
Running com.google.javascript.jscomp.CheckMissingReturnTest
Tests run: 22, Failures: 0, Errors: 0, Skipped: 0, Time elapsed: 0.098 sec - in com.google.javascript.jscomp.CheckMissingReturnTest
Running com.google.javascript.jscomp.CrossChunkCodeMotionTest
Tests run: 88, Failures: 0, Errors: 0, Skipped: 0, Time elapsed: 0.069 sec - in com.google.javascript.jscomp.CrossChunkCodeMotionTest
Running com.google.javascript.jscomp.RenameVarsTest
Tests run: 62, Failures: 0, Errors: 0, Skipped: 0, Time elapsed: 0.075 sec - in com.google.javascript.jscomp.RenameVarsTest
Running com.google.javascript.jscomp.DotFormatterTest
Tests run: 4, Failures: 0, Errors: 0, Skipped: 0, Time elapsed: 0 sec - in com.google.javascript.jscomp.DotFormatterTest
Running com.google.javascript.jscomp.DiagnosticGroupTest
Tests run: 1, Failures: 0, Errors: 0, Skipped: 0, Time elapsed: 0 sec - in com.google.javascript.jscomp.DiagnosticGroupTest
Running com.google.javascript.jscomp.CheckUnusedPrivatePropertiesTest
Tests run: 25, Failures: 0, Errors: 0, Skipped: 0, Time elapsed: 0.269 sec - in com.google.javascript.jscomp.CheckUnusedPrivatePropertiesTest
Running com.google.javascript.jscomp.GoogleCodingConventionTest
Tests run: 17, Failures: 0, Errors: 0, Skipped: 0, Time elapsed: 0.001 sec - in com.google.javascript.jscomp.GoogleCodingConventionTest
Running com.google.javascript.jscomp.CombinedCompilerPassTest
Tests run: 3, Failures: 0, Errors: 0, Skipped: 0, Time elapsed: 0.001 sec - in com.google.javascript.jscomp.CombinedCompilerPassTest
Running com.google.javascript.jscomp.IdMappingUtilTest
Tests run: 1, Failures: 0, Errors: 0, Skipped: 0, Time elapsed: 0 sec - in com.google.javascript.jscomp.IdMappingUtilTest
Running com.google.javascript.jscomp.RandomNameGeneratorTest
Tests run: 7, Failures: 0, Errors: 0, Skipped: 0, Time elapsed: 0.046 sec - in com.google.javascript.jscomp.RandomNameGeneratorTest
Running com.google.javascript.jscomp.WarningsGuardTest
Tests run: 26, Failures: 0, Errors: 0, Skipped: 0, Time elapsed: 0.004 sec - in com.google.javascript.jscomp.WarningsGuardTest
Running com.google.javascript.jscomp.AstAnalyzerTest
Tests run: 312, Failures: 0, Errors: 0, Skipped: 0, Time elapsed: 0.064 sec - in com.google.javascript.jscomp.AstAnalyzerTest
Running com.google.javascript.jscomp.bundle.TranspilerTest
Tests run: 5, Failures: 0, Errors: 0, Skipped: 0, Time elapsed: 0.167 sec - in com.google.javascript.jscomp.bundle.TranspilerTest
Running com.google.javascript.jscomp.bundle.CoverageInstrumenterTest
Tests run: 3, Failures: 0, Errors: 0, Skipped: 0, Time elapsed: 0.05 sec - in com.google.javascript.jscomp.bundle.CoverageInstrumenterTest
Running com.google.javascript.jscomp.bundle.SourceTest
Tests run: 4, Failures: 0, Errors: 0, Skipped: 0, Time elapsed: 0.006 sec - in com.google.javascript.jscomp.bundle.SourceTest
Running com.google.javascript.jscomp.bundle.CachedTransformerTest
Tests run: 2, Failures: 0, Errors: 0, Skipped: 0, Time elapsed: 0.037 sec - in com.google.javascript.jscomp.bundle.CachedTransformerTest
Running com.google.javascript.jscomp.transpile.BaseTranspilerTest
Tests run: 7, Failures: 0, Errors: 0, Skipped: 0, Time elapsed: 0.139 sec - in com.google.javascript.jscomp.transpile.BaseTranspilerTest
Running com.google.javascript.jscomp.transpile.CachingTranspilerTest
Tests run: 5, Failures: 0, Errors: 0, Skipped: 0, Time elapsed: 0.005 sec - in com.google.javascript.jscomp.transpile.CachingTranspilerTest
Running com.google.javascript.jscomp.transpile.TranspileResultTest
Tests run: 3, Failures: 0, Errors: 0, Skipped: 0, Time elapsed: 0.001 sec - in com.google.javascript.jscomp.transpile.TranspileResultTest
Running com.google.javascript.jscomp.ClosureOptimizePrimitivesTest
Tests run: 33, Failures: 0, Errors: 0, Skipped: 0, Time elapsed: 0.029 sec - in com.google.javascript.jscomp.ClosureOptimizePrimitivesTest
Running com.google.javascript.jscomp.Es6RewriteModulesBeforeTypeCheckingTest
Tests run: 37, Failures: 0, Errors: 0, Skipped: 0, Time elapsed: 0.15 sec - in com.google.javascript.jscomp.Es6RewriteModulesBeforeTypeCheckingTest
Running com.google.javascript.jscomp.PrepareAstTest
Tests run: 2, Failures: 0, Errors: 0, Skipped: 0, Time elapsed: 0 sec - in com.google.javascript.jscomp.PrepareAstTest
Running com.google.javascript.jscomp.RemoveUnusedCodeNameAnalyzerTest
Tests run: 364, Failures: 0, Errors: 0, Skipped: 0, Time elapsed: 0.506 sec - in com.google.javascript.jscomp.RemoveUnusedCodeNameAnalyzerTest
Running com.google.javascript.jscomp.J2clIntegrationTest
Tests run: 2, Failures: 0, Errors: 0, Skipped: 0, Time elapsed: 0.041 sec - in com.google.javascript.jscomp.J2clIntegrationTest
Running com.google.javascript.jscomp.CheckRegExpTest
Tests run: 2, Failures: 0, Errors: 0, Skipped: 0, Time elapsed: 0.014 sec - in com.google.javascript.jscomp.CheckRegExpTest
Running com.google.javascript.jscomp.Es6RewriteDestructuringTest
Tests run: 51, Failures: 0, Errors: 0, Skipped: 0, Time elapsed: 0.17 sec - in com.google.javascript.jscomp.Es6RewriteDestructuringTest
Running com.google.javascript.jscomp.JSCompilerSourceExcerptProviderTest
Tests run: 7, Failures: 0, Errors: 0, Skipped: 0, Time elapsed: 0 sec - in com.google.javascript.jscomp.JSCompilerSourceExcerptProviderTest
Running com.google.javascript.jscomp.AmbiguatePropertiesTest
Tests run: 113, Failures: 0, Errors: 0, Skipped: 0, Time elapsed: 0.3 sec - in com.google.javascript.jscomp.AmbiguatePropertiesTest
Running com.google.javascript.jscomp.StatementFusionTest
Tests run: 22, Failures: 0, Errors: 0, Skipped: 0, Time elapsed: 0.021 sec - in com.google.javascript.jscomp.StatementFusionTest
Running com.google.javascript.jscomp.J2clEqualitySameRewriterPassTest
Tests run: 5, Failures: 0, Errors: 0, Skipped: 0, Time elapsed: 0.01 sec - in com.google.javascript.jscomp.J2clEqualitySameRewriterPassTest
Running com.google.javascript.jscomp.GatherModuleMetadataReplaceScriptTest
Tests run: 5, Failures: 0, Errors: 0, Skipped: 0, Time elapsed: 0.026 sec - in com.google.javascript.jscomp.GatherModuleMetadataReplaceScriptTest
Running com.google.javascript.jscomp.RewriteGoogJsImportsTest
Tests run: 7, Failures: 0, Errors: 0, Skipped: 0, Time elapsed: 0.012 sec - in com.google.javascript.jscomp.RewriteGoogJsImportsTest
Running com.google.javascript.jscomp.MultiPassTest
Tests run: 17, Failures: 0, Errors: 0, Skipped: 0, Time elapsed: 0.081 sec - in com.google.javascript.jscomp.MultiPassTest
Running com.google.javascript.jscomp.DefaultNameGeneratorTest
Tests run: 7, Failures: 0, Errors: 0, Skipped: 0, Time elapsed: 0 sec - in com.google.javascript.jscomp.DefaultNameGeneratorTest
Running com.google.javascript.jscomp.PureFunctionIdentifierTest
Tests run: 209, Failures: 0, Errors: 0, Skipped: 0, Time elapsed: 2.687 sec - in com.google.javascript.jscomp.PureFunctionIdentifierTest
Running com.google.javascript.jscomp.JSDocInfoPrinterTest
Tests run: 35, Failures: 0, Errors: 0, Skipped: 0, Time elapsed: 0.002 sec - in com.google.javascript.jscomp.JSDocInfoPrinterTest
Running com.google.javascript.jscomp.NameAnonymousFunctionsTest
Tests run: 27, Failures: 0, Errors: 0, Skipped: 0, Time elapsed: 0.014 sec - in com.google.javascript.jscomp.NameAnonymousFunctionsTest
Running com.google.javascript.jscomp.InlineAndCollapsePropertiesTest
Tests run: 111, Failures: 0, Errors: 0, Skipped: 0, Time elapsed: 0.118 sec - in com.google.javascript.jscomp.InlineAndCollapsePropertiesTest
Running com.google.javascript.jscomp.CompilerTest
Tests run: 114, Failures: 0, Errors: 0, Skipped: 0, Time elapsed: 7.387 sec - in com.google.javascript.jscomp.CompilerTest
Running com.google.javascript.jscomp.Es6RewriteArrowFunctionTest
Tests run: 22, Failures: 0, Errors: 0, Skipped: 0, Time elapsed: 0.052 sec - in com.google.javascript.jscomp.Es6RewriteArrowFunctionTest
Running com.google.javascript.jscomp.SingleFileCheckRequiresTest
Tests run: 22, Failures: 0, Errors: 0, Skipped: 0, Time elapsed: 0.017 sec - in com.google.javascript.jscomp.SingleFileCheckRequiresTest
Running com.google.javascript.jscomp.CheckTypeImportCodeReferencesTest
Tests run: 9, Failures: 0, Errors: 0, Skipped: 0, Time elapsed: 0.006 sec - in com.google.javascript.jscomp.CheckTypeImportCodeReferencesTest
Running com.google.javascript.jscomp.GlobalVarReferenceMapTest
Tests run: 5, Failures: 0, Errors: 0, Skipped: 0, Time elapsed: 0 sec - in com.google.javascript.jscomp.GlobalVarReferenceMapTest
Running com.google.javascript.jscomp.InlineFunctionsTest
Tests run: 268, Failures: 0, Errors: 0, Skipped: 0, Time elapsed: 0.341 sec - in com.google.javascript.jscomp.InlineFunctionsTest
Running com.google.javascript.jscomp.VariableMapTest
Tests run: 9, Failures: 0, Errors: 0, Skipped: 0, Time elapsed: 0 sec - in com.google.javascript.jscomp.VariableMapTest
Running com.google.javascript.jscomp.Es6RewriteBlockScopedDeclarationEs6LangOutTest
Tests run: 2, Failures: 0, Errors: 0, Skipped: 0, Time elapsed: 0 sec - in com.google.javascript.jscomp.Es6RewriteBlockScopedDeclarationEs6LangOutTest
Running com.google.javascript.jscomp.SemanticReverseAbstractInterpreterTest
Tests run: 31, Failures: 0, Errors: 0, Skipped: 0, Time elapsed: 0.007 sec - in com.google.javascript.jscomp.SemanticReverseAbstractInterpreterTest
Running com.google.javascript.jscomp.Es6ConvertSuperTest
Tests run: 20, Failures: 0, Errors: 0, Skipped: 0, Time elapsed: 0.025 sec - in com.google.javascript.jscomp.Es6ConvertSuperTest
Running com.google.javascript.jscomp.PeepholeOptimizationsPassTest
Tests run: 7, Failures: 0, Errors: 0, Skipped: 0, Time elapsed: 0.004 sec - in com.google.javascript.jscomp.PeepholeOptimizationsPassTest
Running com.google.javascript.jscomp.JsMessageTest
Tests run: 3, Failures: 0, Errors: 0, Skipped: 0, Time elapsed: 0 sec - in com.google.javascript.jscomp.JsMessageTest
Running com.google.javascript.jscomp.RemoveUnusedCodePrototypePropertiesTest
Tests run: 50, Failures: 0, Errors: 0, Skipped: 0, Time elapsed: 0.123 sec - in com.google.javascript.jscomp.RemoveUnusedCodePrototypePropertiesTest
Running com.google.javascript.jscomp.J2clCheckPassTest
Tests run: 4, Failures: 0, Errors: 0, Skipped: 0, Time elapsed: 0.033 sec - in com.google.javascript.jscomp.J2clCheckPassTest
Running com.google.javascript.jscomp.StripCodeTest
Tests run: 75, Failures: 0, Errors: 0, Skipped: 0, Time elapsed: 0.042 sec - in com.google.javascript.jscomp.StripCodeTest
Running com.google.javascript.jscomp.Es6TypedIntegrationTest
Tests run: 9, Failures: 0, Errors: 0, Skipped: 0, Time elapsed: 0.167 sec - in com.google.javascript.jscomp.Es6TypedIntegrationTest
Running com.google.javascript.jscomp.CheckSuperTest
Tests run: 21, Failures: 0, Errors: 0, Skipped: 0, Time elapsed: 0.013 sec - in com.google.javascript.jscomp.CheckSuperTest
Running com.google.javascript.jscomp.FixedPointGraphTraversalTest
Tests run: 9, Failures: 0, Errors: 0, Skipped: 0, Time elapsed: 0.001 sec - in com.google.javascript.jscomp.FixedPointGraphTraversalTest
Running com.google.javascript.jscomp.RescopeGlobalSymbolsTest
Tests run: 48, Failures: 0, Errors: 0, Skipped: 0, Time elapsed: 0.099 sec - in com.google.javascript.jscomp.RescopeGlobalSymbolsTest
Running com.google.javascript.jscomp.NodeIteratorsTest
Tests run: 19, Failures: 0, Errors: 0, Skipped: 0, Time elapsed: 0.002 sec - in com.google.javascript.jscomp.NodeIteratorsTest
Running com.google.javascript.jscomp.MarkUntranspilableFeaturesAsRemovedTest
Tests run: 7, Failures: 0, Errors: 0, Skipped: 0, Time elapsed: 0.009 sec - in com.google.javascript.jscomp.MarkUntranspilableFeaturesAsRemovedTest
Running com.google.javascript.jscomp.CrossChunkMethodMotionTest
Tests run: 67, Failures: 0, Errors: 0, Skipped: 0, Time elapsed: 0.07 sec - in com.google.javascript.jscomp.CrossChunkMethodMotionTest
Running com.google.javascript.rhino.jstype.JSTypeRegistryTest
Tests run: 18, Failures: 0, Errors: 0, Skipped: 0, Time elapsed: 0.062 sec - in com.google.javascript.rhino.jstype.JSTypeRegistryTest
Running com.google.javascript.rhino.jstype.TemplateTypeTest
Tests run: 5, Failures: 0, Errors: 0, Skipped: 0, Time elapsed: 0 sec - in com.google.javascript.rhino.jstype.TemplateTypeTest
Running com.google.javascript.rhino.jstype.RecordTypeTest
Tests run: 7, Failures: 0, Errors: 0, Skipped: 0, Time elapsed: 0.005 sec - in com.google.javascript.rhino.jstype.RecordTypeTest
Running com.google.javascript.rhino.jstype.BooleanLiteralSetTest
Tests run: 4, Failures: 0, Errors: 0, Skipped: 0, Time elapsed: 0 sec - in com.google.javascript.rhino.jstype.BooleanLiteralSetTest
Running com.google.javascript.rhino.jstype.NamedTypeTest
Tests run: 17, Failures: 0, Errors: 0, Skipped: 0, Time elapsed: 0.011 sec - in com.google.javascript.rhino.jstype.NamedTypeTest
Running com.google.javascript.rhino.jstype.FunctionTypeTest
Tests run: 32, Failures: 0, Errors: 0, Skipped: 0, Time elapsed: 0.017 sec - in com.google.javascript.rhino.jstype.FunctionTypeTest
Running com.google.javascript.rhino.jstype.TernaryValueTest
Tests run: 7, Failures: 0, Errors: 0, Skipped: 0, Time elapsed: 0 sec - in com.google.javascript.rhino.jstype.TernaryValueTest
Running com.google.javascript.rhino.jstype.UnionTypeTest
Tests run: 21, Failures: 0, Errors: 0, Skipped: 0, Time elapsed: 0.013 sec - in com.google.javascript.rhino.jstype.UnionTypeTest
Running com.google.javascript.rhino.jstype.UnionTypeBuilderTest
Tests run: 15, Failures: 0, Errors: 0, Skipped: 0, Time elapsed: 0.008 sec - in com.google.javascript.rhino.jstype.UnionTypeBuilderTest
Running com.google.javascript.rhino.jstype.TemplateTypeMapTest
Tests run: 13, Failures: 0, Errors: 0, Skipped: 0, Time elapsed: 0.008 sec - in com.google.javascript.rhino.jstype.TemplateTypeMapTest
Running com.google.javascript.rhino.jstype.TemplatizedTypeTest
Tests run: 9, Failures: 0, Errors: 0, Skipped: 0, Time elapsed: 0.004 sec - in com.google.javascript.rhino.jstype.TemplatizedTypeTest
Running com.google.javascript.rhino.jstype.EnumElementTypeTest
Tests run: 5, Failures: 0, Errors: 0, Skipped: 0, Time elapsed: 0.002 sec - in com.google.javascript.rhino.jstype.EnumElementTypeTest
Running com.google.javascript.rhino.jstype.FunctionParamBuilderTest
Tests run: 1, Failures: 0, Errors: 0, Skipped: 0, Time elapsed: 0 sec - in com.google.javascript.rhino.jstype.FunctionParamBuilderTest
Running com.google.javascript.rhino.jstype.JSTypeResolverTest
Tests run: 12, Failures: 0, Errors: 0, Skipped: 0, Time elapsed: 0.012 sec - in com.google.javascript.rhino.jstype.JSTypeResolverTest
Running com.google.javascript.rhino.jstype.PrototypeObjectTypeTest
Tests run: 1, Failures: 0, Errors: 0, Skipped: 0, Time elapsed: 0 sec - in com.google.javascript.rhino.jstype.PrototypeObjectTypeTest
Running com.google.javascript.rhino.jstype.JSTypeTest
Tests run: 160, Failures: 0, Errors: 0, Skipped: 0, Time elapsed: 0.266 sec - in com.google.javascript.rhino.jstype.JSTypeTest
Running com.google.javascript.rhino.JSDocInfoTest
Tests run: 47, Failures: 0, Errors: 0, Skipped: 0, Time elapsed: 0.011 sec - in com.google.javascript.rhino.JSDocInfoTest
Running com.google.javascript.rhino.HamtPMapTest
Tests run: 20, Failures: 0, Errors: 0, Skipped: 0, Time elapsed: 0.064 sec - in com.google.javascript.rhino.HamtPMapTest
Running com.google.javascript.rhino.IRTest
Tests run: 17, Failures: 0, Errors: 0, Skipped: 0, Time elapsed: 0 sec - in com.google.javascript.rhino.IRTest
Running com.google.javascript.rhino.NodeTest
Tests run: 36, Failures: 0, Errors: 0, Skipped: 0, Time elapsed: 0.001 sec - in com.google.javascript.rhino.NodeTest
Running com.google.javascript.rhino.QualifiedNameTest
Tests run: 15, Failures: 0, Errors: 0, Skipped: 0, Time elapsed: 0 sec - in com.google.javascript.rhino.QualifiedNameTest
Running com.google.javascript.refactoring.examples.SetLocationTest
Tests run: 2, Failures: 0, Errors: 0, Skipped: 0, Time elapsed: 0.827 sec - in com.google.javascript.refactoring.examples.SetLocationTest
Running com.google.javascript.refactoring.examples.ArrayIndexOfToIncludesTest
Tests run: 1, Failures: 0, Errors: 0, Skipped: 0, Time elapsed: 0.327 sec - in com.google.javascript.refactoring.examples.ArrayIndexOfToIncludesTest
Running com.google.javascript.refactoring.examples.ArrayPrototypeSliceToArrayFromTest
Tests run: 1, Failures: 0, Errors: 0, Skipped: 0, Time elapsed: 0.335 sec - in com.google.javascript.refactoring.examples.ArrayPrototypeSliceToArrayFromTest
Running com.google.javascript.refactoring.examples.GoogBindToArrowTest
Tests run: 8, Failures: 0, Errors: 0, Skipped: 0, Time elapsed: 0.019 sec - in com.google.javascript.refactoring.examples.GoogBindToArrowTest
Running com.google.javascript.refactoring.examples.StringIndexOfToIncludesTest
Tests run: 1, Failures: 0, Errors: 0, Skipped: 0, Time elapsed: 0.339 sec - in com.google.javascript.refactoring.examples.StringIndexOfToIncludesTest
Running com.google.javascript.refactoring.examples.NavigationalXssSinksRefactoringTest
Tests run: 2, Failures: 0, Errors: 0, Skipped: 0, Time elapsed: 0.627 sec - in com.google.javascript.refactoring.examples.NavigationalXssSinksRefactoringTest
Running com.google.javascript.refactoring.examples.ChaiExpectToAssertTest
Tests run: 1, Failures: 0, Errors: 0, Skipped: 0, Time elapsed: 0.331 sec - in com.google.javascript.refactoring.examples.ChaiExpectToAssertTest
Running com.google.javascript.refactoring.RefasterJsScannerTest
Tests run: 36, Failures: 0, Errors: 0, Skipped: 0, Time elapsed: 0.136 sec - in com.google.javascript.refactoring.RefasterJsScannerTest
Running com.google.javascript.refactoring.MatchersTest
Tests run: 27, Failures: 0, Errors: 0, Skipped: 0, Time elapsed: 0.043 sec - in com.google.javascript.refactoring.MatchersTest
Running com.google.javascript.refactoring.SuggestedFixTest
Tests run: 79, Failures: 0, Errors: 0, Skipped: 0, Time elapsed: 0.03 sec - in com.google.javascript.refactoring.SuggestedFixTest
Running com.google.javascript.refactoring.ErrorToFixMapperTest
Tests run: 136, Failures: 0, Errors: 0, Skipped: 1, Time elapsed: 0.294 sec - in com.google.javascript.refactoring.ErrorToFixMapperTest
Running com.google.javascript.refactoring.ApplySuggestedFixesTest
Tests run: 12, Failures: 0, Errors: 0, Skipped: 0, Time elapsed: 0.001 sec - in com.google.javascript.refactoring.ApplySuggestedFixesTest
Running com.google.debugging.sourcemap.SourceMapGeneratorV3Test
Tests run: 24, Failures: 0, Errors: 0, Skipped: 0, Time elapsed: 0.087 sec - in com.google.debugging.sourcemap.SourceMapGeneratorV3Test
Running com.google.debugging.sourcemap.Base64VLQTest
Tests run: 5, Failures: 0, Errors: 0, Skipped: 0, Time elapsed: 0.013 sec - in com.google.debugging.sourcemap.Base64VLQTest
Running com.google.debugging.sourcemap.Base64Test
Tests run: 2, Failures: 0, Errors: 0, Skipped: 0, Time elapsed: 0 sec - in com.google.debugging.sourcemap.Base64Test
Running com.google.debugging.sourcemap.SourceMapConsumerV3Test
Tests run: 5, Failures: 0, Errors: 0, Skipped: 0, Time elapsed: 0.003 sec - in com.google.debugging.sourcemap.SourceMapConsumerV3Test
Running com.google.debugging.sourcemap.UtilTest
Tests run: 1, Failures: 0, Errors: 0, Skipped: 0, Time elapsed: 0 sec - in com.google.debugging.sourcemap.UtilTest

Results :

Tests run: 26602, Failures: 0, Errors: 0, Skipped: 81

[INFO] 
[INFO] --- maven-surefire-plugin:2.19.1:test (default-test-rerunfailures) @ closure-compiler-unshaded ---

-------------------------------------------------------
 T E S T S
-------------------------------------------------------

Results :

Tests run: 0, Failures: 0, Errors: 0, Skipped: 0

[INFO] 
[INFO] --- deflaker-maven-plugin:1.5-SNAPSHOT:report (deflaker-report-tests) @ closure-compiler-unshaded ---
[INFO] ------------------------------------------------------------------------
[INFO] TEST DIFFCOV ANALYSIS
[INFO] Closure Compiler Unshadedclosure-compiler-unshaded
[INFO] ------------------------------------------------------------------------
[INFO] Using covFile: /lv_scratch/scratch/mondego/local/Maruf/ASE/projects/closure-compiler/target/diffcov.log
[INFO] Using difFile: /lv_scratch/scratch/mondego/local/Maruf/ASE/projects/closure-compiler/.diffCache
[WARNING] Diff has gone untested: com/google/javascript/rhino/jstype/EqualityChecker has uncovered changes [366, 367]
[WARNING] Diff has gone untested: com/google/javascript/rhino/jstype/EqualityChecker$CacheKey has uncovered changes [420, 433, 434, 443, 448, 449, 456]
[INFO] 
[INFO] --- maven-jar-plugin:3.0.2:jar (default-jar) @ closure-compiler-unshaded ---
[INFO] Building jar: /lv_scratch/scratch/mondego/local/Maruf/ASE/projects/closure-compiler/target/closure-compiler-unshaded-1.0-SNAPSHOT.jar
[INFO] 
[INFO] --- maven-source-plugin:3.0.1:jar-no-fork (attach-sources) @ closure-compiler-unshaded ---
[INFO] Building jar: /lv_scratch/scratch/mondego/local/Maruf/ASE/projects/closure-compiler/target/closure-compiler-unshaded-1.0-SNAPSHOT-sources.jar
[INFO]                                                                         
[INFO] ------------------------------------------------------------------------
[INFO] Building Closure Compiler 1.0-SNAPSHOT
[INFO] ------------------------------------------------------------------------
[INFO] 
[INFO] --- build-helper-maven-plugin:1.12:add-source (add-source) @ closure-compiler ---
[INFO] Source directory: /lv_scratch/scratch/mondego/local/Maruf/ASE/projects/closure-compiler/gen added.
[INFO] 
[INFO] --- maven-resources-plugin:3.0.1:resources (default-resources) @ closure-compiler ---
[INFO] Using 'UTF-8' encoding to copy filtered resources.
[INFO] Copying 157 resources
[INFO] 
[INFO] --- maven-resources-plugin:3.0.1:copy-resources (rhino_ast-custom) @ closure-compiler ---
[INFO] Using 'UTF-8' encoding to copy filtered resources.
[INFO] Copying 1 resource to /lv_scratch/scratch/mondego/local/Maruf/ASE/projects/closure-compiler/target/classes
[INFO] 
[INFO] --- maven-compiler-plugin:3.5.1:compile (default-compile) @ closure-compiler ---
[INFO] Nothing to compile - all classes are up to date
[INFO] 
[INFO] --- maven-bundle-plugin:3.2.0:manifest (bundle-manifest) @ closure-compiler ---
[INFO] 
[INFO] --- build-helper-maven-plugin:1.12:add-test-source (add-test-source) @ closure-compiler ---
[INFO] Test Source directory: /lv_scratch/scratch/mondego/local/Maruf/ASE/projects/closure-compiler/src/com/google/javascript/rhino/testing added.
[INFO] Test Source directory: /lv_scratch/scratch/mondego/local/Maruf/ASE/projects/closure-compiler/src/com/google/javascript/jscomp/testing added.
[INFO] Test Source directory: /lv_scratch/scratch/mondego/local/Maruf/ASE/projects/closure-compiler/src/com/google/javascript/jscomp/parsing/parser/testing added.
[INFO] Test Source directory: /lv_scratch/scratch/mondego/local/Maruf/ASE/projects/closure-compiler/src/com/google/javascript/refactoring/testing added.
[INFO] 
[INFO] --- maven-resources-plugin:3.0.1:testResources (default-testResources) @ closure-compiler ---
[INFO] Using 'UTF-8' encoding to copy filtered resources.
[INFO] skip non existing resourceDirectory /lv_scratch/scratch/mondego/local/Maruf/ASE/projects/closure-compiler/src/test/resources
[INFO] 
[INFO] --- deflaker-maven-plugin:1.5-SNAPSHOT:diff (deflaker-diff) @ closure-compiler ---
[INFO] 
[INFO] --- maven-compiler-plugin:3.5.1:testCompile (default-testCompile) @ closure-compiler ---
[INFO] Changes detected - recompiling the module!
[INFO] Compiling 406 source files to /lv_scratch/scratch/mondego/local/Maruf/ASE/projects/closure-compiler/target/test-classes
[WARNING] /lv_scratch/scratch/mondego/local/Maruf/ASE/projects/closure-compiler/src/com/google/javascript/jscomp/testing/TestErrorManager.java:[20,35] [deprecation] BasicErrorManager in com.google.javascript.jscomp has been deprecated
[WARNING] /lv_scratch/scratch/mondego/local/Maruf/ASE/projects/closure-compiler/test/com/google/javascript/jscomp/deps/DepsGeneratorTest.java:[27,35] [deprecation] PrintStreamErrorManager in com.google.javascript.jscomp has been deprecated
[WARNING] /lv_scratch/scratch/mondego/local/Maruf/ASE/projects/closure-compiler/test/com/google/javascript/jscomp/deps/JsFileLineParserTest.java:[22,35] [deprecation] PrintStreamErrorManager in com.google.javascript.jscomp has been deprecated
[WARNING] /lv_scratch/scratch/mondego/local/Maruf/ASE/projects/closure-compiler/test/com/google/javascript/jscomp/deps/JsFileRegexParserTest.java:[27,35] [deprecation] PrintStreamErrorManager in com.google.javascript.jscomp has been deprecated
[WARNING] /lv_scratch/scratch/mondego/local/Maruf/ASE/projects/closure-compiler/test/com/google/javascript/jscomp/deps/DepsFileRegexParserTest.java:[24,35] [deprecation] PrintStreamErrorManager in com.google.javascript.jscomp has been deprecated
[WARNING] /lv_scratch/scratch/mondego/local/Maruf/ASE/projects/closure-compiler/src/com/google/javascript/jscomp/testing/TestErrorManager.java:[20,35] [deprecation] BasicErrorManager in com.google.javascript.jscomp has been deprecated
[WARNING] /lv_scratch/scratch/mondego/local/Maruf/ASE/projects/closure-compiler/test/com/google/javascript/jscomp/deps/DepsGeneratorTest.java:[27,35] [deprecation] PrintStreamErrorManager in com.google.javascript.jscomp has been deprecated
[WARNING] /lv_scratch/scratch/mondego/local/Maruf/ASE/projects/closure-compiler/test/com/google/javascript/jscomp/deps/JsFileLineParserTest.java:[22,35] [deprecation] PrintStreamErrorManager in com.google.javascript.jscomp has been deprecated
[WARNING] /lv_scratch/scratch/mondego/local/Maruf/ASE/projects/closure-compiler/test/com/google/javascript/jscomp/deps/JsFileRegexParserTest.java:[27,35] [deprecation] PrintStreamErrorManager in com.google.javascript.jscomp has been deprecated
[WARNING] /lv_scratch/scratch/mondego/local/Maruf/ASE/projects/closure-compiler/test/com/google/javascript/jscomp/deps/DepsFileRegexParserTest.java:[24,35] [deprecation] PrintStreamErrorManager in com.google.javascript.jscomp has been deprecated
[WARNING] /lv_scratch/scratch/mondego/local/Maruf/ASE/projects/closure-compiler/src/com/google/javascript/jscomp/testing/TestErrorManager.java:[20,35] [deprecation] BasicErrorManager in com.google.javascript.jscomp has been deprecated
[WARNING] /lv_scratch/scratch/mondego/local/Maruf/ASE/projects/closure-compiler/test/com/google/javascript/jscomp/deps/DepsGeneratorTest.java:[27,35] [deprecation] PrintStreamErrorManager in com.google.javascript.jscomp has been deprecated
[WARNING] /lv_scratch/scratch/mondego/local/Maruf/ASE/projects/closure-compiler/test/com/google/javascript/jscomp/deps/JsFileLineParserTest.java:[22,35] [deprecation] PrintStreamErrorManager in com.google.javascript.jscomp has been deprecated
[WARNING] /lv_scratch/scratch/mondego/local/Maruf/ASE/projects/closure-compiler/test/com/google/javascript/jscomp/deps/JsFileRegexParserTest.java:[27,35] [deprecation] PrintStreamErrorManager in com.google.javascript.jscomp has been deprecated
[WARNING] /lv_scratch/scratch/mondego/local/Maruf/ASE/projects/closure-compiler/test/com/google/javascript/jscomp/deps/DepsFileRegexParserTest.java:[24,35] [deprecation] PrintStreamErrorManager in com.google.javascript.jscomp has been deprecated
[WARNING] /lv_scratch/scratch/mondego/local/Maruf/ASE/projects/closure-compiler/src/com/google/javascript/jscomp/testing/TestErrorManager.java:[20,35] [deprecation] BasicErrorManager in com.google.javascript.jscomp has been deprecated
[WARNING] /lv_scratch/scratch/mondego/local/Maruf/ASE/projects/closure-compiler/test/com/google/javascript/jscomp/deps/DepsGeneratorTest.java:[27,35] [deprecation] PrintStreamErrorManager in com.google.javascript.jscomp has been deprecated
[WARNING] /lv_scratch/scratch/mondego/local/Maruf/ASE/projects/closure-compiler/test/com/google/javascript/jscomp/deps/JsFileLineParserTest.java:[22,35] [deprecation] PrintStreamErrorManager in com.google.javascript.jscomp has been deprecated
[WARNING] /lv_scratch/scratch/mondego/local/Maruf/ASE/projects/closure-compiler/test/com/google/javascript/jscomp/deps/JsFileRegexParserTest.java:[27,35] [deprecation] PrintStreamErrorManager in com.google.javascript.jscomp has been deprecated
[WARNING] /lv_scratch/scratch/mondego/local/Maruf/ASE/projects/closure-compiler/test/com/google/javascript/jscomp/deps/DepsFileRegexParserTest.java:[24,35] [deprecation] PrintStreamErrorManager in com.google.javascript.jscomp has been deprecated
[WARNING] /lv_scratch/scratch/mondego/local/Maruf/ASE/projects/closure-compiler/src/com/google/javascript/jscomp/testing/JSErrorSubject.java:[46,9] [unchecked] unchecked call to Subject(FailureMetadata,T) as a member of the raw type Subject
[WARNING]   where T is a type-variable:
    T extends Object declared in class Subject
/lv_scratch/scratch/mondego/local/Maruf/ASE/projects/closure-compiler/src/com/google/javascript/rhino/testing/NodeSubject.java:[86,9] [unchecked] unchecked call to Subject(FailureMetadata,T) as a member of the raw type Subject
[WARNING]   where T is a type-variable:
    T extends Object declared in class Subject
/lv_scratch/scratch/mondego/local/Maruf/ASE/projects/closure-compiler/src/com/google/javascript/rhino/testing/TypeSubject.java:[80,9] [unchecked] unchecked call to Subject(FailureMetadata,T) as a member of the raw type Subject
[WARNING]   where T is a type-variable:
    T extends Object declared in class Subject
/lv_scratch/scratch/mondego/local/Maruf/ASE/projects/closure-compiler/src/com/google/javascript/jscomp/parsing/parser/testing/FeatureSetSubject.java:[47,9] [unchecked] unchecked call to Subject(FailureMetadata,T) as a member of the raw type Subject
[WARNING]   where T is a type-variable:
    T extends Object declared in class Subject
/lv_scratch/scratch/mondego/local/Maruf/ASE/projects/closure-compiler/src/com/google/javascript/jscomp/testing/TestErrorManager.java:[27,44] [deprecation] BasicErrorManager in com.google.javascript.jscomp has been deprecated
[WARNING] /lv_scratch/scratch/mondego/local/Maruf/ASE/projects/closure-compiler/test/com/google/javascript/jscomp/BaseReplaceScriptTestCase.java:[88,33] [deprecation] PrintStreamErrorManager in com.google.javascript.jscomp has been deprecated
[WARNING] /lv_scratch/scratch/mondego/local/Maruf/ASE/projects/closure-compiler/test/com/google/javascript/jscomp/deps/DepsGeneratorTest.java:[45,23] [deprecation] PrintStreamErrorManager in com.google.javascript.jscomp has been deprecated
[WARNING] /lv_scratch/scratch/mondego/local/Maruf/ASE/projects/closure-compiler/test/com/google/javascript/jscomp/PartialCompilationTest.java:[56,12] [deprecation] BasicErrorManager in com.google.javascript.jscomp has been deprecated
[WARNING] /lv_scratch/scratch/mondego/local/Maruf/ASE/projects/closure-compiler/test/com/google/javascript/jscomp/JSModuleGraphTest.java:[344,52] [deprecation] pruneLegacyForEntryPoints(Iterable<ModuleIdentifier>) in DependencyOptions has been deprecated
[WARNING] /lv_scratch/scratch/mondego/local/Maruf/ASE/projects/closure-compiler/test/com/google/javascript/jscomp/JSModuleGraphTest.java:[362,25] [deprecation] pruneLegacyForEntryPoints(Iterable<ModuleIdentifier>) in DependencyOptions has been deprecated
[WARNING] /lv_scratch/scratch/mondego/local/Maruf/ASE/projects/closure-compiler/test/com/google/javascript/jscomp/JSModuleGraphTest.java:[779,25] [deprecation] pruneLegacyForEntryPoints(Iterable<ModuleIdentifier>) in DependencyOptions has been deprecated
[WARNING] /lv_scratch/scratch/mondego/local/Maruf/ASE/projects/closure-compiler/src/com/google/javascript/jscomp/testing/ScopeSubject.java:[62,9] [unchecked] unchecked call to Subject(FailureMetadata,T) as a member of the raw type Subject
[WARNING]   where T is a type-variable:
    T extends Object declared in class Subject
/lv_scratch/scratch/mondego/local/Maruf/ASE/projects/closure-compiler/test/com/google/javascript/jscomp/SortingErrorManagerTest.java:[123,4] [deprecation] BasicErrorManager in com.google.javascript.jscomp has been deprecated
[WARNING] /lv_scratch/scratch/mondego/local/Maruf/ASE/projects/closure-compiler/test/com/google/javascript/jscomp/SortingErrorManagerTest.java:[123,36] [deprecation] BasicErrorManager in com.google.javascript.jscomp has been deprecated
[WARNING] /lv_scratch/scratch/mondego/local/Maruf/ASE/projects/closure-compiler/test/com/google/javascript/jscomp/SortingErrorManagerTest.java:[143,4] [deprecation] BasicErrorManager in com.google.javascript.jscomp has been deprecated
[WARNING] /lv_scratch/scratch/mondego/local/Maruf/ASE/projects/closure-compiler/test/com/google/javascript/jscomp/SortingErrorManagerTest.java:[144,12] [deprecation] BasicErrorManager in com.google.javascript.jscomp has been deprecated
[WARNING] /lv_scratch/scratch/mondego/local/Maruf/ASE/projects/closure-compiler/test/com/google/javascript/jscomp/TypeCheckTest.java:[13586,38] [unchecked] unchecked call to isInstanceOf(Class<?>) as a member of the raw type Subject
[WARNING] /lv_scratch/scratch/mondego/local/Maruf/ASE/projects/closure-compiler/test/com/google/javascript/jscomp/TypeCheckTest.java:[13589,36] [unchecked] unchecked call to isInstanceOf(Class<?>) as a member of the raw type Subject
[WARNING] /lv_scratch/scratch/mondego/local/Maruf/ASE/projects/closure-compiler/test/com/google/javascript/jscomp/ReplaceCssNamesTest.java:[301,32] [deprecation] BasicErrorManager in com.google.javascript.jscomp has been deprecated
[WARNING] /lv_scratch/scratch/mondego/local/Maruf/ASE/projects/closure-compiler/test/com/google/javascript/jscomp/VarCheckTest.java:[878,50] [deprecation] pruneLegacyForEntryPoints(Iterable<ModuleIdentifier>) in DependencyOptions has been deprecated
[WARNING] /lv_scratch/scratch/mondego/local/Maruf/ASE/projects/closure-compiler/test/com/google/javascript/jscomp/SymbolTableTest.java:[380,11] [deprecation] setBrokenClosureRequiresLevel(CheckLevel) in CompilerOptions has been deprecated
[WARNING] /lv_scratch/scratch/mondego/local/Maruf/ASE/projects/closure-compiler/src/com/google/javascript/jscomp/testing/TypedVarSubject.java:[47,9] [unchecked] unchecked call to Subject(FailureMetadata,T) as a member of the raw type Subject
[WARNING]   where T is a type-variable:
    T extends Object declared in class Subject
/lv_scratch/scratch/mondego/local/Maruf/ASE/projects/closure-compiler/test/com/google/javascript/jscomp/CompilerTest.java:[111,11] [deprecation] setIdeMode(boolean) in CompilerOptions has been deprecated
[WARNING] /lv_scratch/scratch/mondego/local/Maruf/ASE/projects/closure-compiler/test/com/google/javascript/jscomp/CompilerTest.java:[112,50] [deprecation] pruneLegacyForEntryPoints(Iterable<ModuleIdentifier>) in DependencyOptions has been deprecated
[WARNING] /lv_scratch/scratch/mondego/local/Maruf/ASE/projects/closure-compiler/test/com/google/javascript/jscomp/CompilerTest.java:[1130,11] [deprecation] setIdeMode(boolean) in CompilerOptions has been deprecated
[WARNING] /lv_scratch/scratch/mondego/local/Maruf/ASE/projects/closure-compiler/test/com/google/javascript/jscomp/CompilerTest.java:[1385,50] [deprecation] pruneLegacyForEntryPoints(Iterable<ModuleIdentifier>) in DependencyOptions has been deprecated
[WARNING] /lv_scratch/scratch/mondego/local/Maruf/ASE/projects/closure-compiler/test/com/google/javascript/jscomp/CompilerTest.java:[1414,50] [deprecation] pruneLegacyForEntryPoints(Iterable<ModuleIdentifier>) in DependencyOptions has been deprecated
[WARNING] /lv_scratch/scratch/mondego/local/Maruf/ASE/projects/closure-compiler/test/com/google/javascript/jscomp/CompilerTest.java:[1443,50] [deprecation] pruneLegacyForEntryPoints(Iterable<ModuleIdentifier>) in DependencyOptions has been deprecated
[WARNING] /lv_scratch/scratch/mondego/local/Maruf/ASE/projects/closure-compiler/test/com/google/javascript/jscomp/CompilerTest.java:[1470,50] [deprecation] pruneLegacyForEntryPoints(Iterable<ModuleIdentifier>) in DependencyOptions has been deprecated
[WARNING] /lv_scratch/scratch/mondego/local/Maruf/ASE/projects/closure-compiler/test/com/google/javascript/jscomp/CompilerTest.java:[2036,25] [deprecation] pruneLegacyForEntryPoints(Iterable<ModuleIdentifier>) in DependencyOptions has been deprecated
[WARNING] /lv_scratch/scratch/mondego/local/Maruf/ASE/projects/closure-compiler/test/com/google/javascript/jscomp/CompilerTest.java:[2501,50] [deprecation] pruneLegacyForEntryPoints(Iterable<ModuleIdentifier>) in DependencyOptions has been deprecated
[WARNING] /lv_scratch/scratch/mondego/local/Maruf/ASE/projects/closure-compiler/test/com/google/javascript/jscomp/CompilerTest.java:[2609,50] [deprecation] pruneLegacyForEntryPoints(Iterable<ModuleIdentifier>) in DependencyOptions has been deprecated
[WARNING] /lv_scratch/scratch/mondego/local/Maruf/ASE/projects/closure-compiler/src/com/google/javascript/rhino/testing/TemplateTypeMapSubject.java:[66,9] [unchecked] unchecked call to Subject(FailureMetadata,T) as a member of the raw type Subject
[WARNING]   where T is a type-variable:
    T extends Object declared in class Subject
/lv_scratch/scratch/mondego/local/Maruf/ASE/projects/closure-compiler/test/com/google/javascript/jscomp/deps/JsFileLineParserTest.java:[144,36] [deprecation] PrintStreamErrorManager in com.google.javascript.jscomp has been deprecated
[WARNING] /lv_scratch/scratch/mondego/local/Maruf/ASE/projects/closure-compiler/test/com/google/javascript/jscomp/deps/JsFileLineParserTest.java:[151,36] [deprecation] PrintStreamErrorManager in com.google.javascript.jscomp has been deprecated
[WARNING] /lv_scratch/scratch/mondego/local/Maruf/ASE/projects/closure-compiler/test/com/google/javascript/jscomp/deps/JsFileRegexParserTest.java:[50,23] [deprecation] PrintStreamErrorManager in com.google.javascript.jscomp has been deprecated
[WARNING] /lv_scratch/scratch/mondego/local/Maruf/ASE/projects/closure-compiler/test/com/google/javascript/jscomp/CommandLineRunnerTest.java:[1030,29] [deprecation] pruneLegacyForEntryPoints(Iterable<ModuleIdentifier>) in DependencyOptions has been deprecated
[WARNING] /lv_scratch/scratch/mondego/local/Maruf/ASE/projects/closure-compiler/test/com/google/javascript/jscomp/deps/DepsFileRegexParserTest.java:[46,23] [deprecation] PrintStreamErrorManager in com.google.javascript.jscomp has been deprecated
[WARNING] /lv_scratch/scratch/mondego/local/Maruf/ASE/projects/closure-compiler/test/com/google/javascript/jscomp/NodeTraversalTest.java:[48,41] [deprecation] BasicErrorManager in com.google.javascript.jscomp has been deprecated
[WARNING] /lv_scratch/scratch/mondego/local/Maruf/ASE/projects/closure-compiler/test/com/google/javascript/jscomp/IntegrationTest.java:[4182,11] [deprecation] setIdeMode(boolean) in CompilerOptions has been deprecated
[WARNING] /lv_scratch/scratch/mondego/local/Maruf/ASE/projects/closure-compiler/test/com/google/javascript/jscomp/IntegrationTest.java:[5227,11] [deprecation] setIdeMode(boolean) in CompilerOptions has been deprecated
[WARNING] /lv_scratch/scratch/mondego/local/Maruf/ASE/projects/closure-compiler/test/com/google/javascript/jscomp/IntegrationTest.java:[5667,11] [deprecation] setIdeMode(boolean) in CompilerOptions has been deprecated
[WARNING] /lv_scratch/scratch/mondego/local/Maruf/ASE/projects/closure-compiler/test/com/google/javascript/jscomp/IntegrationTest.java:[5680,11] [deprecation] setIdeMode(boolean) in CompilerOptions has been deprecated
[WARNING] /lv_scratch/scratch/mondego/local/Maruf/ASE/projects/closure-compiler/test/com/google/javascript/jscomp/IntegrationTest.java:[5860,11] [deprecation] setIdeMode(boolean) in CompilerOptions has been deprecated
[WARNING] /lv_scratch/scratch/mondego/local/Maruf/ASE/projects/closure-compiler/test/com/google/javascript/jscomp/IntegrationTest.java:[5934,22] [deprecation] shouldCollapseProperties() in CompilerOptions has been deprecated
[WARNING] /lv_scratch/scratch/mondego/local/Maruf/ASE/projects/closure-compiler/test/com/google/javascript/jscomp/IntegrationTest.java:[5957,22] [deprecation] shouldCollapseProperties() in CompilerOptions has been deprecated
[WARNING] /lv_scratch/scratch/mondego/local/Maruf/ASE/projects/closure-compiler/test/com/google/javascript/jscomp/IntegrationTest.java:[5980,22] [deprecation] shouldCollapseProperties() in CompilerOptions has been deprecated
[WARNING] /lv_scratch/scratch/mondego/local/Maruf/ASE/projects/closure-compiler/test/com/google/javascript/jscomp/IntegrationTest.java:[6009,22] [deprecation] shouldCollapseProperties() in CompilerOptions has been deprecated
[INFO] 
[INFO] --- maven-surefire-plugin:2.19.1:test (default-test) @ closure-compiler ---
[INFO] Tests are skipped.
[INFO] 
[INFO] --- maven-surefire-plugin:2.19.1:test (default-test-rerunfailures) @ closure-compiler ---
[INFO] Tests are skipped.
[INFO] 
[INFO] --- deflaker-maven-plugin:1.5-SNAPSHOT:report (deflaker-report-tests) @ closure-compiler ---
[INFO] ------------------------------------------------------------------------
[INFO] TEST DIFFCOV ANALYSIS
[INFO] Closure Compilerclosure-compiler
[INFO] ------------------------------------------------------------------------
[INFO] Using covFile: /lv_scratch/scratch/mondego/local/Maruf/ASE/projects/closure-compiler/target/diffcov.log
[INFO] Using difFile: /lv_scratch/scratch/mondego/local/Maruf/ASE/projects/closure-compiler/.diffCache
[WARNING] Diff has gone untested: com/google/javascript/rhino/jstype/EqualityChecker has uncovered changes [366, 367]
[WARNING] Diff has gone untested: com/google/javascript/rhino/jstype/EqualityChecker$CacheKey has uncovered changes [420, 433, 434, 443, 448, 449, 456]
[INFO] 
[INFO] --- maven-jar-plugin:3.0.2:jar (default-jar) @ closure-compiler ---
[INFO] Building jar: /lv_scratch/scratch/mondego/local/Maruf/ASE/projects/closure-compiler/target/closure-compiler-1.0-SNAPSHOT.jar
[INFO] 
[INFO] --- maven-shade-plugin:2.4.1:shade (default) @ closure-compiler ---
[INFO] Including com.google.javascript:closure-compiler-externs:jar:1.0-SNAPSHOT in the shaded jar.
[INFO] Including args4j:args4j:jar:2.0.26 in the shaded jar.
[INFO] Including com.google.errorprone:error_prone_annotations:jar:2.3.1 in the shaded jar.
[INFO] Including com.google.guava:guava:jar:25.1-jre in the shaded jar.
[INFO] Including org.checkerframework:checker-qual:jar:2.0.0 in the shaded jar.
[INFO] Including com.google.j2objc:j2objc-annotations:jar:1.1 in the shaded jar.
[INFO] Including org.codehaus.mojo:animal-sniffer-annotations:jar:1.14 in the shaded jar.
[INFO] Including com.google.protobuf:protobuf-java:jar:3.0.2 in the shaded jar.
[INFO] Including com.google.code.gson:gson:jar:2.7 in the shaded jar.
[INFO] Including com.google.code.findbugs:jsr305:jar:3.0.1 in the shaded jar.
[INFO] Including com.google.jsinterop:jsinterop-annotations:jar:1.0.2 in the shaded jar.
[INFO] Including com.google.jsinterop:base:jar:1.0.0 in the shaded jar.
[INFO] Including com.google.elemental2:elemental2-core:jar:1.0.0-RC1 in the shaded jar.
[INFO] Including com.google.re2j:re2j:jar:1.3 in the shaded jar.
[INFO] Minimizing jar com.google.javascript:closure-compiler:jar:1.0-SNAPSHOT
[INFO] Minimized 6693 -> 5249
[INFO] Replacing original artifact with shaded artifact.
[INFO] Replacing /lv_scratch/scratch/mondego/local/Maruf/ASE/projects/closure-compiler/target/closure-compiler-1.0-SNAPSHOT.jar with /lv_scratch/scratch/mondego/local/Maruf/ASE/projects/closure-compiler/target/closure-compiler-1.0-SNAPSHOT-shaded.jar
[INFO] Dependency-reduced POM written at: /lv_scratch/scratch/mondego/local/Maruf/ASE/projects/closure-compiler/dependency-reduced-pom.xml
[INFO] Dependency-reduced POM written at: /lv_scratch/scratch/mondego/local/Maruf/ASE/projects/closure-compiler/dependency-reduced-pom.xml
[INFO] 
[INFO] --- maven-source-plugin:3.0.1:jar-no-fork (attach-sources) @ closure-compiler ---
[INFO] Building jar: /lv_scratch/scratch/mondego/local/Maruf/ASE/projects/closure-compiler/target/closure-compiler-1.0-SNAPSHOT-sources.jar
[INFO] ------------------------------------------------------------------------
[INFO] Reactor Summary:
[INFO] 
[INFO] Closure Compiler Parent ............................ SUCCESS [  0.002 s]
[INFO] Closure Compiler Externs ........................... SUCCESS [  2.602 s]
[INFO] Closure Compiler GWT App ........................... FAILURE [ 46.446 s]
[INFO] Closure Compiler Main .............................. SUCCESS [  0.695 s]
[INFO] Closure Compiler Linter ............................ SUCCESS [ 41.096 s]
[INFO] Closure Compiler Unshaded .......................... SUCCESS [02:04 min]
[INFO] Closure Compiler ................................... SUCCESS [ 29.547 s]
[INFO] ------------------------------------------------------------------------
[INFO] BUILD FAILURE
[INFO] ------------------------------------------------------------------------
[INFO] Total time: 04:07 min
[INFO] Finished at: 2020-04-09T20:30:21-07:00
[INFO] Final Memory: 78M/2900M
[INFO] ------------------------------------------------------------------------
[ERROR] Failed to execute goal net.ltgt.gwt.maven:gwt-maven-plugin:1.0-rc-6:compile (default-compile) on project closure-compiler-gwt: GWT Compiler exited with status 1 -> [Help 1]
[ERROR] 
[ERROR] To see the full stack trace of the errors, re-run Maven with the -e switch.
[ERROR] Re-run Maven using the -X switch to enable full debug logging.
[ERROR] 
[ERROR] For more information about the errors and possible solutions, please read the following articles:
[ERROR] [Help 1] http://cwiki.apache.org/confluence/display/MAVEN/MojoExecutionException
[ERROR] 
[ERROR] After correcting the problems, you can resume the build with the command
[ERROR]   mvn <goals> -rf :closure-compiler-gwt
