[INFO] Scanning for projects...
Deflaker, version 1.5-SNAPSHOT loading...
Warning: Deflaker disabling incompatible org.apache.maven.plugins:maven-enforcer-plugin from commons-math4
Warning: Deflaker disabling incompatible org.apache.rat:apache-rat-plugin from commons-math4
Warning: Deflaker disabling incompatible org.jacoco:jacoco-maven-plugin from commons-math4
[INFO]                                                                         
[INFO] ------------------------------------------------------------------------
[INFO] Building Apache Commons Math 4.0-SNAPSHOT
[INFO] ------------------------------------------------------------------------
[INFO] 
[INFO] --- build-helper-maven-plugin:1.7:parse-version (parse-version) @ commons-math4 ---
[INFO] 
[INFO] --- maven-antrun-plugin:1.7:run (javadoc.resources) @ commons-math4 ---
[INFO] Executing tasks

main:
     [copy] Copying 2 files to /Users/demigorgan/DEFLAKER-TEST/projects/commons-math/target/apidocs/META-INF
[INFO] Executed tasks
[INFO] 
[INFO] --- maven-remote-resources-plugin:1.5:process (process-resource-bundles) @ commons-math4 ---
[INFO] 
[INFO] --- buildnumber-maven-plugin:1.4:create (default) @ commons-math4 ---
[INFO] Executing: /bin/sh -c cd '/Users/demigorgan/DEFLAKER-TEST/projects/commons-math' && 'git' 'rev-parse' '--verify' 'HEAD'
[INFO] Working directory: /Users/demigorgan/DEFLAKER-TEST/projects/commons-math
[INFO] Storing buildNumber: c2e4972d5ace6440454d6f7755dd7b9d9446db0b at timestamp: 2020-04-09 17:53:49-0700
[INFO] Storing buildScmBranch: master
[INFO] 
[INFO] --- maven-jgit-buildnumber-plugin:1.2.11:extract-buildnumber (default) @ commons-math4 ---
[INFO] Git info extracted in 249ms, revision: 'c2e4972', branch: 'master', tag: '', commitsCount: '6460', commitDate: '2019-12-16', buildDate: '2020-04-09', buildnumber: 'master.6460.c2e4972'
[INFO] 
[INFO] --- maven-resources-plugin:3.1.0:resources (default-resources) @ commons-math4 ---
[INFO] Using 'UTF-8' encoding to copy filtered resources.
[INFO] Copying 3 resources
[INFO] Copying 2 resources to META-INF
[INFO] 
[INFO] --- maven-compiler-plugin:3.8.0:compile (default-compile) @ commons-math4 ---
[INFO] Changes detected - recompiling the module!
[INFO] Compiling 714 source files to /Users/demigorgan/DEFLAKER-TEST/projects/commons-math/target/classes
[INFO] /Users/demigorgan/DEFLAKER-TEST/projects/commons-math/src/main/java/org/apache/commons/math4/analysis/integration/BaseAbstractUnivariateIntegrator.java: Some input files use or override a deprecated API.
[INFO] /Users/demigorgan/DEFLAKER-TEST/projects/commons-math/src/main/java/org/apache/commons/math4/analysis/integration/BaseAbstractUnivariateIntegrator.java: Recompile with -Xlint:deprecation for details.
[INFO] /Users/demigorgan/DEFLAKER-TEST/projects/commons-math/src/main/java/org/apache/commons/math4/field/linalg/FieldDenseMatrix.java: /Users/demigorgan/DEFLAKER-TEST/projects/commons-math/src/main/java/org/apache/commons/math4/field/linalg/FieldDenseMatrix.java uses unchecked or unsafe operations.
[INFO] /Users/demigorgan/DEFLAKER-TEST/projects/commons-math/src/main/java/org/apache/commons/math4/field/linalg/FieldDenseMatrix.java: Recompile with -Xlint:unchecked for details.
[INFO] 
[INFO] --- maven-bundle-plugin:4.1.0:manifest (bundle-manifest) @ commons-math4 ---
[INFO] 
[INFO] --- animal-sniffer-maven-plugin:1.17:check (checkAPIcompatibility) @ commons-math4 ---
[INFO] Checking unresolved references to org.codehaus.mojo.signature:java18:1.0
[INFO] 
[INFO] --- maven-resources-plugin:3.1.0:testResources (default-testResources) @ commons-math4 ---
[INFO] Using 'UTF-8' encoding to copy filtered resources.
[INFO] Copying 38 resources
[INFO] Copying 2 resources to META-INF
[INFO] 
[INFO] --- deflaker-maven-plugin:1.5-SNAPSHOT:diff (deflaker-diff) @ commons-math4 ---
/Users/demigorgan/DEFLAKER-TEST/projects/commons-math/.git DIFF'ing to HEAD
Diff'ing c2e4972d5ace6440454d6f7755dd7b9d9446db0b against: f7e0d743526a9af68233a21e4af01810c1ded2b8
org/apache/commons/math4/distribution/AbstractIntegerDistribution : [Edit [start=38, end=38]]
	 Methods to watch:[]
org/apache/commons/math4/distribution/AbstractIntegerDistribution$2 : []
	 Methods to watch:[]
org/apache/commons/math4/distribution/AbstractIntegerDistribution$1 : []
	 Methods to watch:[]
[INFO] 
[INFO] --- maven-compiler-plugin:3.8.0:testCompile (default-testCompile) @ commons-math4 ---
[INFO] Changes detected - recompiling the module!
[INFO] Compiling 442 source files to /Users/demigorgan/DEFLAKER-TEST/projects/commons-math/target/test-classes
[INFO] -------------------------------------------------------------
[ERROR] COMPILATION ERROR : 
[INFO] -------------------------------------------------------------
[ERROR] /Users/demigorgan/DEFLAKER-TEST/projects/commons-math/src/test/java/org/apache/commons/math4/distribution/IntegerDistributionAbstractTest.java:[21,45] cannot find symbol
  symbol:   class IntegerDistribution
  location: package org.apache.commons.math4.distribution
[ERROR] /Users/demigorgan/DEFLAKER-TEST/projects/commons-math/src/test/java/org/apache/commons/math4/distribution/IntegerDistributionAbstractTest.java:[55,13] cannot find symbol
  symbol:   class IntegerDistribution
  location: class org.apache.commons.math4.distribution.IntegerDistributionAbstractTest
[ERROR] /Users/demigorgan/DEFLAKER-TEST/projects/commons-math/src/test/java/org/apache/commons/math4/distribution/IntegerDistributionAbstractTest.java:[84,21] cannot find symbol
  symbol:   class IntegerDistribution
  location: class org.apache.commons.math4.distribution.IntegerDistributionAbstractTest
[ERROR] /Users/demigorgan/DEFLAKER-TEST/projects/commons-math/src/test/java/org/apache/commons/math4/distribution/IntegerDistributionAbstractTest.java:[376,15] cannot find symbol
  symbol:   class IntegerDistribution
  location: class org.apache.commons.math4.distribution.IntegerDistributionAbstractTest
[ERROR] /Users/demigorgan/DEFLAKER-TEST/projects/commons-math/src/test/java/org/apache/commons/math4/distribution/IntegerDistributionAbstractTest.java:[383,36] cannot find symbol
  symbol:   class IntegerDistribution
  location: class org.apache.commons.math4.distribution.IntegerDistributionAbstractTest
[INFO] 5 errors 
[INFO] -------------------------------------------------------------
[INFO] ------------------------------------------------------------------------
[INFO] BUILD FAILURE
[INFO] ------------------------------------------------------------------------
[INFO] Total time: 21.535 s
[INFO] Finished at: 2020-04-09T17:54:07-07:00
[INFO] Final Memory: 53M/769M
[INFO] ------------------------------------------------------------------------
[ERROR] Failed to execute goal org.apache.maven.plugins:maven-compiler-plugin:3.8.0:testCompile (default-testCompile) on project commons-math4: Compilation failure: Compilation failure:
[ERROR] /Users/demigorgan/DEFLAKER-TEST/projects/commons-math/src/test/java/org/apache/commons/math4/distribution/IntegerDistributionAbstractTest.java:[21,45] cannot find symbol
[ERROR] symbol:   class IntegerDistribution
[ERROR] location: package org.apache.commons.math4.distribution
[ERROR] /Users/demigorgan/DEFLAKER-TEST/projects/commons-math/src/test/java/org/apache/commons/math4/distribution/IntegerDistributionAbstractTest.java:[55,13] cannot find symbol
[ERROR] symbol:   class IntegerDistribution
[ERROR] location: class org.apache.commons.math4.distribution.IntegerDistributionAbstractTest
[ERROR] /Users/demigorgan/DEFLAKER-TEST/projects/commons-math/src/test/java/org/apache/commons/math4/distribution/IntegerDistributionAbstractTest.java:[84,21] cannot find symbol
[ERROR] symbol:   class IntegerDistribution
[ERROR] location: class org.apache.commons.math4.distribution.IntegerDistributionAbstractTest
[ERROR] /Users/demigorgan/DEFLAKER-TEST/projects/commons-math/src/test/java/org/apache/commons/math4/distribution/IntegerDistributionAbstractTest.java:[376,15] cannot find symbol
[ERROR] symbol:   class IntegerDistribution
[ERROR] location: class org.apache.commons.math4.distribution.IntegerDistributionAbstractTest
[ERROR] /Users/demigorgan/DEFLAKER-TEST/projects/commons-math/src/test/java/org/apache/commons/math4/distribution/IntegerDistributionAbstractTest.java:[383,36] cannot find symbol
[ERROR] symbol:   class IntegerDistribution
[ERROR] location: class org.apache.commons.math4.distribution.IntegerDistributionAbstractTest
[ERROR] -> [Help 1]
[ERROR] 
[ERROR] To see the full stack trace of the errors, re-run Maven with the -e switch.
[ERROR] Re-run Maven using the -X switch to enable full debug logging.
[ERROR] 
[ERROR] For more information about the errors and possible solutions, please read the following articles:
[ERROR] [Help 1] http://cwiki.apache.org/confluence/display/MAVEN/MojoFailureException
